<?xml version="1.0" encoding="UTF-8"?>
<testsuites name="Demo" time="2736" tests="9" failures="4" errors="0">
   <testsuite name="Demo" tests="9" failures="4" errors="0" time="2736" timestamp="2018-08-21 17:08:07" hostname="SEEBORUTS - 5CG7062KWD.SD.DIKA.BE" id="Test Suites/testing/Demo">
      <properties>
         <property name="deviceName" value=""/>
         <property name="devicePlatform" value=""/>
         <property name="logFolder" value="C:\\Users\\seeboruts\\OneDrive - SD Worx\\Desktop\\Katalon_eBlox_Reporting\\Reports\\testing\\Demo\\20180821_170803"/>
         <property name="logFiles" value="C:\\Users\\seeboruts\\OneDrive - SD Worx\\Desktop\\Katalon_eBlox_Reporting\\Reports\\testing\\Demo\\20180821_170803\\execution0.log"/>
         <property name="attachments" value="C:\\Users\\seeboruts\\OneDrive - SD Worx\\Desktop\\Katalon_eBlox_Reporting\\Reports\\testing\\Demo\\20180821_170803\\1534858086618.png, C:\\Users\\seeboruts\\OneDrive - SD Worx\\Desktop\\Katalon_eBlox_Reporting\\Reports\\testing\\Demo\\20180821_170803\\1534858940296.png, C:\\Users\\seeboruts\\OneDrive - SD Worx\\Desktop\\Katalon_eBlox_Reporting\\Reports\\testing\\Demo\\20180821_170803\\1534859464616.png, C:\\Users\\seeboruts\\OneDrive - SD Worx\\Desktop\\Katalon_eBlox_Reporting\\Reports\\testing\\Demo\\20180821_170803\\1534859622509.png"/>
         <property name="hostName" value="SEEBORUTS - 5CG7062KWD.SD.DIKA.BE"/>
         <property name="os" value="Windows 10 64bit"/>
         <property name="katalonVersion" value="5.6.0.1"/>
         <property name="browser" value="Chrome 68.0.3440.106"/>
         <property name="hostAddress" value="10.136.82.137"/>
         <property name="sessionId" value="872f95908942d26e5e184bf7406aac47"/>
         <property name="seleniumVersion" value="3.7.1"/>
         <property name="proxyInformation" value="ProxyInformation{proxyOption=NO_PROXY, proxyServerType=HTTP, password=, proxyServerAddress=, proxyServerPort=0}"/>
         <property name="platform" value="Windows 10"/>
      </properties>
      <testcase name="Test Cases/New Folder/TC1 LANGUAGE" classname="Test Cases/New Folder/TC1 LANGUAGE" status="PASSED">
         <system-out><![CDATA[2018-08-21 17:08:07 - [TEST_CASE][PASSED] - Test Cases/New Folder/TC1 LANGUAGE: Test Cases/New Folder/TC1 LANGUAGE

2018-08-21 17:08:08 - [TEST_STEP][PASSED] - callTestCase: Call Test Case 'Test Cases/Login/TC1 Login to Mysdworx' successfully

2018-08-21 17:08:08 - [TEST_CASE][PASSED] - Test Cases/Login/TC1 Login to Mysdworx: Test Cases/Login/TC1 Login to Mysdworx

2018-08-21 17:08:08 - [TEST_STEP][PASSED] - openBrowser: Browser is opened with url: ''

2018-08-21 17:08:12 - [MESSAGE][PASSED] - Browser is opened with url: ''

2018-08-21 17:08:12 - [TEST_STEP][PASSED] - navigateToUrl: Navigate to 'https://internet.acc.sd.dika.be/ebloxreporting/web.sensitive/main/?lang=fr' successfully

2018-08-21 17:08:17 - [MESSAGE][PASSED] - Navigate to 'https://internet.acc.sd.dika.be/ebloxreporting/web.sensitive/main/?lang=fr' successfully

2018-08-21 17:08:17 - [TEST_STEP][PASSED] - maximizeWindow: Current window maximized

2018-08-21 17:08:18 - [MESSAGE][PASSED] - Current window maximized

2018-08-21 17:08:18 - [TEST_STEP][PASSED] - setText: Text 'DP_EBLOX_RPP_VASCO' is set on object 'Object Repository/Page_mysdworx - Log in/input_Username'

2018-08-21 17:08:23 - [MESSAGE][PASSED] - Text 'DP_EBLOX_RPP_VASCO' is set on object 'Object Repository/Page_mysdworx - Log in/input_Username'

2018-08-21 17:08:23 - [TEST_STEP][PASSED] - Statement - frame = new javax.swing.JFrame(User Input Frame): null

2018-08-21 17:08:23 - [TEST_STEP][PASSED] - Statement - frame.requestFocus(): null

2018-08-21 17:08:23 - [TEST_STEP][PASSED] - Statement - pass = javax.swing.JOptionPane.showInputDialog(frame, "Enter the password from token!!"): null

2018-08-21 17:08:32 - [TEST_STEP][PASSED] - delay: Delayed 2 second(s)

2018-08-21 17:08:34 - [MESSAGE][PASSED] - Delayed 2 second(s)

2018-08-21 17:08:34 - [TEST_STEP][PASSED] - setText: Text '099011' is set on object 'Object Repository/Page_mysdworx - Log in/input_Password'

2018-08-21 17:08:34 - [MESSAGE][PASSED] - Text '099011' is set on object 'Object Repository/Page_mysdworx - Log in/input_Password'

2018-08-21 17:08:34 - [TEST_STEP][PASSED] - click: Object: 'Object Repository/Page_mysdworx - Log in/button_Se connecter' is clicked on

2018-08-21 17:08:34 - [MESSAGE][PASSED] - Object: 'Object Repository/Page_mysdworx - Log in/button_Se connecter' is clicked on

2018-08-21 17:08:34 - [TEST_STEP][PASSED] - waitForPageLoad: Wait for page load successfully

2018-08-21 17:08:34 - [MESSAGE][PASSED] - Wait for page load successfully

2018-08-21 17:08:34 - [TEST_STEP][NOT_RUN] - closeBrowser: NOT_RUN: closeBrowser

2018-08-21 17:08:34 - [MESSAGE][NOT_RUN] - NOT_RUN: closeBrowser

2018-08-21 17:08:34 - [MESSAGE][PASSED] - Call Test Case 'Test Cases/Login/TC1 Login to Mysdworx' successfully

2018-08-21 17:08:34 - [TEST_STEP][PASSED] - waitForPageLoad: Wait for page load successfully

2018-08-21 17:08:34 - [MESSAGE][PASSED] - Wait for page load successfully

2018-08-21 17:08:34 - [TEST_STEP][PASSED] - callTestCase: Call Test Case 'Test Cases/Select Language/TC1 Verify NL language' successfully

2018-08-21 17:08:34 - [TEST_CASE][PASSED] - Test Cases/Select Language/TC1 Verify NL language: Test Cases/Select Language/TC1 Verify NL language

2018-08-21 17:08:34 - [TEST_STEP][PASSED] - waitForElementClickable: Object 'Object Repository/Change language link Obj/NL_language' is clickable

2018-08-21 17:08:57 - [MESSAGE][PASSED] - Object 'Object Repository/Change language link Obj/NL_language' is clickable

2018-08-21 17:08:57 - [TEST_STEP][PASSED] - click: Object: 'Object Repository/Change language link Obj/NL_language' is clicked on

2018-08-21 17:09:05 - [MESSAGE][PASSED] - Object: 'Object Repository/Change language link Obj/NL_language' is clicked on

2018-08-21 17:09:05 - [TEST_STEP][PASSED] - waitForPageLoad: Wait for page load successfully

2018-08-21 17:09:05 - [MESSAGE][PASSED] - Wait for page load successfully

2018-08-21 17:09:05 - [MESSAGE][PASSED] - Call Test Case 'Test Cases/Select Language/TC1 Verify NL language' successfully

2018-08-21 17:09:05 - [TEST_STEP][PASSED] - waitForPageLoad: Wait for page load successfully

2018-08-21 17:09:05 - [MESSAGE][PASSED] - Wait for page load successfully

2018-08-21 17:09:05 - [TEST_STEP][PASSED] - callTestCase: Call Test Case 'Test Cases/Mes rapports/Main Page/TC Verify Mes rapports tab' successfully

2018-08-21 17:09:05 - [TEST_CASE][PASSED] - Test Cases/Mes rapports/Main Page/TC Verify Mes rapports tab: Test Cases/Mes rapports/Main Page/TC Verify Mes rapports tab

2018-08-21 17:09:05 - [TEST_STEP][PASSED] - click: Object: 'Object Repository/Mes rapports Obj/Mes rapports_tab' is clicked on

2018-08-21 17:09:05 - [MESSAGE][PASSED] - Object: 'Object Repository/Mes rapports Obj/Mes rapports_tab' is clicked on

2018-08-21 17:09:05 - [MESSAGE][PASSED] - Call Test Case 'Test Cases/Mes rapports/Main Page/TC Verify Mes rapports tab' successfully

2018-08-21 17:09:05 - [TEST_STEP][PASSED] - waitForPageLoad: Wait for page load successfully

2018-08-21 17:09:05 - [MESSAGE][PASSED] - Wait for page load successfully

2018-08-21 17:09:05 - [TEST_STEP][PASSED] - callTestCase: Call Test Case 'Test Cases/Mes rapports/Main Page/TC Verify Deployer function' successfully

2018-08-21 17:09:05 - [TEST_CASE][PASSED] - Test Cases/Mes rapports/Main Page/TC Verify Deployer function: Test Cases/Mes rapports/Main Page/TC Verify Deployer function

2018-08-21 17:09:05 - [TEST_STEP][PASSED] - waitForPageLoad: Wait for page load successfully

2018-08-21 17:09:05 - [MESSAGE][PASSED] - Wait for page load successfully

2018-08-21 17:09:05 - [TEST_STEP][PASSED] - waitForElementClickable: Object 'Object Repository/Mes rapports Obj/button_setting_dropdown' is clickable

2018-08-21 17:09:08 - [MESSAGE][PASSED] - Object 'Object Repository/Mes rapports Obj/button_setting_dropdown' is clickable

2018-08-21 17:09:08 - [TEST_STEP][PASSED] - click: Object: 'Object Repository/Mes rapports Obj/button_setting_dropdown' is clicked on

2018-08-21 17:09:08 - [MESSAGE][PASSED] - Object: 'Object Repository/Mes rapports Obj/button_setting_dropdown' is clicked on

2018-08-21 17:09:08 - [TEST_STEP][PASSED] - click: Object: 'Object Repository/Mes rapports Obj/a_Dployer tout' is clicked on

2018-08-21 17:09:12 - [MESSAGE][PASSED] - Object: 'Object Repository/Mes rapports Obj/a_Dployer tout' is clicked on

2018-08-21 17:09:12 - [MESSAGE][PASSED] - Call Test Case 'Test Cases/Mes rapports/Main Page/TC Verify Deployer function' successfully

2018-08-21 17:09:12 - [TEST_STEP][PASSED] - waitForPageLoad: Wait for page load successfully

2018-08-21 17:09:12 - [MESSAGE][PASSED] - Wait for page load successfully

2018-08-21 17:09:12 - [TEST_STEP][PASSED] - callTestCase: Call Test Case 'Test Cases/Mes rapports/Main Page/TC Verify Masquer function' successfully

2018-08-21 17:09:12 - [TEST_CASE][PASSED] - Test Cases/Mes rapports/Main Page/TC Verify Masquer function: Test Cases/Mes rapports/Main Page/TC Verify Masquer function

2018-08-21 17:09:12 - [TEST_STEP][PASSED] - click: Object: 'Object Repository/Mes rapports Obj/button_setting_dropdown' is clicked on

2018-08-21 17:09:12 - [MESSAGE][PASSED] - Object: 'Object Repository/Mes rapports Obj/button_setting_dropdown' is clicked on

2018-08-21 17:09:12 - [TEST_STEP][PASSED] - click: Object: 'Object Repository/Mes rapports Obj/a_Masquer tout' is clicked on

2018-08-21 17:09:12 - [MESSAGE][PASSED] - Object: 'Object Repository/Mes rapports Obj/a_Masquer tout' is clicked on

2018-08-21 17:09:12 - [MESSAGE][PASSED] - Call Test Case 'Test Cases/Mes rapports/Main Page/TC Verify Masquer function' successfully

2018-08-21 17:09:12 - [TEST_STEP][PASSED] - callTestCase: Call Test Case 'Test Cases/Mes rapports/Main Page/TC Verify info icon function' successfully

2018-08-21 17:09:12 - [TEST_CASE][PASSED] - Test Cases/Mes rapports/Main Page/TC Verify info icon function: Test Cases/Mes rapports/Main Page/TC Verify info icon function

2018-08-21 17:09:13 - [TEST_STEP][PASSED] - click: Object: 'Object Repository/Mes rapports Obj/info_Icon' is clicked on

2018-08-21 17:09:13 - [MESSAGE][PASSED] - Object: 'Object Repository/Mes rapports Obj/info_Icon' is clicked on

2018-08-21 17:09:13 - [MESSAGE][PASSED] - Call Test Case 'Test Cases/Mes rapports/Main Page/TC Verify info icon function' successfully

2018-08-21 17:09:13 - [TEST_STEP][PASSED] - callTestCase: Call Test Case 'Test Cases/Mes rapports/Main Page/TC Verify Url' successfully

2018-08-21 17:09:13 - [TEST_CASE][PASSED] - Test Cases/Mes rapports/Main Page/TC Verify Url: Test Cases/Mes rapports/Main Page/TC Verify Url

2018-08-21 17:09:13 - [TEST_STEP][PASSED] - waitForPageLoad: Wait for page load successfully

2018-08-21 17:09:13 - [MESSAGE][PASSED] - Wait for page load successfully

2018-08-21 17:09:13 - [TEST_STEP][PASSED] - Statement - url = com.kms.katalon.core.webui.keyword.WebUiBuiltInKeywords.getUrl(): Current window's url is: 'https://internet.acc.sd.dika.be/ebloxreporting/web.sensitive/main/FpyDF/iIz9g8MffKNXfNyb1H/NL/#/mijnrapporten'

2018-08-21 17:09:13 - [MESSAGE][PASSED] - Current window's url is: 'https://internet.acc.sd.dika.be/ebloxreporting/web.sensitive/main/FpyDF/iIz9g8MffKNXfNyb1H/NL/#/mijnrapporten'

2018-08-21 17:09:13 - [TEST_STEP][PASSED] - Statement - p = java.util.regex.Pattern.compile("00040 ANTILOPE GROEP"): null

2018-08-21 17:09:13 - [TEST_STEP][PASSED] - Statement - m = p.matcher(url): null

2018-08-21 17:09:13 - [TEST_STEP][PASSED] - Statement - If (m.find()): null

2018-08-21 17:09:13 - [TEST_STEP][PASSED] - Statement - Else: The user name and the concern number are not present in the URL

2018-08-21 17:09:13 - [TEST_STEP][PASSED] - Statement - com.kms.katalon.core.util.KeywordUtil.markPassed("The user name and the concern number are not present in the URL"): The user name and the concern number are not present in the URL

2018-08-21 17:09:13 - [MESSAGE][PASSED] - The user name and the concern number are not present in the URL

2018-08-21 17:09:13 - [MESSAGE][PASSED] - Call Test Case 'Test Cases/Mes rapports/Main Page/TC Verify Url' successfully

2018-08-21 17:09:13 - [TEST_STEP][PASSED] - waitForPageLoad: Wait for page load successfully

2018-08-21 17:09:13 - [MESSAGE][PASSED] - Wait for page load successfully

2018-08-21 17:09:13 - [TEST_STEP][PASSED] - callTestCase: Call Test Case 'Test Cases/Select Language/TC2 Verify FR Language' successfully

2018-08-21 17:09:13 - [TEST_CASE][PASSED] - Test Cases/Select Language/TC2 Verify FR Language: Test Cases/Select Language/TC2 Verify FR Language

2018-08-21 17:09:13 - [TEST_STEP][PASSED] - click: Object: 'Object Repository/Change language link Obj/FR_language' is clicked on

2018-08-21 17:09:18 - [MESSAGE][PASSED] - Object: 'Object Repository/Change language link Obj/FR_language' is clicked on

2018-08-21 17:09:18 - [TEST_STEP][PASSED] - waitForPageLoad: Wait for page load successfully

2018-08-21 17:09:18 - [MESSAGE][PASSED] - Wait for page load successfully

2018-08-21 17:09:18 - [MESSAGE][PASSED] - Call Test Case 'Test Cases/Select Language/TC2 Verify FR Language' successfully

2018-08-21 17:09:18 - [TEST_STEP][PASSED] - waitForPageLoad: Wait for page load successfully

2018-08-21 17:09:18 - [MESSAGE][PASSED] - Wait for page load successfully

2018-08-21 17:09:18 - [TEST_STEP][PASSED] - callTestCase: Call Test Case 'Test Cases/Mes rapports/Main Page/TC Verify Mes rapports tab' successfully

2018-08-21 17:09:18 - [TEST_CASE][PASSED] - Test Cases/Mes rapports/Main Page/TC Verify Mes rapports tab: Test Cases/Mes rapports/Main Page/TC Verify Mes rapports tab

2018-08-21 17:09:18 - [TEST_STEP][PASSED] - click: Object: 'Object Repository/Mes rapports Obj/Mes rapports_tab' is clicked on

2018-08-21 17:09:18 - [MESSAGE][PASSED] - Object: 'Object Repository/Mes rapports Obj/Mes rapports_tab' is clicked on

2018-08-21 17:09:18 - [MESSAGE][PASSED] - Call Test Case 'Test Cases/Mes rapports/Main Page/TC Verify Mes rapports tab' successfully

2018-08-21 17:09:18 - [TEST_STEP][PASSED] - waitForPageLoad: Wait for page load successfully

2018-08-21 17:09:18 - [MESSAGE][PASSED] - Wait for page load successfully

2018-08-21 17:09:18 - [TEST_STEP][PASSED] - callTestCase: Call Test Case 'Test Cases/Mes rapports/Main Page/TC Verify Deployer function' successfully

2018-08-21 17:09:18 - [TEST_CASE][PASSED] - Test Cases/Mes rapports/Main Page/TC Verify Deployer function: Test Cases/Mes rapports/Main Page/TC Verify Deployer function

2018-08-21 17:09:18 - [TEST_STEP][PASSED] - waitForPageLoad: Wait for page load successfully

2018-08-21 17:09:18 - [MESSAGE][PASSED] - Wait for page load successfully

2018-08-21 17:09:18 - [TEST_STEP][PASSED] - waitForElementClickable: Object 'Object Repository/Mes rapports Obj/button_setting_dropdown' is clickable

2018-08-21 17:09:21 - [MESSAGE][PASSED] - Object 'Object Repository/Mes rapports Obj/button_setting_dropdown' is clickable

2018-08-21 17:09:21 - [TEST_STEP][PASSED] - click: Object: 'Object Repository/Mes rapports Obj/button_setting_dropdown' is clicked on

2018-08-21 17:09:21 - [MESSAGE][PASSED] - Object: 'Object Repository/Mes rapports Obj/button_setting_dropdown' is clicked on

2018-08-21 17:09:21 - [TEST_STEP][PASSED] - click: Object: 'Object Repository/Mes rapports Obj/a_Dployer tout' is clicked on

2018-08-21 17:09:24 - [MESSAGE][PASSED] - Object: 'Object Repository/Mes rapports Obj/a_Dployer tout' is clicked on

2018-08-21 17:09:24 - [MESSAGE][PASSED] - Call Test Case 'Test Cases/Mes rapports/Main Page/TC Verify Deployer function' successfully

2018-08-21 17:09:24 - [TEST_STEP][PASSED] - waitForPageLoad: Wait for page load successfully

2018-08-21 17:09:24 - [MESSAGE][PASSED] - Wait for page load successfully

2018-08-21 17:09:24 - [TEST_STEP][PASSED] - callTestCase: Call Test Case 'Test Cases/Mes rapports/Main Page/TC Verify Masquer function' successfully

2018-08-21 17:09:24 - [TEST_CASE][PASSED] - Test Cases/Mes rapports/Main Page/TC Verify Masquer function: Test Cases/Mes rapports/Main Page/TC Verify Masquer function

2018-08-21 17:09:24 - [TEST_STEP][PASSED] - click: Object: 'Object Repository/Mes rapports Obj/button_setting_dropdown' is clicked on

2018-08-21 17:09:24 - [MESSAGE][PASSED] - Object: 'Object Repository/Mes rapports Obj/button_setting_dropdown' is clicked on

2018-08-21 17:09:24 - [TEST_STEP][PASSED] - click: Object: 'Object Repository/Mes rapports Obj/a_Masquer tout' is clicked on

2018-08-21 17:09:24 - [MESSAGE][PASSED] - Object: 'Object Repository/Mes rapports Obj/a_Masquer tout' is clicked on

2018-08-21 17:09:24 - [MESSAGE][PASSED] - Call Test Case 'Test Cases/Mes rapports/Main Page/TC Verify Masquer function' successfully

2018-08-21 17:09:24 - [TEST_STEP][PASSED] - callTestCase: Call Test Case 'Test Cases/Mes rapports/Main Page/TC Verify info icon function' successfully

2018-08-21 17:09:24 - [TEST_CASE][PASSED] - Test Cases/Mes rapports/Main Page/TC Verify info icon function: Test Cases/Mes rapports/Main Page/TC Verify info icon function

2018-08-21 17:09:24 - [TEST_STEP][PASSED] - click: Object: 'Object Repository/Mes rapports Obj/info_Icon' is clicked on

2018-08-21 17:09:24 - [MESSAGE][PASSED] - Object: 'Object Repository/Mes rapports Obj/info_Icon' is clicked on

2018-08-21 17:09:24 - [MESSAGE][PASSED] - Call Test Case 'Test Cases/Mes rapports/Main Page/TC Verify info icon function' successfully

2018-08-21 17:09:24 - [TEST_STEP][PASSED] - callTestCase: Call Test Case 'Test Cases/Mes rapports/Main Page/TC Verify Url' successfully

2018-08-21 17:09:25 - [TEST_CASE][PASSED] - Test Cases/Mes rapports/Main Page/TC Verify Url: Test Cases/Mes rapports/Main Page/TC Verify Url

2018-08-21 17:09:25 - [TEST_STEP][PASSED] - waitForPageLoad: Wait for page load successfully

2018-08-21 17:09:25 - [MESSAGE][PASSED] - Wait for page load successfully

2018-08-21 17:09:25 - [TEST_STEP][PASSED] - Statement - url = com.kms.katalon.core.webui.keyword.WebUiBuiltInKeywords.getUrl(): Current window's url is: 'https://internet.acc.sd.dika.be/ebloxreporting/web.sensitive/main/FpyDF/iIz9g8MffKNXfNyb1H/FR/#/mijnrapporten'

2018-08-21 17:09:25 - [MESSAGE][PASSED] - Current window's url is: 'https://internet.acc.sd.dika.be/ebloxreporting/web.sensitive/main/FpyDF/iIz9g8MffKNXfNyb1H/FR/#/mijnrapporten'

2018-08-21 17:09:25 - [TEST_STEP][PASSED] - Statement - p = java.util.regex.Pattern.compile("00040 ANTILOPE GROEP"): null

2018-08-21 17:09:25 - [TEST_STEP][PASSED] - Statement - m = p.matcher(url): null

2018-08-21 17:09:25 - [TEST_STEP][PASSED] - Statement - If (m.find()): null

2018-08-21 17:09:25 - [TEST_STEP][PASSED] - Statement - Else: The user name and the concern number are not present in the URL

2018-08-21 17:09:25 - [TEST_STEP][PASSED] - Statement - com.kms.katalon.core.util.KeywordUtil.markPassed("The user name and the concern number are not present in the URL"): The user name and the concern number are not present in the URL

2018-08-21 17:09:25 - [MESSAGE][PASSED] - The user name and the concern number are not present in the URL

2018-08-21 17:09:25 - [MESSAGE][PASSED] - Call Test Case 'Test Cases/Mes rapports/Main Page/TC Verify Url' successfully

2018-08-21 17:09:25 - [TEST_STEP][PASSED] - waitForPageLoad: Wait for page load successfully

2018-08-21 17:09:25 - [MESSAGE][PASSED] - Wait for page load successfully

2018-08-21 17:09:25 - [TEST_STEP][PASSED] - callTestCase: Call Test Case 'Test Cases/Select Language/TC2 Verify FR Language' successfully

2018-08-21 17:09:25 - [TEST_CASE][PASSED] - Test Cases/Select Language/TC2 Verify FR Language: Test Cases/Select Language/TC2 Verify FR Language

2018-08-21 17:09:25 - [TEST_STEP][PASSED] - click: Object: 'Object Repository/Change language link Obj/FR_language' is clicked on

2018-08-21 17:09:25 - [MESSAGE][PASSED] - Object: 'Object Repository/Change language link Obj/FR_language' is clicked on

2018-08-21 17:09:25 - [TEST_STEP][PASSED] - waitForPageLoad: Wait for page load successfully

2018-08-21 17:09:25 - [MESSAGE][PASSED] - Wait for page load successfully

2018-08-21 17:09:25 - [MESSAGE][PASSED] - Call Test Case 'Test Cases/Select Language/TC2 Verify FR Language' successfully

2018-08-21 17:09:25 - [TEST_STEP][PASSED] - waitForPageLoad: Wait for page load successfully

2018-08-21 17:09:25 - [MESSAGE][PASSED] - Wait for page load successfully

2018-08-21 17:09:25 - [TEST_STEP][PASSED] - callTestCase: Call Test Case 'Test Cases/Select Language/TC1 Verify NL language' successfully

2018-08-21 17:09:25 - [TEST_CASE][PASSED] - Test Cases/Select Language/TC1 Verify NL language: Test Cases/Select Language/TC1 Verify NL language

2018-08-21 17:09:25 - [TEST_STEP][PASSED] - waitForElementClickable: Object 'Object Repository/Change language link Obj/NL_language' is clickable

2018-08-21 17:09:25 - [MESSAGE][PASSED] - Object 'Object Repository/Change language link Obj/NL_language' is clickable

2018-08-21 17:09:25 - [TEST_STEP][PASSED] - click: Object: 'Object Repository/Change language link Obj/NL_language' is clicked on

2018-08-21 17:09:30 - [MESSAGE][PASSED] - Object: 'Object Repository/Change language link Obj/NL_language' is clicked on

2018-08-21 17:09:30 - [TEST_STEP][PASSED] - waitForPageLoad: Wait for page load successfully

2018-08-21 17:09:30 - [MESSAGE][PASSED] - Wait for page load successfully

2018-08-21 17:09:30 - [MESSAGE][PASSED] - Call Test Case 'Test Cases/Select Language/TC1 Verify NL language' successfully

2018-08-21 17:09:30 - [TEST_STEP][PASSED] - waitForPageLoad: Wait for page load successfully

2018-08-21 17:09:30 - [MESSAGE][PASSED] - Wait for page load successfully

2018-08-21 17:09:30 - [TEST_STEP][PASSED] - callTestCase: Call Test Case 'Test Cases/Menu- Bibliotheque/TC Verify Bibliotheque tab' successfully

2018-08-21 17:09:30 - [TEST_CASE][PASSED] - Test Cases/Menu- Bibliotheque/TC Verify Bibliotheque tab: Test Cases/Menu- Bibliotheque/TC Verify Bibliotheque tab

2018-08-21 17:09:30 - [TEST_STEP][PASSED] - click: Object: 'Object Repository/Bibliotheque Obj/Bibliothque_tab' is clicked on

2018-08-21 17:09:30 - [MESSAGE][PASSED] - Object: 'Object Repository/Bibliotheque Obj/Bibliothque_tab' is clicked on

2018-08-21 17:09:30 - [MESSAGE][PASSED] - Call Test Case 'Test Cases/Menu- Bibliotheque/TC Verify Bibliotheque tab' successfully

2018-08-21 17:09:30 - [TEST_STEP][PASSED] - waitForPageLoad: Wait for page load successfully

2018-08-21 17:09:30 - [MESSAGE][PASSED] - Wait for page load successfully

2018-08-21 17:09:30 - [TEST_STEP][PASSED] - callTestCase: Call Test Case 'Test Cases/Menu- Bibliotheque/TC1 Verify Deployer function' successfully

2018-08-21 17:09:30 - [TEST_CASE][PASSED] - Test Cases/Menu- Bibliotheque/TC1 Verify Deployer function: Test Cases/Menu- Bibliotheque/TC1 Verify Deployer function

2018-08-21 17:09:30 - [TEST_STEP][PASSED] - waitForPageLoad: Wait for page load successfully

2018-08-21 17:09:30 - [MESSAGE][PASSED] - Wait for page load successfully

2018-08-21 17:09:30 - [TEST_STEP][PASSED] - click: Object: 'Object Repository/Bibliotheque Obj/button_setting_dropdown' is clicked on

2018-08-21 17:09:33 - [MESSAGE][PASSED] - Object: 'Object Repository/Bibliotheque Obj/button_setting_dropdown' is clicked on

2018-08-21 17:09:33 - [TEST_STEP][PASSED] - click: Object: 'Object Repository/Bibliotheque Obj/a_Dployer tout' is clicked on

2018-08-21 17:09:34 - [MESSAGE][PASSED] - Object: 'Object Repository/Bibliotheque Obj/a_Dployer tout' is clicked on

2018-08-21 17:09:34 - [MESSAGE][PASSED] - Call Test Case 'Test Cases/Menu- Bibliotheque/TC1 Verify Deployer function' successfully

2018-08-21 17:09:34 - [TEST_STEP][PASSED] - waitForPageLoad: Wait for page load successfully

2018-08-21 17:09:34 - [MESSAGE][PASSED] - Wait for page load successfully

2018-08-21 17:09:34 - [TEST_STEP][PASSED] - callTestCase: Call Test Case 'Test Cases/Menu- Bibliotheque/TC2 Verify Masquer function' successfully

2018-08-21 17:09:34 - [TEST_CASE][PASSED] - Test Cases/Menu- Bibliotheque/TC2 Verify Masquer function: Test Cases/Menu- Bibliotheque/TC2 Verify Masquer function

2018-08-21 17:09:34 - [TEST_STEP][PASSED] - click: Object: 'Object Repository/Bibliotheque Obj/button_setting_dropdown' is clicked on

2018-08-21 17:09:34 - [MESSAGE][PASSED] - Object: 'Object Repository/Bibliotheque Obj/button_setting_dropdown' is clicked on

2018-08-21 17:09:34 - [TEST_STEP][PASSED] - click: Object: 'Object Repository/Bibliotheque Obj/a_Masquer tout' is clicked on

2018-08-21 17:09:34 - [MESSAGE][PASSED] - Object: 'Object Repository/Bibliotheque Obj/a_Masquer tout' is clicked on

2018-08-21 17:09:34 - [MESSAGE][PASSED] - Call Test Case 'Test Cases/Menu- Bibliotheque/TC2 Verify Masquer function' successfully

2018-08-21 17:09:34 - [TEST_STEP][PASSED] - callTestCase: Call Test Case 'Test Cases/Menu- Bibliotheque/TC3 Verify info icon function' successfully

2018-08-21 17:09:34 - [TEST_CASE][PASSED] - Test Cases/Menu- Bibliotheque/TC3 Verify info icon function: Test Cases/Menu- Bibliotheque/TC3 Verify info icon function

2018-08-21 17:09:34 - [TEST_STEP][PASSED] - click: Object: 'Object Repository/Bibliotheque Obj/info_Icon' is clicked on

2018-08-21 17:09:35 - [MESSAGE][PASSED] - Object: 'Object Repository/Bibliotheque Obj/info_Icon' is clicked on

2018-08-21 17:09:35 - [MESSAGE][PASSED] - Call Test Case 'Test Cases/Menu- Bibliotheque/TC3 Verify info icon function' successfully

2018-08-21 17:09:35 - [TEST_STEP][PASSED] - callTestCase: Call Test Case 'Test Cases/Menu- Bibliotheque/TC4 Verify Url' successfully

2018-08-21 17:09:35 - [TEST_CASE][PASSED] - Test Cases/Menu- Bibliotheque/TC4 Verify Url: Test Cases/Menu- Bibliotheque/TC4 Verify Url

2018-08-21 17:09:35 - [TEST_STEP][PASSED] - waitForPageLoad: Wait for page load successfully

2018-08-21 17:09:35 - [MESSAGE][PASSED] - Wait for page load successfully

2018-08-21 17:09:35 - [TEST_STEP][PASSED] - Statement - url = com.kms.katalon.core.webui.keyword.WebUiBuiltInKeywords.getUrl(): Current window's url is: 'https://internet.acc.sd.dika.be/ebloxreporting/web.sensitive/main/FpyDF/iIz9g8MffKNXfNyb1H/NL/#/bibliotheek/'

2018-08-21 17:09:35 - [MESSAGE][PASSED] - Current window's url is: 'https://internet.acc.sd.dika.be/ebloxreporting/web.sensitive/main/FpyDF/iIz9g8MffKNXfNyb1H/NL/#/bibliotheek/'

2018-08-21 17:09:35 - [TEST_STEP][PASSED] - Statement - p = java.util.regex.Pattern.compile("00040 ANTILOPE GROEP"): null

2018-08-21 17:09:35 - [TEST_STEP][PASSED] - Statement - m = p.matcher(url): null

2018-08-21 17:09:35 - [TEST_STEP][PASSED] - Statement - If (m.find()): null

2018-08-21 17:09:35 - [TEST_STEP][PASSED] - Statement - Else: The user name and the concern number are not present in the URL

2018-08-21 17:09:35 - [TEST_STEP][PASSED] - Statement - com.kms.katalon.core.util.KeywordUtil.markPassed("The user name and the concern number are not present in the URL"): The user name and the concern number are not present in the URL

2018-08-21 17:09:35 - [MESSAGE][PASSED] - The user name and the concern number are not present in the URL

2018-08-21 17:09:35 - [MESSAGE][PASSED] - Call Test Case 'Test Cases/Menu- Bibliotheque/TC4 Verify Url' successfully

2018-08-21 17:09:35 - [TEST_STEP][PASSED] - callTestCase: Call Test Case 'Test Cases/Menu- Comptages/TC Verify Comptages tab' successfully

2018-08-21 17:09:35 - [TEST_CASE][PASSED] - Test Cases/Menu- Comptages/TC Verify Comptages tab: Test Cases/Menu- Comptages/TC Verify Comptages tab

2018-08-21 17:09:35 - [TEST_STEP][PASSED] - click: Object: 'Object Repository/Comptages Obj/Comptages_tab' is clicked on

2018-08-21 17:09:35 - [MESSAGE][PASSED] - Object: 'Object Repository/Comptages Obj/Comptages_tab' is clicked on

2018-08-21 17:09:35 - [MESSAGE][PASSED] - Call Test Case 'Test Cases/Menu- Comptages/TC Verify Comptages tab' successfully

2018-08-21 17:09:35 - [TEST_STEP][PASSED] - callTestCase: Call Test Case 'Test Cases/Menu- Comptages/TC2 Verify Nouveau comptage button' successfully

2018-08-21 17:09:35 - [TEST_CASE][PASSED] - Test Cases/Menu- Comptages/TC2 Verify Nouveau comptage button: Test Cases/Menu- Comptages/TC2 Verify Nouveau comptage button

2018-08-21 17:09:36 - [TEST_STEP][PASSED] - click: Object: 'Object Repository/Comptages Obj/button_Nouveau comptage' is clicked on

2018-08-21 17:09:37 - [MESSAGE][PASSED] - Object: 'Object Repository/Comptages Obj/button_Nouveau comptage' is clicked on

2018-08-21 17:09:37 - [MESSAGE][PASSED] - Call Test Case 'Test Cases/Menu- Comptages/TC2 Verify Nouveau comptage button' successfully

2018-08-21 17:09:37 - [TEST_STEP][PASSED] - callTestCase: Call Test Case 'Test Cases/Menu- Comptages/TC3 Verify Montants Function' successfully

2018-08-21 17:09:37 - [TEST_CASE][PASSED] - Test Cases/Menu- Comptages/TC3 Verify Montants Function: Test Cases/Menu- Comptages/TC3 Verify Montants Function

2018-08-21 17:09:37 - [TEST_STEP][PASSED] - click: Object: 'Object Repository/Comptages Obj/a_Montants' is clicked on

2018-08-21 17:09:37 - [MESSAGE][PASSED] - Object: 'Object Repository/Comptages Obj/a_Montants' is clicked on

2018-08-21 17:09:37 - [MESSAGE][PASSED] - Call Test Case 'Test Cases/Menu- Comptages/TC3 Verify Montants Function' successfully

2018-08-21 17:09:37 - [TEST_STEP][PASSED] - callTestCase: Call Test Case 'Test Cases/Menu- Comptages/TC4 Verify the creation of a new Comptage' successfully

2018-08-21 17:09:37 - [TEST_CASE][PASSED] - Test Cases/Menu- Comptages/TC4 Verify the creation of a new Comptage: Test Cases/Menu- Comptages/TC4 Verify the creation of a new Comptage

2018-08-21 17:09:38 - [TEST_STEP][PASSED] - setText: Text 'testing' is set on object 'Object Repository/Comptages Obj/input_comptage_name'

2018-08-21 17:09:38 - [MESSAGE][PASSED] - Text 'testing' is set on object 'Object Repository/Comptages Obj/input_comptage_name'

2018-08-21 17:09:38 - [TEST_STEP][PASSED] - delay: Delayed 5 second(s)

2018-08-21 17:09:43 - [MESSAGE][PASSED] - Delayed 5 second(s)

2018-08-21 17:09:43 - [TEST_STEP][PASSED] - click: Object: 'Object Repository/Comptages Obj/dropdown_arrow' is clicked on

2018-08-21 17:09:43 - [MESSAGE][PASSED] - Object: 'Object Repository/Comptages Obj/dropdown_arrow' is clicked on

2018-08-21 17:09:43 - [TEST_STEP][PASSED] - delay: Delayed 5 second(s)

2018-08-21 17:09:48 - [MESSAGE][PASSED] - Delayed 5 second(s)

2018-08-21 17:09:48 - [TEST_STEP][PASSED] - setText: Text 'Attest loonlasten' is set on object 'Object Repository/Comptages Obj/input_comptage_type'

2018-08-21 17:09:48 - [MESSAGE][PASSED] - Text 'Attest loonlasten' is set on object 'Object Repository/Comptages Obj/input_comptage_type'

2018-08-21 17:09:48 - [TEST_STEP][PASSED] - sendKeys: Keys 'ENTER + ' sent to object: 'Object Repository/Comptages Obj/input_comptage_type'

2018-08-21 17:09:48 - [MESSAGE][PASSED] - Keys 'ENTER + ' sent to object: 'Object Repository/Comptages Obj/input_comptage_type'

2018-08-21 17:09:48 - [MESSAGE][PASSED] - Call Test Case 'Test Cases/Menu- Comptages/TC4 Verify the creation of a new Comptage' successfully

2018-08-21 17:09:48 - [TEST_STEP][PASSED] - callTestCase: Call Test Case 'Test Cases/Menu- Comptages/TC7 Verify Sauvegarder button' successfully

2018-08-21 17:09:49 - [TEST_CASE][PASSED] - Test Cases/Menu- Comptages/TC7 Verify Sauvegarder button: Test Cases/Menu- Comptages/TC7 Verify Sauvegarder button

2018-08-21 17:09:49 - [TEST_STEP][PASSED] - click: Object: 'Object Repository/Comptages Obj/button_Sauvegarder' is clicked on

2018-08-21 17:09:49 - [MESSAGE][PASSED] - Object: 'Object Repository/Comptages Obj/button_Sauvegarder' is clicked on

2018-08-21 17:09:49 - [MESSAGE][PASSED] - Call Test Case 'Test Cases/Menu- Comptages/TC7 Verify Sauvegarder button' successfully

2018-08-21 17:09:49 - [TEST_STEP][PASSED] - closeBrowser: Browser is closed

2018-08-21 17:09:49 - [MESSAGE][PASSED] - Browser is closed]]></system-out>
         <system-err><![CDATA[]]></system-err>
      </testcase>
      <testcase name="Test Cases/New Folder/TC10 BASED ON THE LIBRARY" classname="Test Cases/New Folder/TC10 BASED ON THE LIBRARY" status="PASSED">
         <system-out><![CDATA[2018-08-21 17:09:49 - [TEST_CASE][PASSED] - Test Cases/New Folder/TC10 BASED ON THE LIBRARY: Test Cases/New Folder/TC10 BASED ON THE LIBRARY

2018-08-21 17:09:50 - [TEST_STEP][PASSED] - callTestCase: Call Test Case 'Test Cases/Login/TC1 Login to Mysdworx' successfully

2018-08-21 17:09:50 - [TEST_CASE][PASSED] - Test Cases/Login/TC1 Login to Mysdworx: Test Cases/Login/TC1 Login to Mysdworx

2018-08-21 17:09:50 - [TEST_STEP][PASSED] - openBrowser: Browser is opened with url: ''

2018-08-21 17:09:52 - [MESSAGE][PASSED] - Browser is opened with url: ''

2018-08-21 17:09:52 - [TEST_STEP][PASSED] - navigateToUrl: Navigate to 'https://internet.acc.sd.dika.be/ebloxreporting/web.sensitive/main/?lang=fr' successfully

2018-08-21 17:09:57 - [MESSAGE][PASSED] - Navigate to 'https://internet.acc.sd.dika.be/ebloxreporting/web.sensitive/main/?lang=fr' successfully

2018-08-21 17:09:57 - [TEST_STEP][PASSED] - maximizeWindow: Current window maximized

2018-08-21 17:09:58 - [MESSAGE][PASSED] - Current window maximized

2018-08-21 17:09:58 - [TEST_STEP][PASSED] - setText: Text 'DP_EBLOX_RPP_VASCO' is set on object 'Object Repository/Page_mysdworx - Log in/input_Username'

2018-08-21 17:10:03 - [MESSAGE][PASSED] - Text 'DP_EBLOX_RPP_VASCO' is set on object 'Object Repository/Page_mysdworx - Log in/input_Username'

2018-08-21 17:10:03 - [TEST_STEP][PASSED] - Statement - frame = new javax.swing.JFrame(User Input Frame): null

2018-08-21 17:10:03 - [TEST_STEP][PASSED] - Statement - frame.requestFocus(): null

2018-08-21 17:10:03 - [TEST_STEP][PASSED] - Statement - pass = javax.swing.JOptionPane.showInputDialog(frame, "Enter the password from token!!"): null

2018-08-21 17:11:31 - [TEST_STEP][PASSED] - delay: Delayed 2 second(s)

2018-08-21 17:11:33 - [MESSAGE][PASSED] - Delayed 2 second(s)

2018-08-21 17:11:33 - [TEST_STEP][PASSED] - setText: Text '105281' is set on object 'Object Repository/Page_mysdworx - Log in/input_Password'

2018-08-21 17:11:33 - [MESSAGE][PASSED] - Text '105281' is set on object 'Object Repository/Page_mysdworx - Log in/input_Password'

2018-08-21 17:11:33 - [TEST_STEP][PASSED] - click: Object: 'Object Repository/Page_mysdworx - Log in/button_Se connecter' is clicked on

2018-08-21 17:11:33 - [MESSAGE][PASSED] - Object: 'Object Repository/Page_mysdworx - Log in/button_Se connecter' is clicked on

2018-08-21 17:11:33 - [TEST_STEP][PASSED] - waitForPageLoad: Wait for page load successfully

2018-08-21 17:11:33 - [MESSAGE][PASSED] - Wait for page load successfully

2018-08-21 17:11:33 - [TEST_STEP][NOT_RUN] - closeBrowser: NOT_RUN: closeBrowser

2018-08-21 17:11:33 - [MESSAGE][NOT_RUN] - NOT_RUN: closeBrowser

2018-08-21 17:11:33 - [MESSAGE][PASSED] - Call Test Case 'Test Cases/Login/TC1 Login to Mysdworx' successfully

2018-08-21 17:11:33 - [TEST_STEP][PASSED] - waitForPageLoad: Wait for page load successfully

2018-08-21 17:11:33 - [MESSAGE][PASSED] - Wait for page load successfully

2018-08-21 17:11:33 - [TEST_STEP][PASSED] - callTestCase: Call Test Case 'Test Cases/Select Language/TC1 Verify NL language' successfully

2018-08-21 17:11:34 - [TEST_CASE][PASSED] - Test Cases/Select Language/TC1 Verify NL language: Test Cases/Select Language/TC1 Verify NL language

2018-08-21 17:11:34 - [TEST_STEP][PASSED] - waitForElementClickable: Object 'Object Repository/Change language link Obj/NL_language' is clickable

2018-08-21 17:11:57 - [MESSAGE][PASSED] - Object 'Object Repository/Change language link Obj/NL_language' is clickable

2018-08-21 17:11:57 - [TEST_STEP][PASSED] - click: Object: 'Object Repository/Change language link Obj/NL_language' is clicked on

2018-08-21 17:12:04 - [MESSAGE][PASSED] - Object: 'Object Repository/Change language link Obj/NL_language' is clicked on

2018-08-21 17:12:04 - [TEST_STEP][PASSED] - waitForPageLoad: Wait for page load successfully

2018-08-21 17:12:04 - [MESSAGE][PASSED] - Wait for page load successfully

2018-08-21 17:12:04 - [MESSAGE][PASSED] - Call Test Case 'Test Cases/Select Language/TC1 Verify NL language' successfully

2018-08-21 17:12:04 - [TEST_STEP][PASSED] - waitForPageLoad: Wait for page load successfully

2018-08-21 17:12:04 - [MESSAGE][PASSED] - Wait for page load successfully

2018-08-21 17:12:04 - [TEST_STEP][PASSED] - callTestCase: Call Test Case 'Test Cases/Mes rapports/Verify Nouveau rapport button' successfully

2018-08-21 17:12:04 - [TEST_CASE][PASSED] - Test Cases/Mes rapports/Verify Nouveau rapport button: Test Cases/Mes rapports/Verify Nouveau rapport button

2018-08-21 17:12:04 - [TEST_STEP][PASSED] - click: Object: 'Object Repository/Mes rapports Obj/button_Nouveau rapport' is clicked on

2018-08-21 17:12:07 - [MESSAGE][PASSED] - Object: 'Object Repository/Mes rapports Obj/button_Nouveau rapport' is clicked on

2018-08-21 17:12:07 - [TEST_STEP][PASSED] - waitForPageLoad: Wait for page load successfully

2018-08-21 17:12:07 - [MESSAGE][PASSED] - Wait for page load successfully

2018-08-21 17:12:07 - [MESSAGE][PASSED] - Call Test Case 'Test Cases/Mes rapports/Verify Nouveau rapport button' successfully

2018-08-21 17:12:07 - [TEST_STEP][PASSED] - waitForPageLoad: Wait for page load successfully

2018-08-21 17:12:07 - [MESSAGE][PASSED] - Wait for page load successfully

2018-08-21 17:12:07 - [TEST_STEP][PASSED] - callTestCase: Call Test Case 'Test Cases/Mes rapports/Mes rapports - BASE DE RAPPORT/TC3  Verify radio button Baser sur un rapport de la Bibliotheque' successfully

2018-08-21 17:12:07 - [TEST_CASE][PASSED] - Test Cases/Mes rapports/Mes rapports - BASE DE RAPPORT/TC3  Verify radio button Baser sur un rapport de la Bibliotheque: Test Cases/Mes rapports/Mes rapports - BASE DE RAPPORT/TC3  Verify radio button Baser sur un rapport de la Bibliotheque

2018-08-21 17:12:07 - [TEST_STEP][PASSED] - click: Object: 'Object Repository/Mes rapports Obj/BASE DE RAPPORT/radioButton_Baser sur un rapport de la Bibliothque' is clicked on

2018-08-21 17:12:08 - [MESSAGE][PASSED] - Object: 'Object Repository/Mes rapports Obj/BASE DE RAPPORT/radioButton_Baser sur un rapport de la Bibliothque' is clicked on

2018-08-21 17:12:08 - [MESSAGE][PASSED] - Call Test Case 'Test Cases/Mes rapports/Mes rapports - BASE DE RAPPORT/TC3  Verify radio button Baser sur un rapport de la Bibliotheque' successfully

2018-08-21 17:12:08 - [TEST_STEP][PASSED] - click: Object: 'Object Repository/Mes rapports Obj/BASE DE RAPPORT/Bibliotheque dropdown' is clicked on

2018-08-21 17:12:08 - [MESSAGE][PASSED] - Object: 'Object Repository/Mes rapports Obj/BASE DE RAPPORT/Bibliotheque dropdown' is clicked on

2018-08-21 17:12:08 - [TEST_STEP][PASSED] - setText: Text 'test huidig jaar' is set on object 'Object Repository/Mes rapports Obj/BASE DE RAPPORT/Bibliotheque - dropdowm input'

2018-08-21 17:12:08 - [MESSAGE][PASSED] - Text 'test huidig jaar' is set on object 'Object Repository/Mes rapports Obj/BASE DE RAPPORT/Bibliotheque - dropdowm input'

2018-08-21 17:12:08 - [TEST_STEP][PASSED] - sendKeys: Keys 'ENTER + ' sent to object: 'Object Repository/Mes rapports Obj/BASE DE RAPPORT/Bibliotheque - dropdowm input'

2018-08-21 17:12:08 - [MESSAGE][PASSED] - Keys 'ENTER + ' sent to object: 'Object Repository/Mes rapports Obj/BASE DE RAPPORT/Bibliotheque - dropdowm input'

2018-08-21 17:12:08 - [TEST_STEP][PASSED] - delay: Delayed 1 second(s)

2018-08-21 17:12:09 - [MESSAGE][PASSED] - Delayed 1 second(s)

2018-08-21 17:12:09 - [TEST_STEP][PASSED] - callTestCase: Call Test Case 'Test Cases/Mes rapports/TC Verify the next button arrow' successfully

2018-08-21 17:12:10 - [TEST_CASE][PASSED] - Test Cases/Mes rapports/TC Verify the next button arrow: Test Cases/Mes rapports/TC Verify the next button arrow

2018-08-21 17:12:10 - [TEST_STEP][PASSED] - waitForElementClickable: Object 'Object Repository/Mes rapports Obj/button_Next_Arrow' is clickable

2018-08-21 17:12:10 - [MESSAGE][PASSED] - Object 'Object Repository/Mes rapports Obj/button_Next_Arrow' is clickable

2018-08-21 17:12:10 - [TEST_STEP][PASSED] - click: Object: 'Object Repository/Mes rapports Obj/button_Next_Arrow' is clicked on

2018-08-21 17:12:10 - [MESSAGE][PASSED] - Object: 'Object Repository/Mes rapports Obj/button_Next_Arrow' is clicked on

2018-08-21 17:12:10 - [TEST_STEP][PASSED] - delay: Delayed 5 second(s)

2018-08-21 17:12:15 - [MESSAGE][PASSED] - Delayed 5 second(s)

2018-08-21 17:12:15 - [MESSAGE][PASSED] - Call Test Case 'Test Cases/Mes rapports/TC Verify the next button arrow' successfully

2018-08-21 17:12:15 - [TEST_STEP][PASSED] - waitForPageLoad: Wait for page load successfully

2018-08-21 17:12:15 - [MESSAGE][PASSED] - Wait for page load successfully

2018-08-21 17:12:15 - [TEST_STEP][PASSED] - callTestCase: Call Test Case 'Test Cases/Mes rapports/Mes rapports - CONTENU/TC Verify input field INTERNAL' successfully

2018-08-21 17:12:15 - [TEST_CASE][PASSED] - Test Cases/Mes rapports/Mes rapports - CONTENU/TC Verify input field INTERNAL: Test Cases/Mes rapports/Mes rapports - CONTENU/TC Verify input field INTERNAL

2018-08-21 17:12:15 - [TEST_STEP][PASSED] - Statement - excelData = com.kms.katalon.core.testdata.TestDataFactory.findTestData(Data Files/Data/INTERNAL): Reading excel file with source file 'C:\Users\seeboruts\OneDrive - SD Worx\Desktop\test_DAta.xlsx' and sheet name 'INTERNAL'

2018-08-21 17:12:16 - [TEST_STEP][PASSED] - Statement - test = excelData.getRowNumbers(): null

2018-08-21 17:12:16 - [TEST_STEP][PASSED] - Statement - println("No of rows" + test): null

2018-08-21 17:12:16 - [TEST_STEP][PASSED] - Statement - For ([i = 1, i <= test, (i++)]): Object: 'Object Repository/Mes rapports Obj/CONTENU/click_Remove_text' is clicked on

2018-08-21 17:12:16 - [TEST_STEP][PASSED] - setText: Text 'Naam werknemer' is set on object 'Object Repository/Mes rapports Obj/CONTENU/input_Contenu_Selecteur'

2018-08-21 17:12:16 - [MESSAGE][PASSED] - Text 'Naam werknemer' is set on object 'Object Repository/Mes rapports Obj/CONTENU/input_Contenu_Selecteur'

2018-08-21 17:12:16 - [TEST_STEP][PASSED] - delay: Delayed 3 second(s)

2018-08-21 17:12:19 - [MESSAGE][PASSED] - Delayed 3 second(s)

2018-08-21 17:12:19 - [TEST_STEP][PASSED] - click: Object: 'Object Repository/Mes rapports Obj/CONTENU/Selecteur Obj NL/Naam werknemer' is clicked on

2018-08-21 17:12:19 - [MESSAGE][PASSED] - Object: 'Object Repository/Mes rapports Obj/CONTENU/Selecteur Obj NL/Naam werknemer' is clicked on

2018-08-21 17:12:19 - [TEST_STEP][PASSED] - delay: Delayed 3 second(s)

2018-08-21 17:12:22 - [MESSAGE][PASSED] - Delayed 3 second(s)

2018-08-21 17:12:22 - [TEST_STEP][PASSED] - click: Object: 'Object Repository/Mes rapports Obj/CONTENU/click_Remove_text' is clicked on

2018-08-21 17:12:23 - [MESSAGE][PASSED] - Object: 'Object Repository/Mes rapports Obj/CONTENU/click_Remove_text' is clicked on

2018-08-21 17:12:23 - [TEST_STEP][PASSED] - setText: Text 'Afdeling' is set on object 'Object Repository/Mes rapports Obj/CONTENU/input_Contenu_Selecteur'

2018-08-21 17:12:23 - [MESSAGE][PASSED] - Text 'Afdeling' is set on object 'Object Repository/Mes rapports Obj/CONTENU/input_Contenu_Selecteur'

2018-08-21 17:12:23 - [TEST_STEP][PASSED] - delay: Delayed 3 second(s)

2018-08-21 17:12:26 - [MESSAGE][PASSED] - Delayed 3 second(s)

2018-08-21 17:12:26 - [TEST_STEP][PASSED] - click: Object: 'Object Repository/Mes rapports Obj/CONTENU/Selecteur Obj NL/Afdeling' is clicked on

2018-08-21 17:12:26 - [MESSAGE][PASSED] - Object: 'Object Repository/Mes rapports Obj/CONTENU/Selecteur Obj NL/Afdeling' is clicked on

2018-08-21 17:12:26 - [TEST_STEP][PASSED] - delay: Delayed 3 second(s)

2018-08-21 17:12:29 - [MESSAGE][PASSED] - Delayed 3 second(s)

2018-08-21 17:12:29 - [TEST_STEP][PASSED] - click: Object: 'Object Repository/Mes rapports Obj/CONTENU/click_Remove_text' is clicked on

2018-08-21 17:12:29 - [MESSAGE][PASSED] - Object: 'Object Repository/Mes rapports Obj/CONTENU/click_Remove_text' is clicked on

2018-08-21 17:12:29 - [TEST_STEP][PASSED] - setText: Text 'Brutoloon' is set on object 'Object Repository/Mes rapports Obj/CONTENU/input_Contenu_Selecteur'

2018-08-21 17:12:29 - [MESSAGE][PASSED] - Text 'Brutoloon' is set on object 'Object Repository/Mes rapports Obj/CONTENU/input_Contenu_Selecteur'

2018-08-21 17:12:29 - [TEST_STEP][PASSED] - delay: Delayed 3 second(s)

2018-08-21 17:12:32 - [MESSAGE][PASSED] - Delayed 3 second(s)

2018-08-21 17:12:32 - [TEST_STEP][PASSED] - click: Object: 'Object Repository/Mes rapports Obj/CONTENU/Selecteur Obj NL/Brutoloon' is clicked on

2018-08-21 17:12:32 - [MESSAGE][PASSED] - Object: 'Object Repository/Mes rapports Obj/CONTENU/Selecteur Obj NL/Brutoloon' is clicked on

2018-08-21 17:12:32 - [TEST_STEP][PASSED] - delay: Delayed 3 second(s)

2018-08-21 17:12:35 - [MESSAGE][PASSED] - Delayed 3 second(s)

2018-08-21 17:12:35 - [TEST_STEP][PASSED] - click: Object: 'Object Repository/Mes rapports Obj/CONTENU/click_Remove_text' is clicked on

2018-08-21 17:12:36 - [MESSAGE][PASSED] - Object: 'Object Repository/Mes rapports Obj/CONTENU/click_Remove_text' is clicked on

2018-08-21 17:12:36 - [MESSAGE][PASSED] - Call Test Case 'Test Cases/Mes rapports/Mes rapports - CONTENU/TC Verify input field INTERNAL' successfully

2018-08-21 17:12:36 - [TEST_STEP][PASSED] - callTestCase: Call Test Case 'Test Cases/Verify URL/TC Verify Url' successfully

2018-08-21 17:12:36 - [TEST_CASE][PASSED] - Test Cases/Verify URL/TC Verify Url: Test Cases/Verify URL/TC Verify Url

2018-08-21 17:12:36 - [TEST_STEP][PASSED] - waitForPageLoad: Wait for page load successfully

2018-08-21 17:12:36 - [MESSAGE][PASSED] - Wait for page load successfully

2018-08-21 17:12:36 - [TEST_STEP][PASSED] - Statement - url = com.kms.katalon.core.webui.keyword.WebUiBuiltInKeywords.getUrl(): Current window's url is: 'https://internet.acc.sd.dika.be/ebloxreporting/web.sensitive/main/FpyDF/iIz9g8MffKNXfNyb1H/NL/#/definitie/wizard/extern/index/28171/inhoud'

2018-08-21 17:12:36 - [MESSAGE][PASSED] - Current window's url is: 'https://internet.acc.sd.dika.be/ebloxreporting/web.sensitive/main/FpyDF/iIz9g8MffKNXfNyb1H/NL/#/definitie/wizard/extern/index/28171/inhoud'

2018-08-21 17:12:36 - [TEST_STEP][PASSED] - Statement - p = java.util.regex.Pattern.compile("00040 ANTILOPE GROEP"): null

2018-08-21 17:12:36 - [TEST_STEP][PASSED] - Statement - m = p.matcher(url): null

2018-08-21 17:12:36 - [TEST_STEP][PASSED] - Statement - If (m.find()): null

2018-08-21 17:12:36 - [TEST_STEP][PASSED] - Statement - Else: The user name and the concern number are not present in the URL

2018-08-21 17:12:36 - [TEST_STEP][PASSED] - Statement - com.kms.katalon.core.util.KeywordUtil.markPassed("The user name and the concern number are not present in the URL"): The user name and the concern number are not present in the URL

2018-08-21 17:12:36 - [MESSAGE][PASSED] - The user name and the concern number are not present in the URL

2018-08-21 17:12:36 - [MESSAGE][PASSED] - Call Test Case 'Test Cases/Verify URL/TC Verify Url' successfully

2018-08-21 17:12:36 - [TEST_STEP][PASSED] - callTestCase: Call Test Case 'Test Cases/Mes rapports/TC Verify the next button arrow' successfully

2018-08-21 17:12:36 - [TEST_CASE][PASSED] - Test Cases/Mes rapports/TC Verify the next button arrow: Test Cases/Mes rapports/TC Verify the next button arrow

2018-08-21 17:12:36 - [TEST_STEP][PASSED] - waitForElementClickable: Object 'Object Repository/Mes rapports Obj/button_Next_Arrow' is clickable

2018-08-21 17:12:36 - [MESSAGE][PASSED] - Object 'Object Repository/Mes rapports Obj/button_Next_Arrow' is clickable

2018-08-21 17:12:36 - [TEST_STEP][PASSED] - click: Object: 'Object Repository/Mes rapports Obj/button_Next_Arrow' is clicked on

2018-08-21 17:12:36 - [MESSAGE][PASSED] - Object: 'Object Repository/Mes rapports Obj/button_Next_Arrow' is clicked on

2018-08-21 17:12:36 - [TEST_STEP][PASSED] - delay: Delayed 5 second(s)

2018-08-21 17:12:41 - [MESSAGE][PASSED] - Delayed 5 second(s)

2018-08-21 17:12:41 - [MESSAGE][PASSED] - Call Test Case 'Test Cases/Mes rapports/TC Verify the next button arrow' successfully

2018-08-21 17:12:41 - [TEST_STEP][PASSED] - waitForPageLoad: Wait for page load successfully

2018-08-21 17:12:41 - [MESSAGE][PASSED] - Wait for page load successfully

2018-08-21 17:12:41 - [TEST_STEP][PASSED] - callTestCase: Call Test Case 'Test Cases/Mes rapports/Mes rapports - SELECTION/Verify if checkbox is unchecked/TC 10 Deselect all checkbox' successfully

2018-08-21 17:12:41 - [TEST_CASE][PASSED] - Test Cases/Mes rapports/Mes rapports - SELECTION/Verify if checkbox is unchecked/TC 10 Deselect all checkbox: Test Cases/Mes rapports/Mes rapports - SELECTION/Verify if checkbox is unchecked/TC 10 Deselect all checkbox

2018-08-21 17:12:41 - [TEST_STEP][PASSED] - callTestCase: Call Test Case 'Test Cases/Mes rapports/Mes rapports - SELECTION/Verify if checkbox is unchecked/TC 1 Verify Contrats actifs checkbox  is un-checked' successfully

2018-08-21 17:12:41 - [TEST_CASE][PASSED] - Test Cases/Mes rapports/Mes rapports - SELECTION/Verify if checkbox is unchecked/TC 1 Verify Contrats actifs checkbox  is un-checked: Test Cases/Mes rapports/Mes rapports - SELECTION/Verify if checkbox is unchecked/TC 1 Verify Contrats actifs checkbox  is un-checked

2018-08-21 17:12:42 - [TEST_STEP][PASSED] - uncheck: Object 'Object Repository/Mes rapports Obj/SELECTION/Contrats actifs checkBox' is un-checked

2018-08-21 17:12:42 - [MESSAGE][PASSED] - Object 'Object Repository/Mes rapports Obj/SELECTION/Contrats actifs checkBox' is un-checked

2018-08-21 17:12:42 - [MESSAGE][PASSED] - Call Test Case 'Test Cases/Mes rapports/Mes rapports - SELECTION/Verify if checkbox is unchecked/TC 1 Verify Contrats actifs checkbox  is un-checked' successfully

2018-08-21 17:12:42 - [TEST_STEP][PASSED] - callTestCase: Call Test Case 'Test Cases/Mes rapports/Mes rapports - SELECTION/Verify if checkbox is unchecked/TC 2 VErify Dossier and Groupe checkBox  is un-checked' successfully

2018-08-21 17:12:42 - [TEST_CASE][PASSED] - Test Cases/Mes rapports/Mes rapports - SELECTION/Verify if checkbox is unchecked/TC 2 VErify Dossier and Groupe checkBox  is un-checked: Test Cases/Mes rapports/Mes rapports - SELECTION/Verify if checkbox is unchecked/TC 2 VErify Dossier and Groupe checkBox  is un-checked

2018-08-21 17:12:42 - [TEST_STEP][PASSED] - uncheck: Object 'Object Repository/Mes rapports Obj/SELECTION/Dossier and Groupe checkbox' is un-checked

2018-08-21 17:12:42 - [MESSAGE][PASSED] - Object 'Object Repository/Mes rapports Obj/SELECTION/Dossier and Groupe checkbox' is un-checked

2018-08-21 17:12:42 - [MESSAGE][PASSED] - Call Test Case 'Test Cases/Mes rapports/Mes rapports - SELECTION/Verify if checkbox is unchecked/TC 2 VErify Dossier and Groupe checkBox  is un-checked' successfully

2018-08-21 17:12:42 - [TEST_STEP][PASSED] - callTestCase: Call Test Case 'Test Cases/Mes rapports/Mes rapports - SELECTION/Verify if checkbox is unchecked/TC 3 Verify Travailleur checkBox  is un-checked' successfully

2018-08-21 17:12:42 - [TEST_CASE][PASSED] - Test Cases/Mes rapports/Mes rapports - SELECTION/Verify if checkbox is unchecked/TC 3 Verify Travailleur checkBox  is un-checked: Test Cases/Mes rapports/Mes rapports - SELECTION/Verify if checkbox is unchecked/TC 3 Verify Travailleur checkBox  is un-checked

2018-08-21 17:12:42 - [TEST_STEP][PASSED] - uncheck: Object 'Object Repository/Mes rapports Obj/SELECTION/Travailleur checkbox' is un-checked

2018-08-21 17:12:42 - [MESSAGE][PASSED] - Object 'Object Repository/Mes rapports Obj/SELECTION/Travailleur checkbox' is un-checked

2018-08-21 17:12:42 - [MESSAGE][PASSED] - Call Test Case 'Test Cases/Mes rapports/Mes rapports - SELECTION/Verify if checkbox is unchecked/TC 3 Verify Travailleur checkBox  is un-checked' successfully

2018-08-21 17:12:42 - [TEST_STEP][PASSED] - callTestCase: Call Test Case 'Test Cases/Mes rapports/Mes rapports - SELECTION/Verify if checkbox is unchecked/TC 4 Verify Departement checkBox  is un-checked' successfully

2018-08-21 17:12:43 - [TEST_CASE][PASSED] - Test Cases/Mes rapports/Mes rapports - SELECTION/Verify if checkbox is unchecked/TC 4 Verify Departement checkBox  is un-checked: Test Cases/Mes rapports/Mes rapports - SELECTION/Verify if checkbox is unchecked/TC 4 Verify Departement checkBox  is un-checked

2018-08-21 17:12:43 - [TEST_STEP][PASSED] - uncheck: Object 'Object Repository/Mes rapports Obj/SELECTION/Departement checkbox' is un-checked

2018-08-21 17:12:43 - [MESSAGE][PASSED] - Object 'Object Repository/Mes rapports Obj/SELECTION/Departement checkbox' is un-checked

2018-08-21 17:12:43 - [MESSAGE][PASSED] - Call Test Case 'Test Cases/Mes rapports/Mes rapports - SELECTION/Verify if checkbox is unchecked/TC 4 Verify Departement checkBox  is un-checked' successfully

2018-08-21 17:12:43 - [TEST_STEP][PASSED] - callTestCase: Call Test Case 'Test Cases/Mes rapports/Mes rapports - SELECTION/Verify if checkbox is unchecked/TC 5 Verify Caractere juridique du contract checBox  is un-checked' successfully

2018-08-21 17:12:43 - [TEST_CASE][PASSED] - Test Cases/Mes rapports/Mes rapports - SELECTION/Verify if checkbox is unchecked/TC 5 Verify Caractere juridique du contract checBox  is un-checked: Test Cases/Mes rapports/Mes rapports - SELECTION/Verify if checkbox is unchecked/TC 5 Verify Caractere juridique du contract checBox  is un-checked

2018-08-21 17:12:43 - [TEST_STEP][PASSED] - uncheck: Object 'Object Repository/Mes rapports Obj/SELECTION/Caractere juridique de contrat' is un-checked

2018-08-21 17:12:43 - [MESSAGE][PASSED] - Object 'Object Repository/Mes rapports Obj/SELECTION/Caractere juridique de contrat' is un-checked

2018-08-21 17:12:43 - [MESSAGE][PASSED] - Call Test Case 'Test Cases/Mes rapports/Mes rapports - SELECTION/Verify if checkbox is unchecked/TC 5 Verify Caractere juridique du contract checBox  is un-checked' successfully

2018-08-21 17:12:43 - [TEST_STEP][PASSED] - callTestCase: Call Test Case 'Test Cases/Mes rapports/Mes rapports - SELECTION/Verify if checkbox is unchecked/TC 6 Verify Pays de naissance checkBox  is un-checked' successfully

2018-08-21 17:12:43 - [TEST_CASE][PASSED] - Test Cases/Mes rapports/Mes rapports - SELECTION/Verify if checkbox is unchecked/TC 6 Verify Pays de naissance checkBox  is un-checked: Test Cases/Mes rapports/Mes rapports - SELECTION/Verify if checkbox is unchecked/TC 6 Verify Pays de naissance checkBox  is un-checked

2018-08-21 17:12:43 - [TEST_STEP][PASSED] - uncheck: Object 'Object Repository/Mes rapports Obj/SELECTION/Pays de naisssance checkbox' is un-checked

2018-08-21 17:12:43 - [MESSAGE][PASSED] - Object 'Object Repository/Mes rapports Obj/SELECTION/Pays de naisssance checkbox' is un-checked

2018-08-21 17:12:43 - [MESSAGE][PASSED] - Call Test Case 'Test Cases/Mes rapports/Mes rapports - SELECTION/Verify if checkbox is unchecked/TC 6 Verify Pays de naissance checkBox  is un-checked' successfully

2018-08-21 17:12:43 - [TEST_STEP][PASSED] - callTestCase: Call Test Case 'Test Cases/Mes rapports/Mes rapports - SELECTION/Verify if checkbox is unchecked/TC 7 Verify Sexe checkBox  is un-checked' successfully

2018-08-21 17:12:43 - [TEST_CASE][PASSED] - Test Cases/Mes rapports/Mes rapports - SELECTION/Verify if checkbox is unchecked/TC 7 Verify Sexe checkBox  is un-checked: Test Cases/Mes rapports/Mes rapports - SELECTION/Verify if checkbox is unchecked/TC 7 Verify Sexe checkBox  is un-checked

2018-08-21 17:12:44 - [TEST_STEP][PASSED] - uncheck: Object 'Object Repository/Mes rapports Obj/SELECTION/Sexe checkbox' is un-checked

2018-08-21 17:12:44 - [MESSAGE][PASSED] - Object 'Object Repository/Mes rapports Obj/SELECTION/Sexe checkbox' is un-checked

2018-08-21 17:12:44 - [MESSAGE][PASSED] - Call Test Case 'Test Cases/Mes rapports/Mes rapports - SELECTION/Verify if checkbox is unchecked/TC 7 Verify Sexe checkBox  is un-checked' successfully

2018-08-21 17:12:44 - [TEST_STEP][PASSED] - callTestCase: Call Test Case 'Test Cases/Mes rapports/Mes rapports - SELECTION/Verify if checkbox is unchecked/TC 8 Verify Mode de remuneration checkBox  is un-checked' successfully

2018-08-21 17:12:44 - [TEST_CASE][PASSED] - Test Cases/Mes rapports/Mes rapports - SELECTION/Verify if checkbox is unchecked/TC 8 Verify Mode de remuneration checkBox  is un-checked: Test Cases/Mes rapports/Mes rapports - SELECTION/Verify if checkbox is unchecked/TC 8 Verify Mode de remuneration checkBox  is un-checked

2018-08-21 17:12:44 - [TEST_STEP][PASSED] - uncheck: Object 'Object Repository/Mes rapports Obj/SELECTION/Mode de remuneration checkbox' is un-checked

2018-08-21 17:12:44 - [MESSAGE][PASSED] - Object 'Object Repository/Mes rapports Obj/SELECTION/Mode de remuneration checkbox' is un-checked

2018-08-21 17:12:44 - [MESSAGE][PASSED] - Call Test Case 'Test Cases/Mes rapports/Mes rapports - SELECTION/Verify if checkbox is unchecked/TC 8 Verify Mode de remuneration checkBox  is un-checked' successfully

2018-08-21 17:12:44 - [TEST_STEP][PASSED] - callTestCase: Call Test Case 'Test Cases/Mes rapports/Mes rapports - SELECTION/Verify if checkbox is unchecked/TC 9 Verify Suspension checkBox  is un-checked' successfully

2018-08-21 17:12:44 - [TEST_CASE][PASSED] - Test Cases/Mes rapports/Mes rapports - SELECTION/Verify if checkbox is unchecked/TC 9 Verify Suspension checkBox  is un-checked: Test Cases/Mes rapports/Mes rapports - SELECTION/Verify if checkbox is unchecked/TC 9 Verify Suspension checkBox  is un-checked

2018-08-21 17:12:44 - [TEST_STEP][PASSED] - uncheck: Object 'Object Repository/Mes rapports Obj/SELECTION/Suspension checkbox' is un-checked

2018-08-21 17:12:44 - [MESSAGE][PASSED] - Object 'Object Repository/Mes rapports Obj/SELECTION/Suspension checkbox' is un-checked

2018-08-21 17:12:44 - [MESSAGE][PASSED] - Call Test Case 'Test Cases/Mes rapports/Mes rapports - SELECTION/Verify if checkbox is unchecked/TC 9 Verify Suspension checkBox  is un-checked' successfully

2018-08-21 17:12:44 - [MESSAGE][PASSED] - Call Test Case 'Test Cases/Mes rapports/Mes rapports - SELECTION/Verify if checkbox is unchecked/TC 10 Deselect all checkbox' successfully

2018-08-21 17:12:44 - [TEST_STEP][PASSED] - callTestCase: Call Test Case 'Test Cases/Verify URL/TC Verify Url' successfully

2018-08-21 17:12:44 - [TEST_CASE][PASSED] - Test Cases/Verify URL/TC Verify Url: Test Cases/Verify URL/TC Verify Url

2018-08-21 17:12:44 - [TEST_STEP][PASSED] - waitForPageLoad: Wait for page load successfully

2018-08-21 17:12:44 - [MESSAGE][PASSED] - Wait for page load successfully

2018-08-21 17:12:44 - [TEST_STEP][PASSED] - Statement - url = com.kms.katalon.core.webui.keyword.WebUiBuiltInKeywords.getUrl(): Current window's url is: 'https://internet.acc.sd.dika.be/ebloxreporting/web.sensitive/main/FpyDF/iIz9g8MffKNXfNyb1H/NL/#/definitie/wizard/extern/index/28171/selectie'

2018-08-21 17:12:44 - [MESSAGE][PASSED] - Current window's url is: 'https://internet.acc.sd.dika.be/ebloxreporting/web.sensitive/main/FpyDF/iIz9g8MffKNXfNyb1H/NL/#/definitie/wizard/extern/index/28171/selectie'

2018-08-21 17:12:44 - [TEST_STEP][PASSED] - Statement - p = java.util.regex.Pattern.compile("00040 ANTILOPE GROEP"): null

2018-08-21 17:12:44 - [TEST_STEP][PASSED] - Statement - m = p.matcher(url): null

2018-08-21 17:12:44 - [TEST_STEP][PASSED] - Statement - If (m.find()): null

2018-08-21 17:12:44 - [TEST_STEP][PASSED] - Statement - Else: The user name and the concern number are not present in the URL

2018-08-21 17:12:44 - [TEST_STEP][PASSED] - Statement - com.kms.katalon.core.util.KeywordUtil.markPassed("The user name and the concern number are not present in the URL"): The user name and the concern number are not present in the URL

2018-08-21 17:12:44 - [MESSAGE][PASSED] - The user name and the concern number are not present in the URL

2018-08-21 17:12:44 - [MESSAGE][PASSED] - Call Test Case 'Test Cases/Verify URL/TC Verify Url' successfully

2018-08-21 17:12:44 - [TEST_STEP][PASSED] - waitForPageLoad: Wait for page load successfully

2018-08-21 17:12:44 - [MESSAGE][PASSED] - Wait for page load successfully

2018-08-21 17:12:44 - [TEST_STEP][PASSED] - callTestCase: Call Test Case 'Test Cases/Mes rapports/TC Verify the next button arrow' successfully

2018-08-21 17:12:44 - [TEST_CASE][PASSED] - Test Cases/Mes rapports/TC Verify the next button arrow: Test Cases/Mes rapports/TC Verify the next button arrow

2018-08-21 17:12:44 - [TEST_STEP][PASSED] - waitForElementClickable: Object 'Object Repository/Mes rapports Obj/button_Next_Arrow' is clickable

2018-08-21 17:12:44 - [MESSAGE][PASSED] - Object 'Object Repository/Mes rapports Obj/button_Next_Arrow' is clickable

2018-08-21 17:12:44 - [TEST_STEP][PASSED] - click: Object: 'Object Repository/Mes rapports Obj/button_Next_Arrow' is clicked on

2018-08-21 17:12:44 - [MESSAGE][PASSED] - Object: 'Object Repository/Mes rapports Obj/button_Next_Arrow' is clicked on

2018-08-21 17:12:44 - [TEST_STEP][PASSED] - delay: Delayed 5 second(s)

2018-08-21 17:12:49 - [MESSAGE][PASSED] - Delayed 5 second(s)

2018-08-21 17:12:49 - [MESSAGE][PASSED] - Call Test Case 'Test Cases/Mes rapports/TC Verify the next button arrow' successfully

2018-08-21 17:12:49 - [TEST_STEP][PASSED] - click: Object: 'Object Repository/Mes rapports Obj/EXECUTION/Button executer' is clicked on

2018-08-21 17:12:50 - [MESSAGE][PASSED] - Object: 'Object Repository/Mes rapports Obj/EXECUTION/Button executer' is clicked on

2018-08-21 17:12:50 - [TEST_STEP][PASSED] - closeBrowser: Browser is closed

2018-08-21 17:12:50 - [MESSAGE][PASSED] - Browser is closed]]></system-out>
         <system-err><![CDATA[]]></system-err>
      </testcase>
      <testcase name="Test Cases/New Folder/TC12 NEGATIVE VALUES" classname="Test Cases/New Folder/TC12 NEGATIVE VALUES" status="PASSED">
         <system-out><![CDATA[2018-08-21 17:12:50 - [TEST_CASE][PASSED] - Test Cases/New Folder/TC12 NEGATIVE VALUES: Test Cases/New Folder/TC12 NEGATIVE VALUES

2018-08-21 17:12:50 - [TEST_STEP][PASSED] - callTestCase: Call Test Case 'Test Cases/Login/TC1 Login to Mysdworx' successfully

2018-08-21 17:12:51 - [TEST_CASE][PASSED] - Test Cases/Login/TC1 Login to Mysdworx: Test Cases/Login/TC1 Login to Mysdworx

2018-08-21 17:12:51 - [TEST_STEP][PASSED] - openBrowser: Browser is opened with url: ''

2018-08-21 17:12:53 - [MESSAGE][PASSED] - Browser is opened with url: ''

2018-08-21 17:12:53 - [TEST_STEP][PASSED] - navigateToUrl: Navigate to 'https://internet.acc.sd.dika.be/ebloxreporting/web.sensitive/main/?lang=fr' successfully

2018-08-21 17:12:58 - [MESSAGE][PASSED] - Navigate to 'https://internet.acc.sd.dika.be/ebloxreporting/web.sensitive/main/?lang=fr' successfully

2018-08-21 17:12:58 - [TEST_STEP][PASSED] - maximizeWindow: Current window maximized

2018-08-21 17:12:59 - [MESSAGE][PASSED] - Current window maximized

2018-08-21 17:12:59 - [TEST_STEP][PASSED] - setText: Text 'DP_EBLOX_RPP_VASCO' is set on object 'Object Repository/Page_mysdworx - Log in/input_Username'

2018-08-21 17:13:04 - [MESSAGE][PASSED] - Text 'DP_EBLOX_RPP_VASCO' is set on object 'Object Repository/Page_mysdworx - Log in/input_Username'

2018-08-21 17:13:04 - [TEST_STEP][PASSED] - Statement - frame = new javax.swing.JFrame(User Input Frame): null

2018-08-21 17:13:04 - [TEST_STEP][PASSED] - Statement - frame.requestFocus(): null

2018-08-21 17:13:04 - [TEST_STEP][PASSED] - Statement - pass = javax.swing.JOptionPane.showInputDialog(frame, "Enter the password from token!!"): null

2018-08-21 17:13:08 - [TEST_STEP][PASSED] - delay: Delayed 2 second(s)

2018-08-21 17:13:10 - [MESSAGE][PASSED] - Delayed 2 second(s)

2018-08-21 17:13:10 - [TEST_STEP][PASSED] - setText: Text '247654' is set on object 'Object Repository/Page_mysdworx - Log in/input_Password'

2018-08-21 17:13:10 - [MESSAGE][PASSED] - Text '247654' is set on object 'Object Repository/Page_mysdworx - Log in/input_Password'

2018-08-21 17:13:10 - [TEST_STEP][PASSED] - click: Object: 'Object Repository/Page_mysdworx - Log in/button_Se connecter' is clicked on

2018-08-21 17:13:10 - [MESSAGE][PASSED] - Object: 'Object Repository/Page_mysdworx - Log in/button_Se connecter' is clicked on

2018-08-21 17:13:10 - [TEST_STEP][PASSED] - waitForPageLoad: Wait for page load successfully

2018-08-21 17:13:10 - [MESSAGE][PASSED] - Wait for page load successfully

2018-08-21 17:13:10 - [TEST_STEP][NOT_RUN] - closeBrowser: NOT_RUN: closeBrowser

2018-08-21 17:13:10 - [MESSAGE][NOT_RUN] - NOT_RUN: closeBrowser

2018-08-21 17:13:10 - [MESSAGE][PASSED] - Call Test Case 'Test Cases/Login/TC1 Login to Mysdworx' successfully

2018-08-21 17:13:10 - [TEST_STEP][PASSED] - waitForPageLoad: Wait for page load successfully

2018-08-21 17:13:10 - [MESSAGE][PASSED] - Wait for page load successfully

2018-08-21 17:13:10 - [TEST_STEP][PASSED] - callTestCase: Call Test Case 'Test Cases/Select Language/TC1 Verify NL language' successfully

2018-08-21 17:13:10 - [TEST_CASE][PASSED] - Test Cases/Select Language/TC1 Verify NL language: Test Cases/Select Language/TC1 Verify NL language

2018-08-21 17:13:10 - [TEST_STEP][PASSED] - waitForElementClickable: Object 'Object Repository/Change language link Obj/NL_language' is clickable

2018-08-21 17:13:34 - [MESSAGE][PASSED] - Object 'Object Repository/Change language link Obj/NL_language' is clickable

2018-08-21 17:13:34 - [TEST_STEP][PASSED] - click: Object: 'Object Repository/Change language link Obj/NL_language' is clicked on

2018-08-21 17:13:41 - [MESSAGE][PASSED] - Object: 'Object Repository/Change language link Obj/NL_language' is clicked on

2018-08-21 17:13:41 - [TEST_STEP][PASSED] - waitForPageLoad: Wait for page load successfully

2018-08-21 17:13:41 - [MESSAGE][PASSED] - Wait for page load successfully

2018-08-21 17:13:41 - [MESSAGE][PASSED] - Call Test Case 'Test Cases/Select Language/TC1 Verify NL language' successfully

2018-08-21 17:13:41 - [TEST_STEP][PASSED] - waitForPageLoad: Wait for page load successfully

2018-08-21 17:13:41 - [MESSAGE][PASSED] - Wait for page load successfully

2018-08-21 17:13:41 - [TEST_STEP][PASSED] - setText: Text 'REG NEGATIEF' is set on object 'Object Repository/Mes rapports Obj/input search filter'

2018-08-21 17:13:44 - [MESSAGE][PASSED] - Text 'REG NEGATIEF' is set on object 'Object Repository/Mes rapports Obj/input search filter'

2018-08-21 17:13:44 - [TEST_STEP][PASSED] - click: Object: 'Object Repository/Page_eBlox Reporting/Search_Icon' is clicked on

2018-08-21 17:13:44 - [MESSAGE][PASSED] - Object: 'Object Repository/Page_eBlox Reporting/Search_Icon' is clicked on

2018-08-21 17:13:44 - [TEST_STEP][PASSED] - Statement - myTestObject = new com.kms.katalon.core.testobject.TestObject(Select_report_NEGATIEF): null

2018-08-21 17:13:44 - [TEST_STEP][PASSED] - Statement - myTestObject.addProperty("xpath", EQUALS, "//a[@ui-sref='uitvoering.index({id:item.id})']//span[@text='REG NEGATIEF']"): null

2018-08-21 17:13:44 - [TEST_STEP][PASSED] - click: Object: 'Select_report_NEGATIEF' is clicked on

2018-08-21 17:13:45 - [MESSAGE][PASSED] - Object: 'Select_report_NEGATIEF' is clicked on

2018-08-21 17:13:45 - [TEST_STEP][PASSED] - waitForPageLoad: Wait for page load successfully

2018-08-21 17:13:45 - [MESSAGE][PASSED] - Wait for page load successfully

2018-08-21 17:13:45 - [TEST_STEP][PASSED] - delay: Delayed 2 second(s)

2018-08-21 17:13:47 - [MESSAGE][PASSED] - Delayed 2 second(s)

2018-08-21 17:13:47 - [TEST_STEP][PASSED] - Statement - historic = com.kms.katalon.core.webui.keyword.WebUiBuiltInKeywords.modifyObjectProperty(com.kms.katalon.core.testobject.ObjectRepository.findTestObject(Mes rapports Obj/EXECUTION/Description _Date de reference historique), "xpath", "contains", "//*[@id="uitvoering-parameters"]/div/div[2]/div/div/table/tbody/tr[2]/td[2]/div/div/rapp-date-prompt/div/div/rapp-special-values/div/button", true): Modify property of object successfully

2018-08-21 17:13:47 - [MESSAGE][PASSED] - Modify property of object successfully

2018-08-21 17:13:47 - [TEST_STEP][PASSED] - click: Object: 'Object Repository/Mes rapports Obj/EXECUTION/Description _Date de reference historique' is clicked on

2018-08-21 17:13:47 - [MESSAGE][PASSED] - Object: 'Object Repository/Mes rapports Obj/EXECUTION/Description _Date de reference historique' is clicked on

2018-08-21 17:13:47 - [TEST_STEP][PASSED] - delay: Delayed 2 second(s)

2018-08-21 17:13:49 - [MESSAGE][PASSED] - Delayed 2 second(s)

2018-08-21 17:13:49 - [TEST_STEP][PASSED] - click: Object: 'Object Repository/Mes rapports Obj/EXECUTION/Aujourdhui - Vandaag' is clicked on

2018-08-21 17:13:49 - [MESSAGE][PASSED] - Object: 'Object Repository/Mes rapports Obj/EXECUTION/Aujourdhui - Vandaag' is clicked on

2018-08-21 17:13:49 - [TEST_STEP][PASSED] - click: Object: 'Object Repository/Mes rapports Obj/EXECUTION/Button executer' is clicked on

2018-08-21 17:13:49 - [MESSAGE][PASSED] - Object: 'Object Repository/Mes rapports Obj/EXECUTION/Button executer' is clicked on

2018-08-21 17:13:49 - [TEST_STEP][PASSED] - waitForPageLoad: Wait for page load successfully

2018-08-21 17:13:49 - [MESSAGE][PASSED] - Wait for page load successfully

2018-08-21 17:13:49 - [TEST_STEP][PASSED] - delay: Delayed 10 second(s)

2018-08-21 17:13:59 - [MESSAGE][PASSED] - Delayed 10 second(s)

2018-08-21 17:13:59 - [TEST_STEP][PASSED] - closeBrowser: Browser is closed

2018-08-21 17:14:00 - [MESSAGE][PASSED] - Browser is closed]]></system-out>
         <system-err><![CDATA[]]></system-err>
      </testcase>
      <testcase name="Test Cases/New Folder/TC14 OWN COLUMNS" classname="Test Cases/New Folder/TC14 OWN COLUMNS" status="PASSED">
         <system-out><![CDATA[2018-08-21 17:14:00 - [TEST_CASE][PASSED] - Test Cases/New Folder/TC14 OWN COLUMNS: Test Cases/New Folder/TC14 OWN COLUMNS

2018-08-21 17:14:00 - [TEST_STEP][PASSED] - callTestCase: Call Test Case 'Test Cases/Login/TC1 Login to Mysdworx' successfully

2018-08-21 17:14:00 - [TEST_CASE][PASSED] - Test Cases/Login/TC1 Login to Mysdworx: Test Cases/Login/TC1 Login to Mysdworx

2018-08-21 17:14:00 - [TEST_STEP][PASSED] - openBrowser: Browser is opened with url: ''

2018-08-21 17:14:02 - [MESSAGE][PASSED] - Browser is opened with url: ''

2018-08-21 17:14:02 - [TEST_STEP][PASSED] - navigateToUrl: Navigate to 'https://internet.acc.sd.dika.be/ebloxreporting/web.sensitive/main/?lang=fr' successfully

2018-08-21 17:14:07 - [MESSAGE][PASSED] - Navigate to 'https://internet.acc.sd.dika.be/ebloxreporting/web.sensitive/main/?lang=fr' successfully

2018-08-21 17:14:07 - [TEST_STEP][PASSED] - maximizeWindow: Current window maximized

2018-08-21 17:14:08 - [MESSAGE][PASSED] - Current window maximized

2018-08-21 17:14:08 - [TEST_STEP][PASSED] - setText: Text 'DP_EBLOX_RPP_VASCO' is set on object 'Object Repository/Page_mysdworx - Log in/input_Username'

2018-08-21 17:14:14 - [MESSAGE][PASSED] - Text 'DP_EBLOX_RPP_VASCO' is set on object 'Object Repository/Page_mysdworx - Log in/input_Username'

2018-08-21 17:14:14 - [TEST_STEP][PASSED] - Statement - frame = new javax.swing.JFrame(User Input Frame): null

2018-08-21 17:14:14 - [TEST_STEP][PASSED] - Statement - frame.requestFocus(): null

2018-08-21 17:14:14 - [TEST_STEP][PASSED] - Statement - pass = javax.swing.JOptionPane.showInputDialog(frame, "Enter the password from token!!"): null

2018-08-21 17:25:18 - [TEST_STEP][PASSED] - delay: Delayed 2 second(s)

2018-08-21 17:25:20 - [MESSAGE][PASSED] - Delayed 2 second(s)

2018-08-21 17:25:20 - [TEST_STEP][PASSED] - setText: Text '907938' is set on object 'Object Repository/Page_mysdworx - Log in/input_Password'

2018-08-21 17:25:20 - [MESSAGE][PASSED] - Text '907938' is set on object 'Object Repository/Page_mysdworx - Log in/input_Password'

2018-08-21 17:25:20 - [TEST_STEP][PASSED] - click: Object: 'Object Repository/Page_mysdworx - Log in/button_Se connecter' is clicked on

2018-08-21 17:25:20 - [MESSAGE][PASSED] - Object: 'Object Repository/Page_mysdworx - Log in/button_Se connecter' is clicked on

2018-08-21 17:25:20 - [TEST_STEP][PASSED] - waitForPageLoad: Wait for page load successfully

2018-08-21 17:25:20 - [MESSAGE][PASSED] - Wait for page load successfully

2018-08-21 17:25:20 - [TEST_STEP][NOT_RUN] - closeBrowser: NOT_RUN: closeBrowser

2018-08-21 17:25:20 - [MESSAGE][NOT_RUN] - NOT_RUN: closeBrowser

2018-08-21 17:25:20 - [MESSAGE][PASSED] - Call Test Case 'Test Cases/Login/TC1 Login to Mysdworx' successfully

2018-08-21 17:25:20 - [TEST_STEP][PASSED] - waitForPageLoad: Wait for page load successfully

2018-08-21 17:25:20 - [MESSAGE][PASSED] - Wait for page load successfully

2018-08-21 17:25:20 - [TEST_STEP][PASSED] - callTestCase: Call Test Case 'Test Cases/Select Language/TC1 Verify NL language' successfully

2018-08-21 17:25:20 - [TEST_CASE][PASSED] - Test Cases/Select Language/TC1 Verify NL language: Test Cases/Select Language/TC1 Verify NL language

2018-08-21 17:25:20 - [TEST_STEP][PASSED] - waitForElementClickable: Web element with id: 'Object Repository/Change language link Obj/NL_language' located by 'By.xpath: id("navbar-anchor")/div[@class="nav nav-navbar"]/div[@class="user-info navbar-right hidden-xs"]/div[@class="user-actions"]/rapp-language-switcher[@class="ng-isolate-scope"]/ul[@class="list-inline list-unstyled lang"]/li[@class="ng-scope"]/a[@class="ng-binding"][count(. | //a[@ng-click = 'changeLanguageVm.switchPageToLanguage(lang)' and (text() = '
            NL   
        ' or . = '
            NL   
        ')]) = count(//a[@ng-click = 'changeLanguageVm.switchPageToLanguage(lang)' and (text() = '
            NL   
        ' or . = '
            NL   
        ')])]' not found

2018-08-21 17:26:11 - [MESSAGE][WARNING] - Web element with id: 'Object Repository/Change language link Obj/NL_language' located by 'By.xpath: id("navbar-anchor")/div[@class="nav nav-navbar"]/div[@class="user-info navbar-right hidden-xs"]/div[@class="user-actions"]/rapp-language-switcher[@class="ng-isolate-scope"]/ul[@class="list-inline list-unstyled lang"]/li[@class="ng-scope"]/a[@class="ng-binding"][count(. | //a[@ng-click = 'changeLanguageVm.switchPageToLanguage(lang)' and (text() = '
            NL   
        ' or . = '
            NL   
        ')]) = count(//a[@ng-click = 'changeLanguageVm.switchPageToLanguage(lang)' and (text() = '
            NL   
        ' or . = '
            NL   
        ')])]' not found

2018-08-21 17:26:11 - [TEST_STEP][PASSED] - click: Object: 'Object Repository/Change language link Obj/NL_language' is clicked on

2018-08-21 17:26:20 - [MESSAGE][PASSED] - Object: 'Object Repository/Change language link Obj/NL_language' is clicked on

2018-08-21 17:26:20 - [TEST_STEP][PASSED] - waitForPageLoad: Wait for page load successfully

2018-08-21 17:26:20 - [MESSAGE][PASSED] - Wait for page load successfully

2018-08-21 17:26:20 - [MESSAGE][PASSED] - Call Test Case 'Test Cases/Select Language/TC1 Verify NL language' successfully

2018-08-21 17:26:20 - [TEST_STEP][PASSED] - waitForPageLoad: Wait for page load successfully

2018-08-21 17:26:20 - [MESSAGE][PASSED] - Wait for page load successfully

2018-08-21 17:26:20 - [TEST_STEP][PASSED] - setText: Text 'REG EIGEN RUBRIEK' is set on object 'Object Repository/Mes rapports Obj/input search filter'

2018-08-21 17:26:24 - [MESSAGE][PASSED] - Text 'REG EIGEN RUBRIEK' is set on object 'Object Repository/Mes rapports Obj/input search filter'

2018-08-21 17:26:24 - [TEST_STEP][PASSED] - click: Object: 'Object Repository/Page_eBlox Reporting/Search_Icon' is clicked on

2018-08-21 17:26:24 - [MESSAGE][PASSED] - Object: 'Object Repository/Page_eBlox Reporting/Search_Icon' is clicked on

2018-08-21 17:26:24 - [TEST_STEP][PASSED] - Statement - myTestObject = new com.kms.katalon.core.testobject.TestObject(Select_report): null

2018-08-21 17:26:24 - [TEST_STEP][PASSED] - Statement - myTestObject.addProperty("xpath", EQUALS, "//span[@text='REG EIGEN RUBRIEK']"): null

2018-08-21 17:26:24 - [TEST_STEP][PASSED] - click: Object: 'Select_report' is clicked on

2018-08-21 17:26:24 - [MESSAGE][PASSED] - Object: 'Select_report' is clicked on

2018-08-21 17:26:24 - [TEST_STEP][PASSED] - delay: Delayed 2 second(s)

2018-08-21 17:26:26 - [MESSAGE][PASSED] - Delayed 2 second(s)

2018-08-21 17:26:26 - [TEST_STEP][PASSED] - waitForElementClickable: Object 'Object Repository/Mes rapports Obj/EXECUTION/Description _Date de reference historique' is clickable

2018-08-21 17:26:26 - [MESSAGE][PASSED] - Object 'Object Repository/Mes rapports Obj/EXECUTION/Description _Date de reference historique' is clickable

2018-08-21 17:26:26 - [TEST_STEP][PASSED] - click: Object: 'Object Repository/Mes rapports Obj/EXECUTION/Description _Date de reference historique' is clicked on

2018-08-21 17:26:27 - [MESSAGE][PASSED] - Object: 'Object Repository/Mes rapports Obj/EXECUTION/Description _Date de reference historique' is clicked on

2018-08-21 17:26:27 - [TEST_STEP][PASSED] - delay: Delayed 2 second(s)

2018-08-21 17:26:29 - [MESSAGE][PASSED] - Delayed 2 second(s)

2018-08-21 17:26:29 - [TEST_STEP][PASSED] - click: Object: 'Object Repository/Mes rapports Obj/EXECUTION/Description_Date de reference historique - Dernier jour mois precedent' is clicked on

2018-08-21 17:26:29 - [MESSAGE][PASSED] - Object: 'Object Repository/Mes rapports Obj/EXECUTION/Description_Date de reference historique - Dernier jour mois precedent' is clicked on

2018-08-21 17:26:29 - [TEST_STEP][PASSED] - click: Object: 'Object Repository/Mes rapports Obj/EXECUTION/Button executer' is clicked on

2018-08-21 17:26:29 - [MESSAGE][PASSED] - Object: 'Object Repository/Mes rapports Obj/EXECUTION/Button executer' is clicked on

2018-08-21 17:26:29 - [TEST_STEP][PASSED] - closeBrowser: Browser is closed

2018-08-21 17:26:29 - [MESSAGE][PASSED] - Browser is closed]]></system-out>
         <system-err><![CDATA[]]></system-err>
      </testcase>
      <testcase name="Test Cases/New Folder/TC4 BASED ON MY REPORTS" classname="Test Cases/New Folder/TC4 BASED ON MY REPORTS" status="FAILED">
         <failure type="FAILED" message="Unable to un-check object 'Object Repository/Mes rapports Obj/SELECTION/Contrats actifs checkBox' (Root cause: com.kms.katalon.core.webui.exception.WebElementNotFoundException: Web element with id: 'Object Repository/Mes rapports Obj/SELECTION/Contrats actifs checkBox' located by 'By.xpath: //*[@id=&quot;wizard-page&quot;]/div[2]/div/div/div/div/div[1]/div[2]/div/div/form/div/div/div[1]/div/span/label/input[count(. | //input[@type = 'checkbox' and @ng-show = 'fixedSelectie.actief' and @ng-model = 'fixedSelectie.criterium.actief' and @class = 'ng-pristine ng-untouched ng-valid']) = count(//input[@type = 'checkbox' and @ng-show = 'fixedSelectie.actief' and @ng-model = 'fixedSelectie.criterium.actief' and @class = 'ng-pristine ng-untouched ng-valid'])]' not found)"/>
         <system-out><![CDATA[2018-08-21 17:26:29 - [TEST_CASE][FAILED] - Test Cases/New Folder/TC4 BASED ON MY REPORTS: Test Cases/New Folder/TC4 BASED ON MY REPORTS FAILED because (of) Unable to un-check object 'Object Repository/Mes rapports Obj/SELECTION/Contrats actifs checkBox' (Root cause: com.kms.katalon.core.webui.exception.WebElementNotFoundException: Web element with id: 'Object Repository/Mes rapports Obj/SELECTION/Contrats actifs checkBox' located by 'By.xpath: //*[@id="wizard-page"]/div[2]/div/div/div/div/div[1]/div[2]/div/div/form/div/div/div[1]/div/span/label/input[count(. | //input[@type = 'checkbox' and @ng-show = 'fixedSelectie.actief' and @ng-model = 'fixedSelectie.criterium.actief' and @class = 'ng-pristine ng-untouched ng-valid']) = count(//input[@type = 'checkbox' and @ng-show = 'fixedSelectie.actief' and @ng-model = 'fixedSelectie.criterium.actief' and @class = 'ng-pristine ng-untouched ng-valid'])]' not found)

2018-08-21 17:26:30 - [TEST_STEP][PASSED] - callTestCase: Call Test Case 'Test Cases/Login/TC1 Login to Mysdworx' successfully

2018-08-21 17:26:30 - [TEST_CASE][PASSED] - Test Cases/Login/TC1 Login to Mysdworx: Test Cases/Login/TC1 Login to Mysdworx

2018-08-21 17:26:30 - [TEST_STEP][PASSED] - openBrowser: Browser is opened with url: ''

2018-08-21 17:26:32 - [MESSAGE][PASSED] - Browser is opened with url: ''

2018-08-21 17:26:32 - [TEST_STEP][PASSED] - navigateToUrl: Navigate to 'https://internet.acc.sd.dika.be/ebloxreporting/web.sensitive/main/?lang=fr' successfully

2018-08-21 17:26:37 - [MESSAGE][PASSED] - Navigate to 'https://internet.acc.sd.dika.be/ebloxreporting/web.sensitive/main/?lang=fr' successfully

2018-08-21 17:26:37 - [TEST_STEP][PASSED] - maximizeWindow: Current window maximized

2018-08-21 17:26:38 - [MESSAGE][PASSED] - Current window maximized

2018-08-21 17:26:38 - [TEST_STEP][PASSED] - setText: Text 'DP_EBLOX_RPP_VASCO' is set on object 'Object Repository/Page_mysdworx - Log in/input_Username'

2018-08-21 17:26:43 - [MESSAGE][PASSED] - Text 'DP_EBLOX_RPP_VASCO' is set on object 'Object Repository/Page_mysdworx - Log in/input_Username'

2018-08-21 17:26:43 - [TEST_STEP][PASSED] - Statement - frame = new javax.swing.JFrame(User Input Frame): null

2018-08-21 17:26:43 - [TEST_STEP][PASSED] - Statement - frame.requestFocus(): null

2018-08-21 17:26:43 - [TEST_STEP][PASSED] - Statement - pass = javax.swing.JOptionPane.showInputDialog(frame, "Enter the password from token!!"): null

2018-08-21 17:26:45 - [TEST_STEP][PASSED] - delay: Delayed 2 second(s)

2018-08-21 17:26:48 - [MESSAGE][PASSED] - Delayed 2 second(s)

2018-08-21 17:26:48 - [TEST_STEP][PASSED] - setText: Text '463190' is set on object 'Object Repository/Page_mysdworx - Log in/input_Password'

2018-08-21 17:26:48 - [MESSAGE][PASSED] - Text '463190' is set on object 'Object Repository/Page_mysdworx - Log in/input_Password'

2018-08-21 17:26:48 - [TEST_STEP][PASSED] - click: Object: 'Object Repository/Page_mysdworx - Log in/button_Se connecter' is clicked on

2018-08-21 17:26:48 - [MESSAGE][PASSED] - Object: 'Object Repository/Page_mysdworx - Log in/button_Se connecter' is clicked on

2018-08-21 17:26:48 - [TEST_STEP][PASSED] - waitForPageLoad: Wait for page load successfully

2018-08-21 17:26:48 - [MESSAGE][PASSED] - Wait for page load successfully

2018-08-21 17:26:48 - [TEST_STEP][NOT_RUN] - closeBrowser: NOT_RUN: closeBrowser

2018-08-21 17:26:48 - [MESSAGE][NOT_RUN] - NOT_RUN: closeBrowser

2018-08-21 17:26:48 - [MESSAGE][PASSED] - Call Test Case 'Test Cases/Login/TC1 Login to Mysdworx' successfully

2018-08-21 17:26:48 - [TEST_STEP][PASSED] - waitForPageLoad: Wait for page load successfully

2018-08-21 17:26:48 - [MESSAGE][PASSED] - Wait for page load successfully

2018-08-21 17:26:48 - [TEST_STEP][PASSED] - callTestCase: Call Test Case 'Test Cases/Select Language/TC1 Verify NL language' successfully

2018-08-21 17:26:48 - [TEST_CASE][PASSED] - Test Cases/Select Language/TC1 Verify NL language: Test Cases/Select Language/TC1 Verify NL language

2018-08-21 17:26:48 - [TEST_STEP][PASSED] - waitForElementClickable: Object 'Object Repository/Change language link Obj/NL_language' is clickable

2018-08-21 17:27:11 - [MESSAGE][PASSED] - Object 'Object Repository/Change language link Obj/NL_language' is clickable

2018-08-21 17:27:11 - [TEST_STEP][PASSED] - click: Object: 'Object Repository/Change language link Obj/NL_language' is clicked on

2018-08-21 17:27:19 - [MESSAGE][PASSED] - Object: 'Object Repository/Change language link Obj/NL_language' is clicked on

2018-08-21 17:27:19 - [TEST_STEP][PASSED] - waitForPageLoad: Wait for page load successfully

2018-08-21 17:27:19 - [MESSAGE][PASSED] - Wait for page load successfully

2018-08-21 17:27:19 - [MESSAGE][PASSED] - Call Test Case 'Test Cases/Select Language/TC1 Verify NL language' successfully

2018-08-21 17:27:19 - [TEST_STEP][PASSED] - waitForPageLoad: Wait for page load successfully

2018-08-21 17:27:19 - [MESSAGE][PASSED] - Wait for page load successfully

2018-08-21 17:27:19 - [TEST_STEP][PASSED] - callTestCase: Call Test Case 'Test Cases/Mes rapports/Verify Nouveau rapport button' successfully

2018-08-21 17:27:19 - [TEST_CASE][PASSED] - Test Cases/Mes rapports/Verify Nouveau rapport button: Test Cases/Mes rapports/Verify Nouveau rapport button

2018-08-21 17:27:19 - [TEST_STEP][PASSED] - click: Object: 'Object Repository/Mes rapports Obj/button_Nouveau rapport' is clicked on

2018-08-21 17:27:22 - [MESSAGE][PASSED] - Object: 'Object Repository/Mes rapports Obj/button_Nouveau rapport' is clicked on

2018-08-21 17:27:22 - [TEST_STEP][PASSED] - waitForPageLoad: Wait for page load successfully

2018-08-21 17:27:22 - [MESSAGE][PASSED] - Wait for page load successfully

2018-08-21 17:27:22 - [MESSAGE][PASSED] - Call Test Case 'Test Cases/Mes rapports/Verify Nouveau rapport button' successfully

2018-08-21 17:27:22 - [TEST_STEP][PASSED] - callTestCase: Call Test Case 'Test Cases/Mes rapports/Mes rapports - BASE DE RAPPORT/TC2  Verify radio button Baser sur un rapport issu de Mes rapports' successfully

2018-08-21 17:27:22 - [TEST_CASE][PASSED] - Test Cases/Mes rapports/Mes rapports - BASE DE RAPPORT/TC2  Verify radio button Baser sur un rapport issu de Mes rapports: Test Cases/Mes rapports/Mes rapports - BASE DE RAPPORT/TC2  Verify radio button Baser sur un rapport issu de Mes rapports

2018-08-21 17:27:22 - [TEST_STEP][PASSED] - click: Object: 'Object Repository/Mes rapports Obj/BASE DE RAPPORT/radioButton_Baser sur un rapport issu de Mes rapports' is clicked on

2018-08-21 17:27:23 - [MESSAGE][PASSED] - Object: 'Object Repository/Mes rapports Obj/BASE DE RAPPORT/radioButton_Baser sur un rapport issu de Mes rapports' is clicked on

2018-08-21 17:27:23 - [MESSAGE][PASSED] - Call Test Case 'Test Cases/Mes rapports/Mes rapports - BASE DE RAPPORT/TC2  Verify radio button Baser sur un rapport issu de Mes rapports' successfully

2018-08-21 17:27:23 - [TEST_STEP][PASSED] - click: Object: 'Object Repository/Mes rapports Obj/BASE DE RAPPORT/Baser sur un rapport issu de mes rapport dropdown' is clicked on

2018-08-21 17:27:23 - [MESSAGE][PASSED] - Object: 'Object Repository/Mes rapports Obj/BASE DE RAPPORT/Baser sur un rapport issu de mes rapport dropdown' is clicked on

2018-08-21 17:27:23 - [TEST_STEP][PASSED] - setText: Text 'TEST 2 MAU JAN 2018 (SANJIV)' is set on object 'Object Repository/Mes rapports Obj/BASE DE RAPPORT/Mes rapport input'

2018-08-21 17:27:24 - [MESSAGE][PASSED] - Text 'TEST 2 MAU JAN 2018 (SANJIV)' is set on object 'Object Repository/Mes rapports Obj/BASE DE RAPPORT/Mes rapport input'

2018-08-21 17:27:24 - [TEST_STEP][PASSED] - sendKeys: Keys 'ENTER + ' sent to object: 'Object Repository/Mes rapports Obj/BASE DE RAPPORT/Mes rapport input'

2018-08-21 17:27:24 - [MESSAGE][PASSED] - Keys 'ENTER + ' sent to object: 'Object Repository/Mes rapports Obj/BASE DE RAPPORT/Mes rapport input'

2018-08-21 17:27:24 - [TEST_STEP][PASSED] - callTestCase: Call Test Case 'Test Cases/Mes rapports/TC Verify the next button arrow' successfully

2018-08-21 17:27:24 - [TEST_CASE][PASSED] - Test Cases/Mes rapports/TC Verify the next button arrow: Test Cases/Mes rapports/TC Verify the next button arrow

2018-08-21 17:27:24 - [TEST_STEP][PASSED] - waitForElementClickable: Object 'Object Repository/Mes rapports Obj/button_Next_Arrow' is clickable

2018-08-21 17:27:24 - [MESSAGE][PASSED] - Object 'Object Repository/Mes rapports Obj/button_Next_Arrow' is clickable

2018-08-21 17:27:24 - [TEST_STEP][PASSED] - click: Object: 'Object Repository/Mes rapports Obj/button_Next_Arrow' is clicked on

2018-08-21 17:27:24 - [MESSAGE][PASSED] - Object: 'Object Repository/Mes rapports Obj/button_Next_Arrow' is clicked on

2018-08-21 17:27:24 - [TEST_STEP][PASSED] - delay: Delayed 5 second(s)

2018-08-21 17:27:29 - [MESSAGE][PASSED] - Delayed 5 second(s)

2018-08-21 17:27:29 - [MESSAGE][PASSED] - Call Test Case 'Test Cases/Mes rapports/TC Verify the next button arrow' successfully

2018-08-21 17:27:29 - [TEST_STEP][PASSED] - click: Object: 'Object Repository/Mes rapports Obj/CONTENU/Click on contenu' is clicked on

2018-08-21 17:27:29 - [MESSAGE][PASSED] - Object: 'Object Repository/Mes rapports Obj/CONTENU/Click on contenu' is clicked on

2018-08-21 17:27:29 - [TEST_STEP][PASSED] - click: Object: 'Object Repository/Mes rapports Obj/CONTENU/delete' is clicked on

2018-08-21 17:27:29 - [MESSAGE][PASSED] - Object: 'Object Repository/Mes rapports Obj/CONTENU/delete' is clicked on

2018-08-21 17:27:29 - [TEST_STEP][PASSED] - callTestCase: Call Test Case 'Test Cases/Verify URL/TC Verify Url' successfully

2018-08-21 17:27:29 - [TEST_CASE][PASSED] - Test Cases/Verify URL/TC Verify Url: Test Cases/Verify URL/TC Verify Url

2018-08-21 17:27:29 - [TEST_STEP][PASSED] - waitForPageLoad: Wait for page load successfully

2018-08-21 17:27:29 - [MESSAGE][PASSED] - Wait for page load successfully

2018-08-21 17:27:29 - [TEST_STEP][PASSED] - Statement - url = com.kms.katalon.core.webui.keyword.WebUiBuiltInKeywords.getUrl(): Current window's url is: 'https://internet.acc.sd.dika.be/ebloxreporting/web.sensitive/main/FpyDF/iIz9g8MffKNXfNyb1H/NL/#/definitie/wizard/extern/index/28172/inhoud'

2018-08-21 17:27:29 - [MESSAGE][PASSED] - Current window's url is: 'https://internet.acc.sd.dika.be/ebloxreporting/web.sensitive/main/FpyDF/iIz9g8MffKNXfNyb1H/NL/#/definitie/wizard/extern/index/28172/inhoud'

2018-08-21 17:27:29 - [TEST_STEP][PASSED] - Statement - p = java.util.regex.Pattern.compile("00040 ANTILOPE GROEP"): null

2018-08-21 17:27:29 - [TEST_STEP][PASSED] - Statement - m = p.matcher(url): null

2018-08-21 17:27:29 - [TEST_STEP][PASSED] - Statement - If (m.find()): null

2018-08-21 17:27:29 - [TEST_STEP][PASSED] - Statement - Else: The user name and the concern number are not present in the URL

2018-08-21 17:27:29 - [TEST_STEP][PASSED] - Statement - com.kms.katalon.core.util.KeywordUtil.markPassed("The user name and the concern number are not present in the URL"): The user name and the concern number are not present in the URL

2018-08-21 17:27:29 - [MESSAGE][PASSED] - The user name and the concern number are not present in the URL

2018-08-21 17:27:29 - [MESSAGE][PASSED] - Call Test Case 'Test Cases/Verify URL/TC Verify Url' successfully

2018-08-21 17:27:29 - [TEST_STEP][PASSED] - callTestCase: Call Test Case 'Test Cases/Mes rapports/TC Verify the next button arrow' successfully

2018-08-21 17:27:29 - [TEST_CASE][PASSED] - Test Cases/Mes rapports/TC Verify the next button arrow: Test Cases/Mes rapports/TC Verify the next button arrow

2018-08-21 17:27:29 - [TEST_STEP][PASSED] - waitForElementClickable: Object 'Object Repository/Mes rapports Obj/button_Next_Arrow' is clickable

2018-08-21 17:27:29 - [MESSAGE][PASSED] - Object 'Object Repository/Mes rapports Obj/button_Next_Arrow' is clickable

2018-08-21 17:27:29 - [TEST_STEP][PASSED] - click: Object: 'Object Repository/Mes rapports Obj/button_Next_Arrow' is clicked on

2018-08-21 17:27:30 - [MESSAGE][PASSED] - Object: 'Object Repository/Mes rapports Obj/button_Next_Arrow' is clicked on

2018-08-21 17:27:30 - [TEST_STEP][PASSED] - delay: Delayed 5 second(s)

2018-08-21 17:27:35 - [MESSAGE][PASSED] - Delayed 5 second(s)

2018-08-21 17:27:35 - [MESSAGE][PASSED] - Call Test Case 'Test Cases/Mes rapports/TC Verify the next button arrow' successfully

2018-08-21 17:27:35 - [TEST_STEP][PASSED] - waitForPageLoad: Wait for page load successfully

2018-08-21 17:27:35 - [MESSAGE][PASSED] - Wait for page load successfully

2018-08-21 17:27:35 - [TEST_STEP][FAILED] - callTestCase: Unable to call Test Case with id 'Test Cases/Mes rapports/Mes rapports - SELECTION/Verify if checkbox is unchecked/TC 10 Deselect all checkbox' (Root cause: Call Test Case 'Test Cases/Mes rapports/Mes rapports - SELECTION/Verify if checkbox is unchecked/TC 10 Deselect all checkbox' failed)

2018-08-21 17:27:35 - [TEST_CASE][FAILED] - Test Cases/Mes rapports/Mes rapports - SELECTION/Verify if checkbox is unchecked/TC 10 Deselect all checkbox: Test Cases/Mes rapports/Mes rapports - SELECTION/Verify if checkbox is unchecked/TC 10 Deselect all checkbox FAILED because (of) Unable to un-check object 'Object Repository/Mes rapports Obj/SELECTION/Contrats actifs checkBox' (Root cause: com.kms.katalon.core.webui.exception.WebElementNotFoundException: Web element with id: 'Object Repository/Mes rapports Obj/SELECTION/Contrats actifs checkBox' located by 'By.xpath: //*[@id="wizard-page"]/div[2]/div/div/div/div/div[1]/div[2]/div/div/form/div/div/div[1]/div/span/label/input[count(. | //input[@type = 'checkbox' and @ng-show = 'fixedSelectie.actief' and @ng-model = 'fixedSelectie.criterium.actief' and @class = 'ng-pristine ng-untouched ng-valid']) = count(//input[@type = 'checkbox' and @ng-show = 'fixedSelectie.actief' and @ng-model = 'fixedSelectie.criterium.actief' and @class = 'ng-pristine ng-untouched ng-valid'])]' not found)

2018-08-21 17:27:35 - [TEST_STEP][FAILED] - callTestCase: Unable to call Test Case with id 'Test Cases/Mes rapports/Mes rapports - SELECTION/Verify if checkbox is unchecked/TC 1 Verify Contrats actifs checkbox  is un-checked' (Root cause: Call Test Case 'Test Cases/Mes rapports/Mes rapports - SELECTION/Verify if checkbox is unchecked/TC 1 Verify Contrats actifs checkbox  is un-checked' failed)

2018-08-21 17:27:35 - [TEST_CASE][FAILED] - Test Cases/Mes rapports/Mes rapports - SELECTION/Verify if checkbox is unchecked/TC 1 Verify Contrats actifs checkbox  is un-checked: Test Cases/Mes rapports/Mes rapports - SELECTION/Verify if checkbox is unchecked/TC 1 Verify Contrats actifs checkbox  is un-checked FAILED because (of) Unable to un-check object 'Object Repository/Mes rapports Obj/SELECTION/Contrats actifs checkBox' (Root cause: com.kms.katalon.core.webui.exception.WebElementNotFoundException: Web element with id: 'Object Repository/Mes rapports Obj/SELECTION/Contrats actifs checkBox' located by 'By.xpath: //*[@id="wizard-page"]/div[2]/div/div/div/div/div[1]/div[2]/div/div/form/div/div/div[1]/div/span/label/input[count(. | //input[@type = 'checkbox' and @ng-show = 'fixedSelectie.actief' and @ng-model = 'fixedSelectie.criterium.actief' and @class = 'ng-pristine ng-untouched ng-valid']) = count(//input[@type = 'checkbox' and @ng-show = 'fixedSelectie.actief' and @ng-model = 'fixedSelectie.criterium.actief' and @class = 'ng-pristine ng-untouched ng-valid'])]' not found)

2018-08-21 17:27:35 - [TEST_STEP][FAILED] - uncheck: Unable to un-check object 'Object Repository/Mes rapports Obj/SELECTION/Contrats actifs checkBox' (Root cause: com.kms.katalon.core.webui.exception.WebElementNotFoundException: Web element with id: 'Object Repository/Mes rapports Obj/SELECTION/Contrats actifs checkBox' located by 'By.xpath: //*[@id="wizard-page"]/div[2]/div/div/div/div/div[1]/div[2]/div/div/form/div/div/div[1]/div/span/label/input[count(. | //input[@type = 'checkbox' and @ng-show = 'fixedSelectie.actief' and @ng-model = 'fixedSelectie.criterium.actief' and @class = 'ng-pristine ng-untouched ng-valid']) = count(//input[@type = 'checkbox' and @ng-show = 'fixedSelectie.actief' and @ng-model = 'fixedSelectie.criterium.actief' and @class = 'ng-pristine ng-untouched ng-valid'])]' not found)

2018-08-21 17:28:06 - [MESSAGE][FAILED] - Unable to un-check object 'Object Repository/Mes rapports Obj/SELECTION/Contrats actifs checkBox' (Root cause: com.kms.katalon.core.webui.exception.WebElementNotFoundException: Web element with id: 'Object Repository/Mes rapports Obj/SELECTION/Contrats actifs checkBox' located by 'By.xpath: //*[@id="wizard-page"]/div[2]/div/div/div/div/div[1]/div[2]/div/div/form/div/div/div[1]/div/span/label/input[count(. | //input[@type = 'checkbox' and @ng-show = 'fixedSelectie.actief' and @ng-model = 'fixedSelectie.criterium.actief' and @class = 'ng-pristine ng-untouched ng-valid']) = count(//input[@type = 'checkbox' and @ng-show = 'fixedSelectie.actief' and @ng-model = 'fixedSelectie.criterium.actief' and @class = 'ng-pristine ng-untouched ng-valid'])]' not found)
[[ATTACHMENT|C:\\Users\\seeboruts\\OneDrive - SD Worx\\Desktop\\Katalon_eBlox_Reporting\\Reports\\testing\\Demo\\20180821_170803\\1534858086618.png]]

2018-08-21 17:28:06 - [MESSAGE][FAILED] - Unable to call Test Case with id 'Test Cases/Mes rapports/Mes rapports - SELECTION/Verify if checkbox is unchecked/TC 1 Verify Contrats actifs checkbox  is un-checked' (Root cause: Call Test Case 'Test Cases/Mes rapports/Mes rapports - SELECTION/Verify if checkbox is unchecked/TC 1 Verify Contrats actifs checkbox  is un-checked' failed)

2018-08-21 17:28:06 - [MESSAGE][FAILED] - Unable to call Test Case with id 'Test Cases/Mes rapports/Mes rapports - SELECTION/Verify if checkbox is unchecked/TC 10 Deselect all checkbox' (Root cause: Call Test Case 'Test Cases/Mes rapports/Mes rapports - SELECTION/Verify if checkbox is unchecked/TC 10 Deselect all checkbox' failed)]]></system-out>
         <system-err><![CDATA[2018-08-21 17:26:29 - [TEST_CASE][FAILED] - Test Cases/New Folder/TC4 BASED ON MY REPORTS: Test Cases/New Folder/TC4 BASED ON MY REPORTS FAILED because (of) Unable to un-check object 'Object Repository/Mes rapports Obj/SELECTION/Contrats actifs checkBox' (Root cause: com.kms.katalon.core.webui.exception.WebElementNotFoundException: Web element with id: 'Object Repository/Mes rapports Obj/SELECTION/Contrats actifs checkBox' located by 'By.xpath: //*[@id="wizard-page"]/div[2]/div/div/div/div/div[1]/div[2]/div/div/form/div/div/div[1]/div/span/label/input[count(. | //input[@type = 'checkbox' and @ng-show = 'fixedSelectie.actief' and @ng-model = 'fixedSelectie.criterium.actief' and @class = 'ng-pristine ng-untouched ng-valid']) = count(//input[@type = 'checkbox' and @ng-show = 'fixedSelectie.actief' and @ng-model = 'fixedSelectie.criterium.actief' and @class = 'ng-pristine ng-untouched ng-valid'])]' not found)]]></system-err>
      </testcase>
      <testcase name="Test Cases/New Folder/TC17 ARGUMENT AGE" classname="Test Cases/New Folder/TC17 ARGUMENT AGE" status="PASSED">
         <system-out><![CDATA[2018-08-21 17:28:06 - [TEST_CASE][PASSED] - Test Cases/New Folder/TC17 ARGUMENT AGE: Test Cases/New Folder/TC17 ARGUMENT AGE

2018-08-21 17:28:07 - [TEST_STEP][PASSED] - callTestCase: Call Test Case 'Test Cases/Login/TC1 Login to Mysdworx' successfully

2018-08-21 17:28:07 - [TEST_CASE][PASSED] - Test Cases/Login/TC1 Login to Mysdworx: Test Cases/Login/TC1 Login to Mysdworx

2018-08-21 17:28:07 - [TEST_STEP][PASSED] - openBrowser: Browser is opened with url: ''

2018-08-21 17:28:07 - [MESSAGE][WARNING] - A browser is already opened. Closing browser and opening a new one

2018-08-21 17:28:10 - [MESSAGE][PASSED] - Browser is opened with url: ''

2018-08-21 17:28:10 - [TEST_STEP][PASSED] - navigateToUrl: Navigate to 'https://internet.acc.sd.dika.be/ebloxreporting/web.sensitive/main/?lang=fr' successfully

2018-08-21 17:28:15 - [MESSAGE][PASSED] - Navigate to 'https://internet.acc.sd.dika.be/ebloxreporting/web.sensitive/main/?lang=fr' successfully

2018-08-21 17:28:15 - [TEST_STEP][PASSED] - maximizeWindow: Current window maximized

2018-08-21 17:28:16 - [MESSAGE][PASSED] - Current window maximized

2018-08-21 17:28:16 - [TEST_STEP][PASSED] - setText: Text 'DP_EBLOX_RPP_VASCO' is set on object 'Object Repository/Page_mysdworx - Log in/input_Username'

2018-08-21 17:28:21 - [MESSAGE][PASSED] - Text 'DP_EBLOX_RPP_VASCO' is set on object 'Object Repository/Page_mysdworx - Log in/input_Username'

2018-08-21 17:28:21 - [TEST_STEP][PASSED] - Statement - frame = new javax.swing.JFrame(User Input Frame): null

2018-08-21 17:28:21 - [TEST_STEP][PASSED] - Statement - frame.requestFocus(): null

2018-08-21 17:28:21 - [TEST_STEP][PASSED] - Statement - pass = javax.swing.JOptionPane.showInputDialog(frame, "Enter the password from token!!"): null

2018-08-21 17:29:53 - [TEST_STEP][PASSED] - delay: Delayed 2 second(s)

2018-08-21 17:29:55 - [MESSAGE][PASSED] - Delayed 2 second(s)

2018-08-21 17:29:55 - [TEST_STEP][PASSED] - setText: Text '747510' is set on object 'Object Repository/Page_mysdworx - Log in/input_Password'

2018-08-21 17:29:55 - [MESSAGE][PASSED] - Text '747510' is set on object 'Object Repository/Page_mysdworx - Log in/input_Password'

2018-08-21 17:29:55 - [TEST_STEP][PASSED] - click: Object: 'Object Repository/Page_mysdworx - Log in/button_Se connecter' is clicked on

2018-08-21 17:29:56 - [MESSAGE][PASSED] - Object: 'Object Repository/Page_mysdworx - Log in/button_Se connecter' is clicked on

2018-08-21 17:29:56 - [TEST_STEP][PASSED] - waitForPageLoad: Wait for page load successfully

2018-08-21 17:29:56 - [MESSAGE][PASSED] - Wait for page load successfully

2018-08-21 17:29:56 - [TEST_STEP][NOT_RUN] - closeBrowser: NOT_RUN: closeBrowser

2018-08-21 17:29:56 - [MESSAGE][NOT_RUN] - NOT_RUN: closeBrowser

2018-08-21 17:29:56 - [MESSAGE][PASSED] - Call Test Case 'Test Cases/Login/TC1 Login to Mysdworx' successfully

2018-08-21 17:29:56 - [TEST_STEP][PASSED] - waitForPageLoad: Wait for page load successfully

2018-08-21 17:29:56 - [MESSAGE][PASSED] - Wait for page load successfully

2018-08-21 17:29:56 - [TEST_STEP][PASSED] - callTestCase: Call Test Case 'Test Cases/Select Language/TC1 Verify NL language' successfully

2018-08-21 17:29:56 - [TEST_CASE][PASSED] - Test Cases/Select Language/TC1 Verify NL language: Test Cases/Select Language/TC1 Verify NL language

2018-08-21 17:29:56 - [TEST_STEP][PASSED] - waitForElementClickable: Object 'Object Repository/Change language link Obj/NL_language' is clickable

2018-08-21 17:30:19 - [MESSAGE][PASSED] - Object 'Object Repository/Change language link Obj/NL_language' is clickable

2018-08-21 17:30:19 - [TEST_STEP][PASSED] - click: Object: 'Object Repository/Change language link Obj/NL_language' is clicked on

2018-08-21 17:30:26 - [MESSAGE][PASSED] - Object: 'Object Repository/Change language link Obj/NL_language' is clicked on

2018-08-21 17:30:26 - [TEST_STEP][PASSED] - waitForPageLoad: Wait for page load successfully

2018-08-21 17:30:26 - [MESSAGE][PASSED] - Wait for page load successfully

2018-08-21 17:30:26 - [MESSAGE][PASSED] - Call Test Case 'Test Cases/Select Language/TC1 Verify NL language' successfully

2018-08-21 17:30:26 - [TEST_STEP][PASSED] - callTestCase: Call Test Case 'Test Cases/Mes rapports/Main Page/TC Verify Mes rapports tab' successfully

2018-08-21 17:30:27 - [TEST_CASE][PASSED] - Test Cases/Mes rapports/Main Page/TC Verify Mes rapports tab: Test Cases/Mes rapports/Main Page/TC Verify Mes rapports tab

2018-08-21 17:30:27 - [TEST_STEP][PASSED] - click: Object: 'Object Repository/Mes rapports Obj/Mes rapports_tab' is clicked on

2018-08-21 17:30:27 - [MESSAGE][PASSED] - Object: 'Object Repository/Mes rapports Obj/Mes rapports_tab' is clicked on

2018-08-21 17:30:27 - [MESSAGE][PASSED] - Call Test Case 'Test Cases/Mes rapports/Main Page/TC Verify Mes rapports tab' successfully

2018-08-21 17:30:27 - [TEST_STEP][PASSED] - setText: Text 'REG ARGUMENT LEEFTIJD' is set on object 'Object Repository/Mes rapports Obj/input search filter'

2018-08-21 17:30:30 - [MESSAGE][PASSED] - Text 'REG ARGUMENT LEEFTIJD' is set on object 'Object Repository/Mes rapports Obj/input search filter'

2018-08-21 17:30:30 - [TEST_STEP][PASSED] - click: Object: 'Object Repository/Page_eBlox Reporting/Search_Icon' is clicked on

2018-08-21 17:30:30 - [MESSAGE][PASSED] - Object: 'Object Repository/Page_eBlox Reporting/Search_Icon' is clicked on

2018-08-21 17:30:30 - [TEST_STEP][PASSED] - Statement - myTestObject = new com.kms.katalon.core.testobject.TestObject(Select_report): null

2018-08-21 17:30:30 - [TEST_STEP][PASSED] - Statement - myTestObject.addProperty("xpath", EQUALS, "//a[@class='hide-on-hover']//span[@text='REG LEEFTIJD ARGUMENT']"): null

2018-08-21 17:30:30 - [TEST_STEP][PASSED] - click: Object: 'Select_report' is clicked on

2018-08-21 17:30:31 - [MESSAGE][PASSED] - Object: 'Select_report' is clicked on

2018-08-21 17:30:31 - [TEST_STEP][PASSED] - delay: Delayed 2 second(s)

2018-08-21 17:30:33 - [MESSAGE][PASSED] - Delayed 2 second(s)

2018-08-21 17:30:33 - [TEST_STEP][PASSED] - waitForElementClickable: Object 'Object Repository/Mes rapports Obj/EXECUTION/Description _Date de reference historique' is clickable

2018-08-21 17:30:33 - [MESSAGE][PASSED] - Object 'Object Repository/Mes rapports Obj/EXECUTION/Description _Date de reference historique' is clickable

2018-08-21 17:30:33 - [TEST_STEP][PASSED] - click: Object: 'Object Repository/Mes rapports Obj/EXECUTION/Description _Date de reference historique' is clicked on

2018-08-21 17:30:33 - [MESSAGE][PASSED] - Object: 'Object Repository/Mes rapports Obj/EXECUTION/Description _Date de reference historique' is clicked on

2018-08-21 17:30:33 - [TEST_STEP][PASSED] - delay: Delayed 2 second(s)

2018-08-21 17:30:35 - [MESSAGE][PASSED] - Delayed 2 second(s)

2018-08-21 17:30:35 - [TEST_STEP][PASSED] - click: Object: 'Object Repository/Mes rapports Obj/EXECUTION/Aujourdhui - Vandaag' is clicked on

2018-08-21 17:30:35 - [MESSAGE][PASSED] - Object: 'Object Repository/Mes rapports Obj/EXECUTION/Aujourdhui - Vandaag' is clicked on

2018-08-21 17:30:35 - [TEST_STEP][PASSED] - click: Object: 'Object Repository/Mes rapports Obj/EXECUTION/Button executer' is clicked on

2018-08-21 17:30:35 - [MESSAGE][PASSED] - Object: 'Object Repository/Mes rapports Obj/EXECUTION/Button executer' is clicked on

2018-08-21 17:30:35 - [TEST_STEP][PASSED] - waitForPageLoad: Wait for page load successfully

2018-08-21 17:30:35 - [MESSAGE][PASSED] - Wait for page load successfully

2018-08-21 17:30:35 - [TEST_STEP][PASSED] - closeBrowser: Browser is closed

2018-08-21 17:30:36 - [MESSAGE][PASSED] - Browser is closed]]></system-out>
         <system-err><![CDATA[]]></system-err>
      </testcase>
      <testcase name="Test Cases/New Folder/TC15 COLUMNS" classname="Test Cases/New Folder/TC15 COLUMNS" status="PASSED">
         <system-out><![CDATA[2018-08-21 17:30:36 - [TEST_CASE][PASSED] - Test Cases/New Folder/TC15 COLUMNS: Test Cases/New Folder/TC15 COLUMNS

2018-08-21 17:30:36 - [TEST_STEP][PASSED] - callTestCase: Call Test Case 'Test Cases/Login/TC1 Login to Mysdworx' successfully

2018-08-21 17:30:36 - [TEST_CASE][PASSED] - Test Cases/Login/TC1 Login to Mysdworx: Test Cases/Login/TC1 Login to Mysdworx

2018-08-21 17:30:36 - [TEST_STEP][PASSED] - openBrowser: Browser is opened with url: ''

2018-08-21 17:30:38 - [MESSAGE][PASSED] - Browser is opened with url: ''

2018-08-21 17:30:38 - [TEST_STEP][PASSED] - navigateToUrl: Navigate to 'https://internet.acc.sd.dika.be/ebloxreporting/web.sensitive/main/?lang=fr' successfully

2018-08-21 17:30:43 - [MESSAGE][PASSED] - Navigate to 'https://internet.acc.sd.dika.be/ebloxreporting/web.sensitive/main/?lang=fr' successfully

2018-08-21 17:30:43 - [TEST_STEP][PASSED] - maximizeWindow: Current window maximized

2018-08-21 17:30:44 - [MESSAGE][PASSED] - Current window maximized

2018-08-21 17:30:44 - [TEST_STEP][PASSED] - setText: Text 'DP_EBLOX_RPP_VASCO' is set on object 'Object Repository/Page_mysdworx - Log in/input_Username'

2018-08-21 17:30:50 - [MESSAGE][PASSED] - Text 'DP_EBLOX_RPP_VASCO' is set on object 'Object Repository/Page_mysdworx - Log in/input_Username'

2018-08-21 17:30:50 - [TEST_STEP][PASSED] - Statement - frame = new javax.swing.JFrame(User Input Frame): null

2018-08-21 17:30:50 - [TEST_STEP][PASSED] - Statement - frame.requestFocus(): null

2018-08-21 17:30:50 - [TEST_STEP][PASSED] - Statement - pass = javax.swing.JOptionPane.showInputDialog(frame, "Enter the password from token!!"): null

2018-08-21 17:34:27 - [TEST_STEP][PASSED] - delay: Delayed 2 second(s)

2018-08-21 17:34:29 - [MESSAGE][PASSED] - Delayed 2 second(s)

2018-08-21 17:34:29 - [TEST_STEP][PASSED] - setText: Text '556944' is set on object 'Object Repository/Page_mysdworx - Log in/input_Password'

2018-08-21 17:34:29 - [MESSAGE][PASSED] - Text '556944' is set on object 'Object Repository/Page_mysdworx - Log in/input_Password'

2018-08-21 17:34:29 - [TEST_STEP][PASSED] - click: Object: 'Object Repository/Page_mysdworx - Log in/button_Se connecter' is clicked on

2018-08-21 17:34:29 - [MESSAGE][PASSED] - Object: 'Object Repository/Page_mysdworx - Log in/button_Se connecter' is clicked on

2018-08-21 17:34:29 - [TEST_STEP][PASSED] - waitForPageLoad: Wait for page load successfully

2018-08-21 17:34:29 - [MESSAGE][PASSED] - Wait for page load successfully

2018-08-21 17:34:29 - [TEST_STEP][NOT_RUN] - closeBrowser: NOT_RUN: closeBrowser

2018-08-21 17:34:29 - [MESSAGE][NOT_RUN] - NOT_RUN: closeBrowser

2018-08-21 17:34:29 - [MESSAGE][PASSED] - Call Test Case 'Test Cases/Login/TC1 Login to Mysdworx' successfully

2018-08-21 17:34:29 - [TEST_STEP][PASSED] - waitForPageLoad: Wait for page load successfully

2018-08-21 17:34:29 - [MESSAGE][PASSED] - Wait for page load successfully

2018-08-21 17:34:29 - [TEST_STEP][PASSED] - callTestCase: Call Test Case 'Test Cases/Select Language/TC1 Verify NL language' successfully

2018-08-21 17:34:29 - [TEST_CASE][PASSED] - Test Cases/Select Language/TC1 Verify NL language: Test Cases/Select Language/TC1 Verify NL language

2018-08-21 17:34:29 - [TEST_STEP][PASSED] - waitForElementClickable: Object 'Object Repository/Change language link Obj/NL_language' is clickable

2018-08-21 17:34:53 - [MESSAGE][PASSED] - Object 'Object Repository/Change language link Obj/NL_language' is clickable

2018-08-21 17:34:53 - [TEST_STEP][PASSED] - click: Object: 'Object Repository/Change language link Obj/NL_language' is clicked on

2018-08-21 17:35:00 - [MESSAGE][PASSED] - Object: 'Object Repository/Change language link Obj/NL_language' is clicked on

2018-08-21 17:35:00 - [TEST_STEP][PASSED] - waitForPageLoad: Wait for page load successfully

2018-08-21 17:35:00 - [MESSAGE][PASSED] - Wait for page load successfully

2018-08-21 17:35:00 - [MESSAGE][PASSED] - Call Test Case 'Test Cases/Select Language/TC1 Verify NL language' successfully

2018-08-21 17:35:00 - [TEST_STEP][PASSED] - waitForPageLoad: Wait for page load successfully

2018-08-21 17:35:00 - [MESSAGE][PASSED] - Wait for page load successfully

2018-08-21 17:35:00 - [TEST_STEP][PASSED] - setText: Text 'REG RUBRIEK' is set on object 'Object Repository/Mes rapports Obj/input search filter'

2018-08-21 17:35:03 - [MESSAGE][PASSED] - Text 'REG RUBRIEK' is set on object 'Object Repository/Mes rapports Obj/input search filter'

2018-08-21 17:35:03 - [TEST_STEP][PASSED] - click: Object: 'Object Repository/Page_eBlox Reporting/Search_Icon' is clicked on

2018-08-21 17:35:03 - [MESSAGE][PASSED] - Object: 'Object Repository/Page_eBlox Reporting/Search_Icon' is clicked on

2018-08-21 17:35:03 - [TEST_STEP][PASSED] - Statement - REG_RUBRIEK = new com.kms.katalon.core.testobject.TestObject(Select_report): null

2018-08-21 17:35:03 - [TEST_STEP][PASSED] - Statement - REG_RUBRIEK.addProperty("xpath", EQUALS, "//a[@class='hide-on-hover']//span[@text='REG + RUBRIEK']"): null

2018-08-21 17:35:03 - [TEST_STEP][PASSED] - click: Object: 'Select_report' is clicked on

2018-08-21 17:35:04 - [MESSAGE][PASSED] - Object: 'Select_report' is clicked on

2018-08-21 17:35:04 - [TEST_STEP][PASSED] - waitForPageLoad: Wait for page load successfully

2018-08-21 17:35:04 - [MESSAGE][PASSED] - Wait for page load successfully

2018-08-21 17:35:04 - [TEST_STEP][PASSED] - waitForElementClickable: Object 'Object Repository/Page_eBlox Rapportering/Definition' is clickable

2018-08-21 17:35:05 - [MESSAGE][PASSED] - Object 'Object Repository/Page_eBlox Rapportering/Definition' is clickable

2018-08-21 17:35:05 - [TEST_STEP][PASSED] - Statement - definition = com.kms.katalon.core.webui.keyword.WebUiBuiltInKeywords.modifyObjectProperty(com.kms.katalon.core.testobject.ObjectRepository.findTestObject(Page_eBlox Rapportering/Definition), "xpath", "contains", "//a[contains(text(),'Definitie')]", true): Modify property of object successfully

2018-08-21 17:35:05 - [MESSAGE][PASSED] - Modify property of object successfully

2018-08-21 17:35:05 - [TEST_STEP][PASSED] - click: Object: 'Object Repository/Page_eBlox Rapportering/Definition' is clicked on

2018-08-21 17:35:06 - [MESSAGE][PASSED] - Object: 'Object Repository/Page_eBlox Rapportering/Definition' is clicked on

2018-08-21 17:35:06 - [TEST_STEP][PASSED] - click: Object: 'Object Repository/Mes rapports Obj/EXECUTION/Button executer' is clicked on

2018-08-21 17:35:06 - [MESSAGE][PASSED] - Object: 'Object Repository/Mes rapports Obj/EXECUTION/Button executer' is clicked on

2018-08-21 17:35:06 - [TEST_STEP][PASSED] - closeBrowser: Browser is closed

2018-08-21 17:35:06 - [MESSAGE][PASSED] - Browser is closed]]></system-out>
         <system-err><![CDATA[]]></system-err>
      </testcase>
      <testcase name="Test Cases/New Folder/TC3 VALIDATION" classname="Test Cases/New Folder/TC3 VALIDATION" status="PASSED">
         <system-out><![CDATA[2018-08-21 17:35:06 - [TEST_CASE][PASSED] - Test Cases/New Folder/TC3 VALIDATION: Test Cases/New Folder/TC3 VALIDATION

2018-08-21 17:35:07 - [TEST_STEP][PASSED] - callTestCase: Call Test Case 'Test Cases/Login/TC1 Login to Mysdworx' successfully

2018-08-21 17:35:07 - [TEST_CASE][PASSED] - Test Cases/Login/TC1 Login to Mysdworx: Test Cases/Login/TC1 Login to Mysdworx

2018-08-21 17:35:07 - [TEST_STEP][PASSED] - openBrowser: Browser is opened with url: ''

2018-08-21 17:35:09 - [MESSAGE][PASSED] - Browser is opened with url: ''

2018-08-21 17:35:09 - [TEST_STEP][PASSED] - navigateToUrl: Navigate to 'https://internet.acc.sd.dika.be/ebloxreporting/web.sensitive/main/?lang=fr' successfully

2018-08-21 17:35:14 - [MESSAGE][PASSED] - Navigate to 'https://internet.acc.sd.dika.be/ebloxreporting/web.sensitive/main/?lang=fr' successfully

2018-08-21 17:35:14 - [TEST_STEP][PASSED] - maximizeWindow: Current window maximized

2018-08-21 17:35:15 - [MESSAGE][PASSED] - Current window maximized

2018-08-21 17:35:15 - [TEST_STEP][PASSED] - setText: Text 'DP_EBLOX_RPP_VASCO' is set on object 'Object Repository/Page_mysdworx - Log in/input_Username'

2018-08-21 17:35:20 - [MESSAGE][PASSED] - Text 'DP_EBLOX_RPP_VASCO' is set on object 'Object Repository/Page_mysdworx - Log in/input_Username'

2018-08-21 17:35:20 - [TEST_STEP][PASSED] - Statement - frame = new javax.swing.JFrame(User Input Frame): null

2018-08-21 17:35:20 - [TEST_STEP][PASSED] - Statement - frame.requestFocus(): null

2018-08-21 17:35:20 - [TEST_STEP][PASSED] - Statement - pass = javax.swing.JOptionPane.showInputDialog(frame, "Enter the password from token!!"): null

2018-08-21 17:36:59 - [TEST_STEP][PASSED] - delay: Delayed 2 second(s)

2018-08-21 17:37:01 - [MESSAGE][PASSED] - Delayed 2 second(s)

2018-08-21 17:37:01 - [TEST_STEP][PASSED] - setText: Text '598187' is set on object 'Object Repository/Page_mysdworx - Log in/input_Password'

2018-08-21 17:37:01 - [MESSAGE][PASSED] - Text '598187' is set on object 'Object Repository/Page_mysdworx - Log in/input_Password'

2018-08-21 17:37:01 - [TEST_STEP][PASSED] - click: Object: 'Object Repository/Page_mysdworx - Log in/button_Se connecter' is clicked on

2018-08-21 17:37:01 - [MESSAGE][PASSED] - Object: 'Object Repository/Page_mysdworx - Log in/button_Se connecter' is clicked on

2018-08-21 17:37:01 - [TEST_STEP][PASSED] - waitForPageLoad: Wait for page load successfully

2018-08-21 17:37:01 - [MESSAGE][PASSED] - Wait for page load successfully

2018-08-21 17:37:01 - [TEST_STEP][NOT_RUN] - closeBrowser: NOT_RUN: closeBrowser

2018-08-21 17:37:01 - [MESSAGE][NOT_RUN] - NOT_RUN: closeBrowser

2018-08-21 17:37:01 - [MESSAGE][PASSED] - Call Test Case 'Test Cases/Login/TC1 Login to Mysdworx' successfully

2018-08-21 17:37:01 - [TEST_STEP][PASSED] - waitForPageLoad: Wait for page load successfully

2018-08-21 17:37:01 - [MESSAGE][PASSED] - Wait for page load successfully

2018-08-21 17:37:01 - [TEST_STEP][PASSED] - callTestCase: Call Test Case 'Test Cases/Select Language/TC1 Verify NL language' successfully

2018-08-21 17:37:01 - [TEST_CASE][PASSED] - Test Cases/Select Language/TC1 Verify NL language: Test Cases/Select Language/TC1 Verify NL language

2018-08-21 17:37:01 - [TEST_STEP][PASSED] - waitForElementClickable: Object 'Object Repository/Change language link Obj/NL_language' is clickable

2018-08-21 17:37:25 - [MESSAGE][PASSED] - Object 'Object Repository/Change language link Obj/NL_language' is clickable

2018-08-21 17:37:25 - [TEST_STEP][PASSED] - click: Object: 'Object Repository/Change language link Obj/NL_language' is clicked on

2018-08-21 17:37:32 - [MESSAGE][PASSED] - Object: 'Object Repository/Change language link Obj/NL_language' is clicked on

2018-08-21 17:37:32 - [TEST_STEP][PASSED] - waitForPageLoad: Wait for page load successfully

2018-08-21 17:37:32 - [MESSAGE][PASSED] - Wait for page load successfully

2018-08-21 17:37:32 - [MESSAGE][PASSED] - Call Test Case 'Test Cases/Select Language/TC1 Verify NL language' successfully

2018-08-21 17:37:32 - [TEST_STEP][PASSED] - callTestCase: Call Test Case 'Test Cases/Mes rapports/Verify Nouveau rapport button' successfully

2018-08-21 17:37:32 - [TEST_CASE][PASSED] - Test Cases/Mes rapports/Verify Nouveau rapport button: Test Cases/Mes rapports/Verify Nouveau rapport button

2018-08-21 17:37:32 - [TEST_STEP][PASSED] - click: Object: 'Object Repository/Mes rapports Obj/button_Nouveau rapport' is clicked on

2018-08-21 17:37:35 - [MESSAGE][PASSED] - Object: 'Object Repository/Mes rapports Obj/button_Nouveau rapport' is clicked on

2018-08-21 17:37:35 - [TEST_STEP][PASSED] - waitForPageLoad: Wait for page load successfully

2018-08-21 17:37:35 - [MESSAGE][PASSED] - Wait for page load successfully

2018-08-21 17:37:35 - [MESSAGE][PASSED] - Call Test Case 'Test Cases/Mes rapports/Verify Nouveau rapport button' successfully

2018-08-21 17:37:35 - [TEST_STEP][PASSED] - callTestCase: Call Test Case 'Test Cases/Mes rapports/Mes rapports - BASE DE RAPPORT/TC1  Verify radio button creer un tout nouveau rapport' successfully

2018-08-21 17:37:35 - [TEST_CASE][PASSED] - Test Cases/Mes rapports/Mes rapports - BASE DE RAPPORT/TC1  Verify radio button creer un tout nouveau rapport: Test Cases/Mes rapports/Mes rapports - BASE DE RAPPORT/TC1  Verify radio button creer un tout nouveau rapport

2018-08-21 17:37:35 - [TEST_STEP][PASSED] - Statement - radioButton = com.kms.katalon.core.webui.keyword.WebUiBuiltInKeywords.modifyObjectProperty(com.kms.katalon.core.testobject.ObjectRepository.findTestObject(Mes rapports Obj/BASE DE RAPPORT/radioButton_Creer un tout nouveau rapport), "name", "equals", "typeRapport", true): Modify property of object successfully

2018-08-21 17:37:35 - [MESSAGE][PASSED] - Modify property of object successfully

2018-08-21 17:37:35 - [TEST_STEP][PASSED] - click: Object: 'Object Repository/Mes rapports Obj/BASE DE RAPPORT/radioButton_Creer un tout nouveau rapport' is clicked on

2018-08-21 17:37:36 - [MESSAGE][PASSED] - Object: 'Object Repository/Mes rapports Obj/BASE DE RAPPORT/radioButton_Creer un tout nouveau rapport' is clicked on

2018-08-21 17:37:36 - [MESSAGE][PASSED] - Call Test Case 'Test Cases/Mes rapports/Mes rapports - BASE DE RAPPORT/TC1  Verify radio button creer un tout nouveau rapport' successfully

2018-08-21 17:37:36 - [TEST_STEP][PASSED] - callTestCase: Call Test Case 'Test Cases/Mes rapports/TC Verify the next button arrow' successfully

2018-08-21 17:37:36 - [TEST_CASE][PASSED] - Test Cases/Mes rapports/TC Verify the next button arrow: Test Cases/Mes rapports/TC Verify the next button arrow

2018-08-21 17:37:36 - [TEST_STEP][PASSED] - waitForElementClickable: Object 'Object Repository/Mes rapports Obj/button_Next_Arrow' is clickable

2018-08-21 17:37:36 - [MESSAGE][PASSED] - Object 'Object Repository/Mes rapports Obj/button_Next_Arrow' is clickable

2018-08-21 17:37:36 - [TEST_STEP][PASSED] - click: Object: 'Object Repository/Mes rapports Obj/button_Next_Arrow' is clicked on

2018-08-21 17:37:36 - [MESSAGE][PASSED] - Object: 'Object Repository/Mes rapports Obj/button_Next_Arrow' is clicked on

2018-08-21 17:37:36 - [TEST_STEP][PASSED] - delay: Delayed 5 second(s)

2018-08-21 17:37:41 - [MESSAGE][PASSED] - Delayed 5 second(s)

2018-08-21 17:37:41 - [MESSAGE][PASSED] - Call Test Case 'Test Cases/Mes rapports/TC Verify the next button arrow' successfully

2018-08-21 17:37:41 - [TEST_STEP][PASSED] - waitForPageLoad: Wait for page load successfully

2018-08-21 17:37:41 - [MESSAGE][PASSED] - Wait for page load successfully

2018-08-21 17:37:41 - [TEST_STEP][PASSED] - callTestCase: Call Test Case 'Test Cases/Mes rapports/TC Verify the next button arrow' successfully

2018-08-21 17:37:41 - [TEST_CASE][PASSED] - Test Cases/Mes rapports/TC Verify the next button arrow: Test Cases/Mes rapports/TC Verify the next button arrow

2018-08-21 17:37:41 - [TEST_STEP][PASSED] - waitForElementClickable: Object 'Object Repository/Mes rapports Obj/button_Next_Arrow' is clickable

2018-08-21 17:37:41 - [MESSAGE][PASSED] - Object 'Object Repository/Mes rapports Obj/button_Next_Arrow' is clickable

2018-08-21 17:37:41 - [TEST_STEP][PASSED] - click: Object: 'Object Repository/Mes rapports Obj/button_Next_Arrow' is clicked on

2018-08-21 17:37:41 - [MESSAGE][PASSED] - Object: 'Object Repository/Mes rapports Obj/button_Next_Arrow' is clicked on

2018-08-21 17:37:41 - [TEST_STEP][PASSED] - delay: Delayed 5 second(s)

2018-08-21 17:37:46 - [MESSAGE][PASSED] - Delayed 5 second(s)

2018-08-21 17:37:46 - [MESSAGE][PASSED] - Call Test Case 'Test Cases/Mes rapports/TC Verify the next button arrow' successfully

2018-08-21 17:37:46 - [TEST_STEP][PASSED] - waitForPageLoad: Wait for page load successfully

2018-08-21 17:37:46 - [MESSAGE][PASSED] - Wait for page load successfully

2018-08-21 17:37:46 - [TEST_STEP][PASSED] - verifyTextPresent: Text 'Gelieve minstens n kolom toe te voegen.' is present on page  using regular expression

2018-08-21 17:37:47 - [MESSAGE][PASSED] - Text 'Gelieve minstens n kolom toe te voegen.' is present on page  using regular expression

2018-08-21 17:37:47 - [TEST_STEP][PASSED] - waitForPageLoad: Wait for page load successfully

2018-08-21 17:37:47 - [MESSAGE][PASSED] - Wait for page load successfully

2018-08-21 17:37:47 - [TEST_STEP][PASSED] - callTestCase: Call Test Case 'Test Cases/Mes rapports/Mes rapports - CONTENU/TC Verify input field - Copy' successfully

2018-08-21 17:37:47 - [TEST_CASE][PASSED] - Test Cases/Mes rapports/Mes rapports - CONTENU/TC Verify input field - Copy: Test Cases/Mes rapports/Mes rapports - CONTENU/TC Verify input field - Copy

2018-08-21 17:37:47 - [TEST_STEP][PASSED] - Statement - excelData = com.kms.katalon.core.testdata.TestDataFactory.findTestData(Data Files/Data/testData1): Reading excel file with source file 'C:\Users\seeboruts\OneDrive - SD Worx\Desktop\test_DAta.xlsx' and sheet name 'Validation'

2018-08-21 17:37:47 - [TEST_STEP][PASSED] - Statement - For ([i = 1, i <= 2, (i++)]): Object: 'Object Repository/Mes rapports Obj/CONTENU/click_Remove_text' is clicked on

2018-08-21 17:37:47 - [TEST_STEP][PASSED] - setText: Text 'Naam werknemer' is set on object 'Object Repository/Mes rapports Obj/CONTENU/input_Contenu_Selecteur'

2018-08-21 17:37:47 - [MESSAGE][PASSED] - Text 'Naam werknemer' is set on object 'Object Repository/Mes rapports Obj/CONTENU/input_Contenu_Selecteur'

2018-08-21 17:37:47 - [TEST_STEP][PASSED] - delay: Delayed 3 second(s)

2018-08-21 17:37:50 - [MESSAGE][PASSED] - Delayed 3 second(s)

2018-08-21 17:37:50 - [TEST_STEP][PASSED] - click: Object: 'Object Repository/Mes rapports Obj/CONTENU/Selecteur Obj NL/Naam werknemer' is clicked on

2018-08-21 17:37:50 - [MESSAGE][PASSED] - Object: 'Object Repository/Mes rapports Obj/CONTENU/Selecteur Obj NL/Naam werknemer' is clicked on

2018-08-21 17:37:50 - [TEST_STEP][PASSED] - delay: Delayed 3 second(s)

2018-08-21 17:37:53 - [MESSAGE][PASSED] - Delayed 3 second(s)

2018-08-21 17:37:53 - [TEST_STEP][PASSED] - click: Object: 'Object Repository/Mes rapports Obj/CONTENU/click_Remove_text' is clicked on

2018-08-21 17:37:54 - [MESSAGE][PASSED] - Object: 'Object Repository/Mes rapports Obj/CONTENU/click_Remove_text' is clicked on

2018-08-21 17:37:54 - [TEST_STEP][PASSED] - setText: Text 'Brutoloon' is set on object 'Object Repository/Mes rapports Obj/CONTENU/input_Contenu_Selecteur'

2018-08-21 17:37:54 - [MESSAGE][PASSED] - Text 'Brutoloon' is set on object 'Object Repository/Mes rapports Obj/CONTENU/input_Contenu_Selecteur'

2018-08-21 17:37:54 - [TEST_STEP][PASSED] - delay: Delayed 3 second(s)

2018-08-21 17:37:57 - [MESSAGE][PASSED] - Delayed 3 second(s)

2018-08-21 17:37:57 - [TEST_STEP][PASSED] - click: Object: 'Object Repository/Mes rapports Obj/CONTENU/Selecteur Obj NL/Brutoloon' is clicked on

2018-08-21 17:37:57 - [MESSAGE][PASSED] - Object: 'Object Repository/Mes rapports Obj/CONTENU/Selecteur Obj NL/Brutoloon' is clicked on

2018-08-21 17:37:57 - [TEST_STEP][PASSED] - delay: Delayed 3 second(s)

2018-08-21 17:38:00 - [MESSAGE][PASSED] - Delayed 3 second(s)

2018-08-21 17:38:00 - [TEST_STEP][PASSED] - click: Object: 'Object Repository/Mes rapports Obj/CONTENU/click_Remove_text' is clicked on

2018-08-21 17:38:00 - [MESSAGE][PASSED] - Object: 'Object Repository/Mes rapports Obj/CONTENU/click_Remove_text' is clicked on

2018-08-21 17:38:00 - [MESSAGE][PASSED] - Call Test Case 'Test Cases/Mes rapports/Mes rapports - CONTENU/TC Verify input field - Copy' successfully

2018-08-21 17:38:00 - [TEST_STEP][PASSED] - waitForPageLoad: Wait for page load successfully

2018-08-21 17:38:00 - [MESSAGE][PASSED] - Wait for page load successfully

2018-08-21 17:38:00 - [TEST_STEP][PASSED] - callTestCase: Call Test Case 'Test Cases/Mes rapports/TC Verify the next button arrow' successfully

2018-08-21 17:38:00 - [TEST_CASE][PASSED] - Test Cases/Mes rapports/TC Verify the next button arrow: Test Cases/Mes rapports/TC Verify the next button arrow

2018-08-21 17:38:00 - [TEST_STEP][PASSED] - waitForElementClickable: Object 'Object Repository/Mes rapports Obj/button_Next_Arrow' is clickable

2018-08-21 17:38:00 - [MESSAGE][PASSED] - Object 'Object Repository/Mes rapports Obj/button_Next_Arrow' is clickable

2018-08-21 17:38:00 - [TEST_STEP][PASSED] - click: Object: 'Object Repository/Mes rapports Obj/button_Next_Arrow' is clicked on

2018-08-21 17:38:00 - [MESSAGE][PASSED] - Object: 'Object Repository/Mes rapports Obj/button_Next_Arrow' is clicked on

2018-08-21 17:38:00 - [TEST_STEP][PASSED] - delay: Delayed 5 second(s)

2018-08-21 17:38:05 - [MESSAGE][PASSED] - Delayed 5 second(s)

2018-08-21 17:38:05 - [MESSAGE][PASSED] - Call Test Case 'Test Cases/Mes rapports/TC Verify the next button arrow' successfully

2018-08-21 17:38:05 - [TEST_STEP][PASSED] - waitForPageLoad: Wait for page load successfully

2018-08-21 17:38:05 - [MESSAGE][PASSED] - Wait for page load successfully

2018-08-21 17:38:05 - [TEST_STEP][PASSED] - verifyElementPresent: Object 'Object Repository/Mes rapports Obj/SELECTION/Active Contrat/exclamation icon' is present

2018-08-21 17:38:05 - [MESSAGE][PASSED] - Object 'Object Repository/Mes rapports Obj/SELECTION/Active Contrat/exclamation icon' is present

2018-08-21 17:38:05 - [TEST_STEP][PASSED] - callTestCase: Call Test Case 'Test Cases/Mes rapports/Mes rapports - SELECTION/Verify if checkbox is unchecked/TC 10 Deselect all checkbox' successfully

2018-08-21 17:38:06 - [TEST_CASE][PASSED] - Test Cases/Mes rapports/Mes rapports - SELECTION/Verify if checkbox is unchecked/TC 10 Deselect all checkbox: Test Cases/Mes rapports/Mes rapports - SELECTION/Verify if checkbox is unchecked/TC 10 Deselect all checkbox

2018-08-21 17:38:06 - [TEST_STEP][PASSED] - callTestCase: Call Test Case 'Test Cases/Mes rapports/Mes rapports - SELECTION/Verify if checkbox is unchecked/TC 1 Verify Contrats actifs checkbox  is un-checked' successfully

2018-08-21 17:38:06 - [TEST_CASE][PASSED] - Test Cases/Mes rapports/Mes rapports - SELECTION/Verify if checkbox is unchecked/TC 1 Verify Contrats actifs checkbox  is un-checked: Test Cases/Mes rapports/Mes rapports - SELECTION/Verify if checkbox is unchecked/TC 1 Verify Contrats actifs checkbox  is un-checked

2018-08-21 17:38:06 - [TEST_STEP][PASSED] - uncheck: Object 'Object Repository/Mes rapports Obj/SELECTION/Contrats actifs checkBox' is un-checked

2018-08-21 17:38:06 - [MESSAGE][PASSED] - Object 'Object Repository/Mes rapports Obj/SELECTION/Contrats actifs checkBox' is un-checked

2018-08-21 17:38:06 - [MESSAGE][PASSED] - Call Test Case 'Test Cases/Mes rapports/Mes rapports - SELECTION/Verify if checkbox is unchecked/TC 1 Verify Contrats actifs checkbox  is un-checked' successfully

2018-08-21 17:38:06 - [TEST_STEP][PASSED] - callTestCase: Call Test Case 'Test Cases/Mes rapports/Mes rapports - SELECTION/Verify if checkbox is unchecked/TC 2 VErify Dossier and Groupe checkBox  is un-checked' successfully

2018-08-21 17:38:06 - [TEST_CASE][PASSED] - Test Cases/Mes rapports/Mes rapports - SELECTION/Verify if checkbox is unchecked/TC 2 VErify Dossier and Groupe checkBox  is un-checked: Test Cases/Mes rapports/Mes rapports - SELECTION/Verify if checkbox is unchecked/TC 2 VErify Dossier and Groupe checkBox  is un-checked

2018-08-21 17:38:06 - [TEST_STEP][PASSED] - uncheck: Object 'Object Repository/Mes rapports Obj/SELECTION/Dossier and Groupe checkbox' is un-checked

2018-08-21 17:38:06 - [MESSAGE][PASSED] - Object 'Object Repository/Mes rapports Obj/SELECTION/Dossier and Groupe checkbox' is un-checked

2018-08-21 17:38:06 - [MESSAGE][PASSED] - Call Test Case 'Test Cases/Mes rapports/Mes rapports - SELECTION/Verify if checkbox is unchecked/TC 2 VErify Dossier and Groupe checkBox  is un-checked' successfully

2018-08-21 17:38:06 - [TEST_STEP][PASSED] - callTestCase: Call Test Case 'Test Cases/Mes rapports/Mes rapports - SELECTION/Verify if checkbox is unchecked/TC 3 Verify Travailleur checkBox  is un-checked' successfully

2018-08-21 17:38:06 - [TEST_CASE][PASSED] - Test Cases/Mes rapports/Mes rapports - SELECTION/Verify if checkbox is unchecked/TC 3 Verify Travailleur checkBox  is un-checked: Test Cases/Mes rapports/Mes rapports - SELECTION/Verify if checkbox is unchecked/TC 3 Verify Travailleur checkBox  is un-checked

2018-08-21 17:38:06 - [TEST_STEP][PASSED] - uncheck: Object 'Object Repository/Mes rapports Obj/SELECTION/Travailleur checkbox' is un-checked

2018-08-21 17:38:06 - [MESSAGE][PASSED] - Object 'Object Repository/Mes rapports Obj/SELECTION/Travailleur checkbox' is un-checked

2018-08-21 17:38:06 - [MESSAGE][PASSED] - Call Test Case 'Test Cases/Mes rapports/Mes rapports - SELECTION/Verify if checkbox is unchecked/TC 3 Verify Travailleur checkBox  is un-checked' successfully

2018-08-21 17:38:06 - [TEST_STEP][PASSED] - callTestCase: Call Test Case 'Test Cases/Mes rapports/Mes rapports - SELECTION/Verify if checkbox is unchecked/TC 4 Verify Departement checkBox  is un-checked' successfully

2018-08-21 17:38:06 - [TEST_CASE][PASSED] - Test Cases/Mes rapports/Mes rapports - SELECTION/Verify if checkbox is unchecked/TC 4 Verify Departement checkBox  is un-checked: Test Cases/Mes rapports/Mes rapports - SELECTION/Verify if checkbox is unchecked/TC 4 Verify Departement checkBox  is un-checked

2018-08-21 17:38:06 - [TEST_STEP][PASSED] - uncheck: Object 'Object Repository/Mes rapports Obj/SELECTION/Departement checkbox' is un-checked

2018-08-21 17:38:06 - [MESSAGE][PASSED] - Object 'Object Repository/Mes rapports Obj/SELECTION/Departement checkbox' is un-checked

2018-08-21 17:38:06 - [MESSAGE][PASSED] - Call Test Case 'Test Cases/Mes rapports/Mes rapports - SELECTION/Verify if checkbox is unchecked/TC 4 Verify Departement checkBox  is un-checked' successfully

2018-08-21 17:38:06 - [TEST_STEP][PASSED] - callTestCase: Call Test Case 'Test Cases/Mes rapports/Mes rapports - SELECTION/Verify if checkbox is unchecked/TC 5 Verify Caractere juridique du contract checBox  is un-checked' successfully

2018-08-21 17:38:06 - [TEST_CASE][PASSED] - Test Cases/Mes rapports/Mes rapports - SELECTION/Verify if checkbox is unchecked/TC 5 Verify Caractere juridique du contract checBox  is un-checked: Test Cases/Mes rapports/Mes rapports - SELECTION/Verify if checkbox is unchecked/TC 5 Verify Caractere juridique du contract checBox  is un-checked

2018-08-21 17:38:06 - [TEST_STEP][PASSED] - uncheck: Object 'Object Repository/Mes rapports Obj/SELECTION/Caractere juridique de contrat' is un-checked

2018-08-21 17:38:06 - [MESSAGE][PASSED] - Object 'Object Repository/Mes rapports Obj/SELECTION/Caractere juridique de contrat' is un-checked

2018-08-21 17:38:06 - [MESSAGE][PASSED] - Call Test Case 'Test Cases/Mes rapports/Mes rapports - SELECTION/Verify if checkbox is unchecked/TC 5 Verify Caractere juridique du contract checBox  is un-checked' successfully

2018-08-21 17:38:06 - [TEST_STEP][PASSED] - callTestCase: Call Test Case 'Test Cases/Mes rapports/Mes rapports - SELECTION/Verify if checkbox is unchecked/TC 6 Verify Pays de naissance checkBox  is un-checked' successfully

2018-08-21 17:38:06 - [TEST_CASE][PASSED] - Test Cases/Mes rapports/Mes rapports - SELECTION/Verify if checkbox is unchecked/TC 6 Verify Pays de naissance checkBox  is un-checked: Test Cases/Mes rapports/Mes rapports - SELECTION/Verify if checkbox is unchecked/TC 6 Verify Pays de naissance checkBox  is un-checked

2018-08-21 17:38:06 - [TEST_STEP][PASSED] - uncheck: Object 'Object Repository/Mes rapports Obj/SELECTION/Pays de naisssance checkbox' is un-checked

2018-08-21 17:38:06 - [MESSAGE][PASSED] - Object 'Object Repository/Mes rapports Obj/SELECTION/Pays de naisssance checkbox' is un-checked

2018-08-21 17:38:06 - [MESSAGE][PASSED] - Call Test Case 'Test Cases/Mes rapports/Mes rapports - SELECTION/Verify if checkbox is unchecked/TC 6 Verify Pays de naissance checkBox  is un-checked' successfully

2018-08-21 17:38:06 - [TEST_STEP][PASSED] - callTestCase: Call Test Case 'Test Cases/Mes rapports/Mes rapports - SELECTION/Verify if checkbox is unchecked/TC 7 Verify Sexe checkBox  is un-checked' successfully

2018-08-21 17:38:06 - [TEST_CASE][PASSED] - Test Cases/Mes rapports/Mes rapports - SELECTION/Verify if checkbox is unchecked/TC 7 Verify Sexe checkBox  is un-checked: Test Cases/Mes rapports/Mes rapports - SELECTION/Verify if checkbox is unchecked/TC 7 Verify Sexe checkBox  is un-checked

2018-08-21 17:38:06 - [TEST_STEP][PASSED] - uncheck: Object 'Object Repository/Mes rapports Obj/SELECTION/Sexe checkbox' is un-checked

2018-08-21 17:38:07 - [MESSAGE][PASSED] - Object 'Object Repository/Mes rapports Obj/SELECTION/Sexe checkbox' is un-checked

2018-08-21 17:38:07 - [MESSAGE][PASSED] - Call Test Case 'Test Cases/Mes rapports/Mes rapports - SELECTION/Verify if checkbox is unchecked/TC 7 Verify Sexe checkBox  is un-checked' successfully

2018-08-21 17:38:07 - [TEST_STEP][PASSED] - callTestCase: Call Test Case 'Test Cases/Mes rapports/Mes rapports - SELECTION/Verify if checkbox is unchecked/TC 8 Verify Mode de remuneration checkBox  is un-checked' successfully

2018-08-21 17:38:07 - [TEST_CASE][PASSED] - Test Cases/Mes rapports/Mes rapports - SELECTION/Verify if checkbox is unchecked/TC 8 Verify Mode de remuneration checkBox  is un-checked: Test Cases/Mes rapports/Mes rapports - SELECTION/Verify if checkbox is unchecked/TC 8 Verify Mode de remuneration checkBox  is un-checked

2018-08-21 17:38:07 - [TEST_STEP][PASSED] - uncheck: Object 'Object Repository/Mes rapports Obj/SELECTION/Mode de remuneration checkbox' is un-checked

2018-08-21 17:38:07 - [MESSAGE][PASSED] - Object 'Object Repository/Mes rapports Obj/SELECTION/Mode de remuneration checkbox' is un-checked

2018-08-21 17:38:07 - [MESSAGE][PASSED] - Call Test Case 'Test Cases/Mes rapports/Mes rapports - SELECTION/Verify if checkbox is unchecked/TC 8 Verify Mode de remuneration checkBox  is un-checked' successfully

2018-08-21 17:38:07 - [TEST_STEP][PASSED] - callTestCase: Call Test Case 'Test Cases/Mes rapports/Mes rapports - SELECTION/Verify if checkbox is unchecked/TC 9 Verify Suspension checkBox  is un-checked' successfully

2018-08-21 17:38:07 - [TEST_CASE][PASSED] - Test Cases/Mes rapports/Mes rapports - SELECTION/Verify if checkbox is unchecked/TC 9 Verify Suspension checkBox  is un-checked: Test Cases/Mes rapports/Mes rapports - SELECTION/Verify if checkbox is unchecked/TC 9 Verify Suspension checkBox  is un-checked

2018-08-21 17:38:07 - [TEST_STEP][PASSED] - uncheck: Object 'Object Repository/Mes rapports Obj/SELECTION/Suspension checkbox' is un-checked

2018-08-21 17:38:07 - [MESSAGE][PASSED] - Object 'Object Repository/Mes rapports Obj/SELECTION/Suspension checkbox' is un-checked

2018-08-21 17:38:07 - [MESSAGE][PASSED] - Call Test Case 'Test Cases/Mes rapports/Mes rapports - SELECTION/Verify if checkbox is unchecked/TC 9 Verify Suspension checkBox  is un-checked' successfully

2018-08-21 17:38:07 - [MESSAGE][PASSED] - Call Test Case 'Test Cases/Mes rapports/Mes rapports - SELECTION/Verify if checkbox is unchecked/TC 10 Deselect all checkbox' successfully

2018-08-21 17:38:07 - [TEST_STEP][PASSED] - callTestCase: Call Test Case 'Test Cases/Mes rapports/TC Verify the next button arrow' successfully

2018-08-21 17:38:07 - [TEST_CASE][PASSED] - Test Cases/Mes rapports/TC Verify the next button arrow: Test Cases/Mes rapports/TC Verify the next button arrow

2018-08-21 17:38:07 - [TEST_STEP][PASSED] - waitForElementClickable: Object 'Object Repository/Mes rapports Obj/button_Next_Arrow' is clickable

2018-08-21 17:38:07 - [MESSAGE][PASSED] - Object 'Object Repository/Mes rapports Obj/button_Next_Arrow' is clickable

2018-08-21 17:38:07 - [TEST_STEP][PASSED] - click: Object: 'Object Repository/Mes rapports Obj/button_Next_Arrow' is clicked on

2018-08-21 17:38:07 - [MESSAGE][PASSED] - Object: 'Object Repository/Mes rapports Obj/button_Next_Arrow' is clicked on

2018-08-21 17:38:07 - [TEST_STEP][PASSED] - delay: Delayed 5 second(s)

2018-08-21 17:38:12 - [MESSAGE][PASSED] - Delayed 5 second(s)

2018-08-21 17:38:12 - [MESSAGE][PASSED] - Call Test Case 'Test Cases/Mes rapports/TC Verify the next button arrow' successfully

2018-08-21 17:38:12 - [TEST_STEP][PASSED] - waitForPageLoad: Wait for page load successfully

2018-08-21 17:38:12 - [MESSAGE][PASSED] - Wait for page load successfully

2018-08-21 17:38:12 - [TEST_STEP][PASSED] - click: Object: 'Object Repository/Mes rapports Obj/EXECUTION/Button executer' is clicked on

2018-08-21 17:38:12 - [MESSAGE][PASSED] - Object: 'Object Repository/Mes rapports Obj/EXECUTION/Button executer' is clicked on

2018-08-21 17:38:12 - [TEST_STEP][PASSED] - verifyElementPresent: Object 'Object Repository/Mes rapports Obj/SELECTION/Active Contrat/exclamation icon' is present

2018-08-21 17:38:12 - [MESSAGE][PASSED] - Object 'Object Repository/Mes rapports Obj/SELECTION/Active Contrat/exclamation icon' is present

2018-08-21 17:38:12 - [TEST_STEP][PASSED] - waitForElementClickable: Object 'Object Repository/Mes rapports Obj/EXECUTION/Annuler button' is clickable

2018-08-21 17:38:12 - [MESSAGE][PASSED] - Object 'Object Repository/Mes rapports Obj/EXECUTION/Annuler button' is clickable

2018-08-21 17:38:12 - [TEST_STEP][PASSED] - click: Object: 'Object Repository/Mes rapports Obj/EXECUTION/Annuler button' is clicked on

2018-08-21 17:38:12 - [MESSAGE][PASSED] - Object: 'Object Repository/Mes rapports Obj/EXECUTION/Annuler button' is clicked on

2018-08-21 17:38:12 - [TEST_STEP][PASSED] - focus: Object: 'Object Repository/Mes rapports Obj/EXECUTION/Annuler Modal' is focused

2018-08-21 17:38:13 - [MESSAGE][PASSED] - Object: 'Object Repository/Mes rapports Obj/EXECUTION/Annuler Modal' is focused

2018-08-21 17:38:13 - [TEST_STEP][PASSED] - click: Object: 'Object Repository/Page_mysdworx - Aanmelden/Terugkeren' is clicked on

2018-08-21 17:38:13 - [MESSAGE][PASSED] - Object: 'Object Repository/Page_mysdworx - Aanmelden/Terugkeren' is clicked on

2018-08-21 17:38:13 - [TEST_STEP][PASSED] - delay: Delayed 2 second(s)

2018-08-21 17:38:15 - [MESSAGE][PASSED] - Delayed 2 second(s)

2018-08-21 17:38:15 - [TEST_STEP][PASSED] - focus: Object: 'Object Repository/Mes rapports Obj/EXECUTION/Annuler button' is focused

2018-08-21 17:38:15 - [MESSAGE][PASSED] - Object: 'Object Repository/Mes rapports Obj/EXECUTION/Annuler button' is focused

2018-08-21 17:38:15 - [TEST_STEP][PASSED] - waitForElementClickable: Object 'Object Repository/Mes rapports Obj/EXECUTION/Annuler button' is clickable

2018-08-21 17:38:15 - [MESSAGE][PASSED] - Object 'Object Repository/Mes rapports Obj/EXECUTION/Annuler button' is clickable

2018-08-21 17:38:15 - [TEST_STEP][PASSED] - click: Object: 'Object Repository/Mes rapports Obj/EXECUTION/Annuler button' is clicked on

2018-08-21 17:38:15 - [MESSAGE][PASSED] - Object: 'Object Repository/Mes rapports Obj/EXECUTION/Annuler button' is clicked on

2018-08-21 17:38:15 - [TEST_STEP][PASSED] - delay: Delayed 2 second(s)

2018-08-21 17:38:17 - [MESSAGE][PASSED] - Delayed 2 second(s)

2018-08-21 17:38:17 - [TEST_STEP][PASSED] - focus: Object: 'Object Repository/Mes rapports Obj/EXECUTION/Annuler Modal' is focused

2018-08-21 17:38:17 - [MESSAGE][PASSED] - Object: 'Object Repository/Mes rapports Obj/EXECUTION/Annuler Modal' is focused

2018-08-21 17:38:17 - [TEST_STEP][PASSED] - waitForElementClickable: Object 'Object Repository/Mes rapports Obj/EXECUTION/Annuler nouveau rapport' is clickable

2018-08-21 17:38:17 - [MESSAGE][PASSED] - Object 'Object Repository/Mes rapports Obj/EXECUTION/Annuler nouveau rapport' is clickable

2018-08-21 17:38:17 - [TEST_STEP][PASSED] - click: Object: 'Object Repository/Mes rapports Obj/EXECUTION/Annuler nouveau rapport' is clicked on

2018-08-21 17:38:17 - [MESSAGE][PASSED] - Object: 'Object Repository/Mes rapports Obj/EXECUTION/Annuler nouveau rapport' is clicked on

2018-08-21 17:38:17 - [TEST_STEP][PASSED] - waitForPageLoad: Wait for page load successfully

2018-08-21 17:38:17 - [MESSAGE][PASSED] - Wait for page load successfully

2018-08-21 17:38:17 - [TEST_STEP][PASSED] - closeBrowser: Browser is closed

2018-08-21 17:38:18 - [MESSAGE][PASSED] - Browser is closed]]></system-out>
         <system-err><![CDATA[]]></system-err>
      </testcase>
      <testcase name="Test Cases/New Folder/TC9 HISTORIC WITH" classname="Test Cases/New Folder/TC9 HISTORIC WITH" status="PASSED">
         <system-out><![CDATA[2018-08-21 17:38:18 - [TEST_CASE][PASSED] - Test Cases/New Folder/TC9 HISTORIC WITH: Test Cases/New Folder/TC9 HISTORIC WITH

2018-08-21 17:38:18 - [TEST_STEP][PASSED] - callTestCase: Call Test Case 'Test Cases/Login/TC1 Login to Mysdworx' successfully

2018-08-21 17:38:18 - [TEST_CASE][PASSED] - Test Cases/Login/TC1 Login to Mysdworx: Test Cases/Login/TC1 Login to Mysdworx

2018-08-21 17:38:18 - [TEST_STEP][PASSED] - openBrowser: Browser is opened with url: ''

2018-08-21 17:38:20 - [MESSAGE][PASSED] - Browser is opened with url: ''

2018-08-21 17:38:20 - [TEST_STEP][PASSED] - navigateToUrl: Navigate to 'https://internet.acc.sd.dika.be/ebloxreporting/web.sensitive/main/?lang=fr' successfully

2018-08-21 17:38:25 - [MESSAGE][PASSED] - Navigate to 'https://internet.acc.sd.dika.be/ebloxreporting/web.sensitive/main/?lang=fr' successfully

2018-08-21 17:38:25 - [TEST_STEP][PASSED] - maximizeWindow: Current window maximized

2018-08-21 17:38:26 - [MESSAGE][PASSED] - Current window maximized

2018-08-21 17:38:26 - [TEST_STEP][PASSED] - setText: Text 'DP_EBLOX_RPP_VASCO' is set on object 'Object Repository/Page_mysdworx - Log in/input_Username'

2018-08-21 17:38:32 - [MESSAGE][PASSED] - Text 'DP_EBLOX_RPP_VASCO' is set on object 'Object Repository/Page_mysdworx - Log in/input_Username'

2018-08-21 17:38:32 - [TEST_STEP][PASSED] - Statement - frame = new javax.swing.JFrame(User Input Frame): null

2018-08-21 17:38:32 - [TEST_STEP][PASSED] - Statement - frame.requestFocus(): null

2018-08-21 17:38:32 - [TEST_STEP][PASSED] - Statement - pass = javax.swing.JOptionPane.showInputDialog(frame, "Enter the password from token!!"): null

2018-08-21 17:39:08 - [TEST_STEP][PASSED] - delay: Delayed 2 second(s)

2018-08-21 17:39:10 - [MESSAGE][PASSED] - Delayed 2 second(s)

2018-08-21 17:39:10 - [TEST_STEP][PASSED] - setText: Text '433226' is set on object 'Object Repository/Page_mysdworx - Log in/input_Password'

2018-08-21 17:39:10 - [MESSAGE][PASSED] - Text '433226' is set on object 'Object Repository/Page_mysdworx - Log in/input_Password'

2018-08-21 17:39:10 - [TEST_STEP][PASSED] - click: Object: 'Object Repository/Page_mysdworx - Log in/button_Se connecter' is clicked on

2018-08-21 17:39:10 - [MESSAGE][PASSED] - Object: 'Object Repository/Page_mysdworx - Log in/button_Se connecter' is clicked on

2018-08-21 17:39:10 - [TEST_STEP][PASSED] - waitForPageLoad: Wait for page load successfully

2018-08-21 17:39:10 - [MESSAGE][PASSED] - Wait for page load successfully

2018-08-21 17:39:10 - [TEST_STEP][NOT_RUN] - closeBrowser: NOT_RUN: closeBrowser

2018-08-21 17:39:10 - [MESSAGE][NOT_RUN] - NOT_RUN: closeBrowser

2018-08-21 17:39:10 - [MESSAGE][PASSED] - Call Test Case 'Test Cases/Login/TC1 Login to Mysdworx' successfully

2018-08-21 17:39:10 - [TEST_STEP][PASSED] - waitForPageLoad: Wait for page load successfully

2018-08-21 17:39:10 - [MESSAGE][PASSED] - Wait for page load successfully

2018-08-21 17:39:10 - [TEST_STEP][PASSED] - callTestCase: Call Test Case 'Test Cases/Select Language/TC1 Verify NL language' successfully

2018-08-21 17:39:10 - [TEST_CASE][PASSED] - Test Cases/Select Language/TC1 Verify NL language: Test Cases/Select Language/TC1 Verify NL language

2018-08-21 17:39:10 - [TEST_STEP][PASSED] - waitForElementClickable: Object 'Object Repository/Change language link Obj/NL_language' is clickable

2018-08-21 17:39:34 - [MESSAGE][PASSED] - Object 'Object Repository/Change language link Obj/NL_language' is clickable

2018-08-21 17:39:34 - [TEST_STEP][PASSED] - click: Object: 'Object Repository/Change language link Obj/NL_language' is clicked on

2018-08-21 17:39:41 - [MESSAGE][PASSED] - Object: 'Object Repository/Change language link Obj/NL_language' is clicked on

2018-08-21 17:39:41 - [TEST_STEP][PASSED] - waitForPageLoad: Wait for page load successfully

2018-08-21 17:39:41 - [MESSAGE][PASSED] - Wait for page load successfully

2018-08-21 17:39:41 - [MESSAGE][PASSED] - Call Test Case 'Test Cases/Select Language/TC1 Verify NL language' successfully

2018-08-21 17:39:41 - [TEST_STEP][PASSED] - waitForPageLoad: Wait for page load successfully

2018-08-21 17:39:41 - [MESSAGE][PASSED] - Wait for page load successfully

2018-08-21 17:39:41 - [TEST_STEP][PASSED] - callTestCase: Call Test Case 'Test Cases/Mes rapports/Main Page/TC Verify Mes rapports tab' successfully

2018-08-21 17:39:41 - [TEST_CASE][PASSED] - Test Cases/Mes rapports/Main Page/TC Verify Mes rapports tab: Test Cases/Mes rapports/Main Page/TC Verify Mes rapports tab

2018-08-21 17:39:41 - [TEST_STEP][PASSED] - click: Object: 'Object Repository/Mes rapports Obj/Mes rapports_tab' is clicked on

2018-08-21 17:39:41 - [MESSAGE][PASSED] - Object: 'Object Repository/Mes rapports Obj/Mes rapports_tab' is clicked on

2018-08-21 17:39:41 - [MESSAGE][PASSED] - Call Test Case 'Test Cases/Mes rapports/Main Page/TC Verify Mes rapports tab' successfully

2018-08-21 17:39:41 - [TEST_STEP][PASSED] - setText: Text 'REG HIST GROEP' is set on object 'Object Repository/Mes rapports Obj/input search filter'

2018-08-21 17:39:44 - [MESSAGE][PASSED] - Text 'REG HIST GROEP' is set on object 'Object Repository/Mes rapports Obj/input search filter'

2018-08-21 17:39:44 - [TEST_STEP][PASSED] - click: Object: 'Object Repository/Page_eBlox Reporting/Search_Icon' is clicked on

2018-08-21 17:39:44 - [MESSAGE][PASSED] - Object: 'Object Repository/Page_eBlox Reporting/Search_Icon' is clicked on

2018-08-21 17:39:44 - [TEST_STEP][PASSED] - Statement - myTestObject = new com.kms.katalon.core.testobject.TestObject(Select_report): null

2018-08-21 17:39:44 - [TEST_STEP][PASSED] - Statement - myTestObject.addProperty("xpath", EQUALS, "//a[@class='hide-on-hover']//span[@text='REG HIST GROEP']"): null

2018-08-21 17:39:44 - [TEST_STEP][PASSED] - click: Object: 'Select_report' is clicked on

2018-08-21 17:39:45 - [MESSAGE][PASSED] - Object: 'Select_report' is clicked on

2018-08-21 17:39:45 - [TEST_STEP][PASSED] - waitForPageLoad: Wait for page load successfully

2018-08-21 17:39:45 - [MESSAGE][PASSED] - Wait for page load successfully

2018-08-21 17:39:45 - [TEST_STEP][PASSED] - Statement - myDonneeCalculees1 = com.kms.katalon.core.webui.keyword.WebUiBuiltInKeywords.modifyObjectProperty(com.kms.katalon.core.testobject.ObjectRepository.findTestObject(Mes rapports Obj/EXECUTION/Berekende gegevens - looncode komt voor in), "id", "contains", "s2id_autogen", true): Modify property of object successfully

2018-08-21 17:39:45 - [MESSAGE][PASSED] - Modify property of object successfully

2018-08-21 17:39:45 - [TEST_STEP][PASSED] - Statement - myDonneeCalculees2 = com.kms.katalon.core.webui.keyword.WebUiBuiltInKeywords.modifyObjectProperty(com.kms.katalon.core.testobject.ObjectRepository.findTestObject(Mes rapports Obj/EXECUTION/Berekende gegevens - looncode komt voor in), "id", "contains", "s2id_autogen", true): Modify property of object successfully

2018-08-21 17:39:45 - [MESSAGE][PASSED] - Modify property of object successfully

2018-08-21 17:39:45 - [TEST_STEP][PASSED] - click: Object: 'Object Repository/Mes rapports Obj/EXECUTION/Berekende gegevens - looncode komt voor in' is clicked on

2018-08-21 17:39:47 - [MESSAGE][PASSED] - Object: 'Object Repository/Mes rapports Obj/EXECUTION/Berekende gegevens - looncode komt voor in' is clicked on

2018-08-21 17:39:47 - [TEST_STEP][PASSED] - Statement - myDonneeCalculees = new com.kms.katalon.core.testobject.TestObject(Select_donnee): null

2018-08-21 17:39:47 - [TEST_STEP][PASSED] - Statement - myDonneeCalculees.addProperty("xpath", EQUALS, "//div[@id='select2-drop']//ul[@class='select2-results']//li[@role='presentation']//div[contains(text(),'(alle looncodes)')]"): null

2018-08-21 17:39:47 - [TEST_STEP][PASSED] - click: Object: 'Select_donnee' is clicked on

2018-08-21 17:39:48 - [MESSAGE][PASSED] - Object: 'Select_donnee' is clicked on

2018-08-21 17:39:48 - [TEST_STEP][PASSED] - click: Object: 'Object Repository/Mes rapports Obj/SELECTION/Travailleur/Page_eBlox Reporting/New Test Object' is clicked on

2018-08-21 17:39:48 - [MESSAGE][PASSED] - Object: 'Object Repository/Mes rapports Obj/SELECTION/Travailleur/Page_eBlox Reporting/New Test Object' is clicked on

2018-08-21 17:39:48 - [TEST_STEP][PASSED] - click: Object: 'Object Repository/Mes rapports Obj/EXECUTION/Button executer' is clicked on

2018-08-21 17:39:48 - [MESSAGE][PASSED] - Object: 'Object Repository/Mes rapports Obj/EXECUTION/Button executer' is clicked on

2018-08-21 17:39:48 - [TEST_STEP][PASSED] - delay: Delayed 5 second(s)

2018-08-21 17:39:53 - [MESSAGE][PASSED] - Delayed 5 second(s)

2018-08-21 17:39:53 - [TEST_STEP][PASSED] - closeBrowser: Browser is closed

2018-08-21 17:39:53 - [MESSAGE][PASSED] - Browser is closed]]></system-out>
         <system-err><![CDATA[]]></system-err>
      </testcase>
      <testcase name="Test Cases/New Folder/TC2 NEW" classname="Test Cases/New Folder/TC2 NEW" status="FAILED">
         <failure type="FAILED" message="Unable to check object 'Object Repository/Mes rapports Obj/SELECTION/Dossier and Groupe checkbox' (Root cause: com.kms.katalon.core.webui.exception.WebElementNotFoundException: Web element with id: 'Object Repository/Mes rapports Obj/SELECTION/Dossier and Groupe checkbox' located by 'By.xpath: //*[@id=&quot;wizard-page&quot;]/div[2]/div/div/div/div/div[1]/div[2]/div/div/form/div/div/div[2]/div/span/label/input' not found)"/>
         <system-out><![CDATA[2018-08-21 17:39:53 - [TEST_CASE][FAILED] - Test Cases/New Folder/TC2 NEW: Test Cases/New Folder/TC2 NEW FAILED because (of) Unable to check object 'Object Repository/Mes rapports Obj/SELECTION/Dossier and Groupe checkbox' (Root cause: com.kms.katalon.core.webui.exception.WebElementNotFoundException: Web element with id: 'Object Repository/Mes rapports Obj/SELECTION/Dossier and Groupe checkbox' located by 'By.xpath: //*[@id="wizard-page"]/div[2]/div/div/div/div/div[1]/div[2]/div/div/form/div/div/div[2]/div/span/label/input' not found)

2018-08-21 17:39:54 - [TEST_STEP][PASSED] - callTestCase: Call Test Case 'Test Cases/Login/TC1 Login to Mysdworx' successfully

2018-08-21 17:39:54 - [TEST_CASE][PASSED] - Test Cases/Login/TC1 Login to Mysdworx: Test Cases/Login/TC1 Login to Mysdworx

2018-08-21 17:39:54 - [TEST_STEP][PASSED] - openBrowser: Browser is opened with url: ''

2018-08-21 17:39:56 - [MESSAGE][PASSED] - Browser is opened with url: ''

2018-08-21 17:39:56 - [TEST_STEP][PASSED] - navigateToUrl: Navigate to 'https://internet.acc.sd.dika.be/ebloxreporting/web.sensitive/main/?lang=fr' successfully

2018-08-21 17:40:01 - [MESSAGE][PASSED] - Navigate to 'https://internet.acc.sd.dika.be/ebloxreporting/web.sensitive/main/?lang=fr' successfully

2018-08-21 17:40:01 - [TEST_STEP][PASSED] - maximizeWindow: Current window maximized

2018-08-21 17:40:02 - [MESSAGE][PASSED] - Current window maximized

2018-08-21 17:40:02 - [TEST_STEP][PASSED] - setText: Text 'DP_EBLOX_RPP_VASCO' is set on object 'Object Repository/Page_mysdworx - Log in/input_Username'

2018-08-21 17:40:07 - [MESSAGE][PASSED] - Text 'DP_EBLOX_RPP_VASCO' is set on object 'Object Repository/Page_mysdworx - Log in/input_Username'

2018-08-21 17:40:07 - [TEST_STEP][PASSED] - Statement - frame = new javax.swing.JFrame(User Input Frame): null

2018-08-21 17:40:07 - [TEST_STEP][PASSED] - Statement - frame.requestFocus(): null

2018-08-21 17:40:07 - [TEST_STEP][PASSED] - Statement - pass = javax.swing.JOptionPane.showInputDialog(frame, "Enter the password from token!!"): null

2018-08-21 17:40:20 - [TEST_STEP][PASSED] - delay: Delayed 2 second(s)

2018-08-21 17:40:22 - [MESSAGE][PASSED] - Delayed 2 second(s)

2018-08-21 17:40:22 - [TEST_STEP][PASSED] - setText: Text '109741' is set on object 'Object Repository/Page_mysdworx - Log in/input_Password'

2018-08-21 17:40:22 - [MESSAGE][PASSED] - Text '109741' is set on object 'Object Repository/Page_mysdworx - Log in/input_Password'

2018-08-21 17:40:22 - [TEST_STEP][PASSED] - click: Object: 'Object Repository/Page_mysdworx - Log in/button_Se connecter' is clicked on

2018-08-21 17:40:22 - [MESSAGE][PASSED] - Object: 'Object Repository/Page_mysdworx - Log in/button_Se connecter' is clicked on

2018-08-21 17:40:22 - [TEST_STEP][PASSED] - waitForPageLoad: Wait for page load successfully

2018-08-21 17:40:22 - [MESSAGE][PASSED] - Wait for page load successfully

2018-08-21 17:40:22 - [TEST_STEP][NOT_RUN] - closeBrowser: NOT_RUN: closeBrowser

2018-08-21 17:40:22 - [MESSAGE][NOT_RUN] - NOT_RUN: closeBrowser

2018-08-21 17:40:22 - [MESSAGE][PASSED] - Call Test Case 'Test Cases/Login/TC1 Login to Mysdworx' successfully

2018-08-21 17:40:22 - [TEST_STEP][PASSED] - waitForPageLoad: Wait for page load successfully

2018-08-21 17:40:22 - [MESSAGE][PASSED] - Wait for page load successfully

2018-08-21 17:40:22 - [TEST_STEP][PASSED] - callTestCase: Call Test Case 'Test Cases/Select Language/TC1 Verify NL language' successfully

2018-08-21 17:40:22 - [TEST_CASE][PASSED] - Test Cases/Select Language/TC1 Verify NL language: Test Cases/Select Language/TC1 Verify NL language

2018-08-21 17:40:22 - [TEST_STEP][PASSED] - waitForElementClickable: Object 'Object Repository/Change language link Obj/NL_language' is clickable

2018-08-21 17:40:46 - [MESSAGE][PASSED] - Object 'Object Repository/Change language link Obj/NL_language' is clickable

2018-08-21 17:40:46 - [TEST_STEP][PASSED] - click: Object: 'Object Repository/Change language link Obj/NL_language' is clicked on

2018-08-21 17:40:53 - [MESSAGE][PASSED] - Object: 'Object Repository/Change language link Obj/NL_language' is clicked on

2018-08-21 17:40:53 - [TEST_STEP][PASSED] - waitForPageLoad: Wait for page load successfully

2018-08-21 17:40:53 - [MESSAGE][PASSED] - Wait for page load successfully

2018-08-21 17:40:53 - [MESSAGE][PASSED] - Call Test Case 'Test Cases/Select Language/TC1 Verify NL language' successfully

2018-08-21 17:40:53 - [TEST_STEP][PASSED] - waitForPageLoad: Wait for page load successfully

2018-08-21 17:40:53 - [MESSAGE][PASSED] - Wait for page load successfully

2018-08-21 17:40:53 - [TEST_STEP][PASSED] - callTestCase: Call Test Case 'Test Cases/Mes rapports/Verify Nouveau rapport button' successfully

2018-08-21 17:40:53 - [TEST_CASE][PASSED] - Test Cases/Mes rapports/Verify Nouveau rapport button: Test Cases/Mes rapports/Verify Nouveau rapport button

2018-08-21 17:40:53 - [TEST_STEP][PASSED] - click: Object: 'Object Repository/Mes rapports Obj/button_Nouveau rapport' is clicked on

2018-08-21 17:40:56 - [MESSAGE][PASSED] - Object: 'Object Repository/Mes rapports Obj/button_Nouveau rapport' is clicked on

2018-08-21 17:40:56 - [TEST_STEP][PASSED] - waitForPageLoad: Wait for page load successfully

2018-08-21 17:40:56 - [MESSAGE][PASSED] - Wait for page load successfully

2018-08-21 17:40:56 - [MESSAGE][PASSED] - Call Test Case 'Test Cases/Mes rapports/Verify Nouveau rapport button' successfully

2018-08-21 17:40:56 - [TEST_STEP][PASSED] - waitForPageLoad: Wait for page load successfully

2018-08-21 17:40:56 - [MESSAGE][PASSED] - Wait for page load successfully

2018-08-21 17:40:56 - [TEST_STEP][PASSED] - callTestCase: Call Test Case 'Test Cases/Mes rapports/Mes rapports - BASE DE RAPPORT/TC1  Verify radio button creer un tout nouveau rapport' successfully

2018-08-21 17:40:56 - [TEST_CASE][PASSED] - Test Cases/Mes rapports/Mes rapports - BASE DE RAPPORT/TC1  Verify radio button creer un tout nouveau rapport: Test Cases/Mes rapports/Mes rapports - BASE DE RAPPORT/TC1  Verify radio button creer un tout nouveau rapport

2018-08-21 17:40:56 - [TEST_STEP][PASSED] - Statement - radioButton = com.kms.katalon.core.webui.keyword.WebUiBuiltInKeywords.modifyObjectProperty(com.kms.katalon.core.testobject.ObjectRepository.findTestObject(Mes rapports Obj/BASE DE RAPPORT/radioButton_Creer un tout nouveau rapport), "name", "equals", "typeRapport", true): Modify property of object successfully

2018-08-21 17:40:56 - [MESSAGE][PASSED] - Modify property of object successfully

2018-08-21 17:40:56 - [TEST_STEP][PASSED] - click: Object: 'Object Repository/Mes rapports Obj/BASE DE RAPPORT/radioButton_Creer un tout nouveau rapport' is clicked on

2018-08-21 17:40:57 - [MESSAGE][PASSED] - Object: 'Object Repository/Mes rapports Obj/BASE DE RAPPORT/radioButton_Creer un tout nouveau rapport' is clicked on

2018-08-21 17:40:57 - [MESSAGE][PASSED] - Call Test Case 'Test Cases/Mes rapports/Mes rapports - BASE DE RAPPORT/TC1  Verify radio button creer un tout nouveau rapport' successfully

2018-08-21 17:40:57 - [TEST_STEP][PASSED] - callTestCase: Call Test Case 'Test Cases/Verify URL/TC Verify Url' successfully

2018-08-21 17:40:57 - [TEST_CASE][PASSED] - Test Cases/Verify URL/TC Verify Url: Test Cases/Verify URL/TC Verify Url

2018-08-21 17:40:57 - [TEST_STEP][PASSED] - waitForPageLoad: Wait for page load successfully

2018-08-21 17:40:57 - [MESSAGE][PASSED] - Wait for page load successfully

2018-08-21 17:40:57 - [TEST_STEP][PASSED] - Statement - url = com.kms.katalon.core.webui.keyword.WebUiBuiltInKeywords.getUrl(): Current window's url is: 'https://internet.acc.sd.dika.be/ebloxreporting/web.sensitive/main/FpyDF/iIz9g8MffKNXfNyb1H/NL/#/definitie/wizard/extern/start'

2018-08-21 17:40:57 - [MESSAGE][PASSED] - Current window's url is: 'https://internet.acc.sd.dika.be/ebloxreporting/web.sensitive/main/FpyDF/iIz9g8MffKNXfNyb1H/NL/#/definitie/wizard/extern/start'

2018-08-21 17:40:57 - [TEST_STEP][PASSED] - Statement - p = java.util.regex.Pattern.compile("00040 ANTILOPE GROEP"): null

2018-08-21 17:40:57 - [TEST_STEP][PASSED] - Statement - m = p.matcher(url): null

2018-08-21 17:40:57 - [TEST_STEP][PASSED] - Statement - If (m.find()): null

2018-08-21 17:40:57 - [TEST_STEP][PASSED] - Statement - Else: The user name and the concern number are not present in the URL

2018-08-21 17:40:57 - [TEST_STEP][PASSED] - Statement - com.kms.katalon.core.util.KeywordUtil.markPassed("The user name and the concern number are not present in the URL"): The user name and the concern number are not present in the URL

2018-08-21 17:40:57 - [MESSAGE][PASSED] - The user name and the concern number are not present in the URL

2018-08-21 17:40:57 - [MESSAGE][PASSED] - Call Test Case 'Test Cases/Verify URL/TC Verify Url' successfully

2018-08-21 17:40:57 - [TEST_STEP][PASSED] - waitForPageLoad: Wait for page load successfully

2018-08-21 17:40:57 - [MESSAGE][PASSED] - Wait for page load successfully

2018-08-21 17:40:57 - [TEST_STEP][PASSED] - callTestCase: Call Test Case 'Test Cases/Mes rapports/TC Verify the next button arrow' successfully

2018-08-21 17:40:57 - [TEST_CASE][PASSED] - Test Cases/Mes rapports/TC Verify the next button arrow: Test Cases/Mes rapports/TC Verify the next button arrow

2018-08-21 17:40:57 - [TEST_STEP][PASSED] - waitForElementClickable: Object 'Object Repository/Mes rapports Obj/button_Next_Arrow' is clickable

2018-08-21 17:40:57 - [MESSAGE][PASSED] - Object 'Object Repository/Mes rapports Obj/button_Next_Arrow' is clickable

2018-08-21 17:40:57 - [TEST_STEP][PASSED] - click: Object: 'Object Repository/Mes rapports Obj/button_Next_Arrow' is clicked on

2018-08-21 17:40:57 - [MESSAGE][PASSED] - Object: 'Object Repository/Mes rapports Obj/button_Next_Arrow' is clicked on

2018-08-21 17:40:57 - [TEST_STEP][PASSED] - delay: Delayed 5 second(s)

2018-08-21 17:41:02 - [MESSAGE][PASSED] - Delayed 5 second(s)

2018-08-21 17:41:02 - [MESSAGE][PASSED] - Call Test Case 'Test Cases/Mes rapports/TC Verify the next button arrow' successfully

2018-08-21 17:41:02 - [TEST_STEP][PASSED] - waitForPageLoad: Wait for page load successfully

2018-08-21 17:41:02 - [MESSAGE][PASSED] - Wait for page load successfully

2018-08-21 17:41:02 - [TEST_STEP][PASSED] - callTestCase: Call Test Case 'Test Cases/Mes rapports/Mes rapports - CONTENU/TC Verify input field' successfully

2018-08-21 17:41:02 - [TEST_CASE][PASSED] - Test Cases/Mes rapports/Mes rapports - CONTENU/TC Verify input field: Test Cases/Mes rapports/Mes rapports - CONTENU/TC Verify input field

2018-08-21 17:41:03 - [TEST_STEP][PASSED] - Statement - excelData = com.kms.katalon.core.testdata.TestDataFactory.findTestData(Data Files/Data/testData): Reading excel file with source file 'C:\Users\seeboruts\OneDrive - SD Worx\Desktop\test_DAta.xlsx' and sheet name 'New'

2018-08-21 17:41:03 - [TEST_STEP][PASSED] - Statement - For ([i = 1, i <= 6, (i++)]): Object: 'Object Repository/Mes rapports Obj/CONTENU/click_Remove_text' is clicked on

2018-08-21 17:41:03 - [TEST_STEP][PASSED] - setText: Text 'Naam werknemer' is set on object 'Object Repository/Mes rapports Obj/CONTENU/input_Contenu_Selecteur'

2018-08-21 17:41:03 - [MESSAGE][PASSED] - Text 'Naam werknemer' is set on object 'Object Repository/Mes rapports Obj/CONTENU/input_Contenu_Selecteur'

2018-08-21 17:41:03 - [TEST_STEP][PASSED] - delay: Delayed 3 second(s)

2018-08-21 17:41:06 - [MESSAGE][PASSED] - Delayed 3 second(s)

2018-08-21 17:41:06 - [TEST_STEP][PASSED] - click: Object: 'Object Repository/Mes rapports Obj/CONTENU/Selecteur Obj NL/Naam werknemer' is clicked on

2018-08-21 17:41:06 - [MESSAGE][PASSED] - Object: 'Object Repository/Mes rapports Obj/CONTENU/Selecteur Obj NL/Naam werknemer' is clicked on

2018-08-21 17:41:06 - [TEST_STEP][PASSED] - delay: Delayed 3 second(s)

2018-08-21 17:41:09 - [MESSAGE][PASSED] - Delayed 3 second(s)

2018-08-21 17:41:09 - [TEST_STEP][PASSED] - click: Object: 'Object Repository/Mes rapports Obj/CONTENU/click_Remove_text' is clicked on

2018-08-21 17:41:09 - [MESSAGE][PASSED] - Object: 'Object Repository/Mes rapports Obj/CONTENU/click_Remove_text' is clicked on

2018-08-21 17:41:09 - [TEST_STEP][PASSED] - setText: Text 'Afdeling ' is set on object 'Object Repository/Mes rapports Obj/CONTENU/input_Contenu_Selecteur'

2018-08-21 17:41:09 - [MESSAGE][PASSED] - Text 'Afdeling ' is set on object 'Object Repository/Mes rapports Obj/CONTENU/input_Contenu_Selecteur'

2018-08-21 17:41:09 - [TEST_STEP][PASSED] - delay: Delayed 3 second(s)

2018-08-21 17:41:12 - [MESSAGE][PASSED] - Delayed 3 second(s)

2018-08-21 17:41:12 - [TEST_STEP][PASSED] - click: Object: 'Object Repository/Mes rapports Obj/CONTENU/Selecteur Obj NL/Afdeling' is clicked on

2018-08-21 17:41:13 - [MESSAGE][PASSED] - Object: 'Object Repository/Mes rapports Obj/CONTENU/Selecteur Obj NL/Afdeling' is clicked on

2018-08-21 17:41:13 - [TEST_STEP][PASSED] - delay: Delayed 3 second(s)

2018-08-21 17:41:16 - [MESSAGE][PASSED] - Delayed 3 second(s)

2018-08-21 17:41:16 - [TEST_STEP][PASSED] - click: Object: 'Object Repository/Mes rapports Obj/CONTENU/click_Remove_text' is clicked on

2018-08-21 17:41:16 - [MESSAGE][PASSED] - Object: 'Object Repository/Mes rapports Obj/CONTENU/click_Remove_text' is clicked on

2018-08-21 17:41:16 - [TEST_STEP][PASSED] - setText: Text 'Datum in dienst' is set on object 'Object Repository/Mes rapports Obj/CONTENU/input_Contenu_Selecteur'

2018-08-21 17:41:16 - [MESSAGE][PASSED] - Text 'Datum in dienst' is set on object 'Object Repository/Mes rapports Obj/CONTENU/input_Contenu_Selecteur'

2018-08-21 17:41:16 - [TEST_STEP][PASSED] - delay: Delayed 3 second(s)

2018-08-21 17:41:19 - [MESSAGE][PASSED] - Delayed 3 second(s)

2018-08-21 17:41:19 - [TEST_STEP][PASSED] - click: Object: 'Object Repository/Mes rapports Obj/CONTENU/Selecteur Obj NL/Datum in dienst' is clicked on

2018-08-21 17:41:19 - [MESSAGE][PASSED] - Object: 'Object Repository/Mes rapports Obj/CONTENU/Selecteur Obj NL/Datum in dienst' is clicked on

2018-08-21 17:41:19 - [TEST_STEP][PASSED] - delay: Delayed 3 second(s)

2018-08-21 17:41:22 - [MESSAGE][PASSED] - Delayed 3 second(s)

2018-08-21 17:41:22 - [TEST_STEP][PASSED] - click: Object: 'Object Repository/Mes rapports Obj/CONTENU/click_Remove_text' is clicked on

2018-08-21 17:41:22 - [MESSAGE][PASSED] - Object: 'Object Repository/Mes rapports Obj/CONTENU/click_Remove_text' is clicked on

2018-08-21 17:41:22 - [TEST_STEP][PASSED] - setText: Text '0010 - gewerkte dag' is set on object 'Object Repository/Mes rapports Obj/CONTENU/input_Contenu_Selecteur'

2018-08-21 17:41:22 - [MESSAGE][PASSED] - Text '0010 - gewerkte dag' is set on object 'Object Repository/Mes rapports Obj/CONTENU/input_Contenu_Selecteur'

2018-08-21 17:41:22 - [TEST_STEP][PASSED] - delay: Delayed 3 second(s)

2018-08-21 17:41:25 - [MESSAGE][PASSED] - Delayed 3 second(s)

2018-08-21 17:41:25 - [TEST_STEP][PASSED] - click: Object: 'Object Repository/Mes rapports Obj/CONTENU/Selecteur Obj NL/0010 - gewerkte dag' is clicked on

2018-08-21 17:41:25 - [MESSAGE][PASSED] - Object: 'Object Repository/Mes rapports Obj/CONTENU/Selecteur Obj NL/0010 - gewerkte dag' is clicked on

2018-08-21 17:41:25 - [TEST_STEP][PASSED] - delay: Delayed 3 second(s)

2018-08-21 17:41:28 - [MESSAGE][PASSED] - Delayed 3 second(s)

2018-08-21 17:41:28 - [TEST_STEP][PASSED] - click: Object: 'Object Repository/Mes rapports Obj/CONTENU/click_Remove_text' is clicked on

2018-08-21 17:41:29 - [MESSAGE][PASSED] - Object: 'Object Repository/Mes rapports Obj/CONTENU/click_Remove_text' is clicked on

2018-08-21 17:41:29 - [TEST_STEP][PASSED] - setText: Text '1010 - prestaties' is set on object 'Object Repository/Mes rapports Obj/CONTENU/input_Contenu_Selecteur'

2018-08-21 17:41:29 - [MESSAGE][PASSED] - Text '1010 - prestaties' is set on object 'Object Repository/Mes rapports Obj/CONTENU/input_Contenu_Selecteur'

2018-08-21 17:41:29 - [TEST_STEP][PASSED] - delay: Delayed 3 second(s)

2018-08-21 17:41:32 - [MESSAGE][PASSED] - Delayed 3 second(s)

2018-08-21 17:41:32 - [TEST_STEP][PASSED] - click: Object: 'Object Repository/Mes rapports Obj/CONTENU/Selecteur Obj NL/1010 - prestaties' is clicked on

2018-08-21 17:41:32 - [MESSAGE][PASSED] - Object: 'Object Repository/Mes rapports Obj/CONTENU/Selecteur Obj NL/1010 - prestaties' is clicked on

2018-08-21 17:41:32 - [TEST_STEP][PASSED] - delay: Delayed 3 second(s)

2018-08-21 17:41:35 - [MESSAGE][PASSED] - Delayed 3 second(s)

2018-08-21 17:41:35 - [TEST_STEP][PASSED] - click: Object: 'Object Repository/Mes rapports Obj/CONTENU/click_Remove_text' is clicked on

2018-08-21 17:41:35 - [MESSAGE][PASSED] - Object: 'Object Repository/Mes rapports Obj/CONTENU/click_Remove_text' is clicked on

2018-08-21 17:41:35 - [TEST_STEP][PASSED] - setText: Text '7010 - aantal gewerkte uren' is set on object 'Object Repository/Mes rapports Obj/CONTENU/input_Contenu_Selecteur'

2018-08-21 17:41:36 - [MESSAGE][PASSED] - Text '7010 - aantal gewerkte uren' is set on object 'Object Repository/Mes rapports Obj/CONTENU/input_Contenu_Selecteur'

2018-08-21 17:41:36 - [TEST_STEP][PASSED] - delay: Delayed 3 second(s)

2018-08-21 17:41:39 - [MESSAGE][PASSED] - Delayed 3 second(s)

2018-08-21 17:41:39 - [TEST_STEP][PASSED] - click: Object: 'Object Repository/Mes rapports Obj/CONTENU/Selecteur Obj NL/7010 - aantal gewerkte uren' is clicked on

2018-08-21 17:41:39 - [MESSAGE][PASSED] - Object: 'Object Repository/Mes rapports Obj/CONTENU/Selecteur Obj NL/7010 - aantal gewerkte uren' is clicked on

2018-08-21 17:41:39 - [TEST_STEP][PASSED] - delay: Delayed 3 second(s)

2018-08-21 17:41:42 - [MESSAGE][PASSED] - Delayed 3 second(s)

2018-08-21 17:41:42 - [TEST_STEP][PASSED] - click: Object: 'Object Repository/Mes rapports Obj/CONTENU/click_Remove_text' is clicked on

2018-08-21 17:41:42 - [MESSAGE][PASSED] - Object: 'Object Repository/Mes rapports Obj/CONTENU/click_Remove_text' is clicked on

2018-08-21 17:41:42 - [MESSAGE][PASSED] - Call Test Case 'Test Cases/Mes rapports/Mes rapports - CONTENU/TC Verify input field' successfully

2018-08-21 17:41:42 - [TEST_STEP][PASSED] - callTestCase: Call Test Case 'Test Cases/Verify URL/TC Verify Url' successfully

2018-08-21 17:41:42 - [TEST_CASE][PASSED] - Test Cases/Verify URL/TC Verify Url: Test Cases/Verify URL/TC Verify Url

2018-08-21 17:41:42 - [TEST_STEP][PASSED] - waitForPageLoad: Wait for page load successfully

2018-08-21 17:41:42 - [MESSAGE][PASSED] - Wait for page load successfully

2018-08-21 17:41:42 - [TEST_STEP][PASSED] - Statement - url = com.kms.katalon.core.webui.keyword.WebUiBuiltInKeywords.getUrl(): Current window's url is: 'https://internet.acc.sd.dika.be/ebloxreporting/web.sensitive/main/FpyDF/iIz9g8MffKNXfNyb1H/NL/#/definitie/wizard/extern/index/28175/inhoud/323100/7'

2018-08-21 17:41:42 - [MESSAGE][PASSED] - Current window's url is: 'https://internet.acc.sd.dika.be/ebloxreporting/web.sensitive/main/FpyDF/iIz9g8MffKNXfNyb1H/NL/#/definitie/wizard/extern/index/28175/inhoud/323100/7'

2018-08-21 17:41:42 - [TEST_STEP][PASSED] - Statement - p = java.util.regex.Pattern.compile("00040 ANTILOPE GROEP"): null

2018-08-21 17:41:42 - [TEST_STEP][PASSED] - Statement - m = p.matcher(url): null

2018-08-21 17:41:42 - [TEST_STEP][PASSED] - Statement - If (m.find()): null

2018-08-21 17:41:42 - [TEST_STEP][PASSED] - Statement - Else: The user name and the concern number are not present in the URL

2018-08-21 17:41:42 - [TEST_STEP][PASSED] - Statement - com.kms.katalon.core.util.KeywordUtil.markPassed("The user name and the concern number are not present in the URL"): The user name and the concern number are not present in the URL

2018-08-21 17:41:42 - [MESSAGE][PASSED] - The user name and the concern number are not present in the URL

2018-08-21 17:41:42 - [MESSAGE][PASSED] - Call Test Case 'Test Cases/Verify URL/TC Verify Url' successfully

2018-08-21 17:41:42 - [TEST_STEP][PASSED] - callTestCase: Call Test Case 'Test Cases/Mes rapports/TC Verify the next button arrow' successfully

2018-08-21 17:41:42 - [TEST_CASE][PASSED] - Test Cases/Mes rapports/TC Verify the next button arrow: Test Cases/Mes rapports/TC Verify the next button arrow

2018-08-21 17:41:42 - [TEST_STEP][PASSED] - waitForElementClickable: Object 'Object Repository/Mes rapports Obj/button_Next_Arrow' is clickable

2018-08-21 17:41:42 - [MESSAGE][PASSED] - Object 'Object Repository/Mes rapports Obj/button_Next_Arrow' is clickable

2018-08-21 17:41:42 - [TEST_STEP][PASSED] - click: Object: 'Object Repository/Mes rapports Obj/button_Next_Arrow' is clicked on

2018-08-21 17:41:42 - [MESSAGE][PASSED] - Object: 'Object Repository/Mes rapports Obj/button_Next_Arrow' is clicked on

2018-08-21 17:41:42 - [TEST_STEP][PASSED] - delay: Delayed 5 second(s)

2018-08-21 17:41:47 - [MESSAGE][PASSED] - Delayed 5 second(s)

2018-08-21 17:41:47 - [MESSAGE][PASSED] - Call Test Case 'Test Cases/Mes rapports/TC Verify the next button arrow' successfully

2018-08-21 17:41:47 - [TEST_STEP][PASSED] - waitForPageLoad: Wait for page load successfully

2018-08-21 17:41:47 - [MESSAGE][PASSED] - Wait for page load successfully

2018-08-21 17:41:47 - [TEST_STEP][FAILED] - callTestCase: Unable to call Test Case with id 'Test Cases/Mes rapports/Mes rapports - SELECTION/Verify if checkbox is checked/TC 2 VErify Dossier and Groupe checkBox  is checked' (Root cause: Call Test Case 'Test Cases/Mes rapports/Mes rapports - SELECTION/Verify if checkbox is checked/TC 2 VErify Dossier and Groupe checkBox  is checked' failed)

2018-08-21 17:41:47 - [TEST_CASE][FAILED] - Test Cases/Mes rapports/Mes rapports - SELECTION/Verify if checkbox is checked/TC 2 VErify Dossier and Groupe checkBox  is checked: Test Cases/Mes rapports/Mes rapports - SELECTION/Verify if checkbox is checked/TC 2 VErify Dossier and Groupe checkBox  is checked FAILED because (of) Unable to check object 'Object Repository/Mes rapports Obj/SELECTION/Dossier and Groupe checkbox' (Root cause: com.kms.katalon.core.webui.exception.WebElementNotFoundException: Web element with id: 'Object Repository/Mes rapports Obj/SELECTION/Dossier and Groupe checkbox' located by 'By.xpath: //*[@id="wizard-page"]/div[2]/div/div/div/div/div[1]/div[2]/div/div/form/div/div/div[2]/div/span/label/input' not found)

2018-08-21 17:41:48 - [TEST_STEP][FAILED] - check: Unable to check object 'Object Repository/Mes rapports Obj/SELECTION/Dossier and Groupe checkbox' (Root cause: com.kms.katalon.core.webui.exception.WebElementNotFoundException: Web element with id: 'Object Repository/Mes rapports Obj/SELECTION/Dossier and Groupe checkbox' located by 'By.xpath: //*[@id="wizard-page"]/div[2]/div/div/div/div/div[1]/div[2]/div/div/form/div/div/div[2]/div/span/label/input' not found)

2018-08-21 17:42:20 - [MESSAGE][FAILED] - Unable to check object 'Object Repository/Mes rapports Obj/SELECTION/Dossier and Groupe checkbox' (Root cause: com.kms.katalon.core.webui.exception.WebElementNotFoundException: Web element with id: 'Object Repository/Mes rapports Obj/SELECTION/Dossier and Groupe checkbox' located by 'By.xpath: //*[@id="wizard-page"]/div[2]/div/div/div/div/div[1]/div[2]/div/div/form/div/div/div[2]/div/span/label/input' not found)
[[ATTACHMENT|C:\\Users\\seeboruts\\OneDrive - SD Worx\\Desktop\\Katalon_eBlox_Reporting\\Reports\\testing\\Demo\\20180821_170803\\1534858940296.png]]

2018-08-21 17:42:20 - [MESSAGE][FAILED] - Unable to call Test Case with id 'Test Cases/Mes rapports/Mes rapports - SELECTION/Verify if checkbox is checked/TC 2 VErify Dossier and Groupe checkBox  is checked' (Root cause: Call Test Case 'Test Cases/Mes rapports/Mes rapports - SELECTION/Verify if checkbox is checked/TC 2 VErify Dossier and Groupe checkBox  is checked' failed)]]></system-out>
         <system-err><![CDATA[2018-08-21 17:39:53 - [TEST_CASE][FAILED] - Test Cases/New Folder/TC2 NEW: Test Cases/New Folder/TC2 NEW FAILED because (of) Unable to check object 'Object Repository/Mes rapports Obj/SELECTION/Dossier and Groupe checkbox' (Root cause: com.kms.katalon.core.webui.exception.WebElementNotFoundException: Web element with id: 'Object Repository/Mes rapports Obj/SELECTION/Dossier and Groupe checkbox' located by 'By.xpath: //*[@id="wizard-page"]/div[2]/div/div/div/div/div[1]/div[2]/div/div/form/div/div/div[2]/div/span/label/input' not found)]]></system-err>
      </testcase>
      <testcase name="Test Cases/New Folder/TC16 HISTORIC WITHOUT" classname="Test Cases/New Folder/TC16 HISTORIC WITHOUT" status="PASSED">
         <system-out><![CDATA[2018-08-21 17:42:20 - [TEST_CASE][PASSED] - Test Cases/New Folder/TC16 HISTORIC WITHOUT: Test Cases/New Folder/TC16 HISTORIC WITHOUT

2018-08-21 17:42:20 - [TEST_STEP][PASSED] - callTestCase: Call Test Case 'Test Cases/Login/TC1 Login to Mysdworx' successfully

2018-08-21 17:42:20 - [TEST_CASE][PASSED] - Test Cases/Login/TC1 Login to Mysdworx: Test Cases/Login/TC1 Login to Mysdworx

2018-08-21 17:42:20 - [TEST_STEP][PASSED] - openBrowser: Browser is opened with url: ''

2018-08-21 17:42:20 - [MESSAGE][WARNING] - A browser is already opened. Closing browser and opening a new one

2018-08-21 17:42:23 - [MESSAGE][PASSED] - Browser is opened with url: ''

2018-08-21 17:42:23 - [TEST_STEP][PASSED] - navigateToUrl: Navigate to 'https://internet.acc.sd.dika.be/ebloxreporting/web.sensitive/main/?lang=fr' successfully

2018-08-21 17:42:28 - [MESSAGE][PASSED] - Navigate to 'https://internet.acc.sd.dika.be/ebloxreporting/web.sensitive/main/?lang=fr' successfully

2018-08-21 17:42:28 - [TEST_STEP][PASSED] - maximizeWindow: Current window maximized

2018-08-21 17:42:29 - [MESSAGE][PASSED] - Current window maximized

2018-08-21 17:42:29 - [TEST_STEP][PASSED] - setText: Text 'DP_EBLOX_RPP_VASCO' is set on object 'Object Repository/Page_mysdworx - Log in/input_Username'

2018-08-21 17:42:35 - [MESSAGE][PASSED] - Text 'DP_EBLOX_RPP_VASCO' is set on object 'Object Repository/Page_mysdworx - Log in/input_Username'

2018-08-21 17:42:35 - [TEST_STEP][PASSED] - Statement - frame = new javax.swing.JFrame(User Input Frame): null

2018-08-21 17:42:35 - [TEST_STEP][PASSED] - Statement - frame.requestFocus(): null

2018-08-21 17:42:35 - [TEST_STEP][PASSED] - Statement - pass = javax.swing.JOptionPane.showInputDialog(frame, "Enter the password from token!!"): null

2018-08-21 17:44:24 - [TEST_STEP][PASSED] - delay: Delayed 2 second(s)

2018-08-21 17:44:26 - [MESSAGE][PASSED] - Delayed 2 second(s)

2018-08-21 17:44:26 - [TEST_STEP][PASSED] - setText: Text '791702' is set on object 'Object Repository/Page_mysdworx - Log in/input_Password'

2018-08-21 17:44:26 - [MESSAGE][PASSED] - Text '791702' is set on object 'Object Repository/Page_mysdworx - Log in/input_Password'

2018-08-21 17:44:26 - [TEST_STEP][PASSED] - click: Object: 'Object Repository/Page_mysdworx - Log in/button_Se connecter' is clicked on

2018-08-21 17:44:26 - [MESSAGE][PASSED] - Object: 'Object Repository/Page_mysdworx - Log in/button_Se connecter' is clicked on

2018-08-21 17:44:26 - [TEST_STEP][PASSED] - waitForPageLoad: Wait for page load successfully

2018-08-21 17:44:26 - [MESSAGE][PASSED] - Wait for page load successfully

2018-08-21 17:44:26 - [TEST_STEP][NOT_RUN] - closeBrowser: NOT_RUN: closeBrowser

2018-08-21 17:44:26 - [MESSAGE][NOT_RUN] - NOT_RUN: closeBrowser

2018-08-21 17:44:26 - [MESSAGE][PASSED] - Call Test Case 'Test Cases/Login/TC1 Login to Mysdworx' successfully

2018-08-21 17:44:26 - [TEST_STEP][PASSED] - waitForPageLoad: Wait for page load successfully

2018-08-21 17:44:26 - [MESSAGE][PASSED] - Wait for page load successfully

2018-08-21 17:44:26 - [TEST_STEP][PASSED] - callTestCase: Call Test Case 'Test Cases/Select Language/TC1 Verify NL language' successfully

2018-08-21 17:44:26 - [TEST_CASE][PASSED] - Test Cases/Select Language/TC1 Verify NL language: Test Cases/Select Language/TC1 Verify NL language

2018-08-21 17:44:26 - [TEST_STEP][PASSED] - waitForElementClickable: Object 'Object Repository/Change language link Obj/NL_language' is clickable

2018-08-21 17:44:52 - [MESSAGE][PASSED] - Object 'Object Repository/Change language link Obj/NL_language' is clickable

2018-08-21 17:44:52 - [TEST_STEP][PASSED] - click: Object: 'Object Repository/Change language link Obj/NL_language' is clicked on

2018-08-21 17:45:00 - [MESSAGE][PASSED] - Object: 'Object Repository/Change language link Obj/NL_language' is clicked on

2018-08-21 17:45:00 - [TEST_STEP][PASSED] - waitForPageLoad: Wait for page load successfully

2018-08-21 17:45:00 - [MESSAGE][PASSED] - Wait for page load successfully

2018-08-21 17:45:00 - [MESSAGE][PASSED] - Call Test Case 'Test Cases/Select Language/TC1 Verify NL language' successfully

2018-08-21 17:45:00 - [TEST_STEP][PASSED] - setText: Text 'REG HIST GROEP' is set on object 'Object Repository/Mes rapports Obj/input search filter'

2018-08-21 17:45:04 - [MESSAGE][PASSED] - Text 'REG HIST GROEP' is set on object 'Object Repository/Mes rapports Obj/input search filter'

2018-08-21 17:45:04 - [TEST_STEP][PASSED] - click: Object: 'Object Repository/Page_eBlox Reporting/Search_Icon' is clicked on

2018-08-21 17:45:04 - [MESSAGE][PASSED] - Object: 'Object Repository/Page_eBlox Reporting/Search_Icon' is clicked on

2018-08-21 17:45:04 - [TEST_STEP][PASSED] - Statement - myTestObject = new com.kms.katalon.core.testobject.TestObject(Select_report): null

2018-08-21 17:45:04 - [TEST_STEP][PASSED] - Statement - myTestObject.addProperty("xpath", EQUALS, "//span[@text='REG HIST GROEP']"): null

2018-08-21 17:45:04 - [TEST_STEP][PASSED] - click: Object: 'Select_report' is clicked on

2018-08-21 17:45:04 - [MESSAGE][PASSED] - Object: 'Select_report' is clicked on

2018-08-21 17:45:04 - [TEST_STEP][PASSED] - waitForPageLoad: Wait for page load successfully

2018-08-21 17:45:04 - [MESSAGE][PASSED] - Wait for page load successfully

2018-08-21 17:45:04 - [TEST_STEP][PASSED] - Statement - inputDossier = com.kms.katalon.core.webui.keyword.WebUiBuiltInKeywords.modifyObjectProperty(com.kms.katalon.core.testobject.ObjectRepository.findTestObject(Mes rapports Obj/EXECUTION/Donnees calculees - Le code salarial apparait dans), "id", "contains", "s2id_autogen", true): Modify property of object successfully

2018-08-21 17:45:04 - [MESSAGE][PASSED] - Modify property of object successfully

2018-08-21 17:45:04 - [TEST_STEP][PASSED] - click: Object: 'Object Repository/Mes rapports Obj/EXECUTION/Donnees calculees - Le code salarial apparait dans' is clicked on

2018-08-21 17:45:07 - [MESSAGE][PASSED] - Object: 'Object Repository/Mes rapports Obj/EXECUTION/Donnees calculees - Le code salarial apparait dans' is clicked on

2018-08-21 17:45:07 - [TEST_STEP][PASSED] - Statement - myDonneeCalculees = new com.kms.katalon.core.testobject.TestObject(Select_donnee): null

2018-08-21 17:45:07 - [TEST_STEP][PASSED] - Statement - myDonneeCalculees.addProperty("xpath", EQUALS, "//div[@id='select2-drop']//ul[@class='select2-results']//li[@role='presentation']//div[contains(text(),'(alle looncodes)')]"): null

2018-08-21 17:45:07 - [TEST_STEP][PASSED] - click: Object: 'Select_donnee' is clicked on

2018-08-21 17:45:07 - [MESSAGE][PASSED] - Object: 'Select_donnee' is clicked on

2018-08-21 17:45:07 - [TEST_STEP][PASSED] - click: Object: 'Object Repository/Mes rapports Obj/SELECTION/Travailleur/Page_eBlox Reporting/New Test Object' is clicked on

2018-08-21 17:45:07 - [MESSAGE][PASSED] - Object: 'Object Repository/Mes rapports Obj/SELECTION/Travailleur/Page_eBlox Reporting/New Test Object' is clicked on

2018-08-21 17:45:07 - [TEST_STEP][PASSED] - click: Object: 'Object Repository/Mes rapports Obj/EXECUTION/Button executer' is clicked on

2018-08-21 17:45:07 - [MESSAGE][PASSED] - Object: 'Object Repository/Mes rapports Obj/EXECUTION/Button executer' is clicked on

2018-08-21 17:45:07 - [TEST_STEP][PASSED] - waitForPageLoad: Wait for page load successfully

2018-08-21 17:45:07 - [MESSAGE][PASSED] - Wait for page load successfully

2018-08-21 17:45:07 - [TEST_STEP][PASSED] - delay: Delayed 10 second(s)

2018-08-21 17:45:17 - [MESSAGE][PASSED] - Delayed 10 second(s)

2018-08-21 17:45:17 - [TEST_STEP][PASSED] - closeBrowser: Browser is closed

2018-08-21 17:45:18 - [MESSAGE][PASSED] - Browser is closed]]></system-out>
         <system-err><![CDATA[]]></system-err>
      </testcase>
      <testcase name="Test Cases/New Folder/TC13 DIVIDED BY 0" classname="Test Cases/New Folder/TC13 DIVIDED BY 0" status="FAILED">
         <failure type="FAILED" message="Unable to click on object 'Object Repository/Mes rapports Obj/EXECUTION/Description_Date de reference historique - Dernier jour mois precedent' (Root cause: org.openqa.selenium.ElementNotVisibleException: element not visible
  (Session info: chrome=68.0.3440.106)
  (Driver info: chromedriver=2.35.528161 (5b82f2d2aae0ca24b877009200ced9065a772e73),platform=Windows NT 10.0.16299 x86_64) (WARNING: The server did not provide any stacktrace information)
Command duration or timeout: 0 milliseconds
Build info: version: '3.7.1', revision: '8a0099a', time: '2017-11-06T21:07:36.161Z'
System info: host: '5CG7062KWD', ip: '10.136.82.137', os.name: 'Windows 10', os.arch: 'amd64', os.version: '10.0', java.version: '1.8.0_181'
Driver info: com.kms.katalon.selenium.driver.CChromeDriver
Capabilities {acceptInsecureCerts: false, acceptSslCerts: false, applicationCacheEnabled: false, browserConnectionEnabled: false, browserName: chrome, chrome: {chromedriverVersion: 2.35.528161 (5b82f2d2aae0ca..., userDataDir: C:\Users\SEEBOR~1\AppData\L...}, cssSelectorsEnabled: true, databaseEnabled: false, handlesAlerts: true, hasTouchScreen: false, javascriptEnabled: true, locationContextEnabled: true, mobileEmulationEnabled: false, nativeEvents: true, networkConnectionEnabled: false, pageLoadStrategy: normal, platform: XP, platformName: XP, rotatable: false, setWindowRect: true, takesHeapSnapshot: true, takesScreenshot: true, unexpectedAlertBehaviour: , unhandledPromptBehavior: , version: 68.0.3440.106, webStorageEnabled: true}
Session ID: b7a11473a33d85889f119db229ec6e72)"/>
         <system-out><![CDATA[2018-08-21 17:45:18 - [TEST_CASE][FAILED] - Test Cases/New Folder/TC13 DIVIDED BY 0: Test Cases/New Folder/TC13 DIVIDED BY 0 FAILED because (of) Unable to click on object 'Object Repository/Mes rapports Obj/EXECUTION/Description_Date de reference historique - Dernier jour mois precedent' (Root cause: org.openqa.selenium.ElementNotVisibleException: element not visible
  (Session info: chrome=68.0.3440.106)
  (Driver info: chromedriver=2.35.528161 (5b82f2d2aae0ca24b877009200ced9065a772e73),platform=Windows NT 10.0.16299 x86_64) (WARNING: The server did not provide any stacktrace information)
Command duration or timeout: 0 milliseconds
Build info: version: '3.7.1', revision: '8a0099a', time: '2017-11-06T21:07:36.161Z'
System info: host: '5CG7062KWD', ip: '10.136.82.137', os.name: 'Windows 10', os.arch: 'amd64', os.version: '10.0', java.version: '1.8.0_181'
Driver info: com.kms.katalon.selenium.driver.CChromeDriver
Capabilities {acceptInsecureCerts: false, acceptSslCerts: false, applicationCacheEnabled: false, browserConnectionEnabled: false, browserName: chrome, chrome: {chromedriverVersion: 2.35.528161 (5b82f2d2aae0ca..., userDataDir: C:\Users\SEEBOR~1\AppData\L...}, cssSelectorsEnabled: true, databaseEnabled: false, handlesAlerts: true, hasTouchScreen: false, javascriptEnabled: true, locationContextEnabled: true, mobileEmulationEnabled: false, nativeEvents: true, networkConnectionEnabled: false, pageLoadStrategy: normal, platform: XP, platformName: XP, rotatable: false, setWindowRect: true, takesHeapSnapshot: true, takesScreenshot: true, unexpectedAlertBehaviour: , unhandledPromptBehavior: , version: 68.0.3440.106, webStorageEnabled: true}
Session ID: b7a11473a33d85889f119db229ec6e72)

2018-08-21 17:45:18 - [TEST_STEP][PASSED] - callTestCase: Call Test Case 'Test Cases/Login/TC1 Login to Mysdworx' successfully

2018-08-21 17:45:18 - [TEST_CASE][PASSED] - Test Cases/Login/TC1 Login to Mysdworx: Test Cases/Login/TC1 Login to Mysdworx

2018-08-21 17:45:18 - [TEST_STEP][PASSED] - openBrowser: Browser is opened with url: ''

2018-08-21 17:45:20 - [MESSAGE][PASSED] - Browser is opened with url: ''

2018-08-21 17:45:20 - [TEST_STEP][PASSED] - navigateToUrl: Navigate to 'https://internet.acc.sd.dika.be/ebloxreporting/web.sensitive/main/?lang=fr' successfully

2018-08-21 17:45:25 - [MESSAGE][PASSED] - Navigate to 'https://internet.acc.sd.dika.be/ebloxreporting/web.sensitive/main/?lang=fr' successfully

2018-08-21 17:45:25 - [TEST_STEP][PASSED] - maximizeWindow: Current window maximized

2018-08-21 17:45:26 - [MESSAGE][PASSED] - Current window maximized

2018-08-21 17:45:26 - [TEST_STEP][PASSED] - setText: Text 'DP_EBLOX_RPP_VASCO' is set on object 'Object Repository/Page_mysdworx - Log in/input_Username'

2018-08-21 17:45:31 - [MESSAGE][PASSED] - Text 'DP_EBLOX_RPP_VASCO' is set on object 'Object Repository/Page_mysdworx - Log in/input_Username'

2018-08-21 17:45:31 - [TEST_STEP][PASSED] - Statement - frame = new javax.swing.JFrame(User Input Frame): null

2018-08-21 17:45:31 - [TEST_STEP][PASSED] - Statement - frame.requestFocus(): null

2018-08-21 17:45:31 - [TEST_STEP][PASSED] - Statement - pass = javax.swing.JOptionPane.showInputDialog(frame, "Enter the password from token!!"): null

2018-08-21 17:49:37 - [TEST_STEP][PASSED] - delay: Delayed 2 second(s)

2018-08-21 17:49:39 - [MESSAGE][PASSED] - Delayed 2 second(s)

2018-08-21 17:49:39 - [TEST_STEP][PASSED] - setText: Text '5515219' is set on object 'Object Repository/Page_mysdworx - Log in/input_Password'

2018-08-21 17:49:39 - [MESSAGE][PASSED] - Text '5515219' is set on object 'Object Repository/Page_mysdworx - Log in/input_Password'

2018-08-21 17:49:39 - [TEST_STEP][PASSED] - click: Object: 'Object Repository/Page_mysdworx - Log in/button_Se connecter' is clicked on

2018-08-21 17:49:40 - [MESSAGE][PASSED] - Object: 'Object Repository/Page_mysdworx - Log in/button_Se connecter' is clicked on

2018-08-21 17:49:40 - [TEST_STEP][PASSED] - waitForPageLoad: Wait for page load successfully

2018-08-21 17:49:40 - [MESSAGE][PASSED] - Wait for page load successfully

2018-08-21 17:49:40 - [TEST_STEP][NOT_RUN] - closeBrowser: NOT_RUN: closeBrowser

2018-08-21 17:49:40 - [MESSAGE][NOT_RUN] - NOT_RUN: closeBrowser

2018-08-21 17:49:40 - [MESSAGE][PASSED] - Call Test Case 'Test Cases/Login/TC1 Login to Mysdworx' successfully

2018-08-21 17:49:40 - [TEST_STEP][PASSED] - waitForPageLoad: Wait for page load successfully

2018-08-21 17:49:40 - [MESSAGE][PASSED] - Wait for page load successfully

2018-08-21 17:49:40 - [TEST_STEP][PASSED] - callTestCase: Call Test Case 'Test Cases/Select Language/TC1 Verify NL language' successfully

2018-08-21 17:49:40 - [TEST_CASE][PASSED] - Test Cases/Select Language/TC1 Verify NL language: Test Cases/Select Language/TC1 Verify NL language

2018-08-21 17:49:40 - [TEST_STEP][PASSED] - waitForElementClickable: Web element with id: 'Object Repository/Change language link Obj/NL_language' located by 'By.xpath: id("navbar-anchor")/div[@class="nav nav-navbar"]/div[@class="user-info navbar-right hidden-xs"]/div[@class="user-actions"]/rapp-language-switcher[@class="ng-isolate-scope"]/ul[@class="list-inline list-unstyled lang"]/li[@class="ng-scope"]/a[@class="ng-binding"][count(. | //a[@ng-click = 'changeLanguageVm.switchPageToLanguage(lang)' and (text() = '
            NL   
        ' or . = '
            NL   
        ')]) = count(//a[@ng-click = 'changeLanguageVm.switchPageToLanguage(lang)' and (text() = '
            NL   
        ' or . = '
            NL   
        ')])]' not found

2018-08-21 17:50:32 - [MESSAGE][WARNING] - Web element with id: 'Object Repository/Change language link Obj/NL_language' located by 'By.xpath: id("navbar-anchor")/div[@class="nav nav-navbar"]/div[@class="user-info navbar-right hidden-xs"]/div[@class="user-actions"]/rapp-language-switcher[@class="ng-isolate-scope"]/ul[@class="list-inline list-unstyled lang"]/li[@class="ng-scope"]/a[@class="ng-binding"][count(. | //a[@ng-click = 'changeLanguageVm.switchPageToLanguage(lang)' and (text() = '
            NL   
        ' or . = '
            NL   
        ')]) = count(//a[@ng-click = 'changeLanguageVm.switchPageToLanguage(lang)' and (text() = '
            NL   
        ' or . = '
            NL   
        ')])]' not found

2018-08-21 17:50:32 - [TEST_STEP][PASSED] - click: Object: 'Object Repository/Change language link Obj/NL_language' is clicked on

2018-08-21 17:50:51 - [MESSAGE][PASSED] - Object: 'Object Repository/Change language link Obj/NL_language' is clicked on

2018-08-21 17:50:51 - [TEST_STEP][PASSED] - waitForPageLoad: Wait for page load successfully

2018-08-21 17:50:51 - [MESSAGE][PASSED] - Wait for page load successfully

2018-08-21 17:50:51 - [MESSAGE][PASSED] - Call Test Case 'Test Cases/Select Language/TC1 Verify NL language' successfully

2018-08-21 17:50:51 - [TEST_STEP][PASSED] - waitForPageLoad: Wait for page load successfully

2018-08-21 17:50:51 - [MESSAGE][PASSED] - Wait for page load successfully

2018-08-21 17:50:51 - [TEST_STEP][PASSED] - setText: Text 'REG BEWERKING 0' is set on object 'Object Repository/Mes rapports Obj/input search filter'

2018-08-21 17:50:56 - [MESSAGE][PASSED] - Text 'REG BEWERKING 0' is set on object 'Object Repository/Mes rapports Obj/input search filter'

2018-08-21 17:50:56 - [TEST_STEP][PASSED] - click: Object: 'Object Repository/Page_eBlox Reporting/Search_Icon' is clicked on

2018-08-21 17:50:56 - [MESSAGE][PASSED] - Object: 'Object Repository/Page_eBlox Reporting/Search_Icon' is clicked on

2018-08-21 17:50:56 - [TEST_STEP][PASSED] - Statement - myTestObject = new com.kms.katalon.core.testobject.TestObject(Select_report): null

2018-08-21 17:50:56 - [TEST_STEP][PASSED] - Statement - myTestObject.addProperty("xpath", EQUALS, "//span[@text='REG BEWERKING']"): null

2018-08-21 17:50:56 - [TEST_STEP][PASSED] - click: Object: 'Select_report' is clicked on

2018-08-21 17:50:57 - [MESSAGE][PASSED] - Object: 'Select_report' is clicked on

2018-08-21 17:50:57 - [TEST_STEP][PASSED] - waitForPageLoad: Wait for page load successfully

2018-08-21 17:50:57 - [MESSAGE][PASSED] - Wait for page load successfully

2018-08-21 17:50:57 - [TEST_STEP][PASSED] - delay: Delayed 2 second(s)

2018-08-21 17:50:59 - [MESSAGE][PASSED] - Delayed 2 second(s)

2018-08-21 17:50:59 - [TEST_STEP][PASSED] - click: Object: 'Object Repository/Mes rapports Obj/EXECUTION/Description _Date de reference historique' is clicked on

2018-08-21 17:51:02 - [MESSAGE][PASSED] - Object: 'Object Repository/Mes rapports Obj/EXECUTION/Description _Date de reference historique' is clicked on

2018-08-21 17:51:02 - [TEST_STEP][PASSED] - delay: Delayed 2 second(s)

2018-08-21 17:51:04 - [MESSAGE][PASSED] - Delayed 2 second(s)

2018-08-21 17:51:04 - [TEST_STEP][FAILED] - click: Unable to click on object 'Object Repository/Mes rapports Obj/EXECUTION/Description_Date de reference historique - Dernier jour mois precedent' (Root cause: org.openqa.selenium.ElementNotVisibleException: element not visible
  (Session info: chrome=68.0.3440.106)
  (Driver info: chromedriver=2.35.528161 (5b82f2d2aae0ca24b877009200ced9065a772e73),platform=Windows NT 10.0.16299 x86_64) (WARNING: The server did not provide any stacktrace information)
Command duration or timeout: 0 milliseconds
Build info: version: '3.7.1', revision: '8a0099a', time: '2017-11-06T21:07:36.161Z'
System info: host: '5CG7062KWD', ip: '10.136.82.137', os.name: 'Windows 10', os.arch: 'amd64', os.version: '10.0', java.version: '1.8.0_181'
Driver info: com.kms.katalon.selenium.driver.CChromeDriver
Capabilities {acceptInsecureCerts: false, acceptSslCerts: false, applicationCacheEnabled: false, browserConnectionEnabled: false, browserName: chrome, chrome: {chromedriverVersion: 2.35.528161 (5b82f2d2aae0ca..., userDataDir: C:\Users\SEEBOR~1\AppData\L...}, cssSelectorsEnabled: true, databaseEnabled: false, handlesAlerts: true, hasTouchScreen: false, javascriptEnabled: true, locationContextEnabled: true, mobileEmulationEnabled: false, nativeEvents: true, networkConnectionEnabled: false, pageLoadStrategy: normal, platform: XP, platformName: XP, rotatable: false, setWindowRect: true, takesHeapSnapshot: true, takesScreenshot: true, unexpectedAlertBehaviour: , unhandledPromptBehavior: , version: 68.0.3440.106, webStorageEnabled: true}
Session ID: b7a11473a33d85889f119db229ec6e72)

2018-08-21 17:51:05 - [MESSAGE][FAILED] - Unable to click on object 'Object Repository/Mes rapports Obj/EXECUTION/Description_Date de reference historique - Dernier jour mois precedent' (Root cause: org.openqa.selenium.ElementNotVisibleException: element not visible
  (Session info: chrome=68.0.3440.106)
  (Driver info: chromedriver=2.35.528161 (5b82f2d2aae0ca24b877009200ced9065a772e73),platform=Windows NT 10.0.16299 x86_64) (WARNING: The server did not provide any stacktrace information)
Command duration or timeout: 0 milliseconds
Build info: version: '3.7.1', revision: '8a0099a', time: '2017-11-06T21:07:36.161Z'
System info: host: '5CG7062KWD', ip: '10.136.82.137', os.name: 'Windows 10', os.arch: 'amd64', os.version: '10.0', java.version: '1.8.0_181'
Driver info: com.kms.katalon.selenium.driver.CChromeDriver
Capabilities {acceptInsecureCerts: false, acceptSslCerts: false, applicationCacheEnabled: false, browserConnectionEnabled: false, browserName: chrome, chrome: {chromedriverVersion: 2.35.528161 (5b82f2d2aae0ca..., userDataDir: C:\Users\SEEBOR~1\AppData\L...}, cssSelectorsEnabled: true, databaseEnabled: false, handlesAlerts: true, hasTouchScreen: false, javascriptEnabled: true, locationContextEnabled: true, mobileEmulationEnabled: false, nativeEvents: true, networkConnectionEnabled: false, pageLoadStrategy: normal, platform: XP, platformName: XP, rotatable: false, setWindowRect: true, takesHeapSnapshot: true, takesScreenshot: true, unexpectedAlertBehaviour: , unhandledPromptBehavior: , version: 68.0.3440.106, webStorageEnabled: true}
Session ID: b7a11473a33d85889f119db229ec6e72)
[[ATTACHMENT|C:\\Users\\seeboruts\\OneDrive - SD Worx\\Desktop\\Katalon_eBlox_Reporting\\Reports\\testing\\Demo\\20180821_170803\\1534859464616.png]]]]></system-out>
         <system-err><![CDATA[2018-08-21 17:45:18 - [TEST_CASE][FAILED] - Test Cases/New Folder/TC13 DIVIDED BY 0: Test Cases/New Folder/TC13 DIVIDED BY 0 FAILED because (of) Unable to click on object 'Object Repository/Mes rapports Obj/EXECUTION/Description_Date de reference historique - Dernier jour mois precedent' (Root cause: org.openqa.selenium.ElementNotVisibleException: element not visible
  (Session info: chrome=68.0.3440.106)
  (Driver info: chromedriver=2.35.528161 (5b82f2d2aae0ca24b877009200ced9065a772e73),platform=Windows NT 10.0.16299 x86_64) (WARNING: The server did not provide any stacktrace information)
Command duration or timeout: 0 milliseconds
Build info: version: '3.7.1', revision: '8a0099a', time: '2017-11-06T21:07:36.161Z'
System info: host: '5CG7062KWD', ip: '10.136.82.137', os.name: 'Windows 10', os.arch: 'amd64', os.version: '10.0', java.version: '1.8.0_181'
Driver info: com.kms.katalon.selenium.driver.CChromeDriver
Capabilities {acceptInsecureCerts: false, acceptSslCerts: false, applicationCacheEnabled: false, browserConnectionEnabled: false, browserName: chrome, chrome: {chromedriverVersion: 2.35.528161 (5b82f2d2aae0ca..., userDataDir: C:\Users\SEEBOR~1\AppData\L...}, cssSelectorsEnabled: true, databaseEnabled: false, handlesAlerts: true, hasTouchScreen: false, javascriptEnabled: true, locationContextEnabled: true, mobileEmulationEnabled: false, nativeEvents: true, networkConnectionEnabled: false, pageLoadStrategy: normal, platform: XP, platformName: XP, rotatable: false, setWindowRect: true, takesHeapSnapshot: true, takesScreenshot: true, unexpectedAlertBehaviour: , unhandledPromptBehavior: , version: 68.0.3440.106, webStorageEnabled: true}
Session ID: b7a11473a33d85889f119db229ec6e72)]]></system-err>
      </testcase>
      <testcase name="Test Cases/New Folder/TC11 INTERNAL" classname="Test Cases/New Folder/TC11 INTERNAL" status="FAILED">
         <failure type="FAILED" message="Unable to click on object 'Select_concern_number' (Root cause: com.kms.katalon.core.webui.exception.WebElementNotFoundException: Web element with id: 'Select_concern_number' located by 'By.xpath: //a[@ui-sref='admin.concernInfo.detail({id:concern.concernNr})']//span[contains(text(),'00040')]' not found)"/>
         <system-out><![CDATA[2018-08-21 17:51:05 - [TEST_CASE][FAILED] - Test Cases/New Folder/TC11 INTERNAL: Test Cases/New Folder/TC11 INTERNAL FAILED because (of) Unable to click on object 'Select_concern_number' (Root cause: com.kms.katalon.core.webui.exception.WebElementNotFoundException: Web element with id: 'Select_concern_number' located by 'By.xpath: //a[@ui-sref='admin.concernInfo.detail({id:concern.concernNr})']//span[contains(text(),'00040')]' not found)

2018-08-21 17:51:05 - [TEST_STEP][PASSED] - callTestCase: Call Test Case 'Test Cases/Login/TC1 Login to Mysdworx' successfully

2018-08-21 17:51:05 - [TEST_CASE][PASSED] - Test Cases/Login/TC1 Login to Mysdworx: Test Cases/Login/TC1 Login to Mysdworx

2018-08-21 17:51:05 - [TEST_STEP][PASSED] - openBrowser: Browser is opened with url: ''

2018-08-21 17:51:05 - [MESSAGE][WARNING] - A browser is already opened. Closing browser and opening a new one

2018-08-21 17:51:08 - [MESSAGE][PASSED] - Browser is opened with url: ''

2018-08-21 17:51:08 - [TEST_STEP][PASSED] - navigateToUrl: Navigate to 'https://internet.acc.sd.dika.be/ebloxreporting/web.sensitive/main/?lang=fr' successfully

2018-08-21 17:51:13 - [MESSAGE][PASSED] - Navigate to 'https://internet.acc.sd.dika.be/ebloxreporting/web.sensitive/main/?lang=fr' successfully

2018-08-21 17:51:13 - [TEST_STEP][PASSED] - maximizeWindow: Current window maximized

2018-08-21 17:51:14 - [MESSAGE][PASSED] - Current window maximized

2018-08-21 17:51:14 - [TEST_STEP][PASSED] - setText: Text 'DP_EBLOX_RPP_VASCO' is set on object 'Object Repository/Page_mysdworx - Log in/input_Username'

2018-08-21 17:51:20 - [MESSAGE][PASSED] - Text 'DP_EBLOX_RPP_VASCO' is set on object 'Object Repository/Page_mysdworx - Log in/input_Username'

2018-08-21 17:51:20 - [TEST_STEP][PASSED] - Statement - frame = new javax.swing.JFrame(User Input Frame): null

2018-08-21 17:51:20 - [TEST_STEP][PASSED] - Statement - frame.requestFocus(): null

2018-08-21 17:51:20 - [TEST_STEP][PASSED] - Statement - pass = javax.swing.JOptionPane.showInputDialog(frame, "Enter the password from token!!"): null

2018-08-21 17:51:30 - [TEST_STEP][PASSED] - delay: Delayed 2 second(s)

2018-08-21 17:51:32 - [MESSAGE][PASSED] - Delayed 2 second(s)

2018-08-21 17:51:32 - [TEST_STEP][PASSED] - setText: Text '732971' is set on object 'Object Repository/Page_mysdworx - Log in/input_Password'

2018-08-21 17:51:32 - [MESSAGE][PASSED] - Text '732971' is set on object 'Object Repository/Page_mysdworx - Log in/input_Password'

2018-08-21 17:51:32 - [TEST_STEP][PASSED] - click: Object: 'Object Repository/Page_mysdworx - Log in/button_Se connecter' is clicked on

2018-08-21 17:51:33 - [MESSAGE][PASSED] - Object: 'Object Repository/Page_mysdworx - Log in/button_Se connecter' is clicked on

2018-08-21 17:51:33 - [TEST_STEP][PASSED] - waitForPageLoad: Wait for page load successfully

2018-08-21 17:51:33 - [MESSAGE][PASSED] - Wait for page load successfully

2018-08-21 17:51:33 - [TEST_STEP][NOT_RUN] - closeBrowser: NOT_RUN: closeBrowser

2018-08-21 17:51:33 - [MESSAGE][NOT_RUN] - NOT_RUN: closeBrowser

2018-08-21 17:51:33 - [MESSAGE][PASSED] - Call Test Case 'Test Cases/Login/TC1 Login to Mysdworx' successfully

2018-08-21 17:51:33 - [TEST_STEP][PASSED] - waitForPageLoad: Wait for page load successfully

2018-08-21 17:51:33 - [MESSAGE][PASSED] - Wait for page load successfully

2018-08-21 17:51:33 - [TEST_STEP][PASSED] - callTestCase: Call Test Case 'Test Cases/Select Language/TC1 Verify NL language' successfully

2018-08-21 17:51:33 - [TEST_CASE][PASSED] - Test Cases/Select Language/TC1 Verify NL language: Test Cases/Select Language/TC1 Verify NL language

2018-08-21 17:51:33 - [TEST_STEP][PASSED] - waitForElementClickable: Object 'Object Repository/Change language link Obj/NL_language' is clickable

2018-08-21 17:51:56 - [MESSAGE][PASSED] - Object 'Object Repository/Change language link Obj/NL_language' is clickable

2018-08-21 17:51:56 - [TEST_STEP][PASSED] - click: Object: 'Object Repository/Change language link Obj/NL_language' is clicked on

2018-08-21 17:52:04 - [MESSAGE][PASSED] - Object: 'Object Repository/Change language link Obj/NL_language' is clicked on

2018-08-21 17:52:04 - [TEST_STEP][PASSED] - waitForPageLoad: Wait for page load successfully

2018-08-21 17:52:04 - [MESSAGE][PASSED] - Wait for page load successfully

2018-08-21 17:52:04 - [MESSAGE][PASSED] - Call Test Case 'Test Cases/Select Language/TC1 Verify NL language' successfully

2018-08-21 17:52:04 - [TEST_STEP][PASSED] - waitForPageLoad: Wait for page load successfully

2018-08-21 17:52:04 - [MESSAGE][PASSED] - Wait for page load successfully

2018-08-21 17:52:04 - [TEST_STEP][PASSED] - click: Object: 'Object Repository/Mes rapports Obj/New button dropdown' is clicked on

2018-08-21 17:52:07 - [MESSAGE][PASSED] - Object: 'Object Repository/Mes rapports Obj/New button dropdown' is clicked on

2018-08-21 17:52:07 - [TEST_STEP][PASSED] - click: Object: 'Object Repository/Mes rapports Obj/intern option' is clicked on

2018-08-21 17:52:07 - [MESSAGE][PASSED] - Object: 'Object Repository/Mes rapports Obj/intern option' is clicked on

2018-08-21 17:52:07 - [TEST_STEP][PASSED] - callTestCase: Call Test Case 'Test Cases/Mes rapports/Mes rapports - BASE DE RAPPORT/TC1  Verify radio button creer un tout nouveau rapport' successfully

2018-08-21 17:52:07 - [TEST_CASE][PASSED] - Test Cases/Mes rapports/Mes rapports - BASE DE RAPPORT/TC1  Verify radio button creer un tout nouveau rapport: Test Cases/Mes rapports/Mes rapports - BASE DE RAPPORT/TC1  Verify radio button creer un tout nouveau rapport

2018-08-21 17:52:07 - [TEST_STEP][PASSED] - Statement - radioButton = com.kms.katalon.core.webui.keyword.WebUiBuiltInKeywords.modifyObjectProperty(com.kms.katalon.core.testobject.ObjectRepository.findTestObject(Mes rapports Obj/BASE DE RAPPORT/radioButton_Creer un tout nouveau rapport), "name", "equals", "typeRapport", true): Modify property of object successfully

2018-08-21 17:52:07 - [MESSAGE][PASSED] - Modify property of object successfully

2018-08-21 17:52:07 - [TEST_STEP][PASSED] - click: Object: 'Object Repository/Mes rapports Obj/BASE DE RAPPORT/radioButton_Creer un tout nouveau rapport' is clicked on

2018-08-21 17:52:08 - [MESSAGE][PASSED] - Object: 'Object Repository/Mes rapports Obj/BASE DE RAPPORT/radioButton_Creer un tout nouveau rapport' is clicked on

2018-08-21 17:52:08 - [MESSAGE][PASSED] - Call Test Case 'Test Cases/Mes rapports/Mes rapports - BASE DE RAPPORT/TC1  Verify radio button creer un tout nouveau rapport' successfully

2018-08-21 17:52:08 - [TEST_STEP][PASSED] - callTestCase: Call Test Case 'Test Cases/Mes rapports/TC Verify the next button arrow' successfully

2018-08-21 17:52:08 - [TEST_CASE][PASSED] - Test Cases/Mes rapports/TC Verify the next button arrow: Test Cases/Mes rapports/TC Verify the next button arrow

2018-08-21 17:52:08 - [TEST_STEP][PASSED] - waitForElementClickable: Object 'Object Repository/Mes rapports Obj/button_Next_Arrow' is clickable

2018-08-21 17:52:08 - [MESSAGE][PASSED] - Object 'Object Repository/Mes rapports Obj/button_Next_Arrow' is clickable

2018-08-21 17:52:08 - [TEST_STEP][PASSED] - click: Object: 'Object Repository/Mes rapports Obj/button_Next_Arrow' is clicked on

2018-08-21 17:52:08 - [MESSAGE][PASSED] - Object: 'Object Repository/Mes rapports Obj/button_Next_Arrow' is clicked on

2018-08-21 17:52:08 - [TEST_STEP][PASSED] - delay: Delayed 5 second(s)

2018-08-21 17:52:13 - [MESSAGE][PASSED] - Delayed 5 second(s)

2018-08-21 17:52:13 - [MESSAGE][PASSED] - Call Test Case 'Test Cases/Mes rapports/TC Verify the next button arrow' successfully

2018-08-21 17:52:13 - [TEST_STEP][PASSED] - waitForPageLoad: Wait for page load successfully

2018-08-21 17:52:13 - [MESSAGE][PASSED] - Wait for page load successfully

2018-08-21 17:52:13 - [TEST_STEP][PASSED] - callTestCase: Call Test Case 'Test Cases/Mes rapports/Mes rapports - CONTENU/TC Verify input field INTERNAL' successfully

2018-08-21 17:52:14 - [TEST_CASE][PASSED] - Test Cases/Mes rapports/Mes rapports - CONTENU/TC Verify input field INTERNAL: Test Cases/Mes rapports/Mes rapports - CONTENU/TC Verify input field INTERNAL

2018-08-21 17:52:14 - [TEST_STEP][PASSED] - Statement - excelData = com.kms.katalon.core.testdata.TestDataFactory.findTestData(Data Files/Data/INTERNAL): Reading excel file with source file 'C:\Users\seeboruts\OneDrive - SD Worx\Desktop\test_DAta.xlsx' and sheet name 'INTERNAL'

2018-08-21 17:52:14 - [TEST_STEP][PASSED] - Statement - test = excelData.getRowNumbers(): null

2018-08-21 17:52:14 - [TEST_STEP][PASSED] - Statement - println("No of rows" + test): null

2018-08-21 17:52:14 - [TEST_STEP][PASSED] - Statement - For ([i = 1, i <= test, (i++)]): Object: 'Object Repository/Mes rapports Obj/CONTENU/click_Remove_text' is clicked on

2018-08-21 17:52:14 - [TEST_STEP][PASSED] - setText: Text 'Naam werknemer' is set on object 'Object Repository/Mes rapports Obj/CONTENU/input_Contenu_Selecteur'

2018-08-21 17:52:14 - [MESSAGE][PASSED] - Text 'Naam werknemer' is set on object 'Object Repository/Mes rapports Obj/CONTENU/input_Contenu_Selecteur'

2018-08-21 17:52:14 - [TEST_STEP][PASSED] - delay: Delayed 3 second(s)

2018-08-21 17:52:17 - [MESSAGE][PASSED] - Delayed 3 second(s)

2018-08-21 17:52:17 - [TEST_STEP][PASSED] - click: Object: 'Object Repository/Mes rapports Obj/CONTENU/Selecteur Obj NL/Naam werknemer' is clicked on

2018-08-21 17:52:17 - [MESSAGE][PASSED] - Object: 'Object Repository/Mes rapports Obj/CONTENU/Selecteur Obj NL/Naam werknemer' is clicked on

2018-08-21 17:52:17 - [TEST_STEP][PASSED] - delay: Delayed 3 second(s)

2018-08-21 17:52:20 - [MESSAGE][PASSED] - Delayed 3 second(s)

2018-08-21 17:52:20 - [TEST_STEP][PASSED] - click: Object: 'Object Repository/Mes rapports Obj/CONTENU/click_Remove_text' is clicked on

2018-08-21 17:52:20 - [MESSAGE][PASSED] - Object: 'Object Repository/Mes rapports Obj/CONTENU/click_Remove_text' is clicked on

2018-08-21 17:52:20 - [TEST_STEP][PASSED] - setText: Text 'Afdeling' is set on object 'Object Repository/Mes rapports Obj/CONTENU/input_Contenu_Selecteur'

2018-08-21 17:52:20 - [MESSAGE][PASSED] - Text 'Afdeling' is set on object 'Object Repository/Mes rapports Obj/CONTENU/input_Contenu_Selecteur'

2018-08-21 17:52:20 - [TEST_STEP][PASSED] - delay: Delayed 3 second(s)

2018-08-21 17:52:23 - [MESSAGE][PASSED] - Delayed 3 second(s)

2018-08-21 17:52:23 - [TEST_STEP][PASSED] - click: Object: 'Object Repository/Mes rapports Obj/CONTENU/Selecteur Obj NL/Afdeling' is clicked on

2018-08-21 17:52:23 - [MESSAGE][PASSED] - Object: 'Object Repository/Mes rapports Obj/CONTENU/Selecteur Obj NL/Afdeling' is clicked on

2018-08-21 17:52:23 - [TEST_STEP][PASSED] - delay: Delayed 3 second(s)

2018-08-21 17:52:26 - [MESSAGE][PASSED] - Delayed 3 second(s)

2018-08-21 17:52:26 - [TEST_STEP][PASSED] - click: Object: 'Object Repository/Mes rapports Obj/CONTENU/click_Remove_text' is clicked on

2018-08-21 17:52:27 - [MESSAGE][PASSED] - Object: 'Object Repository/Mes rapports Obj/CONTENU/click_Remove_text' is clicked on

2018-08-21 17:52:27 - [TEST_STEP][PASSED] - setText: Text 'Brutoloon' is set on object 'Object Repository/Mes rapports Obj/CONTENU/input_Contenu_Selecteur'

2018-08-21 17:52:27 - [MESSAGE][PASSED] - Text 'Brutoloon' is set on object 'Object Repository/Mes rapports Obj/CONTENU/input_Contenu_Selecteur'

2018-08-21 17:52:27 - [TEST_STEP][PASSED] - delay: Delayed 3 second(s)

2018-08-21 17:52:30 - [MESSAGE][PASSED] - Delayed 3 second(s)

2018-08-21 17:52:30 - [TEST_STEP][PASSED] - click: Object: 'Object Repository/Mes rapports Obj/CONTENU/Selecteur Obj NL/Brutoloon' is clicked on

2018-08-21 17:52:30 - [MESSAGE][PASSED] - Object: 'Object Repository/Mes rapports Obj/CONTENU/Selecteur Obj NL/Brutoloon' is clicked on

2018-08-21 17:52:30 - [TEST_STEP][PASSED] - delay: Delayed 3 second(s)

2018-08-21 17:52:33 - [MESSAGE][PASSED] - Delayed 3 second(s)

2018-08-21 17:52:33 - [TEST_STEP][PASSED] - click: Object: 'Object Repository/Mes rapports Obj/CONTENU/click_Remove_text' is clicked on

2018-08-21 17:52:33 - [MESSAGE][PASSED] - Object: 'Object Repository/Mes rapports Obj/CONTENU/click_Remove_text' is clicked on

2018-08-21 17:52:33 - [MESSAGE][PASSED] - Call Test Case 'Test Cases/Mes rapports/Mes rapports - CONTENU/TC Verify input field INTERNAL' successfully

2018-08-21 17:52:33 - [TEST_STEP][PASSED] - callTestCase: Call Test Case 'Test Cases/Mes rapports/TC Verify the next button arrow' successfully

2018-08-21 17:52:33 - [TEST_CASE][PASSED] - Test Cases/Mes rapports/TC Verify the next button arrow: Test Cases/Mes rapports/TC Verify the next button arrow

2018-08-21 17:52:33 - [TEST_STEP][PASSED] - waitForElementClickable: Object 'Object Repository/Mes rapports Obj/button_Next_Arrow' is clickable

2018-08-21 17:52:33 - [MESSAGE][PASSED] - Object 'Object Repository/Mes rapports Obj/button_Next_Arrow' is clickable

2018-08-21 17:52:33 - [TEST_STEP][PASSED] - click: Object: 'Object Repository/Mes rapports Obj/button_Next_Arrow' is clicked on

2018-08-21 17:52:34 - [MESSAGE][PASSED] - Object: 'Object Repository/Mes rapports Obj/button_Next_Arrow' is clicked on

2018-08-21 17:52:34 - [TEST_STEP][PASSED] - delay: Delayed 5 second(s)

2018-08-21 17:52:39 - [MESSAGE][PASSED] - Delayed 5 second(s)

2018-08-21 17:52:39 - [MESSAGE][PASSED] - Call Test Case 'Test Cases/Mes rapports/TC Verify the next button arrow' successfully

2018-08-21 17:52:39 - [TEST_STEP][PASSED] - waitForPageLoad: Wait for page load successfully

2018-08-21 17:52:39 - [MESSAGE][PASSED] - Wait for page load successfully

2018-08-21 17:52:39 - [TEST_STEP][PASSED] - callTestCase: Call Test Case 'Test Cases/Mes rapports/Mes rapports - SELECTION/Verify if checkbox is unchecked/TC 10 Deselect all checkbox' successfully

2018-08-21 17:52:39 - [TEST_CASE][PASSED] - Test Cases/Mes rapports/Mes rapports - SELECTION/Verify if checkbox is unchecked/TC 10 Deselect all checkbox: Test Cases/Mes rapports/Mes rapports - SELECTION/Verify if checkbox is unchecked/TC 10 Deselect all checkbox

2018-08-21 17:52:39 - [TEST_STEP][PASSED] - callTestCase: Call Test Case 'Test Cases/Mes rapports/Mes rapports - SELECTION/Verify if checkbox is unchecked/TC 1 Verify Contrats actifs checkbox  is un-checked' successfully

2018-08-21 17:52:39 - [TEST_CASE][PASSED] - Test Cases/Mes rapports/Mes rapports - SELECTION/Verify if checkbox is unchecked/TC 1 Verify Contrats actifs checkbox  is un-checked: Test Cases/Mes rapports/Mes rapports - SELECTION/Verify if checkbox is unchecked/TC 1 Verify Contrats actifs checkbox  is un-checked

2018-08-21 17:52:39 - [TEST_STEP][PASSED] - uncheck: Object 'Object Repository/Mes rapports Obj/SELECTION/Contrats actifs checkBox' is un-checked

2018-08-21 17:52:39 - [MESSAGE][PASSED] - Object 'Object Repository/Mes rapports Obj/SELECTION/Contrats actifs checkBox' is un-checked

2018-08-21 17:52:39 - [MESSAGE][PASSED] - Call Test Case 'Test Cases/Mes rapports/Mes rapports - SELECTION/Verify if checkbox is unchecked/TC 1 Verify Contrats actifs checkbox  is un-checked' successfully

2018-08-21 17:52:39 - [TEST_STEP][PASSED] - callTestCase: Call Test Case 'Test Cases/Mes rapports/Mes rapports - SELECTION/Verify if checkbox is unchecked/TC 2 VErify Dossier and Groupe checkBox  is un-checked' successfully

2018-08-21 17:52:39 - [TEST_CASE][PASSED] - Test Cases/Mes rapports/Mes rapports - SELECTION/Verify if checkbox is unchecked/TC 2 VErify Dossier and Groupe checkBox  is un-checked: Test Cases/Mes rapports/Mes rapports - SELECTION/Verify if checkbox is unchecked/TC 2 VErify Dossier and Groupe checkBox  is un-checked

2018-08-21 17:52:39 - [TEST_STEP][PASSED] - uncheck: Object 'Object Repository/Mes rapports Obj/SELECTION/Dossier and Groupe checkbox' is un-checked

2018-08-21 17:52:39 - [MESSAGE][PASSED] - Object 'Object Repository/Mes rapports Obj/SELECTION/Dossier and Groupe checkbox' is un-checked

2018-08-21 17:52:39 - [MESSAGE][PASSED] - Call Test Case 'Test Cases/Mes rapports/Mes rapports - SELECTION/Verify if checkbox is unchecked/TC 2 VErify Dossier and Groupe checkBox  is un-checked' successfully

2018-08-21 17:52:39 - [TEST_STEP][PASSED] - callTestCase: Call Test Case 'Test Cases/Mes rapports/Mes rapports - SELECTION/Verify if checkbox is unchecked/TC 3 Verify Travailleur checkBox  is un-checked' successfully

2018-08-21 17:52:39 - [TEST_CASE][PASSED] - Test Cases/Mes rapports/Mes rapports - SELECTION/Verify if checkbox is unchecked/TC 3 Verify Travailleur checkBox  is un-checked: Test Cases/Mes rapports/Mes rapports - SELECTION/Verify if checkbox is unchecked/TC 3 Verify Travailleur checkBox  is un-checked

2018-08-21 17:52:39 - [TEST_STEP][PASSED] - uncheck: Object 'Object Repository/Mes rapports Obj/SELECTION/Travailleur checkbox' is un-checked

2018-08-21 17:52:39 - [MESSAGE][PASSED] - Object 'Object Repository/Mes rapports Obj/SELECTION/Travailleur checkbox' is un-checked

2018-08-21 17:52:39 - [MESSAGE][PASSED] - Call Test Case 'Test Cases/Mes rapports/Mes rapports - SELECTION/Verify if checkbox is unchecked/TC 3 Verify Travailleur checkBox  is un-checked' successfully

2018-08-21 17:52:39 - [TEST_STEP][PASSED] - callTestCase: Call Test Case 'Test Cases/Mes rapports/Mes rapports - SELECTION/Verify if checkbox is unchecked/TC 4 Verify Departement checkBox  is un-checked' successfully

2018-08-21 17:52:39 - [TEST_CASE][PASSED] - Test Cases/Mes rapports/Mes rapports - SELECTION/Verify if checkbox is unchecked/TC 4 Verify Departement checkBox  is un-checked: Test Cases/Mes rapports/Mes rapports - SELECTION/Verify if checkbox is unchecked/TC 4 Verify Departement checkBox  is un-checked

2018-08-21 17:52:39 - [TEST_STEP][PASSED] - uncheck: Object 'Object Repository/Mes rapports Obj/SELECTION/Departement checkbox' is un-checked

2018-08-21 17:52:39 - [MESSAGE][PASSED] - Object 'Object Repository/Mes rapports Obj/SELECTION/Departement checkbox' is un-checked

2018-08-21 17:52:39 - [MESSAGE][PASSED] - Call Test Case 'Test Cases/Mes rapports/Mes rapports - SELECTION/Verify if checkbox is unchecked/TC 4 Verify Departement checkBox  is un-checked' successfully

2018-08-21 17:52:39 - [TEST_STEP][PASSED] - callTestCase: Call Test Case 'Test Cases/Mes rapports/Mes rapports - SELECTION/Verify if checkbox is unchecked/TC 5 Verify Caractere juridique du contract checBox  is un-checked' successfully

2018-08-21 17:52:40 - [TEST_CASE][PASSED] - Test Cases/Mes rapports/Mes rapports - SELECTION/Verify if checkbox is unchecked/TC 5 Verify Caractere juridique du contract checBox  is un-checked: Test Cases/Mes rapports/Mes rapports - SELECTION/Verify if checkbox is unchecked/TC 5 Verify Caractere juridique du contract checBox  is un-checked

2018-08-21 17:52:40 - [TEST_STEP][PASSED] - uncheck: Object 'Object Repository/Mes rapports Obj/SELECTION/Caractere juridique de contrat' is un-checked

2018-08-21 17:52:40 - [MESSAGE][PASSED] - Object 'Object Repository/Mes rapports Obj/SELECTION/Caractere juridique de contrat' is un-checked

2018-08-21 17:52:40 - [MESSAGE][PASSED] - Call Test Case 'Test Cases/Mes rapports/Mes rapports - SELECTION/Verify if checkbox is unchecked/TC 5 Verify Caractere juridique du contract checBox  is un-checked' successfully

2018-08-21 17:52:40 - [TEST_STEP][PASSED] - callTestCase: Call Test Case 'Test Cases/Mes rapports/Mes rapports - SELECTION/Verify if checkbox is unchecked/TC 6 Verify Pays de naissance checkBox  is un-checked' successfully

2018-08-21 17:52:40 - [TEST_CASE][PASSED] - Test Cases/Mes rapports/Mes rapports - SELECTION/Verify if checkbox is unchecked/TC 6 Verify Pays de naissance checkBox  is un-checked: Test Cases/Mes rapports/Mes rapports - SELECTION/Verify if checkbox is unchecked/TC 6 Verify Pays de naissance checkBox  is un-checked

2018-08-21 17:52:40 - [TEST_STEP][PASSED] - uncheck: Object 'Object Repository/Mes rapports Obj/SELECTION/Pays de naisssance checkbox' is un-checked

2018-08-21 17:52:40 - [MESSAGE][PASSED] - Object 'Object Repository/Mes rapports Obj/SELECTION/Pays de naisssance checkbox' is un-checked

2018-08-21 17:52:40 - [MESSAGE][PASSED] - Call Test Case 'Test Cases/Mes rapports/Mes rapports - SELECTION/Verify if checkbox is unchecked/TC 6 Verify Pays de naissance checkBox  is un-checked' successfully

2018-08-21 17:52:40 - [TEST_STEP][PASSED] - callTestCase: Call Test Case 'Test Cases/Mes rapports/Mes rapports - SELECTION/Verify if checkbox is unchecked/TC 7 Verify Sexe checkBox  is un-checked' successfully

2018-08-21 17:52:40 - [TEST_CASE][PASSED] - Test Cases/Mes rapports/Mes rapports - SELECTION/Verify if checkbox is unchecked/TC 7 Verify Sexe checkBox  is un-checked: Test Cases/Mes rapports/Mes rapports - SELECTION/Verify if checkbox is unchecked/TC 7 Verify Sexe checkBox  is un-checked

2018-08-21 17:52:40 - [TEST_STEP][PASSED] - uncheck: Object 'Object Repository/Mes rapports Obj/SELECTION/Sexe checkbox' is un-checked

2018-08-21 17:52:40 - [MESSAGE][PASSED] - Object 'Object Repository/Mes rapports Obj/SELECTION/Sexe checkbox' is un-checked

2018-08-21 17:52:40 - [MESSAGE][PASSED] - Call Test Case 'Test Cases/Mes rapports/Mes rapports - SELECTION/Verify if checkbox is unchecked/TC 7 Verify Sexe checkBox  is un-checked' successfully

2018-08-21 17:52:40 - [TEST_STEP][PASSED] - callTestCase: Call Test Case 'Test Cases/Mes rapports/Mes rapports - SELECTION/Verify if checkbox is unchecked/TC 8 Verify Mode de remuneration checkBox  is un-checked' successfully

2018-08-21 17:52:40 - [TEST_CASE][PASSED] - Test Cases/Mes rapports/Mes rapports - SELECTION/Verify if checkbox is unchecked/TC 8 Verify Mode de remuneration checkBox  is un-checked: Test Cases/Mes rapports/Mes rapports - SELECTION/Verify if checkbox is unchecked/TC 8 Verify Mode de remuneration checkBox  is un-checked

2018-08-21 17:52:40 - [TEST_STEP][PASSED] - uncheck: Object 'Object Repository/Mes rapports Obj/SELECTION/Mode de remuneration checkbox' is un-checked

2018-08-21 17:52:40 - [MESSAGE][PASSED] - Object 'Object Repository/Mes rapports Obj/SELECTION/Mode de remuneration checkbox' is un-checked

2018-08-21 17:52:40 - [MESSAGE][PASSED] - Call Test Case 'Test Cases/Mes rapports/Mes rapports - SELECTION/Verify if checkbox is unchecked/TC 8 Verify Mode de remuneration checkBox  is un-checked' successfully

2018-08-21 17:52:40 - [TEST_STEP][PASSED] - callTestCase: Call Test Case 'Test Cases/Mes rapports/Mes rapports - SELECTION/Verify if checkbox is unchecked/TC 9 Verify Suspension checkBox  is un-checked' successfully

2018-08-21 17:52:40 - [TEST_CASE][PASSED] - Test Cases/Mes rapports/Mes rapports - SELECTION/Verify if checkbox is unchecked/TC 9 Verify Suspension checkBox  is un-checked: Test Cases/Mes rapports/Mes rapports - SELECTION/Verify if checkbox is unchecked/TC 9 Verify Suspension checkBox  is un-checked

2018-08-21 17:52:40 - [TEST_STEP][PASSED] - uncheck: Object 'Object Repository/Mes rapports Obj/SELECTION/Suspension checkbox' is un-checked

2018-08-21 17:52:40 - [MESSAGE][PASSED] - Object 'Object Repository/Mes rapports Obj/SELECTION/Suspension checkbox' is un-checked

2018-08-21 17:52:40 - [MESSAGE][PASSED] - Call Test Case 'Test Cases/Mes rapports/Mes rapports - SELECTION/Verify if checkbox is unchecked/TC 9 Verify Suspension checkBox  is un-checked' successfully

2018-08-21 17:52:40 - [MESSAGE][PASSED] - Call Test Case 'Test Cases/Mes rapports/Mes rapports - SELECTION/Verify if checkbox is unchecked/TC 10 Deselect all checkbox' successfully

2018-08-21 17:52:40 - [TEST_STEP][PASSED] - callTestCase: Call Test Case 'Test Cases/Mes rapports/TC Verify the next button arrow' successfully

2018-08-21 17:52:40 - [TEST_CASE][PASSED] - Test Cases/Mes rapports/TC Verify the next button arrow: Test Cases/Mes rapports/TC Verify the next button arrow

2018-08-21 17:52:40 - [TEST_STEP][PASSED] - waitForElementClickable: Object 'Object Repository/Mes rapports Obj/button_Next_Arrow' is clickable

2018-08-21 17:52:40 - [MESSAGE][PASSED] - Object 'Object Repository/Mes rapports Obj/button_Next_Arrow' is clickable

2018-08-21 17:52:40 - [TEST_STEP][PASSED] - click: Object: 'Object Repository/Mes rapports Obj/button_Next_Arrow' is clicked on

2018-08-21 17:52:40 - [MESSAGE][PASSED] - Object: 'Object Repository/Mes rapports Obj/button_Next_Arrow' is clicked on

2018-08-21 17:52:40 - [TEST_STEP][PASSED] - delay: Delayed 5 second(s)

2018-08-21 17:52:45 - [MESSAGE][PASSED] - Delayed 5 second(s)

2018-08-21 17:52:45 - [MESSAGE][PASSED] - Call Test Case 'Test Cases/Mes rapports/TC Verify the next button arrow' successfully

2018-08-21 17:52:45 - [TEST_STEP][PASSED] - waitForPageLoad: Wait for page load successfully

2018-08-21 17:52:45 - [MESSAGE][PASSED] - Wait for page load successfully

2018-08-21 17:52:45 - [TEST_STEP][PASSED] - waitForElementClickable: Object 'Object Repository/Mes rapports Obj/EXECUTION/Button executer' is clickable

2018-08-21 17:52:45 - [MESSAGE][PASSED] - Object 'Object Repository/Mes rapports Obj/EXECUTION/Button executer' is clickable

2018-08-21 17:52:45 - [TEST_STEP][PASSED] - click: Object: 'Object Repository/Mes rapports Obj/EXECUTION/Button executer' is clicked on

2018-08-21 17:52:45 - [MESSAGE][PASSED] - Object: 'Object Repository/Mes rapports Obj/EXECUTION/Button executer' is clicked on

2018-08-21 17:52:45 - [TEST_STEP][PASSED] - waitForPageLoad: Wait for page load successfully

2018-08-21 17:52:45 - [MESSAGE][PASSED] - Wait for page load successfully

2018-08-21 17:52:45 - [TEST_STEP][PASSED] - callTestCase: Call Test Case 'Test Cases/Mes rapports/TC Verify the next button arrow' successfully

2018-08-21 17:52:45 - [TEST_CASE][PASSED] - Test Cases/Mes rapports/TC Verify the next button arrow: Test Cases/Mes rapports/TC Verify the next button arrow

2018-08-21 17:52:45 - [TEST_STEP][PASSED] - waitForElementClickable: Object 'Object Repository/Mes rapports Obj/button_Next_Arrow' is clickable

2018-08-21 17:52:46 - [MESSAGE][PASSED] - Object 'Object Repository/Mes rapports Obj/button_Next_Arrow' is clickable

2018-08-21 17:52:46 - [TEST_STEP][PASSED] - click: Object: 'Object Repository/Mes rapports Obj/button_Next_Arrow' is clicked on

2018-08-21 17:52:46 - [MESSAGE][PASSED] - Object: 'Object Repository/Mes rapports Obj/button_Next_Arrow' is clicked on

2018-08-21 17:52:46 - [TEST_STEP][PASSED] - delay: Delayed 5 second(s)

2018-08-21 17:52:51 - [MESSAGE][PASSED] - Delayed 5 second(s)

2018-08-21 17:52:51 - [MESSAGE][PASSED] - Call Test Case 'Test Cases/Mes rapports/TC Verify the next button arrow' successfully

2018-08-21 17:52:51 - [TEST_STEP][PASSED] - waitForPageLoad: Wait for page load successfully

2018-08-21 17:52:51 - [MESSAGE][PASSED] - Wait for page load successfully

2018-08-21 17:52:51 - [TEST_STEP][PASSED] - waitForElementPresent: Object 'Object Repository/Mes rapports Obj/PROPRIETES/Generalites - input name' is not present after 10 second(s)

2018-08-21 17:53:02 - [MESSAGE][WARNING] - Object 'Object Repository/Mes rapports Obj/PROPRIETES/Generalites - input name' is not present after 10 second(s)

2018-08-21 17:53:02 - [TEST_STEP][PASSED] - waitForElementClickable: Web element with id: 'Object Repository/Mes rapports Obj/PROPRIETES/Name - Language dropdown' located by 'By.xpath: //*[@id="wizard-page"]/div[2]/div/div/div/form/div[1]/div/div/div[2]/div[1]/div/div/div/div[1]/div/div/div/button' not found

2018-08-21 17:53:08 - [MESSAGE][WARNING] - Web element with id: 'Object Repository/Mes rapports Obj/PROPRIETES/Name - Language dropdown' located by 'By.xpath: //*[@id="wizard-page"]/div[2]/div/div/div/form/div[1]/div/div/div[2]/div[1]/div/div/div/div[1]/div/div/div/button' not found

2018-08-21 17:53:08 - [TEST_STEP][PASSED] - click: Object: 'Object Repository/Mes rapports Obj/PROPRIETES/Name - Language dropdown' is clicked on

2018-08-21 17:53:08 - [MESSAGE][PASSED] - Object: 'Object Repository/Mes rapports Obj/PROPRIETES/Name - Language dropdown' is clicked on

2018-08-21 17:53:08 - [TEST_STEP][PASSED] - delay: Delayed 1 second(s)

2018-08-21 17:53:09 - [MESSAGE][PASSED] - Delayed 1 second(s)

2018-08-21 17:53:09 - [TEST_STEP][PASSED] - click: Object: 'Object Repository/Mes rapports Obj/PROPRIETES/Name - Francais' is clicked on

2018-08-21 17:53:09 - [MESSAGE][PASSED] - Object: 'Object Repository/Mes rapports Obj/PROPRIETES/Name - Francais' is clicked on

2018-08-21 17:53:09 - [TEST_STEP][PASSED] - focus: Object: 'Object Repository/Mes rapports Obj/PROPRIETES/Generalites - input name' is focused

2018-08-21 17:53:09 - [MESSAGE][PASSED] - Object: 'Object Repository/Mes rapports Obj/PROPRIETES/Generalites - input name' is focused

2018-08-21 17:53:09 - [TEST_STEP][PASSED] - setText: Text 'TEST REG IPS 12.08.2018' is set on object 'Object Repository/Mes rapports Obj/PROPRIETES/Generalites - input name'

2018-08-21 17:53:10 - [MESSAGE][PASSED] - Text 'TEST REG IPS 12.08.2018' is set on object 'Object Repository/Mes rapports Obj/PROPRIETES/Generalites - input name'

2018-08-21 17:53:10 - [TEST_STEP][PASSED] - Statement - map = com.kms.katalon.core.webui.keyword.WebUiBuiltInKeywords.modifyObjectProperty(com.kms.katalon.core.testobject.ObjectRepository.findTestObject(Mes rapports Obj/PROPRIETES/Generalities - Dossier dropdown), "xpath", "contains", "//*[@id="s2id_autogen17"]/a", true): Modify property of object successfully

2018-08-21 17:53:10 - [MESSAGE][PASSED] - Modify property of object successfully

2018-08-21 17:53:10 - [TEST_STEP][PASSED] - click: Object: 'Object Repository/Mes rapports Obj/PROPRIETES/Generalities - Dossier dropdown' is clicked on

2018-08-21 17:53:10 - [MESSAGE][PASSED] - Object: 'Object Repository/Mes rapports Obj/PROPRIETES/Generalities - Dossier dropdown' is clicked on

2018-08-21 17:53:10 - [TEST_STEP][PASSED] - delay: Delayed 1 second(s)

2018-08-21 17:53:11 - [MESSAGE][PASSED] - Delayed 1 second(s)

2018-08-21 17:53:11 - [TEST_STEP][PASSED] - Statement - mapName = new com.kms.katalon.core.testobject.TestObject(Select_map_name): null

2018-08-21 17:53:11 - [TEST_STEP][PASSED] - Statement - mapName.addProperty("xpath", EQUALS, "//div[contains(text(),'TEST REG IPS DATUM')]"): null

2018-08-21 17:53:11 - [TEST_STEP][PASSED] - click: Object: 'Select_map_name' is clicked on

2018-08-21 17:53:11 - [MESSAGE][PASSED] - Object: 'Select_map_name' is clicked on

2018-08-21 17:53:11 - [TEST_STEP][PASSED] - Statement - sauvegarder_Button = com.kms.katalon.core.webui.keyword.WebUiBuiltInKeywords.modifyObjectProperty(com.kms.katalon.core.testobject.ObjectRepository.findTestObject(Page_eBlox Reporting/button_Sauvegarder), "xpath", "equals", "//button[contains(text(),'Opslaan')]", true): Modify property of object successfully

2018-08-21 17:53:11 - [MESSAGE][PASSED] - Modify property of object successfully

2018-08-21 17:53:11 - [TEST_STEP][PASSED] - click: Object: 'Object Repository/Page_eBlox Reporting/button_Sauvegarder' is clicked on

2018-08-21 17:53:11 - [MESSAGE][PASSED] - Object: 'Object Repository/Page_eBlox Reporting/button_Sauvegarder' is clicked on

2018-08-21 17:53:11 - [TEST_STEP][PASSED] - waitForPageLoad: Wait for page load successfully

2018-08-21 17:53:11 - [MESSAGE][PASSED] - Wait for page load successfully

2018-08-21 17:53:11 - [TEST_STEP][NOT_RUN] - click: NOT_RUN: click

2018-08-21 17:53:11 - [MESSAGE][NOT_RUN] - NOT_RUN: click

2018-08-21 17:53:11 - [TEST_STEP][PASSED] - waitForPageLoad: Wait for page load successfully

2018-08-21 17:53:11 - [MESSAGE][PASSED] - Wait for page load successfully

2018-08-21 17:53:11 - [TEST_STEP][PASSED] - waitForElementClickable: Object 'Object Repository/Admin Obj/Admin_tab' is clickable

2018-08-21 17:53:11 - [MESSAGE][PASSED] - Object 'Object Repository/Admin Obj/Admin_tab' is clickable

2018-08-21 17:53:11 - [TEST_STEP][PASSED] - click: Object: 'Object Repository/Admin Obj/Admin_tab' is clicked on

2018-08-21 17:53:11 - [MESSAGE][PASSED] - Object: 'Object Repository/Admin Obj/Admin_tab' is clicked on

2018-08-21 17:53:11 - [TEST_STEP][PASSED] - click: Object: 'Object Repository/Admin Obj/Concerns' is clicked on

2018-08-21 17:53:11 - [MESSAGE][PASSED] - Object: 'Object Repository/Admin Obj/Concerns' is clicked on

2018-08-21 17:53:11 - [TEST_STEP][PASSED] - waitForPageLoad: Wait for page load successfully

2018-08-21 17:53:11 - [MESSAGE][PASSED] - Wait for page load successfully

2018-08-21 17:53:11 - [TEST_STEP][PASSED] - Statement - selectConcern = new com.kms.katalon.core.testobject.TestObject(Select_concern_number): null

2018-08-21 17:53:11 - [TEST_STEP][PASSED] - Statement - selectConcern.addProperty("xpath", EQUALS, "//a[@ui-sref='admin.concernInfo.detail({id:concern.concernNr})']//span[contains(text(),'00040')]"): null

2018-08-21 17:53:11 - [TEST_STEP][FAILED] - click: Unable to click on object 'Select_concern_number' (Root cause: com.kms.katalon.core.webui.exception.WebElementNotFoundException: Web element with id: 'Select_concern_number' located by 'By.xpath: //a[@ui-sref='admin.concernInfo.detail({id:concern.concernNr})']//span[contains(text(),'00040')]' not found)

2018-08-21 17:53:42 - [MESSAGE][FAILED] - Unable to click on object 'Select_concern_number' (Root cause: com.kms.katalon.core.webui.exception.WebElementNotFoundException: Web element with id: 'Select_concern_number' located by 'By.xpath: //a[@ui-sref='admin.concernInfo.detail({id:concern.concernNr})']//span[contains(text(),'00040')]' not found)
[[ATTACHMENT|C:\\Users\\seeboruts\\OneDrive - SD Worx\\Desktop\\Katalon_eBlox_Reporting\\Reports\\testing\\Demo\\20180821_170803\\1534859622509.png]]]]></system-out>
         <system-err><![CDATA[2018-08-21 17:51:05 - [TEST_CASE][FAILED] - Test Cases/New Folder/TC11 INTERNAL: Test Cases/New Folder/TC11 INTERNAL FAILED because (of) Unable to click on object 'Select_concern_number' (Root cause: com.kms.katalon.core.webui.exception.WebElementNotFoundException: Web element with id: 'Select_concern_number' located by 'By.xpath: //a[@ui-sref='admin.concernInfo.detail({id:concern.concernNr})']//span[contains(text(),'00040')]' not found)]]></system-err>
      </testcase>
      <system-out><![CDATA[2018-08-21 17:08:07 - [TEST_SUITE][FAILED] - Demo: Test Cases/New Folder/TC4 BASED ON MY REPORTS FAILED because (of) Unable to un-check object 'Object Repository/Mes rapports Obj/SELECTION/Contrats actifs checkBox' (Root cause: com.kms.katalon.core.webui.exception.WebElementNotFoundException: Web element with id: 'Object Repository/Mes rapports Obj/SELECTION/Contrats actifs checkBox' located by 'By.xpath: //*[@id="wizard-page"]/div[2]/div/div/div/div/div[1]/div[2]/div/div/form/div/div/div[1]/div/span/label/input[count(. | //input[@type = 'checkbox' and @ng-show = 'fixedSelectie.actief' and @ng-model = 'fixedSelectie.criterium.actief' and @class = 'ng-pristine ng-untouched ng-valid']) = count(//input[@type = 'checkbox' and @ng-show = 'fixedSelectie.actief' and @ng-model = 'fixedSelectie.criterium.actief' and @class = 'ng-pristine ng-untouched ng-valid'])]' not found)]]></system-out>
      <system-err><![CDATA[2018-08-21 17:08:07 - [TEST_SUITE][FAILED] - Demo: Test Cases/New Folder/TC4 BASED ON MY REPORTS FAILED because (of) Unable to un-check object 'Object Repository/Mes rapports Obj/SELECTION/Contrats actifs checkBox' (Root cause: com.kms.katalon.core.webui.exception.WebElementNotFoundException: Web element with id: 'Object Repository/Mes rapports Obj/SELECTION/Contrats actifs checkBox' located by 'By.xpath: //*[@id="wizard-page"]/div[2]/div/div/div/div/div[1]/div[2]/div/div/form/div/div/div[1]/div/span/label/input[count(. | //input[@type = 'checkbox' and @ng-show = 'fixedSelectie.actief' and @ng-model = 'fixedSelectie.criterium.actief' and @class = 'ng-pristine ng-untouched ng-valid']) = count(//input[@type = 'checkbox' and @ng-show = 'fixedSelectie.actief' and @ng-model = 'fixedSelectie.criterium.actief' and @class = 'ng-pristine ng-untouched ng-valid'])]' not found)]]></system-err>
   </testsuite>
</testsuites>
