<?xml version="1.0" encoding="UTF-8"?>
<testsuites name="Demo" time="1813" tests="8" failures="6" errors="1">
   <testsuite name="Demo" tests="8" failures="6" errors="1" time="1813" timestamp="2018-09-04 09:45:20" hostname="SEEBORUTS - 5CG7062KWD.SD.DIKA.BE" id="Test Suites/testing/Demo">
      <properties>
[...]
</properties>
      <testcase name="Test Cases/Main Script/TC2 NEW" classname="Test Cases/Main Script/TC2 NEW" status="FAILED">
         <failure type="FAILED" message="Unable to click on object 'Object Repository/Mes rapports Obj/EXECUTION/Description _Date de reference historique' (Root cause: com.kms.katalon.core.webui.exception.WebElementNotFoundException: Web element with id: 'Object Repository/Mes rapports Obj/EXECUTION/Description _Date de reference historique' located by 'By.xpath: //*[@id=&quot;uitvoering-parameters&quot;]/div/div[2]/div/div/table/tbody/tr[2]/td[2]/div/div/rapp-date-prompt/div/div/rapp-special-values/div/button[count(. | //button[@type = 'button' and @class = 'btn pull-left btn-default rapp-selected-prompt-button dropdown-toggle ' and @data-toggle = 'dropdown' and @style = 'font-weight: normal; text-align: left; width: 100%;']) = count(//button[@type = 'button' and @class = 'btn pull-left btn-default rapp-selected-prompt-button dropdown-toggle ' and @data-toggle = 'dropdown' and @style = 'font-weight: normal; text-align: left; width: 100%;'])]' not found)"/>
         <system-out><![CDATA[2018-09-04 09:45:20 - [TEST_CASE][FAILED] - Test Cases/Main Script/TC2 NEW: Test Cases/Main Script/TC2 NEW FAILED because (of) Unable to click on object 'Object Repository/Mes rapports Obj/EXECUTION/Description _Date de reference historique' (Root cause: com.kms.katalon.core.webui.exception.WebElementNotFoundException: Web element with id: 'Object Repository/Mes rapports Obj/EXECUTION/Description _Date de reference historique' located by 'By.xpath: //*[@id="uitvoering-parameters"]/div/div[2]/div/div/table/tbody/tr[2]/td[2]/div/div/rapp-date-prompt/div/div/rapp-special-values/div/button[count(. | //button[@type = 'button' and @class = 'btn pull-left btn-default rapp-selected-prompt-button dropdown-toggle ' and @data-toggle = 'dropdown' and @style = 'font-weight: normal; text-align: left; width: 100%;']) = count(//button[@type = 'button' and @class = 'btn pull-left btn-default rapp-selected-prompt-button dropdown-toggle ' and @data-toggle = 'dropdown' and @style = 'font-weight: normal; text-align: left; width: 100%;'])]' not found)

2018-09-04 09:45:20 - [TEST_STEP][PASSED] - Start listener action : sampleBeforeTestCase: Invoke 'com.kms.katalon.core.annotation.BeforeTestCase' method: 'NewTestListener.sampleBeforeTestCase(...)' completed.

2018-09-04 09:45:20 - [TEST_STEP][PASSED] - Statement - println(testCaseContext.getTextCaseId()=$testCaseContext.getTestCaseId()): null

2018-09-04 09:45:20 - [TEST_STEP][PASSED] - Statement - currentTestCaseId = testCaseContext.getTestCaseId(): Invoke 'com.kms.katalon.core.annotation.BeforeTestCase' method: 'NewTestListener.sampleBeforeTestCase(...)' completed.

2018-09-04 09:45:21 - [TEST_STEP][PASSED] - verify_Test_Case_Number.getTestCaseNumber.getTCNo: verify_Test_Case_Number.getTestCaseNumber.getTCNo is PASSED

2018-09-04 09:45:21 - [MESSAGE][PASSED] - verify_Test_Case_Number.getTestCaseNumber.getTCNo is PASSED

2018-09-04 09:45:21 - [TEST_STEP][PASSED] - callTestCase: Call Test Case 'Test Cases/Login/TC1 Login to Mysdworx' successfully

2018-09-04 09:45:21 - [TEST_CASE][PASSED] - Test Cases/Login/TC1 Login to Mysdworx: Test Cases/Login/TC1 Login to Mysdworx

2018-09-04 09:45:21 - [TEST_STEP][PASSED] - openBrowser: Browser is opened with url: ''

2018-09-04 09:45:25 - [MESSAGE][PASSED] - Browser is opened with url: ''

2018-09-04 09:45:25 - [TEST_STEP][PASSED] - navigateToUrl: Navigate to 'https://internet.acc.sd.dika.be/ebloxreporting/web.sensitive/main/?lang=fr' successfully

2018-09-04 09:45:30 - [MESSAGE][PASSED] - Navigate to 'https://internet.acc.sd.dika.be/ebloxreporting/web.sensitive/main/?lang=fr' successfully

2018-09-04 09:45:30 - [TEST_STEP][PASSED] - maximizeWindow: Current window maximized

2018-09-04 09:45:31 - [MESSAGE][PASSED] - Current window maximized

2018-09-04 09:45:31 - [TEST_STEP][PASSED] - setText: Text 'DP_EBLOX_RPP_VASCO' is set on object 'Object Repository/Page_mysdworx - Log in/input_Username'

2018-09-04 09:45:38 - [MESSAGE][PASSED] - Text 'DP_EBLOX_RPP_VASCO' is set on object 'Object Repository/Page_mysdworx - Log in/input_Username'

2018-09-04 09:45:38 - [TEST_STEP][PASSED] - Statement - frame = new javax.swing.JFrame(User Input Frame): null

2018-09-04 09:45:38 - [TEST_STEP][PASSED] - Statement - frame.requestFocus(): null

2018-09-04 09:45:38 - [TEST_STEP][PASSED] - Statement - pass = javax.swing.JOptionPane.showInputDialog(frame, "Enter the password from token!!"): null

2018-09-04 09:45:52 - [TEST_STEP][PASSED] - delay: Delayed 2 second(s)

2018-09-04 09:45:54 - [MESSAGE][PASSED] - Delayed 2 second(s)

2018-09-04 09:45:54 - [TEST_STEP][PASSED] - setText: Text '150434' is set on object 'Object Repository/Page_mysdworx - Log in/input_Password'

2018-09-04 09:45:54 - [MESSAGE][PASSED] - Text '150434' is set on object 'Object Repository/Page_mysdworx - Log in/input_Password'

2018-09-04 09:45:54 - [TEST_STEP][PASSED] - click: Object: 'Object Repository/Page_mysdworx - Log in/button_Se connecter' is clicked on

2018-09-04 09:45:54 - [MESSAGE][PASSED] - Object: 'Object Repository/Page_mysdworx - Log in/button_Se connecter' is clicked on

2018-09-04 09:45:54 - [TEST_STEP][PASSED] - waitForPageLoad: Wait for page load successfully

2018-09-04 09:45:54 - [MESSAGE][PASSED] - Wait for page load successfully

2018-09-04 09:45:54 - [TEST_STEP][NOT_RUN] - closeBrowser: NOT_RUN: closeBrowser

2018-09-04 09:45:54 - [MESSAGE][NOT_RUN] - NOT_RUN: closeBrowser

2018-09-04 09:45:54 - [MESSAGE][PASSED] - Call Test Case 'Test Cases/Login/TC1 Login to Mysdworx' successfully

2018-09-04 09:45:54 - [TEST_STEP][PASSED] - callTestCase: Call Test Case 'Test Cases/Sub Script/Select Language/TC1 Verify NL language' successfully

2018-09-04 09:45:54 - [TEST_CASE][PASSED] - Test Cases/Sub Script/Select Language/TC1 Verify NL language: Test Cases/Sub Script/Select Language/TC1 Verify NL language

2018-09-04 09:45:55 - [TEST_STEP][PASSED] - waitForElementClickable: Object 'Object Repository/Change language link Obj/NL_language' is clickable

2018-09-04 09:46:22 - [MESSAGE][PASSED] - Object 'Object Repository/Change language link Obj/NL_language' is clickable

2018-09-04 09:46:22 - [TEST_STEP][PASSED] - Statement - verify_NL_link = com.kms.katalon.core.webui.keyword.WebUiBuiltInKeywords.verifyElementClickable(com.kms.katalon.core.testobject.ObjectRepository.findTestObject(Change language link Obj/NL_language)): Object 'Object Repository/Change language link Obj/NL_language' is clickable

2018-09-04 09:46:22 - [MESSAGE][PASSED] - Object 'Object Repository/Change language link Obj/NL_language' is clickable

2018-09-04 09:46:22 - [TEST_STEP][PASSED] - Statement - If (verify_NL_link.equals(true)): NL link is clickable !

2018-09-04 09:46:22 - [TEST_STEP][PASSED] - Statement - com.kms.katalon.core.util.KeywordUtil.markPassed("NL link is clickable !"): NL link is clickable !

2018-09-04 09:46:22 - [MESSAGE][PASSED] - NL link is clickable !

2018-09-04 09:46:22 - [TEST_STEP][PASSED] - click: Object: 'Object Repository/Change language link Obj/NL_language' is clicked on

2018-09-04 09:46:28 - [MESSAGE][PASSED] - Object: 'Object Repository/Change language link Obj/NL_language' is clicked on

2018-09-04 09:46:28 - [TEST_STEP][PASSED] - waitForPageLoad: Wait for page load successfully

2018-09-04 09:46:28 - [MESSAGE][PASSED] - Wait for page load successfully

2018-09-04 09:46:28 - [MESSAGE][PASSED] - Call Test Case 'Test Cases/Sub Script/Select Language/TC1 Verify NL language' successfully

2018-09-04 09:46:28 - [TEST_STEP][PASSED] - callTestCase: Call Test Case 'Test Cases/Sub Script/Navigation_Menu/Menu_Mes_rapports/TC Verify Nouveau rapport button' successfully

2018-09-04 09:46:28 - [TEST_CASE][PASSED] - Test Cases/Sub Script/Navigation_Menu/Menu_Mes_rapports/TC Verify Nouveau rapport button: Test Cases/Sub Script/Navigation_Menu/Menu_Mes_rapports/TC Verify Nouveau rapport button

2018-09-04 09:46:28 - [TEST_STEP][PASSED] - click: Object: 'Object Repository/Mes rapports Obj/button_Nouveau rapport' is clicked on

2018-09-04 09:46:30 - [MESSAGE][PASSED] - Object: 'Object Repository/Mes rapports Obj/button_Nouveau rapport' is clicked on

2018-09-04 09:46:30 - [TEST_STEP][PASSED] - waitForPageLoad: Wait for page load successfully

2018-09-04 09:46:30 - [MESSAGE][PASSED] - Wait for page load successfully

2018-09-04 09:46:30 - [MESSAGE][PASSED] - Call Test Case 'Test Cases/Sub Script/Navigation_Menu/Menu_Mes_rapports/TC Verify Nouveau rapport button' successfully

2018-09-04 09:46:30 - [TEST_STEP][PASSED] - callTestCase: Call Test Case 'Test Cases/Sub Script/Navigation_Menu/Menu_Mes_rapports/Nouveau_Rapport/Mes rapports - BASE DE RAPPORT/TC Verify radio button creer un tout nouveau rapport' successfully

2018-09-04 09:46:30 - [TEST_CASE][PASSED] - Test Cases/Sub Script/Navigation_Menu/Menu_Mes_rapports/Nouveau_Rapport/Mes rapports - BASE DE RAPPORT/TC Verify radio button creer un tout nouveau rapport: Test Cases/Sub Script/Navigation_Menu/Menu_Mes_rapports/Nouveau_Rapport/Mes rapports - BASE DE RAPPORT/TC Verify radio button creer un tout nouveau rapport

2018-09-04 09:46:30 - [TEST_STEP][PASSED] - Statement - radioButton = com.kms.katalon.core.webui.keyword.WebUiBuiltInKeywords.modifyObjectProperty(com.kms.katalon.core.testobject.ObjectRepository.findTestObject(Mes rapports Obj/BASE DE RAPPORT/radioButton_Creer un tout nouveau rapport), "name", "equals", "typeRapport", true): Modify property of object successfully

2018-09-04 09:46:30 - [MESSAGE][PASSED] - Modify property of object successfully

2018-09-04 09:46:30 - [TEST_STEP][PASSED] - click: Object: 'Object Repository/Mes rapports Obj/BASE DE RAPPORT/radioButton_Creer un tout nouveau rapport' is clicked on

2018-09-04 09:46:31 - [MESSAGE][PASSED] - Object: 'Object Repository/Mes rapports Obj/BASE DE RAPPORT/radioButton_Creer un tout nouveau rapport' is clicked on

2018-09-04 09:46:31 - [MESSAGE][PASSED] - Call Test Case 'Test Cases/Sub Script/Navigation_Menu/Menu_Mes_rapports/Nouveau_Rapport/Mes rapports - BASE DE RAPPORT/TC Verify radio button creer un tout nouveau rapport' successfully

2018-09-04 09:46:31 - [TEST_STEP][PASSED] - callTestCase: Call Test Case 'Test Cases/Sub Script/Verify URL/TC Verify Url' successfully

2018-09-04 09:46:31 - [TEST_CASE][PASSED] - Test Cases/Sub Script/Verify URL/TC Verify Url: Test Cases/Sub Script/Verify URL/TC Verify Url

2018-09-04 09:46:31 - [TEST_STEP][PASSED] - waitForPageLoad: Wait for page load successfully

2018-09-04 09:46:31 - [MESSAGE][PASSED] - Wait for page load successfully

2018-09-04 09:46:31 - [TEST_STEP][PASSED] - Statement - url = com.kms.katalon.core.webui.keyword.WebUiBuiltInKeywords.getUrl(): Current window's url is: 'https://internet.acc.sd.dika.be/ebloxreporting/web.sensitive/main/FpyDF/iIz9g8MffKNXfNyb1H/NL/#/definitie/wizard/extern/start'

2018-09-04 09:46:31 - [MESSAGE][PASSED] - Current window's url is: 'https://internet.acc.sd.dika.be/ebloxreporting/web.sensitive/main/FpyDF/iIz9g8MffKNXfNyb1H/NL/#/definitie/wizard/extern/start'

2018-09-04 09:46:31 - [TEST_STEP][PASSED] - Statement - p = java.util.regex.Pattern.compile("00040 ANTILOPE GROEP"): null

2018-09-04 09:46:31 - [TEST_STEP][PASSED] - Statement - m = p.matcher(url): null

2018-09-04 09:46:31 - [TEST_STEP][PASSED] - Statement - If (m.find()): null

2018-09-04 09:46:31 - [TEST_STEP][PASSED] - Statement - Else: The user name and the concern number are not present in the URL

2018-09-04 09:46:31 - [TEST_STEP][PASSED] - Statement - com.kms.katalon.core.util.KeywordUtil.markPassed("The user name and the concern number are not present in the URL"): The user name and the concern number are not present in the URL

2018-09-04 09:46:31 - [MESSAGE][PASSED] - The user name and the concern number are not present in the URL

2018-09-04 09:46:31 - [TEST_STEP][PASSED] - delay: Delayed 2 second(s)

2018-09-04 09:46:33 - [MESSAGE][PASSED] - Delayed 2 second(s)

2018-09-04 09:46:33 - [MESSAGE][PASSED] - Call Test Case 'Test Cases/Sub Script/Verify URL/TC Verify Url' successfully

2018-09-04 09:46:33 - [TEST_STEP][PASSED] - callTestCase: Call Test Case 'Test Cases/Sub Script/Navigation_Menu/Menu_Mes_rapports/TC Verify the next button arrow' successfully

2018-09-04 09:46:33 - [TEST_CASE][PASSED] - Test Cases/Sub Script/Navigation_Menu/Menu_Mes_rapports/TC Verify the next button arrow: Test Cases/Sub Script/Navigation_Menu/Menu_Mes_rapports/TC Verify the next button arrow

2018-09-04 09:46:33 - [TEST_STEP][PASSED] - waitForElementClickable: Object 'Object Repository/Mes rapports Obj/button_Next_Arrow' is clickable

2018-09-04 09:46:33 - [MESSAGE][PASSED] - Object 'Object Repository/Mes rapports Obj/button_Next_Arrow' is clickable

2018-09-04 09:46:33 - [TEST_STEP][PASSED] - click: Object: 'Object Repository/Mes rapports Obj/button_Next_Arrow' is clicked on

2018-09-04 09:46:33 - [MESSAGE][PASSED] - Object: 'Object Repository/Mes rapports Obj/button_Next_Arrow' is clicked on

2018-09-04 09:46:33 - [TEST_STEP][PASSED] - delay: Delayed 5 second(s)

2018-09-04 09:46:38 - [MESSAGE][PASSED] - Delayed 5 second(s)

2018-09-04 09:46:38 - [TEST_STEP][PASSED] - waitForPageLoad: Wait for page load successfully

2018-09-04 09:46:38 - [MESSAGE][PASSED] - Wait for page load successfully

2018-09-04 09:46:38 - [MESSAGE][PASSED] - Call Test Case 'Test Cases/Sub Script/Navigation_Menu/Menu_Mes_rapports/TC Verify the next button arrow' successfully

2018-09-04 09:46:38 - [TEST_STEP][PASSED] - callTestCase: Call Test Case 'Test Cases/Sub Script/Navigation_Menu/Menu_Mes_rapports/Nouveau_Rapport/Mes rapports - CONTENU/TC Verify input field - Contenu' successfully

2018-09-04 09:46:38 - [TEST_CASE][PASSED] - Test Cases/Sub Script/Navigation_Menu/Menu_Mes_rapports/Nouveau_Rapport/Mes rapports - CONTENU/TC Verify input field - Contenu: Test Cases/Sub Script/Navigation_Menu/Menu_Mes_rapports/Nouveau_Rapport/Mes rapports - CONTENU/TC Verify input field - Contenu

2018-09-04 09:46:39 - [TEST_STEP][PASSED] - Statement - excelData = com.kms.katalon.core.testdata.TestDataFactory.findTestData(Data Files/Data/TestData): Reading excel file with source file 'C:\Users\seeboruts\OneDrive - SD Worx\Desktop\Test_Data_Reg.xlsx' and sheet name 'TEST DATA'

2018-09-04 09:46:40 - [TEST_STEP][PASSED] - Statement - rowNo = java.lang.Integer.parseInt(currentTestCaseId): null

2018-09-04 09:46:40 - [TEST_STEP][PASSED] - Statement - For ([i = 4, i <= 13, (i++)]): null

2018-09-04 09:46:40 - [TEST_STEP][PASSED] - Statement - If (excelData.getValue(i, rowNo) != ""): Object: 'Object Repository/Mes rapports Obj/CONTENU/click_Remove_text' is clicked on

2018-09-04 09:46:40 - [TEST_STEP][PASSED] - setText: Text 'Naam werknemer' is set on object 'Object Repository/Mes rapports Obj/CONTENU/input_Contenu_Selecteur'

2018-09-04 09:46:40 - [MESSAGE][PASSED] - Text 'Naam werknemer' is set on object 'Object Repository/Mes rapports Obj/CONTENU/input_Contenu_Selecteur'

2018-09-04 09:46:40 - [TEST_STEP][PASSED] - delay: Delayed 3 second(s)

2018-09-04 09:46:43 - [MESSAGE][PASSED] - Delayed 3 second(s)

2018-09-04 09:46:43 - [TEST_STEP][PASSED] - Statement - selecteur = new com.kms.katalon.core.testobject.TestObject(Choisir_selecteur): null

2018-09-04 09:46:43 - [TEST_STEP][PASSED] - Statement - selecteur.addProperty("xpath", EQUALS, "//span[contains(text(),'" + excelData.getValue(i, rowNo) + "')]"): null

2018-09-04 09:46:43 - [TEST_STEP][PASSED] - click: Object: 'Choisir_selecteur' is clicked on

2018-09-04 09:46:43 - [MESSAGE][PASSED] - Object: 'Choisir_selecteur' is clicked on

2018-09-04 09:46:43 - [TEST_STEP][PASSED] - delay: Delayed 3 second(s)

2018-09-04 09:46:46 - [MESSAGE][PASSED] - Delayed 3 second(s)

2018-09-04 09:46:46 - [TEST_STEP][PASSED] - click: Object: 'Object Repository/Mes rapports Obj/CONTENU/click_Remove_text' is clicked on

2018-09-04 09:46:47 - [MESSAGE][PASSED] - Object: 'Object Repository/Mes rapports Obj/CONTENU/click_Remove_text' is clicked on

2018-09-04 09:46:47 - [TEST_STEP][PASSED] - Statement - If (excelData.getValue(i, rowNo) != ""): Object: 'Object Repository/Mes rapports Obj/CONTENU/click_Remove_text' is clicked on

2018-09-04 09:46:47 - [TEST_STEP][PASSED] - setText: Text 'Afdeling' is set on object 'Object Repository/Mes rapports Obj/CONTENU/input_Contenu_Selecteur'

2018-09-04 09:46:47 - [MESSAGE][PASSED] - Text 'Afdeling' is set on object 'Object Repository/Mes rapports Obj/CONTENU/input_Contenu_Selecteur'

2018-09-04 09:46:47 - [TEST_STEP][PASSED] - delay: Delayed 3 second(s)

2018-09-04 09:46:50 - [MESSAGE][PASSED] - Delayed 3 second(s)

2018-09-04 09:46:50 - [TEST_STEP][PASSED] - Statement - selecteur = new com.kms.katalon.core.testobject.TestObject(Choisir_selecteur): null

2018-09-04 09:46:50 - [TEST_STEP][PASSED] - Statement - selecteur.addProperty("xpath", EQUALS, "//span[contains(text(),'" + excelData.getValue(i, rowNo) + "')]"): null

2018-09-04 09:46:50 - [TEST_STEP][PASSED] - click: Object: 'Choisir_selecteur' is clicked on

2018-09-04 09:46:50 - [MESSAGE][PASSED] - Object: 'Choisir_selecteur' is clicked on

2018-09-04 09:46:50 - [TEST_STEP][PASSED] - delay: Delayed 3 second(s)

2018-09-04 09:46:53 - [MESSAGE][PASSED] - Delayed 3 second(s)

2018-09-04 09:46:53 - [TEST_STEP][PASSED] - click: Object: 'Object Repository/Mes rapports Obj/CONTENU/click_Remove_text' is clicked on

2018-09-04 09:46:53 - [MESSAGE][PASSED] - Object: 'Object Repository/Mes rapports Obj/CONTENU/click_Remove_text' is clicked on

2018-09-04 09:46:53 - [TEST_STEP][PASSED] - Statement - If (excelData.getValue(i, rowNo) != ""): Object: 'Object Repository/Mes rapports Obj/CONTENU/click_Remove_text' is clicked on

2018-09-04 09:46:53 - [TEST_STEP][PASSED] - setText: Text 'Datum in dienst' is set on object 'Object Repository/Mes rapports Obj/CONTENU/input_Contenu_Selecteur'

2018-09-04 09:46:53 - [MESSAGE][PASSED] - Text 'Datum in dienst' is set on object 'Object Repository/Mes rapports Obj/CONTENU/input_Contenu_Selecteur'

2018-09-04 09:46:53 - [TEST_STEP][PASSED] - delay: Delayed 3 second(s)

2018-09-04 09:46:56 - [MESSAGE][PASSED] - Delayed 3 second(s)

2018-09-04 09:46:56 - [TEST_STEP][PASSED] - Statement - selecteur = new com.kms.katalon.core.testobject.TestObject(Choisir_selecteur): null

2018-09-04 09:46:56 - [TEST_STEP][PASSED] - Statement - selecteur.addProperty("xpath", EQUALS, "//span[contains(text(),'" + excelData.getValue(i, rowNo) + "')]"): null

2018-09-04 09:46:56 - [TEST_STEP][PASSED] - click: Object: 'Choisir_selecteur' is clicked on

2018-09-04 09:46:56 - [MESSAGE][PASSED] - Object: 'Choisir_selecteur' is clicked on

2018-09-04 09:46:56 - [TEST_STEP][PASSED] - delay: Delayed 3 second(s)

2018-09-04 09:46:59 - [MESSAGE][PASSED] - Delayed 3 second(s)

2018-09-04 09:46:59 - [TEST_STEP][PASSED] - click: Object: 'Object Repository/Mes rapports Obj/CONTENU/click_Remove_text' is clicked on

2018-09-04 09:47:00 - [MESSAGE][PASSED] - Object: 'Object Repository/Mes rapports Obj/CONTENU/click_Remove_text' is clicked on

2018-09-04 09:47:00 - [TEST_STEP][PASSED] - Statement - If (excelData.getValue(i, rowNo) != ""): Object: 'Object Repository/Mes rapports Obj/CONTENU/click_Remove_text' is clicked on

2018-09-04 09:47:00 - [TEST_STEP][PASSED] - setText: Text '0010 - gewerkte dag' is set on object 'Object Repository/Mes rapports Obj/CONTENU/input_Contenu_Selecteur'

2018-09-04 09:47:00 - [MESSAGE][PASSED] - Text '0010 - gewerkte dag' is set on object 'Object Repository/Mes rapports Obj/CONTENU/input_Contenu_Selecteur'

2018-09-04 09:47:00 - [TEST_STEP][PASSED] - delay: Delayed 3 second(s)

2018-09-04 09:47:03 - [MESSAGE][PASSED] - Delayed 3 second(s)

2018-09-04 09:47:03 - [TEST_STEP][PASSED] - Statement - selecteur = new com.kms.katalon.core.testobject.TestObject(Choisir_selecteur): null

2018-09-04 09:47:03 - [TEST_STEP][PASSED] - Statement - selecteur.addProperty("xpath", EQUALS, "//span[contains(text(),'" + excelData.getValue(i, rowNo) + "')]"): null

2018-09-04 09:47:03 - [TEST_STEP][PASSED] - click: Object: 'Choisir_selecteur' is clicked on

2018-09-04 09:47:03 - [MESSAGE][PASSED] - Object: 'Choisir_selecteur' is clicked on

2018-09-04 09:47:03 - [TEST_STEP][PASSED] - delay: Delayed 3 second(s)

2018-09-04 09:47:06 - [MESSAGE][PASSED] - Delayed 3 second(s)

2018-09-04 09:47:06 - [TEST_STEP][PASSED] - click: Object: 'Object Repository/Mes rapports Obj/CONTENU/click_Remove_text' is clicked on

2018-09-04 09:47:06 - [MESSAGE][PASSED] - Object: 'Object Repository/Mes rapports Obj/CONTENU/click_Remove_text' is clicked on

2018-09-04 09:47:06 - [TEST_STEP][PASSED] - Statement - If (excelData.getValue(i, rowNo) != ""): Object: 'Object Repository/Mes rapports Obj/CONTENU/click_Remove_text' is clicked on

2018-09-04 09:47:06 - [TEST_STEP][PASSED] - setText: Text '1010 - prestaties' is set on object 'Object Repository/Mes rapports Obj/CONTENU/input_Contenu_Selecteur'

2018-09-04 09:47:07 - [MESSAGE][PASSED] - Text '1010 - prestaties' is set on object 'Object Repository/Mes rapports Obj/CONTENU/input_Contenu_Selecteur'

2018-09-04 09:47:07 - [TEST_STEP][PASSED] - delay: Delayed 3 second(s)

2018-09-04 09:47:10 - [MESSAGE][PASSED] - Delayed 3 second(s)

2018-09-04 09:47:10 - [TEST_STEP][PASSED] - Statement - selecteur = new com.kms.katalon.core.testobject.TestObject(Choisir_selecteur): null

2018-09-04 09:47:10 - [TEST_STEP][PASSED] - Statement - selecteur.addProperty("xpath", EQUALS, "//span[contains(text(),'" + excelData.getValue(i, rowNo) + "')]"): null

2018-09-04 09:47:10 - [TEST_STEP][PASSED] - click: Object: 'Choisir_selecteur' is clicked on

2018-09-04 09:47:10 - [MESSAGE][PASSED] - Object: 'Choisir_selecteur' is clicked on

2018-09-04 09:47:10 - [TEST_STEP][PASSED] - delay: Delayed 3 second(s)

2018-09-04 09:47:13 - [MESSAGE][PASSED] - Delayed 3 second(s)

2018-09-04 09:47:13 - [TEST_STEP][PASSED] - click: Object: 'Object Repository/Mes rapports Obj/CONTENU/click_Remove_text' is clicked on

2018-09-04 09:47:13 - [MESSAGE][PASSED] - Object: 'Object Repository/Mes rapports Obj/CONTENU/click_Remove_text' is clicked on

2018-09-04 09:47:13 - [TEST_STEP][PASSED] - Statement - If (excelData.getValue(i, rowNo) != ""): Object: 'Object Repository/Mes rapports Obj/CONTENU/click_Remove_text' is clicked on

2018-09-04 09:47:13 - [TEST_STEP][PASSED] - setText: Text '7010 - aantal gewerkte uren' is set on object 'Object Repository/Mes rapports Obj/CONTENU/input_Contenu_Selecteur'

2018-09-04 09:47:13 - [MESSAGE][PASSED] - Text '7010 - aantal gewerkte uren' is set on object 'Object Repository/Mes rapports Obj/CONTENU/input_Contenu_Selecteur'

2018-09-04 09:47:13 - [TEST_STEP][PASSED] - delay: Delayed 3 second(s)

2018-09-04 09:47:16 - [MESSAGE][PASSED] - Delayed 3 second(s)

2018-09-04 09:47:16 - [TEST_STEP][PASSED] - Statement - selecteur = new com.kms.katalon.core.testobject.TestObject(Choisir_selecteur): null

2018-09-04 09:47:16 - [TEST_STEP][PASSED] - Statement - selecteur.addProperty("xpath", EQUALS, "//span[contains(text(),'" + excelData.getValue(i, rowNo) + "')]"): null

2018-09-04 09:47:16 - [TEST_STEP][PASSED] - click: Object: 'Choisir_selecteur' is clicked on

2018-09-04 09:47:16 - [MESSAGE][PASSED] - Object: 'Choisir_selecteur' is clicked on

2018-09-04 09:47:16 - [TEST_STEP][PASSED] - delay: Delayed 3 second(s)

2018-09-04 09:47:19 - [MESSAGE][PASSED] - Delayed 3 second(s)

2018-09-04 09:47:19 - [TEST_STEP][PASSED] - click: Object: 'Object Repository/Mes rapports Obj/CONTENU/click_Remove_text' is clicked on

2018-09-04 09:47:20 - [MESSAGE][PASSED] - Object: 'Object Repository/Mes rapports Obj/CONTENU/click_Remove_text' is clicked on

2018-09-04 09:47:20 - [TEST_STEP][PASSED] - Statement - If (excelData.getValue(i, rowNo) != ""): null

2018-09-04 09:47:20 - [TEST_STEP][PASSED] - Statement - If (excelData.getValue(i, rowNo) != ""): null

2018-09-04 09:47:20 - [TEST_STEP][PASSED] - Statement - If (excelData.getValue(i, rowNo) != ""): null

2018-09-04 09:47:20 - [TEST_STEP][PASSED] - Statement - If (excelData.getValue(i, rowNo) != ""): null

2018-09-04 09:47:20 - [MESSAGE][PASSED] - Call Test Case 'Test Cases/Sub Script/Navigation_Menu/Menu_Mes_rapports/Nouveau_Rapport/Mes rapports - CONTENU/TC Verify input field - Contenu' successfully

2018-09-04 09:47:20 - [TEST_STEP][PASSED] - callTestCase: Call Test Case 'Test Cases/Sub Script/Verify URL/TC Verify Url' successfully

2018-09-04 09:47:20 - [TEST_CASE][PASSED] - Test Cases/Sub Script/Verify URL/TC Verify Url: Test Cases/Sub Script/Verify URL/TC Verify Url

2018-09-04 09:47:20 - [TEST_STEP][PASSED] - waitForPageLoad: Wait for page load successfully

2018-09-04 09:47:20 - [MESSAGE][PASSED] - Wait for page load successfully

2018-09-04 09:47:20 - [TEST_STEP][PASSED] - Statement - url = com.kms.katalon.core.webui.keyword.WebUiBuiltInKeywords.getUrl(): Current window's url is: 'https://internet.acc.sd.dika.be/ebloxreporting/web.sensitive/main/FpyDF/iIz9g8MffKNXfNyb1H/NL/#/definitie/wizard/extern/index/28448/inhoud/324852/7'

2018-09-04 09:47:20 - [MESSAGE][PASSED] - Current window's url is: 'https://internet.acc.sd.dika.be/ebloxreporting/web.sensitive/main/FpyDF/iIz9g8MffKNXfNyb1H/NL/#/definitie/wizard/extern/index/28448/inhoud/324852/7'

2018-09-04 09:47:20 - [TEST_STEP][PASSED] - Statement - p = java.util.regex.Pattern.compile("00040 ANTILOPE GROEP"): null

2018-09-04 09:47:20 - [TEST_STEP][PASSED] - Statement - m = p.matcher(url): null

2018-09-04 09:47:20 - [TEST_STEP][PASSED] - Statement - If (m.find()): null

2018-09-04 09:47:20 - [TEST_STEP][PASSED] - Statement - Else: The user name and the concern number are not present in the URL

2018-09-04 09:47:20 - [TEST_STEP][PASSED] - Statement - com.kms.katalon.core.util.KeywordUtil.markPassed("The user name and the concern number are not present in the URL"): The user name and the concern number are not present in the URL

2018-09-04 09:47:20 - [MESSAGE][PASSED] - The user name and the concern number are not present in the URL

2018-09-04 09:47:20 - [TEST_STEP][PASSED] - delay: Delayed 2 second(s)

2018-09-04 09:47:22 - [MESSAGE][PASSED] - Delayed 2 second(s)

2018-09-04 09:47:22 - [MESSAGE][PASSED] - Call Test Case 'Test Cases/Sub Script/Verify URL/TC Verify Url' successfully

2018-09-04 09:47:22 - [TEST_STEP][PASSED] - callTestCase: Call Test Case 'Test Cases/Sub Script/Navigation_Menu/Menu_Mes_rapports/TC Verify the next button arrow' successfully

2018-09-04 09:47:22 - [TEST_CASE][PASSED] - Test Cases/Sub Script/Navigation_Menu/Menu_Mes_rapports/TC Verify the next button arrow: Test Cases/Sub Script/Navigation_Menu/Menu_Mes_rapports/TC Verify the next button arrow

2018-09-04 09:47:22 - [TEST_STEP][PASSED] - waitForElementClickable: Object 'Object Repository/Mes rapports Obj/button_Next_Arrow' is clickable

2018-09-04 09:47:22 - [MESSAGE][PASSED] - Object 'Object Repository/Mes rapports Obj/button_Next_Arrow' is clickable

2018-09-04 09:47:22 - [TEST_STEP][PASSED] - click: Object: 'Object Repository/Mes rapports Obj/button_Next_Arrow' is clicked on

2018-09-04 09:47:22 - [MESSAGE][PASSED] - Object: 'Object Repository/Mes rapports Obj/button_Next_Arrow' is clicked on

2018-09-04 09:47:22 - [TEST_STEP][PASSED] - delay: Delayed 5 second(s)

2018-09-04 09:47:27 - [MESSAGE][PASSED] - Delayed 5 second(s)

2018-09-04 09:47:27 - [TEST_STEP][PASSED] - waitForPageLoad: Wait for page load successfully

2018-09-04 09:47:27 - [MESSAGE][PASSED] - Wait for page load successfully

2018-09-04 09:47:27 - [MESSAGE][PASSED] - Call Test Case 'Test Cases/Sub Script/Navigation_Menu/Menu_Mes_rapports/TC Verify the next button arrow' successfully

2018-09-04 09:47:27 - [TEST_STEP][PASSED] - callTestCase: Call Test Case 'Test Cases/Sub Script/Navigation_Menu/Menu_Mes_rapports/Nouveau_Rapport/Mes rapports - SELECTION/Dossier_and_Groupe_options/TC Click on Dossier and Groupe downdrop' successfully

2018-09-04 09:47:27 - [TEST_CASE][PASSED] - Test Cases/Sub Script/Navigation_Menu/Menu_Mes_rapports/Nouveau_Rapport/Mes rapports - SELECTION/Dossier_and_Groupe_options/TC Click on Dossier and Groupe downdrop: Test Cases/Sub Script/Navigation_Menu/Menu_Mes_rapports/Nouveau_Rapport/Mes rapports - SELECTION/Dossier_and_Groupe_options/TC Click on Dossier and Groupe downdrop

2018-09-04 09:47:28 - [TEST_STEP][PASSED] - click: Object: 'Object Repository/Mes rapports Obj/SELECTION/Dossier and Groupe/click on Dossier and groupe dropdown' is clicked on

2018-09-04 09:47:28 - [MESSAGE][PASSED] - Object: 'Object Repository/Mes rapports Obj/SELECTION/Dossier and Groupe/click on Dossier and groupe dropdown' is clicked on

2018-09-04 09:47:28 - [TEST_STEP][PASSED] - delay: Delayed 1 second(s)

2018-09-04 09:47:29 - [MESSAGE][PASSED] - Delayed 1 second(s)

2018-09-04 09:47:29 - [MESSAGE][PASSED] - Call Test Case 'Test Cases/Sub Script/Navigation_Menu/Menu_Mes_rapports/Nouveau_Rapport/Mes rapports - SELECTION/Dossier_and_Groupe_options/TC Click on Dossier and Groupe downdrop' successfully

2018-09-04 09:47:29 - [TEST_STEP][PASSED] - callTestCase: Call Test Case 'Test Cases/Sub Script/Navigation_Menu/Menu_Mes_rapports/Nouveau_Rapport/Mes rapports - SELECTION/Dossier_and_Groupe_options/TC Choose option figure dans' successfully

2018-09-04 09:47:29 - [TEST_CASE][PASSED] - Test Cases/Sub Script/Navigation_Menu/Menu_Mes_rapports/Nouveau_Rapport/Mes rapports - SELECTION/Dossier_and_Groupe_options/TC Choose option figure dans: Test Cases/Sub Script/Navigation_Menu/Menu_Mes_rapports/Nouveau_Rapport/Mes rapports - SELECTION/Dossier_and_Groupe_options/TC Choose option figure dans

2018-09-04 09:47:29 - [TEST_STEP][PASSED] - click: Object: 'Object Repository/Mes rapports Obj/SELECTION/Dossier and Groupe/figure dans' is clicked on

2018-09-04 09:47:29 - [MESSAGE][PASSED] - Object: 'Object Repository/Mes rapports Obj/SELECTION/Dossier and Groupe/figure dans' is clicked on

2018-09-04 09:47:29 - [TEST_STEP][PASSED] - delay: Delayed 1 second(s)

2018-09-04 09:47:30 - [MESSAGE][PASSED] - Delayed 1 second(s)

2018-09-04 09:47:30 - [MESSAGE][PASSED] - Call Test Case 'Test Cases/Sub Script/Navigation_Menu/Menu_Mes_rapports/Nouveau_Rapport/Mes rapports - SELECTION/Dossier_and_Groupe_options/TC Choose option figure dans' successfully

2018-09-04 09:47:30 - [TEST_STEP][PASSED] - callTestCase: Call Test Case 'Test Cases/Sub Script/Navigation_Menu/Menu_Mes_rapports/Nouveau_Rapport/Mes rapports - SELECTION/Travailleur_options/TC Click on Travailleur downdrop' successfully

2018-09-04 09:47:30 - [TEST_CASE][PASSED] - Test Cases/Sub Script/Navigation_Menu/Menu_Mes_rapports/Nouveau_Rapport/Mes rapports - SELECTION/Travailleur_options/TC Click on Travailleur downdrop: Test Cases/Sub Script/Navigation_Menu/Menu_Mes_rapports/Nouveau_Rapport/Mes rapports - SELECTION/Travailleur_options/TC Click on Travailleur downdrop

2018-09-04 09:47:30 - [TEST_STEP][PASSED] - click: Object: 'Object Repository/Mes rapports Obj/SELECTION/Travailleur/Click on Travailleur dropdown' is clicked on

2018-09-04 09:47:31 - [MESSAGE][PASSED] - Object: 'Object Repository/Mes rapports Obj/SELECTION/Travailleur/Click on Travailleur dropdown' is clicked on

2018-09-04 09:47:31 - [TEST_STEP][PASSED] - delay: Delayed 1 second(s)

2018-09-04 09:47:32 - [MESSAGE][PASSED] - Delayed 1 second(s)

2018-09-04 09:47:32 - [MESSAGE][PASSED] - Call Test Case 'Test Cases/Sub Script/Navigation_Menu/Menu_Mes_rapports/Nouveau_Rapport/Mes rapports - SELECTION/Travailleur_options/TC Click on Travailleur downdrop' successfully

2018-09-04 09:47:32 - [TEST_STEP][PASSED] - callTestCase: Call Test Case 'Test Cases/Sub Script/Navigation_Menu/Menu_Mes_rapports/Nouveau_Rapport/Mes rapports - SELECTION/Travailleur_options/TC Choose option figure dans' successfully

2018-09-04 09:47:32 - [TEST_CASE][PASSED] - Test Cases/Sub Script/Navigation_Menu/Menu_Mes_rapports/Nouveau_Rapport/Mes rapports - SELECTION/Travailleur_options/TC Choose option figure dans: Test Cases/Sub Script/Navigation_Menu/Menu_Mes_rapports/Nouveau_Rapport/Mes rapports - SELECTION/Travailleur_options/TC Choose option figure dans

2018-09-04 09:47:32 - [TEST_STEP][PASSED] - click: Object: 'Object Repository/Mes rapports Obj/SELECTION/Travailleur/figure dans' is clicked on

2018-09-04 09:47:32 - [MESSAGE][PASSED] - Object: 'Object Repository/Mes rapports Obj/SELECTION/Travailleur/figure dans' is clicked on

2018-09-04 09:47:32 - [TEST_STEP][PASSED] - delay: Delayed 1 second(s)

2018-09-04 09:47:33 - [MESSAGE][PASSED] - Delayed 1 second(s)

2018-09-04 09:47:33 - [MESSAGE][PASSED] - Call Test Case 'Test Cases/Sub Script/Navigation_Menu/Menu_Mes_rapports/Nouveau_Rapport/Mes rapports - SELECTION/Travailleur_options/TC Choose option figure dans' successfully

2018-09-04 09:47:33 - [TEST_STEP][PASSED] - callTestCase: Call Test Case 'Test Cases/Sub Script/Navigation_Menu/Menu_Mes_rapports/Nouveau_Rapport/Mes rapports - SELECTION/Travailleur_options/TC Select option to choose travailleur' successfully

2018-09-04 09:47:33 - [TEST_CASE][PASSED] - Test Cases/Sub Script/Navigation_Menu/Menu_Mes_rapports/Nouveau_Rapport/Mes rapports - SELECTION/Travailleur_options/TC Select option to choose travailleur: Test Cases/Sub Script/Navigation_Menu/Menu_Mes_rapports/Nouveau_Rapport/Mes rapports - SELECTION/Travailleur_options/TC Select option to choose travailleur

2018-09-04 09:47:33 - [TEST_STEP][PASSED] - click: Object: 'Object Repository/Mes rapports Obj/SELECTION/Travailleur/Select option to choose travailleur' is clicked on

2018-09-04 09:47:33 - [MESSAGE][PASSED] - Object: 'Object Repository/Mes rapports Obj/SELECTION/Travailleur/Select option to choose travailleur' is clicked on

2018-09-04 09:47:33 - [MESSAGE][PASSED] - Call Test Case 'Test Cases/Sub Script/Navigation_Menu/Menu_Mes_rapports/Nouveau_Rapport/Mes rapports - SELECTION/Travailleur_options/TC Select option to choose travailleur' successfully

2018-09-04 09:47:33 - [TEST_STEP][PASSED] - callTestCase: Call Test Case 'Test Cases/Sub Script/Navigation_Menu/Menu_Mes_rapports/Nouveau_Rapport/Mes rapports - SELECTION/Travailleur_options/TC Click on travailleur list option' successfully

2018-09-04 09:47:33 - [TEST_CASE][PASSED] - Test Cases/Sub Script/Navigation_Menu/Menu_Mes_rapports/Nouveau_Rapport/Mes rapports - SELECTION/Travailleur_options/TC Click on travailleur list option: Test Cases/Sub Script/Navigation_Menu/Menu_Mes_rapports/Nouveau_Rapport/Mes rapports - SELECTION/Travailleur_options/TC Click on travailleur list option

2018-09-04 09:47:34 - [TEST_STEP][PASSED] - click: Object: 'Object Repository/Mes rapports Obj/SELECTION/Travailleur/travail - list option' is clicked on

2018-09-04 09:47:34 - [MESSAGE][PASSED] - Object: 'Object Repository/Mes rapports Obj/SELECTION/Travailleur/travail - list option' is clicked on

2018-09-04 09:47:34 - [MESSAGE][PASSED] - Call Test Case 'Test Cases/Sub Script/Navigation_Menu/Menu_Mes_rapports/Nouveau_Rapport/Mes rapports - SELECTION/Travailleur_options/TC Click on travailleur list option' successfully

2018-09-04 09:47:34 - [TEST_STEP][PASSED] - callTestCase: Call Test Case 'Test Cases/Sub Script/Navigation_Menu/Menu_Mes_rapports/Nouveau_Rapport/Mes rapports - SELECTION/Travailleur_options/TC Click on travailleur textfield' successfully

2018-09-04 09:47:34 - [TEST_CASE][PASSED] - Test Cases/Sub Script/Navigation_Menu/Menu_Mes_rapports/Nouveau_Rapport/Mes rapports - SELECTION/Travailleur_options/TC Click on travailleur textfield: Test Cases/Sub Script/Navigation_Menu/Menu_Mes_rapports/Nouveau_Rapport/Mes rapports - SELECTION/Travailleur_options/TC Click on travailleur textfield

2018-09-04 09:47:34 - [TEST_STEP][PASSED] - Statement - travailleur_Textfield = com.kms.katalon.core.webui.keyword.WebUiBuiltInKeywords.modifyObjectProperty(com.kms.katalon.core.testobject.ObjectRepository.findTestObject(Mes rapports Obj/SELECTION/Travailleur/Input field for travailleur), "id", "contains", "s2id_autogen", true): Modify property of object successfully

2018-09-04 09:47:34 - [MESSAGE][PASSED] - Modify property of object successfully

2018-09-04 09:47:34 - [TEST_STEP][PASSED] - click: Object: 'Object Repository/Mes rapports Obj/SELECTION/Travailleur/Input field for travailleur' is clicked on

2018-09-04 09:47:34 - [MESSAGE][PASSED] - Object: 'Object Repository/Mes rapports Obj/SELECTION/Travailleur/Input field for travailleur' is clicked on

2018-09-04 09:47:34 - [MESSAGE][PASSED] - Call Test Case 'Test Cases/Sub Script/Navigation_Menu/Menu_Mes_rapports/Nouveau_Rapport/Mes rapports - SELECTION/Travailleur_options/TC Click on travailleur textfield' successfully

2018-09-04 09:47:34 - [TEST_STEP][PASSED] - callTestCase: Call Test Case 'Test Cases/Sub Script/Navigation_Menu/Menu_Mes_rapports/Nouveau_Rapport/Mes rapports - SELECTION/Travailleur_options/TC Select travailleur from dropdown' successfully

2018-09-04 09:47:34 - [TEST_CASE][PASSED] - Test Cases/Sub Script/Navigation_Menu/Menu_Mes_rapports/Nouveau_Rapport/Mes rapports - SELECTION/Travailleur_options/TC Select travailleur from dropdown: Test Cases/Sub Script/Navigation_Menu/Menu_Mes_rapports/Nouveau_Rapport/Mes rapports - SELECTION/Travailleur_options/TC Select travailleur from dropdown

2018-09-04 09:47:34 - [TEST_STEP][PASSED] - Statement - excelData = com.kms.katalon.core.testdata.TestDataFactory.findTestData(Data Files/Data/TestData): Reading excel file with source file 'C:\Users\seeboruts\OneDrive - SD Worx\Desktop\Test_Data_Reg.xlsx' and sheet name 'TEST DATA'

2018-09-04 09:47:34 - [TEST_STEP][PASSED] - Statement - rowNo = java.lang.Integer.parseInt(currentTestCaseId): null

2018-09-04 09:47:34 - [TEST_STEP][PASSED] - Statement - For ([i = 14, i <= 23, (i++)]): null

2018-09-04 09:47:34 - [TEST_STEP][PASSED] - Statement - If (excelData.getValue(i, rowNo) != ""): Delayed 1 second(s)

2018-09-04 09:47:34 - [TEST_STEP][PASSED] - Statement - Select_travailleur = new com.kms.katalon.core.testobject.TestObject(Select_travailleur_by_name): null

2018-09-04 09:47:34 - [TEST_STEP][PASSED] - Statement - Select_travailleur.addProperty("xpath", EQUALS, "//div[@id='select2-drop']//ul[@class='select2-results']//li[@role='presentation']//div[contains(text(),'" + excelData.getValue(i, rowNo) + "')]"): null

2018-09-04 09:47:34 - [TEST_STEP][PASSED] - click: Object: 'Select_travailleur_by_name' is clicked on

2018-09-04 09:47:35 - [MESSAGE][PASSED] - Object: 'Select_travailleur_by_name' is clicked on

2018-09-04 09:47:35 - [TEST_STEP][PASSED] - delay: Delayed 1 second(s)

2018-09-04 09:47:36 - [MESSAGE][PASSED] - Delayed 1 second(s)

2018-09-04 09:47:36 - [TEST_STEP][PASSED] - Statement - If (excelData.getValue(i, rowNo) != ""): Delayed 1 second(s)

2018-09-04 09:47:36 - [TEST_STEP][PASSED] - Statement - Select_travailleur = new com.kms.katalon.core.testobject.TestObject(Select_travailleur_by_name): null

2018-09-04 09:47:36 - [TEST_STEP][PASSED] - Statement - Select_travailleur.addProperty("xpath", EQUALS, "//div[@id='select2-drop']//ul[@class='select2-results']//li[@role='presentation']//div[contains(text(),'" + excelData.getValue(i, rowNo) + "')]"): null

2018-09-04 09:47:36 - [TEST_STEP][PASSED] - click: Object: 'Select_travailleur_by_name' is clicked on

2018-09-04 09:47:36 - [MESSAGE][PASSED] - Object: 'Select_travailleur_by_name' is clicked on

2018-09-04 09:47:36 - [TEST_STEP][PASSED] - delay: Delayed 1 second(s)

2018-09-04 09:47:37 - [MESSAGE][PASSED] - Delayed 1 second(s)

2018-09-04 09:47:37 - [TEST_STEP][PASSED] - Statement - If (excelData.getValue(i, rowNo) != ""): Delayed 1 second(s)

2018-09-04 09:47:37 - [TEST_STEP][PASSED] - Statement - Select_travailleur = new com.kms.katalon.core.testobject.TestObject(Select_travailleur_by_name): null

2018-09-04 09:47:37 - [TEST_STEP][PASSED] - Statement - Select_travailleur.addProperty("xpath", EQUALS, "//div[@id='select2-drop']//ul[@class='select2-results']//li[@role='presentation']//div[contains(text(),'" + excelData.getValue(i, rowNo) + "')]"): null

2018-09-04 09:47:37 - [TEST_STEP][PASSED] - click: Object: 'Select_travailleur_by_name' is clicked on

2018-09-04 09:47:37 - [MESSAGE][PASSED] - Object: 'Select_travailleur_by_name' is clicked on

2018-09-04 09:47:37 - [TEST_STEP][PASSED] - delay: Delayed 1 second(s)

2018-09-04 09:47:38 - [MESSAGE][PASSED] - Delayed 1 second(s)

2018-09-04 09:47:38 - [TEST_STEP][PASSED] - Statement - If (excelData.getValue(i, rowNo) != ""): Delayed 1 second(s)

2018-09-04 09:47:38 - [TEST_STEP][PASSED] - Statement - Select_travailleur = new com.kms.katalon.core.testobject.TestObject(Select_travailleur_by_name): null

2018-09-04 09:47:38 - [TEST_STEP][PASSED] - Statement - Select_travailleur.addProperty("xpath", EQUALS, "//div[@id='select2-drop']//ul[@class='select2-results']//li[@role='presentation']//div[contains(text(),'" + excelData.getValue(i, rowNo) + "')]"): null

2018-09-04 09:47:38 - [TEST_STEP][PASSED] - click: Object: 'Select_travailleur_by_name' is clicked on

2018-09-04 09:47:38 - [MESSAGE][PASSED] - Object: 'Select_travailleur_by_name' is clicked on

2018-09-04 09:47:38 - [TEST_STEP][PASSED] - delay: Delayed 1 second(s)

2018-09-04 09:47:39 - [MESSAGE][PASSED] - Delayed 1 second(s)

2018-09-04 09:47:39 - [TEST_STEP][PASSED] - Statement - If (excelData.getValue(i, rowNo) != ""): null

2018-09-04 09:47:39 - [TEST_STEP][PASSED] - Statement - Else: null

2018-09-04 09:47:39 - [TEST_STEP][PASSED] - Statement - Break: null

2018-09-04 09:47:39 - [TEST_STEP][PASSED] - waitForPageLoad: Wait for page load successfully

2018-09-04 09:47:39 - [MESSAGE][PASSED] - Wait for page load successfully

2018-09-04 09:47:39 - [TEST_STEP][PASSED] - click: Object: 'Object Repository/Mes rapports Obj/SELECTION/Travailleur/Page_eBlox Reporting/Close_dropdown' is clicked on

2018-09-04 09:47:39 - [MESSAGE][PASSED] - Object: 'Object Repository/Mes rapports Obj/SELECTION/Travailleur/Page_eBlox Reporting/Close_dropdown' is clicked on

2018-09-04 09:47:39 - [TEST_STEP][PASSED] - delay: Delayed 2 second(s)

2018-09-04 09:47:41 - [MESSAGE][PASSED] - Delayed 2 second(s)

2018-09-04 09:47:41 - [MESSAGE][PASSED] - Call Test Case 'Test Cases/Sub Script/Navigation_Menu/Menu_Mes_rapports/Nouveau_Rapport/Mes rapports - SELECTION/Travailleur_options/TC Select travailleur from dropdown' successfully

2018-09-04 09:47:41 - [TEST_STEP][PASSED] - callTestCase: Call Test Case 'Test Cases/Sub Script/Navigation_Menu/Menu_Mes_rapports/Nouveau_Rapport/Mes rapports - SELECTION/CheckBox Selection/TC Verify CheckBox' successfully

2018-09-04 09:47:41 - [TEST_CASE][PASSED] - Test Cases/Sub Script/Navigation_Menu/Menu_Mes_rapports/Nouveau_Rapport/Mes rapports - SELECTION/CheckBox Selection/TC Verify CheckBox: Test Cases/Sub Script/Navigation_Menu/Menu_Mes_rapports/Nouveau_Rapport/Mes rapports - SELECTION/CheckBox Selection/TC Verify CheckBox

2018-09-04 09:47:41 - [TEST_STEP][PASSED] - Statement - excelData = com.kms.katalon.core.testdata.TestDataFactory.findTestData(Data Files/Data/TestData): Reading excel file with source file 'C:\Users\seeboruts\OneDrive - SD Worx\Desktop\Test_Data_Reg.xlsx' and sheet name 'TEST DATA'

2018-09-04 09:47:41 - [TEST_STEP][PASSED] - Statement - rowNo = java.lang.Integer.parseInt(currentTestCaseId): null

2018-09-04 09:47:41 - [TEST_STEP][PASSED] - Statement - For ([i = 34, i <= 42, (i++)]): Object 'Object Repository/Mes rapports Obj/SELECTION/Suspension' is un-checked

2018-09-04 09:47:41 - [TEST_STEP][PASSED] - Statement - If (excelData.getValue(i, rowNo) != ""): Object 'Object Repository/Mes rapports Obj/SELECTION/Contracts actifs' is un-checked

2018-09-04 09:47:41 - [TEST_STEP][PASSED] - excelData.getValue(i, rowNo): Object 'Object Repository/Mes rapports Obj/SELECTION/Contracts actifs' is un-checked

2018-09-04 09:47:42 - [MESSAGE][PASSED] - Object 'Object Repository/Mes rapports Obj/SELECTION/Contracts actifs' is un-checked

2018-09-04 09:47:42 - [TEST_STEP][PASSED] - Statement - If (excelData.getValue(i, rowNo) != ""): Object 'Object Repository/Mes rapports Obj/SELECTION/Dossier and Groupe checkbox' is checked

2018-09-04 09:47:42 - [TEST_STEP][PASSED] - excelData.getValue(i, rowNo): Object 'Object Repository/Mes rapports Obj/SELECTION/Dossier and Groupe checkbox' is checked

2018-09-04 09:47:42 - [MESSAGE][PASSED] - Object 'Object Repository/Mes rapports Obj/SELECTION/Dossier and Groupe checkbox' is checked

2018-09-04 09:47:42 - [TEST_STEP][PASSED] - Statement - If (excelData.getValue(i, rowNo) != ""): Object 'Object Repository/Mes rapports Obj/SELECTION/Travailleur checkbox' is checked

2018-09-04 09:47:42 - [TEST_STEP][PASSED] - excelData.getValue(i, rowNo): Object 'Object Repository/Mes rapports Obj/SELECTION/Travailleur checkbox' is checked

2018-09-04 09:47:42 - [MESSAGE][PASSED] - Object 'Object Repository/Mes rapports Obj/SELECTION/Travailleur checkbox' is checked

2018-09-04 09:47:42 - [TEST_STEP][PASSED] - Statement - If (excelData.getValue(i, rowNo) != ""): Object 'Object Repository/Mes rapports Obj/SELECTION/Departement' is un-checked

2018-09-04 09:47:42 - [TEST_STEP][PASSED] - excelData.getValue(i, rowNo): Object 'Object Repository/Mes rapports Obj/SELECTION/Departement' is un-checked

2018-09-04 09:47:42 - [MESSAGE][PASSED] - Object 'Object Repository/Mes rapports Obj/SELECTION/Departement' is un-checked

2018-09-04 09:47:42 - [TEST_STEP][PASSED] - Statement - If (excelData.getValue(i, rowNo) != ""): Object 'Object Repository/Mes rapports Obj/SELECTION/Caratere juridique du contrat' is un-checked

2018-09-04 09:47:42 - [TEST_STEP][PASSED] - excelData.getValue(i, rowNo): Object 'Object Repository/Mes rapports Obj/SELECTION/Caratere juridique du contrat' is un-checked

2018-09-04 09:47:42 - [MESSAGE][PASSED] - Object 'Object Repository/Mes rapports Obj/SELECTION/Caratere juridique du contrat' is un-checked

2018-09-04 09:47:42 - [TEST_STEP][PASSED] - Statement - If (excelData.getValue(i, rowNo) != ""): Object 'Object Repository/Mes rapports Obj/SELECTION/Pays de naissance' is un-checked

2018-09-04 09:47:42 - [TEST_STEP][PASSED] - excelData.getValue(i, rowNo): Object 'Object Repository/Mes rapports Obj/SELECTION/Pays de naissance' is un-checked

2018-09-04 09:47:42 - [MESSAGE][PASSED] - Object 'Object Repository/Mes rapports Obj/SELECTION/Pays de naissance' is un-checked

2018-09-04 09:47:42 - [TEST_STEP][PASSED] - Statement - If (excelData.getValue(i, rowNo) != ""): Object 'Object Repository/Mes rapports Obj/SELECTION/Sexe' is un-checked

2018-09-04 09:47:42 - [TEST_STEP][PASSED] - excelData.getValue(i, rowNo): Object 'Object Repository/Mes rapports Obj/SELECTION/Sexe' is un-checked

2018-09-04 09:47:42 - [MESSAGE][PASSED] - Object 'Object Repository/Mes rapports Obj/SELECTION/Sexe' is un-checked

2018-09-04 09:47:42 - [TEST_STEP][PASSED] - Statement - If (excelData.getValue(i, rowNo) != ""): Object 'Object Repository/Mes rapports Obj/SELECTION/Mode de remuneration' is un-checked

2018-09-04 09:47:42 - [TEST_STEP][PASSED] - excelData.getValue(i, rowNo): Object 'Object Repository/Mes rapports Obj/SELECTION/Mode de remuneration' is un-checked

2018-09-04 09:47:42 - [MESSAGE][PASSED] - Object 'Object Repository/Mes rapports Obj/SELECTION/Mode de remuneration' is un-checked

2018-09-04 09:47:42 - [TEST_STEP][PASSED] - Statement - If (excelData.getValue(i, rowNo) != ""): Object 'Object Repository/Mes rapports Obj/SELECTION/Suspension' is un-checked

2018-09-04 09:47:42 - [TEST_STEP][PASSED] - excelData.getValue(i, rowNo): Object 'Object Repository/Mes rapports Obj/SELECTION/Suspension' is un-checked

2018-09-04 09:47:42 - [MESSAGE][PASSED] - Object 'Object Repository/Mes rapports Obj/SELECTION/Suspension' is un-checked

2018-09-04 09:47:42 - [MESSAGE][PASSED] - Call Test Case 'Test Cases/Sub Script/Navigation_Menu/Menu_Mes_rapports/Nouveau_Rapport/Mes rapports - SELECTION/CheckBox Selection/TC Verify CheckBox' successfully

2018-09-04 09:47:42 - [TEST_STEP][PASSED] - callTestCase: Call Test Case 'Test Cases/Sub Script/Verify URL/TC Verify Url' successfully

2018-09-04 09:47:42 - [TEST_CASE][PASSED] - Test Cases/Sub Script/Verify URL/TC Verify Url: Test Cases/Sub Script/Verify URL/TC Verify Url

2018-09-04 09:47:42 - [TEST_STEP][PASSED] - waitForPageLoad: Wait for page load successfully

2018-09-04 09:47:42 - [MESSAGE][PASSED] - Wait for page load successfully

2018-09-04 09:47:42 - [TEST_STEP][PASSED] - Statement - url = com.kms.katalon.core.webui.keyword.WebUiBuiltInKeywords.getUrl(): Current window's url is: 'https://internet.acc.sd.dika.be/ebloxreporting/web.sensitive/main/FpyDF/iIz9g8MffKNXfNyb1H/NL/#/definitie/wizard/extern/index/28448/selectie'

2018-09-04 09:47:42 - [MESSAGE][PASSED] - Current window's url is: 'https://internet.acc.sd.dika.be/ebloxreporting/web.sensitive/main/FpyDF/iIz9g8MffKNXfNyb1H/NL/#/definitie/wizard/extern/index/28448/selectie'

2018-09-04 09:47:42 - [TEST_STEP][PASSED] - Statement - p = java.util.regex.Pattern.compile("00040 ANTILOPE GROEP"): null

2018-09-04 09:47:42 - [TEST_STEP][PASSED] - Statement - m = p.matcher(url): null

2018-09-04 09:47:42 - [TEST_STEP][PASSED] - Statement - If (m.find()): null

2018-09-04 09:47:42 - [TEST_STEP][PASSED] - Statement - Else: The user name and the concern number are not present in the URL

2018-09-04 09:47:42 - [TEST_STEP][PASSED] - Statement - com.kms.katalon.core.util.KeywordUtil.markPassed("The user name and the concern number are not present in the URL"): The user name and the concern number are not present in the URL

2018-09-04 09:47:42 - [MESSAGE][PASSED] - The user name and the concern number are not present in the URL

2018-09-04 09:47:42 - [TEST_STEP][PASSED] - delay: Delayed 2 second(s)

2018-09-04 09:47:44 - [MESSAGE][PASSED] - Delayed 2 second(s)

2018-09-04 09:47:44 - [MESSAGE][PASSED] - Call Test Case 'Test Cases/Sub Script/Verify URL/TC Verify Url' successfully

2018-09-04 09:47:44 - [TEST_STEP][PASSED] - callTestCase: Call Test Case 'Test Cases/Sub Script/Navigation_Menu/Menu_Mes_rapports/TC Verify the next button arrow' successfully

2018-09-04 09:47:44 - [TEST_CASE][PASSED] - Test Cases/Sub Script/Navigation_Menu/Menu_Mes_rapports/TC Verify the next button arrow: Test Cases/Sub Script/Navigation_Menu/Menu_Mes_rapports/TC Verify the next button arrow

2018-09-04 09:47:44 - [TEST_STEP][PASSED] - waitForElementClickable: Object 'Object Repository/Mes rapports Obj/button_Next_Arrow' is clickable

2018-09-04 09:47:44 - [MESSAGE][PASSED] - Object 'Object Repository/Mes rapports Obj/button_Next_Arrow' is clickable

2018-09-04 09:47:44 - [TEST_STEP][PASSED] - click: Object: 'Object Repository/Mes rapports Obj/button_Next_Arrow' is clicked on

2018-09-04 09:47:44 - [MESSAGE][PASSED] - Object: 'Object Repository/Mes rapports Obj/button_Next_Arrow' is clicked on

2018-09-04 09:47:44 - [TEST_STEP][PASSED] - delay: Delayed 5 second(s)

2018-09-04 09:47:49 - [MESSAGE][PASSED] - Delayed 5 second(s)

2018-09-04 09:47:49 - [TEST_STEP][PASSED] - waitForPageLoad: Wait for page load successfully

2018-09-04 09:47:49 - [MESSAGE][PASSED] - Wait for page load successfully

2018-09-04 09:47:49 - [MESSAGE][PASSED] - Call Test Case 'Test Cases/Sub Script/Navigation_Menu/Menu_Mes_rapports/TC Verify the next button arrow' successfully

2018-09-04 09:47:49 - [TEST_STEP][PASSED] - callTestCase: Call Test Case 'Test Cases/Sub Script/Navigation_Menu/Menu_Mes_rapports/Nouveau_Rapport/Mes rapports - EXECUTION/Saisissez les valeurs souhaitees section/TC Click on Dossier and Groupe textfield' successfully

2018-09-04 09:47:49 - [TEST_CASE][PASSED] - Test Cases/Sub Script/Navigation_Menu/Menu_Mes_rapports/Nouveau_Rapport/Mes rapports - EXECUTION/Saisissez les valeurs souhaitees section/TC Click on Dossier and Groupe textfield: Test Cases/Sub Script/Navigation_Menu/Menu_Mes_rapports/Nouveau_Rapport/Mes rapports - EXECUTION/Saisissez les valeurs souhaitees section/TC Click on Dossier and Groupe textfield

2018-09-04 09:47:50 - [TEST_STEP][PASSED] - Statement - inputDossier = com.kms.katalon.core.webui.keyword.WebUiBuiltInKeywords.modifyObjectProperty(com.kms.katalon.core.testobject.ObjectRepository.findTestObject(Mes rapports Obj/EXECUTION/Description_Dossier and Groupe figure dans), "id", "contains", "s2id_autogen", true): Modify property of object successfully

2018-09-04 09:47:50 - [MESSAGE][PASSED] - Modify property of object successfully

2018-09-04 09:47:50 - [TEST_STEP][PASSED] - click: Object: 'Object Repository/Mes rapports Obj/EXECUTION/Description_Dossier and Groupe figure dans' is clicked on

2018-09-04 09:47:50 - [MESSAGE][PASSED] - Object: 'Object Repository/Mes rapports Obj/EXECUTION/Description_Dossier and Groupe figure dans' is clicked on

2018-09-04 09:47:50 - [TEST_STEP][PASSED] - delay: Delayed 2 second(s)

2018-09-04 09:47:52 - [MESSAGE][PASSED] - Delayed 2 second(s)

2018-09-04 09:47:52 - [MESSAGE][PASSED] - Call Test Case 'Test Cases/Sub Script/Navigation_Menu/Menu_Mes_rapports/Nouveau_Rapport/Mes rapports - EXECUTION/Saisissez les valeurs souhaitees section/TC Click on Dossier and Groupe textfield' successfully

2018-09-04 09:47:52 - [TEST_STEP][PASSED] - callTestCase: Call Test Case 'Test Cases/Sub Script/Navigation_Menu/Menu_Mes_rapports/Nouveau_Rapport/Mes rapports - EXECUTION/Saisissez les valeurs souhaitees section/TC Select Dossier and groupe from dropdown' successfully

2018-09-04 09:47:52 - [TEST_CASE][PASSED] - Test Cases/Sub Script/Navigation_Menu/Menu_Mes_rapports/Nouveau_Rapport/Mes rapports - EXECUTION/Saisissez les valeurs souhaitees section/TC Select Dossier and groupe from dropdown: Test Cases/Sub Script/Navigation_Menu/Menu_Mes_rapports/Nouveau_Rapport/Mes rapports - EXECUTION/Saisissez les valeurs souhaitees section/TC Select Dossier and groupe from dropdown

2018-09-04 09:47:52 - [TEST_STEP][PASSED] - Statement - excelData = com.kms.katalon.core.testdata.TestDataFactory.findTestData(Data Files/Data/TestData): Reading excel file with source file 'C:\Users\seeboruts\OneDrive - SD Worx\Desktop\Test_Data_Reg.xlsx' and sheet name 'TEST DATA'

2018-09-04 09:47:52 - [TEST_STEP][PASSED] - Statement - rowNo = java.lang.Integer.parseInt(currentTestCaseId): null

2018-09-04 09:47:52 - [TEST_STEP][PASSED] - Statement - For ([i = 24, i <= 33, (i++)]): null

2018-09-04 09:47:52 - [TEST_STEP][PASSED] - Statement - If (excelData.getValue(i, rowNo) != ""): Delayed 2 second(s)

2018-09-04 09:47:52 - [TEST_STEP][PASSED] - Statement - InputDossier = new com.kms.katalon.core.testobject.TestObject(Select_dossier_by_name): null

2018-09-04 09:47:52 - [TEST_STEP][PASSED] - Statement - InputDossier.addProperty("xpath", EQUALS, "//div[@id='select2-drop']//ul[@class='select2-results']//li[@role='presentation']//div[contains(text(),'" + excelData.getValue(i, rowNo) + "')]"): null

2018-09-04 09:47:52 - [TEST_STEP][PASSED] - click: Object: 'Select_dossier_by_name' is clicked on

2018-09-04 09:47:52 - [MESSAGE][PASSED] - Object: 'Select_dossier_by_name' is clicked on

2018-09-04 09:47:52 - [TEST_STEP][PASSED] - delay: Delayed 2 second(s)

2018-09-04 09:47:54 - [MESSAGE][PASSED] - Delayed 2 second(s)

2018-09-04 09:47:54 - [TEST_STEP][PASSED] - Statement - If (excelData.getValue(i, rowNo) != ""): Delayed 2 second(s)

2018-09-04 09:47:54 - [TEST_STEP][PASSED] - Statement - InputDossier = new com.kms.katalon.core.testobject.TestObject(Select_dossier_by_name): null

2018-09-04 09:47:54 - [TEST_STEP][PASSED] - Statement - InputDossier.addProperty("xpath", EQUALS, "//div[@id='select2-drop']//ul[@class='select2-results']//li[@role='presentation']//div[contains(text(),'" + excelData.getValue(i, rowNo) + "')]"): null

2018-09-04 09:47:54 - [TEST_STEP][PASSED] - click: Object: 'Select_dossier_by_name' is clicked on

2018-09-04 09:47:54 - [MESSAGE][PASSED] - Object: 'Select_dossier_by_name' is clicked on

2018-09-04 09:47:54 - [TEST_STEP][PASSED] - delay: Delayed 2 second(s)

2018-09-04 09:47:56 - [MESSAGE][PASSED] - Delayed 2 second(s)

2018-09-04 09:47:56 - [TEST_STEP][PASSED] - Statement - If (excelData.getValue(i, rowNo) != ""): Delayed 2 second(s)

2018-09-04 09:47:56 - [TEST_STEP][PASSED] - Statement - InputDossier = new com.kms.katalon.core.testobject.TestObject(Select_dossier_by_name): null

2018-09-04 09:47:56 - [TEST_STEP][PASSED] - Statement - InputDossier.addProperty("xpath", EQUALS, "//div[@id='select2-drop']//ul[@class='select2-results']//li[@role='presentation']//div[contains(text(),'" + excelData.getValue(i, rowNo) + "')]"): null

2018-09-04 09:47:56 - [TEST_STEP][PASSED] - click: Object: 'Select_dossier_by_name' is clicked on

2018-09-04 09:47:57 - [MESSAGE][PASSED] - Object: 'Select_dossier_by_name' is clicked on

2018-09-04 09:47:57 - [TEST_STEP][PASSED] - delay: Delayed 2 second(s)

2018-09-04 09:47:59 - [MESSAGE][PASSED] - Delayed 2 second(s)

2018-09-04 09:47:59 - [TEST_STEP][PASSED] - Statement - If (excelData.getValue(i, rowNo) != ""): null

2018-09-04 09:47:59 - [TEST_STEP][PASSED] - Statement - Else: null

2018-09-04 09:47:59 - [TEST_STEP][PASSED] - Statement - Break: null

2018-09-04 09:47:59 - [TEST_STEP][PASSED] - waitForPageLoad: Wait for page load successfully

2018-09-04 09:47:59 - [MESSAGE][PASSED] - Wait for page load successfully

2018-09-04 09:47:59 - [TEST_STEP][PASSED] - click: Object: 'Object Repository/Mes rapports Obj/SELECTION/Travailleur/Page_eBlox Reporting/Close_dropdown' is clicked on

2018-09-04 09:47:59 - [MESSAGE][PASSED] - Object: 'Object Repository/Mes rapports Obj/SELECTION/Travailleur/Page_eBlox Reporting/Close_dropdown' is clicked on

2018-09-04 09:47:59 - [TEST_STEP][PASSED] - delay: Delayed 2 second(s)

2018-09-04 09:48:01 - [MESSAGE][PASSED] - Delayed 2 second(s)

2018-09-04 09:48:01 - [MESSAGE][PASSED] - Call Test Case 'Test Cases/Sub Script/Navigation_Menu/Menu_Mes_rapports/Nouveau_Rapport/Mes rapports - EXECUTION/Saisissez les valeurs souhaitees section/TC Select Dossier and groupe from dropdown' successfully

2018-09-04 09:48:01 - [TEST_STEP][FAILED] - callTestCase: Unable to call Test Case with id 'Test Cases/Sub Script/Navigation_Menu/Menu_Mes_rapports/Nouveau_Rapport/Mes rapports - EXECUTION/Saisissez les valeurs souhaitees section/TC Click on reference historic dropdown' (Root cause: Call Test Case 'Test Cases/Sub Script/Navigation_Menu/Menu_Mes_rapports/Nouveau_Rapport/Mes rapports - EXECUTION/Saisissez les valeurs souhaitees section/TC Click on reference historic dropdown' failed)

2018-09-04 09:48:01 - [TEST_CASE][FAILED] - Test Cases/Sub Script/Navigation_Menu/Menu_Mes_rapports/Nouveau_Rapport/Mes rapports - EXECUTION/Saisissez les valeurs souhaitees section/TC Click on reference historic dropdown: Test Cases/Sub Script/Navigation_Menu/Menu_Mes_rapports/Nouveau_Rapport/Mes rapports - EXECUTION/Saisissez les valeurs souhaitees section/TC Click on reference historic dropdown FAILED because (of) Unable to click on object 'Object Repository/Mes rapports Obj/EXECUTION/Description _Date de reference historique' (Root cause: com.kms.katalon.core.webui.exception.WebElementNotFoundException: Web element with id: 'Object Repository/Mes rapports Obj/EXECUTION/Description _Date de reference historique' located by 'By.xpath: //*[@id="uitvoering-parameters"]/div/div[2]/div/div/table/tbody/tr[2]/td[2]/div/div/rapp-date-prompt/div/div/rapp-special-values/div/button[count(. | //button[@type = 'button' and @class = 'btn pull-left btn-default rapp-selected-prompt-button dropdown-toggle ' and @data-toggle = 'dropdown' and @style = 'font-weight: normal; text-align: left; width: 100%;']) = count(//button[@type = 'button' and @class = 'btn pull-left btn-default rapp-selected-prompt-button dropdown-toggle ' and @data-toggle = 'dropdown' and @style = 'font-weight: normal; text-align: left; width: 100%;'])]' not found)

2018-09-04 09:48:01 - [TEST_STEP][PASSED] - Statement - historic = com.kms.katalon.core.webui.keyword.WebUiBuiltInKeywords.modifyObjectProperty(com.kms.katalon.core.testobject.ObjectRepository.findTestObject(Mes rapports Obj/EXECUTION/Description _Date de reference historique), "xpath", "equals", "//*[@id="uitvoering-parameters"]/div/div[2]/div/div/table/tbody/tr[2]/td[2]/div/div/rapp-date-prompt/div/div/rapp-special-values/div/button", true): Modify property of object successfully

2018-09-04 09:48:01 - [MESSAGE][PASSED] - Modify property of object successfully

2018-09-04 09:48:01 - [TEST_STEP][FAILED] - click: Unable to click on object 'Object Repository/Mes rapports Obj/EXECUTION/Description _Date de reference historique' (Root cause: com.kms.katalon.core.webui.exception.WebElementNotFoundException: Web element with id: 'Object Repository/Mes rapports Obj/EXECUTION/Description _Date de reference historique' located by 'By.xpath: //*[@id="uitvoering-parameters"]/div/div[2]/div/div/table/tbody/tr[2]/td[2]/div/div/rapp-date-prompt/div/div/rapp-special-values/div/button[count(. | //button[@type = 'button' and @class = 'btn pull-left btn-default rapp-selected-prompt-button dropdown-toggle ' and @data-toggle = 'dropdown' and @style = 'font-weight: normal; text-align: left; width: 100%;']) = count(//button[@type = 'button' and @class = 'btn pull-left btn-default rapp-selected-prompt-button dropdown-toggle ' and @data-toggle = 'dropdown' and @style = 'font-weight: normal; text-align: left; width: 100%;'])]' not found)

2018-09-04 09:48:34 - [MESSAGE][FAILED] - Unable to click on object 'Object Repository/Mes rapports Obj/EXECUTION/Description _Date de reference historique' (Root cause: com.kms.katalon.core.webui.exception.WebElementNotFoundException: Web element with id: 'Object Repository/Mes rapports Obj/EXECUTION/Description _Date de reference historique' located by 'By.xpath: //*[@id="uitvoering-parameters"]/div/div[2]/div/div/table/tbody/tr[2]/td[2]/div/div/rapp-date-prompt/div/div/rapp-special-values/div/button[count(. | //button[@type = 'button' and @class = 'btn pull-left btn-default rapp-selected-prompt-button dropdown-toggle ' and @data-toggle = 'dropdown' and @style = 'font-weight: normal; text-align: left; width: 100%;']) = count(//button[@type = 'button' and @class = 'btn pull-left btn-default rapp-selected-prompt-button dropdown-toggle ' and @data-toggle = 'dropdown' and @style = 'font-weight: normal; text-align: left; width: 100%;'])]' not found)
[[ATTACHMENT|C:\\Users\\seeboruts\\OneDrive - SD Worx\\Desktop\\Katalon_eBlox_Reporting\\Reports\\testing\\Demo\\20180904_094517\\1536040113938.png]]

2018-09-04 09:48:34 - [MESSAGE][FAILED] - Unable to call Test Case with id 'Test Cases/Sub Script/Navigation_Menu/Menu_Mes_rapports/Nouveau_Rapport/Mes rapports - EXECUTION/Saisissez les valeurs souhaitees section/TC Click on reference historic dropdown' (Root cause: Call Test Case 'Test Cases/Sub Script/Navigation_Menu/Menu_Mes_rapports/Nouveau_Rapport/Mes rapports - EXECUTION/Saisissez les valeurs souhaitees section/TC Click on reference historic dropdown' failed)]]></system-out>
         <system-err><![CDATA[2018-09-04 09:45:20 - [TEST_CASE][FAILED] - Test Cases/Main Script/TC2 NEW: Test Cases/Main Script/TC2 NEW FAILED because (of) Unable to click on object 'Object Repository/Mes rapports Obj/EXECUTION/Description _Date de reference historique' (Root cause: com.kms.katalon.core.webui.exception.WebElementNotFoundException: Web element with id: 'Object Repository/Mes rapports Obj/EXECUTION/Description _Date de reference historique' located by 'By.xpath: //*[@id="uitvoering-parameters"]/div/div[2]/div/div/table/tbody/tr[2]/td[2]/div/div/rapp-date-prompt/div/div/rapp-special-values/div/button[count(. | //button[@type = 'button' and @class = 'btn pull-left btn-default rapp-selected-prompt-button dropdown-toggle ' and @data-toggle = 'dropdown' and @style = 'font-weight: normal; text-align: left; width: 100%;']) = count(//button[@type = 'button' and @class = 'btn pull-left btn-default rapp-selected-prompt-button dropdown-toggle ' and @data-toggle = 'dropdown' and @style = 'font-weight: normal; text-align: left; width: 100%;'])]' not found)]]></system-err>
      </testcase>
      <testcase name="Test Cases/Main Script/TC3 VALIDATION" classname="Test Cases/Main Script/TC3 VALIDATION" status="PASSED">
         <system-out><![CDATA[2018-09-04 09:48:34 - [TEST_CASE][PASSED] - Test Cases/Main Script/TC3 VALIDATION: Test Cases/Main Script/TC3 VALIDATION

2018-09-04 09:48:34 - [TEST_STEP][PASSED] - Start listener action : sampleBeforeTestCase: Invoke 'com.kms.katalon.core.annotation.BeforeTestCase' method: 'NewTestListener.sampleBeforeTestCase(...)' completed.

2018-09-04 09:48:34 - [TEST_STEP][PASSED] - Statement - println(testCaseContext.getTextCaseId()=$testCaseContext.getTestCaseId()): null

2018-09-04 09:48:34 - [TEST_STEP][PASSED] - Statement - currentTestCaseId = testCaseContext.getTestCaseId(): Invoke 'com.kms.katalon.core.annotation.BeforeTestCase' method: 'NewTestListener.sampleBeforeTestCase(...)' completed.

2018-09-04 09:48:34 - [TEST_STEP][PASSED] - verify_Test_Case_Number.getTestCaseNumber.getTCNo: verify_Test_Case_Number.getTestCaseNumber.getTCNo is PASSED

2018-09-04 09:48:34 - [MESSAGE][PASSED] - verify_Test_Case_Number.getTestCaseNumber.getTCNo is PASSED

2018-09-04 09:48:34 - [TEST_STEP][PASSED] - callTestCase: Call Test Case 'Test Cases/Login/TC1 Login to Mysdworx' successfully

2018-09-04 09:48:34 - [TEST_CASE][PASSED] - Test Cases/Login/TC1 Login to Mysdworx: Test Cases/Login/TC1 Login to Mysdworx

2018-09-04 09:48:34 - [TEST_STEP][PASSED] - openBrowser: Browser is opened with url: ''

2018-09-04 09:48:34 - [MESSAGE][WARNING] - A browser is already opened. Closing browser and opening a new one

2018-09-04 09:48:37 - [MESSAGE][PASSED] - Browser is opened with url: ''

2018-09-04 09:48:37 - [TEST_STEP][PASSED] - navigateToUrl: Navigate to 'https://internet.acc.sd.dika.be/ebloxreporting/web.sensitive/main/?lang=fr' successfully

2018-09-04 09:48:42 - [MESSAGE][PASSED] - Navigate to 'https://internet.acc.sd.dika.be/ebloxreporting/web.sensitive/main/?lang=fr' successfully

2018-09-04 09:48:42 - [TEST_STEP][PASSED] - maximizeWindow: Current window maximized

2018-09-04 09:48:43 - [MESSAGE][PASSED] - Current window maximized

2018-09-04 09:48:43 - [TEST_STEP][PASSED] - setText: Text 'DP_EBLOX_RPP_VASCO' is set on object 'Object Repository/Page_mysdworx - Log in/input_Username'

2018-09-04 09:48:48 - [MESSAGE][PASSED] - Text 'DP_EBLOX_RPP_VASCO' is set on object 'Object Repository/Page_mysdworx - Log in/input_Username'

2018-09-04 09:48:48 - [TEST_STEP][PASSED] - Statement - frame = new javax.swing.JFrame(User Input Frame): null

2018-09-04 09:48:48 - [TEST_STEP][PASSED] - Statement - frame.requestFocus(): null

2018-09-04 09:48:48 - [TEST_STEP][PASSED] - Statement - pass = javax.swing.JOptionPane.showInputDialog(frame, "Enter the password from token!!"): null

2018-09-04 09:48:51 - [TEST_STEP][PASSED] - delay: Delayed 2 second(s)

2018-09-04 09:48:53 - [MESSAGE][PASSED] - Delayed 2 second(s)

2018-09-04 09:48:53 - [TEST_STEP][PASSED] - setText: Text '083528' is set on object 'Object Repository/Page_mysdworx - Log in/input_Password'

2018-09-04 09:48:53 - [MESSAGE][PASSED] - Text '083528' is set on object 'Object Repository/Page_mysdworx - Log in/input_Password'

2018-09-04 09:48:53 - [TEST_STEP][PASSED] - click: Object: 'Object Repository/Page_mysdworx - Log in/button_Se connecter' is clicked on

2018-09-04 09:48:53 - [MESSAGE][PASSED] - Object: 'Object Repository/Page_mysdworx - Log in/button_Se connecter' is clicked on

2018-09-04 09:48:53 - [TEST_STEP][PASSED] - waitForPageLoad: Wait for page load successfully

2018-09-04 09:48:53 - [MESSAGE][PASSED] - Wait for page load successfully

2018-09-04 09:48:53 - [TEST_STEP][NOT_RUN] - closeBrowser: NOT_RUN: closeBrowser

2018-09-04 09:48:53 - [MESSAGE][NOT_RUN] - NOT_RUN: closeBrowser

2018-09-04 09:48:53 - [MESSAGE][PASSED] - Call Test Case 'Test Cases/Login/TC1 Login to Mysdworx' successfully

2018-09-04 09:48:53 - [TEST_STEP][PASSED] - callTestCase: Call Test Case 'Test Cases/Sub Script/Select Language/TC1 Verify NL language' successfully

2018-09-04 09:48:53 - [TEST_CASE][PASSED] - Test Cases/Sub Script/Select Language/TC1 Verify NL language: Test Cases/Sub Script/Select Language/TC1 Verify NL language

2018-09-04 09:48:53 - [TEST_STEP][PASSED] - waitForElementClickable: Web element with id: 'Object Repository/Change language link Obj/NL_language' located by 'By.xpath: id("navbar-anchor")/div[@class="nav nav-navbar"]/div[@class="user-info navbar-right hidden-xs"]/div[@class="user-actions"]/rapp-language-switcher[@class="ng-isolate-scope"]/ul[@class="list-inline list-unstyled lang"]/li[@class="ng-scope"]/a[@class="ng-binding"][count(. | //a[@ng-click = 'changeLanguageVm.switchPageToLanguage(lang)' and (text() = '
            NL   
        ' or . = '
            NL   
        ')]) = count(//a[@ng-click = 'changeLanguageVm.switchPageToLanguage(lang)' and (text() = '
            NL   
        ' or . = '
            NL   
        ')])]' not found

2018-09-04 09:49:45 - [MESSAGE][WARNING] - Web element with id: 'Object Repository/Change language link Obj/NL_language' located by 'By.xpath: id("navbar-anchor")/div[@class="nav nav-navbar"]/div[@class="user-info navbar-right hidden-xs"]/div[@class="user-actions"]/rapp-language-switcher[@class="ng-isolate-scope"]/ul[@class="list-inline list-unstyled lang"]/li[@class="ng-scope"]/a[@class="ng-binding"][count(. | //a[@ng-click = 'changeLanguageVm.switchPageToLanguage(lang)' and (text() = '
            NL   
        ' or . = '
            NL   
        ')]) = count(//a[@ng-click = 'changeLanguageVm.switchPageToLanguage(lang)' and (text() = '
            NL   
        ' or . = '
            NL   
        ')])]' not found

2018-09-04 09:49:45 - [TEST_STEP][PASSED] - Statement - verify_NL_link = com.kms.katalon.core.webui.keyword.WebUiBuiltInKeywords.verifyElementClickable(com.kms.katalon.core.testobject.ObjectRepository.findTestObject(Change language link Obj/NL_language)): Object 'Object Repository/Change language link Obj/NL_language' is clickable

2018-09-04 09:49:46 - [MESSAGE][PASSED] - Object 'Object Repository/Change language link Obj/NL_language' is clickable

2018-09-04 09:49:46 - [TEST_STEP][PASSED] - Statement - If (verify_NL_link.equals(true)): NL link is clickable !

2018-09-04 09:49:46 - [TEST_STEP][PASSED] - Statement - com.kms.katalon.core.util.KeywordUtil.markPassed("NL link is clickable !"): NL link is clickable !

2018-09-04 09:49:46 - [MESSAGE][PASSED] - NL link is clickable !

2018-09-04 09:49:46 - [TEST_STEP][PASSED] - click: Object: 'Object Repository/Change language link Obj/NL_language' is clicked on

2018-09-04 09:49:59 - [MESSAGE][PASSED] - Object: 'Object Repository/Change language link Obj/NL_language' is clicked on

2018-09-04 09:49:59 - [TEST_STEP][PASSED] - waitForPageLoad: Wait for page load successfully

2018-09-04 09:49:59 - [MESSAGE][PASSED] - Wait for page load successfully

2018-09-04 09:49:59 - [MESSAGE][PASSED] - Call Test Case 'Test Cases/Sub Script/Select Language/TC1 Verify NL language' successfully

2018-09-04 09:49:59 - [TEST_STEP][PASSED] - callTestCase: Call Test Case 'Test Cases/Sub Script/Navigation_Menu/Menu_Mes_rapports/TC Verify Nouveau rapport button' successfully

2018-09-04 09:49:59 - [TEST_CASE][PASSED] - Test Cases/Sub Script/Navigation_Menu/Menu_Mes_rapports/TC Verify Nouveau rapport button: Test Cases/Sub Script/Navigation_Menu/Menu_Mes_rapports/TC Verify Nouveau rapport button

2018-09-04 09:49:59 - [TEST_STEP][PASSED] - click: Object: 'Object Repository/Mes rapports Obj/button_Nouveau rapport' is clicked on

2018-09-04 09:50:03 - [MESSAGE][PASSED] - Object: 'Object Repository/Mes rapports Obj/button_Nouveau rapport' is clicked on

2018-09-04 09:50:03 - [TEST_STEP][PASSED] - waitForPageLoad: Wait for page load successfully

2018-09-04 09:50:03 - [MESSAGE][PASSED] - Wait for page load successfully

2018-09-04 09:50:03 - [MESSAGE][PASSED] - Call Test Case 'Test Cases/Sub Script/Navigation_Menu/Menu_Mes_rapports/TC Verify Nouveau rapport button' successfully

2018-09-04 09:50:03 - [TEST_STEP][PASSED] - callTestCase: Call Test Case 'Test Cases/Sub Script/Navigation_Menu/Menu_Mes_rapports/Nouveau_Rapport/Mes rapports - BASE DE RAPPORT/TC Verify radio button creer un tout nouveau rapport' successfully

2018-09-04 09:50:04 - [TEST_CASE][PASSED] - Test Cases/Sub Script/Navigation_Menu/Menu_Mes_rapports/Nouveau_Rapport/Mes rapports - BASE DE RAPPORT/TC Verify radio button creer un tout nouveau rapport: Test Cases/Sub Script/Navigation_Menu/Menu_Mes_rapports/Nouveau_Rapport/Mes rapports - BASE DE RAPPORT/TC Verify radio button creer un tout nouveau rapport

2018-09-04 09:50:04 - [TEST_STEP][PASSED] - Statement - radioButton = com.kms.katalon.core.webui.keyword.WebUiBuiltInKeywords.modifyObjectProperty(com.kms.katalon.core.testobject.ObjectRepository.findTestObject(Mes rapports Obj/BASE DE RAPPORT/radioButton_Creer un tout nouveau rapport), "name", "equals", "typeRapport", true): Modify property of object successfully

2018-09-04 09:50:04 - [MESSAGE][PASSED] - Modify property of object successfully

2018-09-04 09:50:04 - [TEST_STEP][PASSED] - click: Object: 'Object Repository/Mes rapports Obj/BASE DE RAPPORT/radioButton_Creer un tout nouveau rapport' is clicked on

2018-09-04 09:50:05 - [MESSAGE][PASSED] - Object: 'Object Repository/Mes rapports Obj/BASE DE RAPPORT/radioButton_Creer un tout nouveau rapport' is clicked on

2018-09-04 09:50:05 - [MESSAGE][PASSED] - Call Test Case 'Test Cases/Sub Script/Navigation_Menu/Menu_Mes_rapports/Nouveau_Rapport/Mes rapports - BASE DE RAPPORT/TC Verify radio button creer un tout nouveau rapport' successfully

2018-09-04 09:50:05 - [TEST_STEP][PASSED] - callTestCase: Call Test Case 'Test Cases/Sub Script/Navigation_Menu/Menu_Mes_rapports/TC Verify the next button arrow' successfully

2018-09-04 09:50:05 - [TEST_CASE][PASSED] - Test Cases/Sub Script/Navigation_Menu/Menu_Mes_rapports/TC Verify the next button arrow: Test Cases/Sub Script/Navigation_Menu/Menu_Mes_rapports/TC Verify the next button arrow

2018-09-04 09:50:05 - [TEST_STEP][PASSED] - waitForElementClickable: Object 'Object Repository/Mes rapports Obj/button_Next_Arrow' is clickable

2018-09-04 09:50:05 - [MESSAGE][PASSED] - Object 'Object Repository/Mes rapports Obj/button_Next_Arrow' is clickable

2018-09-04 09:50:05 - [TEST_STEP][PASSED] - click: Object: 'Object Repository/Mes rapports Obj/button_Next_Arrow' is clicked on

2018-09-04 09:50:05 - [MESSAGE][PASSED] - Object: 'Object Repository/Mes rapports Obj/button_Next_Arrow' is clicked on

2018-09-04 09:50:05 - [TEST_STEP][PASSED] - delay: Delayed 5 second(s)

2018-09-04 09:50:10 - [MESSAGE][PASSED] - Delayed 5 second(s)

2018-09-04 09:50:10 - [TEST_STEP][PASSED] - waitForPageLoad: Wait for page load successfully

2018-09-04 09:50:10 - [MESSAGE][PASSED] - Wait for page load successfully

2018-09-04 09:50:10 - [MESSAGE][PASSED] - Call Test Case 'Test Cases/Sub Script/Navigation_Menu/Menu_Mes_rapports/TC Verify the next button arrow' successfully

2018-09-04 09:50:10 - [TEST_STEP][PASSED] - callTestCase: Call Test Case 'Test Cases/Sub Script/Navigation_Menu/Menu_Mes_rapports/TC Verify the next button arrow' successfully

2018-09-04 09:50:10 - [TEST_CASE][PASSED] - Test Cases/Sub Script/Navigation_Menu/Menu_Mes_rapports/TC Verify the next button arrow: Test Cases/Sub Script/Navigation_Menu/Menu_Mes_rapports/TC Verify the next button arrow

2018-09-04 09:50:10 - [TEST_STEP][PASSED] - waitForElementClickable: Object 'Object Repository/Mes rapports Obj/button_Next_Arrow' is clickable

2018-09-04 09:50:10 - [MESSAGE][PASSED] - Object 'Object Repository/Mes rapports Obj/button_Next_Arrow' is clickable

2018-09-04 09:50:10 - [TEST_STEP][PASSED] - click: Object: 'Object Repository/Mes rapports Obj/button_Next_Arrow' is clicked on

2018-09-04 09:50:10 - [MESSAGE][PASSED] - Object: 'Object Repository/Mes rapports Obj/button_Next_Arrow' is clicked on

2018-09-04 09:50:10 - [TEST_STEP][PASSED] - delay: Delayed 5 second(s)

2018-09-04 09:50:15 - [MESSAGE][PASSED] - Delayed 5 second(s)

2018-09-04 09:50:15 - [TEST_STEP][PASSED] - waitForPageLoad: Wait for page load successfully

2018-09-04 09:50:15 - [MESSAGE][PASSED] - Wait for page load successfully

2018-09-04 09:50:15 - [MESSAGE][PASSED] - Call Test Case 'Test Cases/Sub Script/Navigation_Menu/Menu_Mes_rapports/TC Verify the next button arrow' successfully

2018-09-04 09:50:15 - [TEST_STEP][PASSED] - verifyTextPresent: Text 'Gelieve minstens één kolom toe te voegen.' is present on page  using regular expression

2018-09-04 09:50:15 - [MESSAGE][PASSED] - Text 'Gelieve minstens één kolom toe te voegen.' is present on page  using regular expression

2018-09-04 09:50:15 - [TEST_STEP][PASSED] - waitForPageLoad: Wait for page load successfully

2018-09-04 09:50:15 - [MESSAGE][PASSED] - Wait for page load successfully

2018-09-04 09:50:15 - [TEST_STEP][PASSED] - callTestCase: Call Test Case 'Test Cases/Sub Script/Navigation_Menu/Menu_Mes_rapports/Nouveau_Rapport/Mes rapports - CONTENU/TC Verify input field - Contenu' successfully

2018-09-04 09:50:15 - [TEST_CASE][PASSED] - Test Cases/Sub Script/Navigation_Menu/Menu_Mes_rapports/Nouveau_Rapport/Mes rapports - CONTENU/TC Verify input field - Contenu: Test Cases/Sub Script/Navigation_Menu/Menu_Mes_rapports/Nouveau_Rapport/Mes rapports - CONTENU/TC Verify input field - Contenu

2018-09-04 09:50:15 - [TEST_STEP][PASSED] - Statement - excelData = com.kms.katalon.core.testdata.TestDataFactory.findTestData(Data Files/Data/TestData): Reading excel file with source file 'C:\Users\seeboruts\OneDrive - SD Worx\Desktop\Test_Data_Reg.xlsx' and sheet name 'TEST DATA'

2018-09-04 09:50:16 - [TEST_STEP][PASSED] - Statement - rowNo = java.lang.Integer.parseInt(currentTestCaseId): null

2018-09-04 09:50:16 - [TEST_STEP][PASSED] - Statement - For ([i = 4, i <= 13, (i++)]): null

2018-09-04 09:50:16 - [TEST_STEP][PASSED] - Statement - If (excelData.getValue(i, rowNo) != ""): Object: 'Object Repository/Mes rapports Obj/CONTENU/click_Remove_text' is clicked on

2018-09-04 09:50:16 - [TEST_STEP][PASSED] - setText: Text 'Naam werknemer' is set on object 'Object Repository/Mes rapports Obj/CONTENU/input_Contenu_Selecteur'

2018-09-04 09:50:16 - [MESSAGE][PASSED] - Text 'Naam werknemer' is set on object 'Object Repository/Mes rapports Obj/CONTENU/input_Contenu_Selecteur'

2018-09-04 09:50:16 - [TEST_STEP][PASSED] - delay: Delayed 3 second(s)

2018-09-04 09:50:19 - [MESSAGE][PASSED] - Delayed 3 second(s)

2018-09-04 09:50:19 - [TEST_STEP][PASSED] - Statement - selecteur = new com.kms.katalon.core.testobject.TestObject(Choisir_selecteur): null

2018-09-04 09:50:19 - [TEST_STEP][PASSED] - Statement - selecteur.addProperty("xpath", EQUALS, "//span[contains(text(),'" + excelData.getValue(i, rowNo) + "')]"): null

[...]

2018-09-04 10:15:18 - [TEST_STEP][PASSED] - uncheck: Object 'Object Repository/Mes rapports Obj/SELECTION/Departement' is un-checked

2018-09-04 10:15:18 - [MESSAGE][PASSED] - Object 'Object Repository/Mes rapports Obj/SELECTION/Departement' is un-checked

2018-09-04 10:15:18 - [MESSAGE][PASSED] - Call Test Case 'Test Cases/Sub Script/Navigation_Menu/Menu_Mes_rapports/Nouveau_Rapport/Mes rapports - SELECTION/Verify if checkbox is unchecked/TC 4 Verify Departement checkBox  is un-checked' successfully

2018-09-04 10:15:18 - [TEST_STEP][PASSED] - callTestCase: Call Test Case 'Test Cases/Sub Script/Navigation_Menu/Menu_Mes_rapports/Nouveau_Rapport/Mes rapports - SELECTION/Verify if checkbox is unchecked/TC 5 Verify Caractere juridique du contract checBox  is un-checked' successfully

2018-09-04 10:15:18 - [TEST_CASE][PASSED] - Test Cases/Sub Script/Navigation_Menu/Menu_Mes_rapports/Nouveau_Rapport/Mes rapports - SELECTION/Verify if checkbox is unchecked/TC 5 Verify Caractere juridique du contract checBox  is un-checked: Test Cases/Sub Script/Navigation_Menu/Menu_Mes_rapports/Nouveau_Rapport/Mes rapports - SELECTION/Verify if checkbox is unchecked/TC 5 Verify Caractere juridique du contract checBox  is un-checked

2018-09-04 10:15:18 - [TEST_STEP][PASSED] - uncheck: Object 'Object Repository/Mes rapports Obj/SELECTION/Caratere juridique du contrat' is un-checked

2018-09-04 10:15:18 - [MESSAGE][PASSED] - Object 'Object Repository/Mes rapports Obj/SELECTION/Caratere juridique du contrat' is un-checked

2018-09-04 10:15:18 - [MESSAGE][PASSED] - Call Test Case 'Test Cases/Sub Script/Navigation_Menu/Menu_Mes_rapports/Nouveau_Rapport/Mes rapports - SELECTION/Verify if checkbox is unchecked/TC 5 Verify Caractere juridique du contract checBox  is un-checked' successfully

2018-09-04 10:15:18 - [TEST_STEP][PASSED] - callTestCase: Call Test Case 'Test Cases/Sub Script/Navigation_Menu/Menu_Mes_rapports/Nouveau_Rapport/Mes rapports - SELECTION/Verify if checkbox is unchecked/TC 6 Verify Pays de naissance checkBox  is un-checked' successfully

2018-09-04 10:15:18 - [TEST_CASE][PASSED] - Test Cases/Sub Script/Navigation_Menu/Menu_Mes_rapports/Nouveau_Rapport/Mes rapports - SELECTION/Verify if checkbox is unchecked/TC 6 Verify Pays de naissance checkBox  is un-checked: Test Cases/Sub Script/Navigation_Menu/Menu_Mes_rapports/Nouveau_Rapport/Mes rapports - SELECTION/Verify if checkbox is unchecked/TC 6 Verify Pays de naissance checkBox  is un-checked

2018-09-04 10:15:18 - [TEST_STEP][PASSED] - uncheck: Object 'Object Repository/Mes rapports Obj/SELECTION/Pays de naissance' is un-checked

2018-09-04 10:15:18 - [MESSAGE][PASSED] - Object 'Object Repository/Mes rapports Obj/SELECTION/Pays de naissance' is un-checked

2018-09-04 10:15:18 - [MESSAGE][PASSED] - Call Test Case 'Test Cases/Sub Script/Navigation_Menu/Menu_Mes_rapports/Nouveau_Rapport/Mes rapports - SELECTION/Verify if checkbox is unchecked/TC 6 Verify Pays de naissance checkBox  is un-checked' successfully

2018-09-04 10:15:18 - [TEST_STEP][PASSED] - callTestCase: Call Test Case 'Test Cases/Sub Script/Navigation_Menu/Menu_Mes_rapports/Nouveau_Rapport/Mes rapports - SELECTION/Verify if checkbox is unchecked/TC 7 Verify Sexe checkBox  is un-checked' successfully

2018-09-04 10:15:18 - [TEST_CASE][PASSED] - Test Cases/Sub Script/Navigation_Menu/Menu_Mes_rapports/Nouveau_Rapport/Mes rapports - SELECTION/Verify if checkbox is unchecked/TC 7 Verify Sexe checkBox  is un-checked: Test Cases/Sub Script/Navigation_Menu/Menu_Mes_rapports/Nouveau_Rapport/Mes rapports - SELECTION/Verify if checkbox is unchecked/TC 7 Verify Sexe checkBox  is un-checked

2018-09-04 10:15:18 - [TEST_STEP][PASSED] - uncheck: Object 'Object Repository/Mes rapports Obj/SELECTION/Sexe' is un-checked

2018-09-04 10:15:18 - [MESSAGE][PASSED] - Object 'Object Repository/Mes rapports Obj/SELECTION/Sexe' is un-checked

2018-09-04 10:15:18 - [MESSAGE][PASSED] - Call Test Case 'Test Cases/Sub Script/Navigation_Menu/Menu_Mes_rapports/Nouveau_Rapport/Mes rapports - SELECTION/Verify if checkbox is unchecked/TC 7 Verify Sexe checkBox  is un-checked' successfully

2018-09-04 10:15:18 - [TEST_STEP][PASSED] - callTestCase: Call Test Case 'Test Cases/Sub Script/Navigation_Menu/Menu_Mes_rapports/Nouveau_Rapport/Mes rapports - SELECTION/Verify if checkbox is unchecked/TC 8 Verify Mode de remuneration checkBox  is un-checked' successfully

2018-09-04 10:15:19 - [TEST_CASE][PASSED] - Test Cases/Sub Script/Navigation_Menu/Menu_Mes_rapports/Nouveau_Rapport/Mes rapports - SELECTION/Verify if checkbox is unchecked/TC 8 Verify Mode de remuneration checkBox  is un-checked: Test Cases/Sub Script/Navigation_Menu/Menu_Mes_rapports/Nouveau_Rapport/Mes rapports - SELECTION/Verify if checkbox is unchecked/TC 8 Verify Mode de remuneration checkBox  is un-checked

2018-09-04 10:15:19 - [TEST_STEP][PASSED] - uncheck: Object 'Object Repository/Mes rapports Obj/SELECTION/Mode de remuneration' is un-checked

2018-09-04 10:15:19 - [MESSAGE][PASSED] - Object 'Object Repository/Mes rapports Obj/SELECTION/Mode de remuneration' is un-checked

2018-09-04 10:15:19 - [MESSAGE][PASSED] - Call Test Case 'Test Cases/Sub Script/Navigation_Menu/Menu_Mes_rapports/Nouveau_Rapport/Mes rapports - SELECTION/Verify if checkbox is unchecked/TC 8 Verify Mode de remuneration checkBox  is un-checked' successfully

2018-09-04 10:15:19 - [TEST_STEP][PASSED] - callTestCase: Call Test Case 'Test Cases/Sub Script/Navigation_Menu/Menu_Mes_rapports/Nouveau_Rapport/Mes rapports - SELECTION/Verify if checkbox is unchecked/TC 9 Verify Suspension checkBox  is un-checked' successfully

2018-09-04 10:15:19 - [TEST_CASE][PASSED] - Test Cases/Sub Script/Navigation_Menu/Menu_Mes_rapports/Nouveau_Rapport/Mes rapports - SELECTION/Verify if checkbox is unchecked/TC 9 Verify Suspension checkBox  is un-checked: Test Cases/Sub Script/Navigation_Menu/Menu_Mes_rapports/Nouveau_Rapport/Mes rapports - SELECTION/Verify if checkbox is unchecked/TC 9 Verify Suspension checkBox  is un-checked

2018-09-04 10:15:19 - [TEST_STEP][PASSED] - uncheck: Object 'Object Repository/Mes rapports Obj/SELECTION/Suspension' is un-checked

2018-09-04 10:15:19 - [MESSAGE][PASSED] - Object 'Object Repository/Mes rapports Obj/SELECTION/Suspension' is un-checked

2018-09-04 10:15:19 - [MESSAGE][PASSED] - Call Test Case 'Test Cases/Sub Script/Navigation_Menu/Menu_Mes_rapports/Nouveau_Rapport/Mes rapports - SELECTION/Verify if checkbox is unchecked/TC 9 Verify Suspension checkBox  is un-checked' successfully

2018-09-04 10:15:19 - [MESSAGE][PASSED] - Call Test Case 'Test Cases/Sub Script/Navigation_Menu/Menu_Mes_rapports/Nouveau_Rapport/Mes rapports - SELECTION/Verify if checkbox is unchecked/TC 10 Deselect all checkbox' successfully

2018-09-04 10:15:19 - [TEST_STEP][PASSED] - callTestCase: Call Test Case 'Test Cases/Sub Script/Verify URL/TC Verify Url' successfully

2018-09-04 10:15:19 - [TEST_CASE][PASSED] - Test Cases/Sub Script/Verify URL/TC Verify Url: Test Cases/Sub Script/Verify URL/TC Verify Url

2018-09-04 10:15:19 - [TEST_STEP][PASSED] - waitForPageLoad: Wait for page load successfully

2018-09-04 10:15:19 - [MESSAGE][PASSED] - Wait for page load successfully

2018-09-04 10:15:19 - [TEST_STEP][PASSED] - Statement - url = com.kms.katalon.core.webui.keyword.WebUiBuiltInKeywords.getUrl(): Current window's url is: 'https://internet.acc.sd.dika.be/ebloxreporting/web.sensitive/main/FpyDF/iIz9g8MffKNXfNyb1H/NL/#/definitie/wizard/extern/index/28456/selectie'

2018-09-04 10:15:19 - [MESSAGE][PASSED] - Current window's url is: 'https://internet.acc.sd.dika.be/ebloxreporting/web.sensitive/main/FpyDF/iIz9g8MffKNXfNyb1H/NL/#/definitie/wizard/extern/index/28456/selectie'

2018-09-04 10:15:19 - [TEST_STEP][PASSED] - Statement - p = java.util.regex.Pattern.compile("00040 ANTILOPE GROEP"): null

2018-09-04 10:15:19 - [TEST_STEP][PASSED] - Statement - m = p.matcher(url): null

2018-09-04 10:15:19 - [TEST_STEP][PASSED] - Statement - If (m.find()): null

2018-09-04 10:15:19 - [TEST_STEP][PASSED] - Statement - Else: The user name and the concern number are not present in the URL

2018-09-04 10:15:19 - [TEST_STEP][PASSED] - Statement - com.kms.katalon.core.util.KeywordUtil.markPassed("The user name and the concern number are not present in the URL"): The user name and the concern number are not present in the URL

2018-09-04 10:15:19 - [MESSAGE][PASSED] - The user name and the concern number are not present in the URL

2018-09-04 10:15:19 - [TEST_STEP][PASSED] - delay: Delayed 2 second(s)

2018-09-04 10:15:21 - [MESSAGE][PASSED] - Delayed 2 second(s)

2018-09-04 10:15:21 - [MESSAGE][PASSED] - Call Test Case 'Test Cases/Sub Script/Verify URL/TC Verify Url' successfully

2018-09-04 10:15:21 - [TEST_STEP][PASSED] - callTestCase: Call Test Case 'Test Cases/Sub Script/Navigation_Menu/Menu_Mes_rapports/TC Verify the next button arrow' successfully

2018-09-04 10:15:21 - [TEST_CASE][PASSED] - Test Cases/Sub Script/Navigation_Menu/Menu_Mes_rapports/TC Verify the next button arrow: Test Cases/Sub Script/Navigation_Menu/Menu_Mes_rapports/TC Verify the next button arrow

2018-09-04 10:15:21 - [TEST_STEP][PASSED] - waitForElementClickable: Object 'Object Repository/Mes rapports Obj/button_Next_Arrow' is clickable

2018-09-04 10:15:21 - [MESSAGE][PASSED] - Object 'Object Repository/Mes rapports Obj/button_Next_Arrow' is clickable

2018-09-04 10:15:21 - [TEST_STEP][PASSED] - click: Object: 'Object Repository/Mes rapports Obj/button_Next_Arrow' is clicked on

2018-09-04 10:15:21 - [MESSAGE][PASSED] - Object: 'Object Repository/Mes rapports Obj/button_Next_Arrow' is clicked on

2018-09-04 10:15:21 - [TEST_STEP][PASSED] - delay: Delayed 5 second(s)

2018-09-04 10:15:26 - [MESSAGE][PASSED] - Delayed 5 second(s)

2018-09-04 10:15:26 - [TEST_STEP][PASSED] - waitForPageLoad: Wait for page load successfully

2018-09-04 10:15:26 - [MESSAGE][PASSED] - Wait for page load successfully

2018-09-04 10:15:26 - [MESSAGE][PASSED] - Call Test Case 'Test Cases/Sub Script/Navigation_Menu/Menu_Mes_rapports/TC Verify the next button arrow' successfully

2018-09-04 10:15:26 - [TEST_STEP][PASSED] - callTestCase: Call Test Case 'Test Cases/Sub Script/Verify URL/TC Verify Url' successfully

2018-09-04 10:15:26 - [TEST_CASE][PASSED] - Test Cases/Sub Script/Verify URL/TC Verify Url: Test Cases/Sub Script/Verify URL/TC Verify Url

2018-09-04 10:15:26 - [TEST_STEP][PASSED] - waitForPageLoad: Wait for page load successfully

2018-09-04 10:15:26 - [MESSAGE][PASSED] - Wait for page load successfully

2018-09-04 10:15:26 - [TEST_STEP][PASSED] - Statement - url = com.kms.katalon.core.webui.keyword.WebUiBuiltInKeywords.getUrl(): Current window's url is: 'https://internet.acc.sd.dika.be/ebloxreporting/web.sensitive/main/FpyDF/iIz9g8MffKNXfNyb1H/NL/#/definitie/wizard/extern/index/28456/uitvoering'

2018-09-04 10:15:26 - [MESSAGE][PASSED] - Current window's url is: 'https://internet.acc.sd.dika.be/ebloxreporting/web.sensitive/main/FpyDF/iIz9g8MffKNXfNyb1H/NL/#/definitie/wizard/extern/index/28456/uitvoering'

2018-09-04 10:15:26 - [TEST_STEP][PASSED] - Statement - p = java.util.regex.Pattern.compile("00040 ANTILOPE GROEP"): null

2018-09-04 10:15:26 - [TEST_STEP][PASSED] - Statement - m = p.matcher(url): null

2018-09-04 10:15:26 - [TEST_STEP][PASSED] - Statement - If (m.find()): null

2018-09-04 10:15:26 - [TEST_STEP][PASSED] - Statement - Else: The user name and the concern number are not present in the URL

2018-09-04 10:15:26 - [TEST_STEP][PASSED] - Statement - com.kms.katalon.core.util.KeywordUtil.markPassed("The user name and the concern number are not present in the URL"): The user name and the concern number are not present in the URL

2018-09-04 10:15:26 - [MESSAGE][PASSED] - The user name and the concern number are not present in the URL

2018-09-04 10:15:26 - [TEST_STEP][PASSED] - delay: Delayed 2 second(s)

2018-09-04 10:15:28 - [MESSAGE][PASSED] - Delayed 2 second(s)

2018-09-04 10:15:28 - [MESSAGE][PASSED] - Call Test Case 'Test Cases/Sub Script/Verify URL/TC Verify Url' successfully

2018-09-04 10:15:28 - [TEST_STEP][PASSED] - callTestCase: Call Test Case 'Test Cases/Sub Script/Navigation_Menu/Menu_Mes_rapports/Nouveau_Rapport/Mes rapports - EXECUTION/Saisissez les valeurs souhaitees section/TC Click on reference historic dropdown' successfully

2018-09-04 10:15:28 - [TEST_CASE][PASSED] - Test Cases/Sub Script/Navigation_Menu/Menu_Mes_rapports/Nouveau_Rapport/Mes rapports - EXECUTION/Saisissez les valeurs souhaitees section/TC Click on reference historic dropdown: Test Cases/Sub Script/Navigation_Menu/Menu_Mes_rapports/Nouveau_Rapport/Mes rapports - EXECUTION/Saisissez les valeurs souhaitees section/TC Click on reference historic dropdown

2018-09-04 10:15:28 - [TEST_STEP][PASSED] - Statement - historic = com.kms.katalon.core.webui.keyword.WebUiBuiltInKeywords.modifyObjectProperty(com.kms.katalon.core.testobject.ObjectRepository.findTestObject(Mes rapports Obj/EXECUTION/Description _Date de reference historique), "xpath", "equals", "//*[@id="uitvoering-parameters"]/div/div[2]/div/div/table/tbody/tr[2]/td[2]/div/div/rapp-date-prompt/div/div/rapp-special-values/div/button", true): Modify property of object successfully

2018-09-04 10:15:28 - [MESSAGE][PASSED] - Modify property of object successfully

2018-09-04 10:15:28 - [TEST_STEP][PASSED] - click: Object: 'Object Repository/Mes rapports Obj/EXECUTION/Description _Date de reference historique' is clicked on

2018-09-04 10:15:28 - [MESSAGE][PASSED] - Object: 'Object Repository/Mes rapports Obj/EXECUTION/Description _Date de reference historique' is clicked on

2018-09-04 10:15:28 - [TEST_STEP][PASSED] - delay: Delayed 2 second(s)

2018-09-04 10:15:30 - [MESSAGE][PASSED] - Delayed 2 second(s)

2018-09-04 10:15:30 - [MESSAGE][PASSED] - Call Test Case 'Test Cases/Sub Script/Navigation_Menu/Menu_Mes_rapports/Nouveau_Rapport/Mes rapports - EXECUTION/Saisissez les valeurs souhaitees section/TC Click on reference historic dropdown' successfully

2018-09-04 10:15:30 - [TEST_STEP][PASSED] - callTestCase: Call Test Case 'Test Cases/Sub Script/Navigation_Menu/Menu_Mes_rapports/Nouveau_Rapport/Mes rapports - EXECUTION/Saisissez les valeurs souhaitees section/TC Select historic type from the dropdown' successfully

2018-09-04 10:15:30 - [TEST_CASE][PASSED] - Test Cases/Sub Script/Navigation_Menu/Menu_Mes_rapports/Nouveau_Rapport/Mes rapports - EXECUTION/Saisissez les valeurs souhaitees section/TC Select historic type from the dropdown: Test Cases/Sub Script/Navigation_Menu/Menu_Mes_rapports/Nouveau_Rapport/Mes rapports - EXECUTION/Saisissez les valeurs souhaitees section/TC Select historic type from the dropdown

2018-09-04 10:15:30 - [TEST_STEP][PASSED] - Statement - excelData = com.kms.katalon.core.testdata.TestDataFactory.findTestData(Data Files/Data/TestData): Reading excel file with source file 'C:\Users\seeboruts\OneDrive - SD Worx\Desktop\Test_Data_Reg.xlsx' and sheet name 'TEST DATA'

2018-09-04 10:15:31 - [TEST_STEP][PASSED] - Statement - rowNo = java.lang.Integer.parseInt(currentTestCaseId): null

2018-09-04 10:15:31 - [TEST_STEP][PASSED] - Statement - If (excelData.getValue(45, rowNo) != ""): null

2018-09-04 10:15:31 - [TEST_STEP][PASSED] - waitForPageLoad: Wait for page load successfully

2018-09-04 10:15:31 - [MESSAGE][PASSED] - Wait for page load successfully

2018-09-04 10:15:31 - [TEST_STEP][PASSED] - delay: Delayed 2 second(s)

2018-09-04 10:15:33 - [MESSAGE][PASSED] - Delayed 2 second(s)

2018-09-04 10:15:33 - [MESSAGE][PASSED] - Call Test Case 'Test Cases/Sub Script/Navigation_Menu/Menu_Mes_rapports/Nouveau_Rapport/Mes rapports - EXECUTION/Saisissez les valeurs souhaitees section/TC Select historic type from the dropdown' successfully

2018-09-04 10:15:33 - [TEST_STEP][PASSED] - callTestCase: Call Test Case 'Test Cases/Sub Script/Navigation_Menu/Menu_Mes_rapports/TC Verify Exporter button' successfully

2018-09-04 10:15:33 - [TEST_CASE][PASSED] - Test Cases/Sub Script/Navigation_Menu/Menu_Mes_rapports/TC Verify Exporter button: Test Cases/Sub Script/Navigation_Menu/Menu_Mes_rapports/TC Verify Exporter button

2018-09-04 10:15:33 - [TEST_STEP][PASSED] - Statement - export1 = com.kms.katalon.core.webui.keyword.WebUiBuiltInKeywords.modifyObjectProperty(com.kms.katalon.core.testobject.ObjectRepository.findTestObject(Mes rapports Obj/EXECUTION/Exporter button), "title", "equals", "Exporteer naar excel", true): Modify property of object successfully

2018-09-04 10:15:33 - [MESSAGE][PASSED] - Modify property of object successfully

2018-09-04 10:15:33 - [TEST_STEP][PASSED] - click: Object: 'Object Repository/Mes rapports Obj/EXECUTION/Exporter button' is clicked on

2018-09-04 10:15:33 - [MESSAGE][PASSED] - Object: 'Object Repository/Mes rapports Obj/EXECUTION/Exporter button' is clicked on

2018-09-04 10:15:33 - [TEST_STEP][PASSED] - waitForPageLoad: Wait for page load successfully

2018-09-04 10:15:33 - [MESSAGE][PASSED] - Wait for page load successfully

2018-09-04 10:15:33 - [MESSAGE][PASSED] - Call Test Case 'Test Cases/Sub Script/Navigation_Menu/Menu_Mes_rapports/TC Verify Exporter button' successfully

2018-09-04 10:15:33 - [TEST_STEP][PASSED] - waitForPageLoad: Wait for page load successfully

2018-09-04 10:15:33 - [MESSAGE][PASSED] - Wait for page load successfully

2018-09-04 10:15:33 - [TEST_STEP][PASSED] - closeBrowser: Browser is closed

2018-09-04 10:15:34 - [MESSAGE][PASSED] - Browser is closed]]></system-out>
         <system-err><![CDATA[]]></system-err>
      </testcase>
      <system-out><![CDATA[2018-09-04 09:45:20 - [TEST_SUITE][FAILED] - Demo: Test Cases/Main Script/TC2 NEW FAILED because (of) Unable to click on object 'Object Repository/Mes rapports Obj/EXECUTION/Description _Date de reference historique' (Root cause: com.kms.katalon.core.webui.exception.WebElementNotFoundException: Web element with id: 'Object Repository/Mes rapports Obj/EXECUTION/Description _Date de reference historique' located by 'By.xpath: //*[@id="uitvoering-parameters"]/div/div[2]/div/div/table/tbody/tr[2]/td[2]/div/div/rapp-date-prompt/div/div/rapp-special-values/div/button[count(. | //button[@type = 'button' and @class = 'btn pull-left btn-default rapp-selected-prompt-button dropdown-toggle ' and @data-toggle = 'dropdown' and @style = 'font-weight: normal; text-align: left; width: 100%;']) = count(//button[@type = 'button' and @class = 'btn pull-left btn-default rapp-selected-prompt-button dropdown-toggle ' and @data-toggle = 'dropdown' and @style = 'font-weight: normal; text-align: left; width: 100%;'])]' not found)]]></system-out>
      <system-err><![CDATA[2018-09-04 09:45:20 - [TEST_SUITE][FAILED] - Demo: Test Cases/Main Script/TC2 NEW FAILED because (of) Unable to click on object 'Object Repository/Mes rapports Obj/EXECUTION/Description _Date de reference historique' (Root cause: com.kms.katalon.core.webui.exception.WebElementNotFoundException: Web element with id: 'Object Repository/Mes rapports Obj/EXECUTION/Description _Date de reference historique' located by 'By.xpath: //*[@id="uitvoering-parameters"]/div/div[2]/div/div/table/tbody/tr[2]/td[2]/div/div/rapp-date-prompt/div/div/rapp-special-values/div/button[count(. | //button[@type = 'button' and @class = 'btn pull-left btn-default rapp-selected-prompt-button dropdown-toggle ' and @data-toggle = 'dropdown' and @style = 'font-weight: normal; text-align: left; width: 100%;']) = count(//button[@type = 'button' and @class = 'btn pull-left btn-default rapp-selected-prompt-button dropdown-toggle ' and @data-toggle = 'dropdown' and @style = 'font-weight: normal; text-align: left; width: 100%;'])]' not found)]]></system-err>
   </testsuite>
</testsuites>
