<?xml version="1.0" encoding="UTF-8"?>
<testsuites name="Eblox Reporting DEmo" time="854" tests="3" failures="1" errors="1">
   <testsuite name="Eblox Reporting DEmo" tests="3" failures="1" errors="1" time="854" timestamp="2018-08-29 21:20:15" hostname="SEEBORUTS - 5CG7062KWD.SD.DIKA.BE" id="Test Suites/testing/Eblox Reporting DEmo">
      <properties>
         <property name="deviceName" value=""/>
         <property name="devicePlatform" value=""/>
         <property name="logFolder" value="C:\\Users\\seeboruts\\OneDrive - SD Worx\\Desktop\\Katalon_eBlox_Reporting\\Reports\\testing\\Eblox Reporting DEmo\\20180829_212012"/>
         <property name="logFiles" value="C:\\Users\\seeboruts\\OneDrive - SD Worx\\Desktop\\Katalon_eBlox_Reporting\\Reports\\testing\\Eblox Reporting DEmo\\20180829_212012\\execution0.log"/>
         <property name="attachments" value="C:\\Users\\seeboruts\\OneDrive - SD Worx\\Desktop\\Katalon_eBlox_Reporting\\Reports\\testing\\Eblox Reporting DEmo\\20180829_212012\\1535563992935.png"/>
         <property name="hostName" value="SEEBORUTS - 5CG7062KWD.SD.DIKA.BE"/>
         <property name="os" value="Windows 10 64bit"/>
         <property name="katalonVersion" value="5.6.1.1"/>
         <property name="browser" value="Chrome 68.0.3440.106"/>
         <property name="hostAddress" value="192.168.100.6"/>
         <property name="sessionId" value="545c23acf2eb4226ea04d2b34530fd4c"/>
         <property name="seleniumVersion" value="3.7.1"/>
         <property name="proxyInformation" value="ProxyInformation{proxyOption=NO_PROXY, proxyServerType=HTTP, password=, proxyServerAddress=, proxyServerPort=0}"/>
         <property name="platform" value="Windows 10"/>
      </properties>
      <testcase name="Test Cases/Main Script/TC1 LANGUAGE" classname="Test Cases/Main Script/TC1 LANGUAGE" status="PASSED">
         <system-out><![CDATA[2018-08-29 21:20:16 - [TEST_CASE][PASSED] - Test Cases/Main Script/TC1 LANGUAGE: Test Cases/Main Script/TC1 LANGUAGE

2018-08-29 21:20:16 - [TEST_STEP][PASSED] - Start listener action : sampleBeforeTestCase: Invoke 'com.kms.katalon.core.annotation.BeforeTestCase' method: 'NewTestListener.sampleBeforeTestCase(...)' completed.

2018-08-29 21:20:16 - [TEST_STEP][PASSED] - Statement - println(testCaseContext.getTextCaseId()=$testCaseContext.getTestCaseId()): null

2018-08-29 21:20:16 - [TEST_STEP][PASSED] - Statement - currentTestCaseId = testCaseContext.getTestCaseId(): Invoke 'com.kms.katalon.core.annotation.BeforeTestCase' method: 'NewTestListener.sampleBeforeTestCase(...)' completed.

2018-08-29 21:20:16 - [TEST_STEP][PASSED] - callTestCase: Call Test Case 'Test Cases/Login/TC1 Login to Mysdworx' successfully

2018-08-29 21:20:16 - [TEST_CASE][PASSED] - Test Cases/Login/TC1 Login to Mysdworx: Test Cases/Login/TC1 Login to Mysdworx

2018-08-29 21:20:17 - [TEST_STEP][PASSED] - openBrowser: Browser is opened with url: ''

2018-08-29 21:20:20 - [MESSAGE][PASSED] - Browser is opened with url: ''

2018-08-29 21:20:20 - [TEST_STEP][PASSED] - navigateToUrl: Navigate to 'https://internet.acc.sd.dika.be/ebloxreporting/web.sensitive/main/?lang=fr' successfully

2018-08-29 21:20:26 - [MESSAGE][PASSED] - Navigate to 'https://internet.acc.sd.dika.be/ebloxreporting/web.sensitive/main/?lang=fr' successfully

2018-08-29 21:20:26 - [TEST_STEP][PASSED] - maximizeWindow: Current window maximized

2018-08-29 21:20:27 - [MESSAGE][PASSED] - Current window maximized

2018-08-29 21:20:27 - [TEST_STEP][PASSED] - setText: Text 'DP_EBLOX_RPP_VASCO' is set on object 'Object Repository/Page_mysdworx - Log in/input_Username'

2018-08-29 21:20:35 - [MESSAGE][PASSED] - Text 'DP_EBLOX_RPP_VASCO' is set on object 'Object Repository/Page_mysdworx - Log in/input_Username'

2018-08-29 21:20:35 - [TEST_STEP][PASSED] - Statement - frame = new javax.swing.JFrame(User Input Frame): null

2018-08-29 21:20:35 - [TEST_STEP][PASSED] - Statement - frame.requestFocus(): null

2018-08-29 21:20:35 - [TEST_STEP][PASSED] - Statement - pass = javax.swing.JOptionPane.showInputDialog(frame, "Enter the password from token!!"): null

2018-08-29 21:22:30 - [TEST_STEP][PASSED] - delay: Delayed 2 second(s)

2018-08-29 21:22:32 - [MESSAGE][PASSED] - Delayed 2 second(s)

2018-08-29 21:22:32 - [TEST_STEP][PASSED] - setText: Text '995995' is set on object 'Object Repository/Page_mysdworx - Log in/input_Password'

2018-08-29 21:22:33 - [MESSAGE][PASSED] - Text '995995' is set on object 'Object Repository/Page_mysdworx - Log in/input_Password'

2018-08-29 21:22:33 - [TEST_STEP][PASSED] - click: Object: 'Object Repository/Page_mysdworx - Log in/button_Se connecter' is clicked on

2018-08-29 21:22:33 - [MESSAGE][PASSED] - Object: 'Object Repository/Page_mysdworx - Log in/button_Se connecter' is clicked on

2018-08-29 21:22:33 - [TEST_STEP][PASSED] - waitForPageLoad: Wait for page load successfully

2018-08-29 21:22:33 - [MESSAGE][PASSED] - Wait for page load successfully

2018-08-29 21:22:33 - [TEST_STEP][NOT_RUN] - closeBrowser: NOT_RUN: closeBrowser

2018-08-29 21:22:33 - [MESSAGE][NOT_RUN] - NOT_RUN: closeBrowser

2018-08-29 21:22:33 - [MESSAGE][PASSED] - Call Test Case 'Test Cases/Login/TC1 Login to Mysdworx' successfully

2018-08-29 21:22:33 - [TEST_STEP][PASSED] - callTestCase: Call Test Case 'Test Cases/Sub Script/Select Language/TC1 Verify NL language' successfully

2018-08-29 21:22:33 - [TEST_CASE][PASSED] - Test Cases/Sub Script/Select Language/TC1 Verify NL language: Test Cases/Sub Script/Select Language/TC1 Verify NL language

2018-08-29 21:22:33 - [TEST_STEP][PASSED] - waitForElementClickable: Web element with id: 'Object Repository/Change language link Obj/NL_language' located by 'By.xpath: id("navbar-anchor")/div[@class="nav nav-navbar"]/div[@class="user-info navbar-right hidden-xs"]/div[@class="user-actions"]/rapp-language-switcher[@class="ng-isolate-scope"]/ul[@class="list-inline list-unstyled lang"]/li[@class="ng-scope"]/a[@class="ng-binding"][count(. | //a[@ng-click = 'changeLanguageVm.switchPageToLanguage(lang)' and (text() = '
            NL   
        ' or . = '
            NL   
        ')]) = count(//a[@ng-click = 'changeLanguageVm.switchPageToLanguage(lang)' and (text() = '
            NL   
        ' or . = '
            NL   
        ')])]' not found

2018-08-29 21:23:26 - [MESSAGE][WARNING] - Web element with id: 'Object Repository/Change language link Obj/NL_language' located by 'By.xpath: id("navbar-anchor")/div[@class="nav nav-navbar"]/div[@class="user-info navbar-right hidden-xs"]/div[@class="user-actions"]/rapp-language-switcher[@class="ng-isolate-scope"]/ul[@class="list-inline list-unstyled lang"]/li[@class="ng-scope"]/a[@class="ng-binding"][count(. | //a[@ng-click = 'changeLanguageVm.switchPageToLanguage(lang)' and (text() = '
            NL   
        ' or . = '
            NL   
        ')]) = count(//a[@ng-click = 'changeLanguageVm.switchPageToLanguage(lang)' and (text() = '
            NL   
        ' or . = '
            NL   
        ')])]' not found

2018-08-29 21:23:26 - [TEST_STEP][PASSED] - Statement - verify_NL_link = com.kms.katalon.core.webui.keyword.WebUiBuiltInKeywords.verifyElementClickable(com.kms.katalon.core.testobject.ObjectRepository.findTestObject(Change language link Obj/NL_language)): Object 'Object Repository/Change language link Obj/NL_language' is clickable

2018-08-29 21:23:28 - [MESSAGE][PASSED] - Object 'Object Repository/Change language link Obj/NL_language' is clickable

2018-08-29 21:23:28 - [TEST_STEP][PASSED] - Statement - If (verify_NL_link.equals(true)): NL link is clickable !

2018-08-29 21:23:28 - [TEST_STEP][PASSED] - Statement - com.kms.katalon.core.util.KeywordUtil.markPassed("NL link is clickable !"): NL link is clickable !

2018-08-29 21:23:28 - [MESSAGE][PASSED] - NL link is clickable !

2018-08-29 21:23:28 - [TEST_STEP][PASSED] - click: Object: 'Object Repository/Change language link Obj/NL_language' is clicked on

2018-08-29 21:23:40 - [MESSAGE][PASSED] - Object: 'Object Repository/Change language link Obj/NL_language' is clicked on

2018-08-29 21:23:40 - [TEST_STEP][PASSED] - waitForPageLoad: Wait for page load successfully

2018-08-29 21:23:40 - [MESSAGE][PASSED] - Wait for page load successfully

2018-08-29 21:23:40 - [MESSAGE][PASSED] - Call Test Case 'Test Cases/Sub Script/Select Language/TC1 Verify NL language' successfully

2018-08-29 21:23:40 - [TEST_STEP][PASSED] - callTestCase: Call Test Case 'Test Cases/Sub Script/Navigation_Menu/Menu_Mes_rapports/TC Verify Mes rapports tab' successfully

2018-08-29 21:23:40 - [TEST_CASE][PASSED] - Test Cases/Sub Script/Navigation_Menu/Menu_Mes_rapports/TC Verify Mes rapports tab: Test Cases/Sub Script/Navigation_Menu/Menu_Mes_rapports/TC Verify Mes rapports tab

2018-08-29 21:23:41 - [TEST_STEP][PASSED] - click: Object: 'Object Repository/Mes rapports Obj/Mes rapports_tab' is clicked on

2018-08-29 21:23:41 - [MESSAGE][PASSED] - Object: 'Object Repository/Mes rapports Obj/Mes rapports_tab' is clicked on

2018-08-29 21:23:41 - [MESSAGE][PASSED] - Call Test Case 'Test Cases/Sub Script/Navigation_Menu/Menu_Mes_rapports/TC Verify Mes rapports tab' successfully

2018-08-29 21:23:41 - [TEST_STEP][PASSED] - callTestCase: Call Test Case 'Test Cases/Sub Script/Navigation_Menu/Menu_Mes_rapports/Main_Content/TC Verify Deployer function' successfully

2018-08-29 21:23:41 - [TEST_CASE][PASSED] - Test Cases/Sub Script/Navigation_Menu/Menu_Mes_rapports/Main_Content/TC Verify Deployer function: Test Cases/Sub Script/Navigation_Menu/Menu_Mes_rapports/Main_Content/TC Verify Deployer function

2018-08-29 21:23:41 - [TEST_STEP][PASSED] - waitForPageLoad: Wait for page load successfully

2018-08-29 21:23:41 - [MESSAGE][PASSED] - Wait for page load successfully

2018-08-29 21:23:41 - [TEST_STEP][PASSED] - waitForElementClickable: Object 'Object Repository/Mes rapports Obj/button_setting_dropdown' is clickable

2018-08-29 21:23:44 - [MESSAGE][PASSED] - Object 'Object Repository/Mes rapports Obj/button_setting_dropdown' is clickable

2018-08-29 21:23:44 - [TEST_STEP][PASSED] - click: Object: 'Object Repository/Mes rapports Obj/button_setting_dropdown' is clicked on

2018-08-29 21:23:44 - [MESSAGE][PASSED] - Object: 'Object Repository/Mes rapports Obj/button_setting_dropdown' is clicked on

2018-08-29 21:23:44 - [TEST_STEP][PASSED] - click: Object: 'Object Repository/Mes rapports Obj/a_Dployer tout' is clicked on

2018-08-29 21:23:48 - [MESSAGE][PASSED] - Object: 'Object Repository/Mes rapports Obj/a_Dployer tout' is clicked on

2018-08-29 21:23:48 - [TEST_STEP][PASSED] - waitForPageLoad: Wait for page load successfully

2018-08-29 21:23:48 - [MESSAGE][PASSED] - Wait for page load successfully

2018-08-29 21:23:48 - [MESSAGE][PASSED] - Call Test Case 'Test Cases/Sub Script/Navigation_Menu/Menu_Mes_rapports/Main_Content/TC Verify Deployer function' successfully

2018-08-29 21:23:48 - [TEST_STEP][PASSED] - callTestCase: Call Test Case 'Test Cases/Sub Script/Navigation_Menu/Menu_Mes_rapports/Main_Content/TC Verify Masquer function' successfully

2018-08-29 21:23:48 - [TEST_CASE][PASSED] - Test Cases/Sub Script/Navigation_Menu/Menu_Mes_rapports/Main_Content/TC Verify Masquer function: Test Cases/Sub Script/Navigation_Menu/Menu_Mes_rapports/Main_Content/TC Verify Masquer function

2018-08-29 21:23:48 - [TEST_STEP][PASSED] - click: Object: 'Object Repository/Mes rapports Obj/button_setting_dropdown' is clicked on

2018-08-29 21:23:48 - [MESSAGE][PASSED] - Object: 'Object Repository/Mes rapports Obj/button_setting_dropdown' is clicked on

2018-08-29 21:23:48 - [TEST_STEP][PASSED] - click: Object: 'Object Repository/Mes rapports Obj/a_Masquer tout' is clicked on

2018-08-29 21:23:48 - [MESSAGE][PASSED] - Object: 'Object Repository/Mes rapports Obj/a_Masquer tout' is clicked on

2018-08-29 21:23:48 - [TEST_STEP][PASSED] - waitForPageLoad: Wait for page load successfully

2018-08-29 21:23:48 - [MESSAGE][PASSED] - Wait for page load successfully

2018-08-29 21:23:48 - [MESSAGE][PASSED] - Call Test Case 'Test Cases/Sub Script/Navigation_Menu/Menu_Mes_rapports/Main_Content/TC Verify Masquer function' successfully

2018-08-29 21:23:48 - [TEST_STEP][PASSED] - callTestCase: Call Test Case 'Test Cases/Sub Script/Navigation_Menu/Menu_Mes_rapports/Main_Content/TC Verify info icon function' successfully

2018-08-29 21:23:48 - [TEST_CASE][PASSED] - Test Cases/Sub Script/Navigation_Menu/Menu_Mes_rapports/Main_Content/TC Verify info icon function: Test Cases/Sub Script/Navigation_Menu/Menu_Mes_rapports/Main_Content/TC Verify info icon function

2018-08-29 21:23:49 - [TEST_STEP][PASSED] - click: Object: 'Object Repository/Mes rapports Obj/info_Icon' is clicked on

2018-08-29 21:23:49 - [MESSAGE][PASSED] - Object: 'Object Repository/Mes rapports Obj/info_Icon' is clicked on

2018-08-29 21:23:49 - [TEST_STEP][PASSED] - waitForPageLoad: Wait for page load successfully

2018-08-29 21:23:49 - [MESSAGE][PASSED] - Wait for page load successfully

2018-08-29 21:23:49 - [MESSAGE][PASSED] - Call Test Case 'Test Cases/Sub Script/Navigation_Menu/Menu_Mes_rapports/Main_Content/TC Verify info icon function' successfully

2018-08-29 21:23:49 - [TEST_STEP][PASSED] - callTestCase: Call Test Case 'Test Cases/Sub Script/Navigation_Menu/Menu_Mes_rapports/Main_Content/TC Verify Url' successfully

2018-08-29 21:23:49 - [TEST_CASE][PASSED] - Test Cases/Sub Script/Navigation_Menu/Menu_Mes_rapports/Main_Content/TC Verify Url: Test Cases/Sub Script/Navigation_Menu/Menu_Mes_rapports/Main_Content/TC Verify Url

2018-08-29 21:23:49 - [TEST_STEP][PASSED] - waitForPageLoad: Wait for page load successfully

2018-08-29 21:23:49 - [MESSAGE][PASSED] - Wait for page load successfully

2018-08-29 21:23:49 - [TEST_STEP][PASSED] - Statement - url = com.kms.katalon.core.webui.keyword.WebUiBuiltInKeywords.getUrl(): Current window's url is: 'https://internet.acc.sd.dika.be/ebloxreporting/web.sensitive/main/FpyDF/iIz9g8MffKNXfNyb1H/NL/#/mijnrapporten'

2018-08-29 21:23:49 - [MESSAGE][PASSED] - Current window's url is: 'https://internet.acc.sd.dika.be/ebloxreporting/web.sensitive/main/FpyDF/iIz9g8MffKNXfNyb1H/NL/#/mijnrapporten'

2018-08-29 21:23:49 - [TEST_STEP][PASSED] - Statement - p = java.util.regex.Pattern.compile("00040 ANTILOPE GROEP"): null

2018-08-29 21:23:49 - [TEST_STEP][PASSED] - Statement - m = p.matcher(url): null

2018-08-29 21:23:49 - [TEST_STEP][PASSED] - Statement - If (m.find()): null

2018-08-29 21:23:49 - [TEST_STEP][PASSED] - Statement - Else: The user name and the concern number are not present in the URL

2018-08-29 21:23:49 - [TEST_STEP][PASSED] - Statement - com.kms.katalon.core.util.KeywordUtil.markPassed("The user name and the concern number are not present in the URL"): The user name and the concern number are not present in the URL

2018-08-29 21:23:49 - [MESSAGE][PASSED] - The user name and the concern number are not present in the URL

2018-08-29 21:23:49 - [MESSAGE][PASSED] - Call Test Case 'Test Cases/Sub Script/Navigation_Menu/Menu_Mes_rapports/Main_Content/TC Verify Url' successfully

2018-08-29 21:23:49 - [TEST_STEP][PASSED] - callTestCase: Call Test Case 'Test Cases/Sub Script/Select Language/TC2 Verify FR Language' successfully

2018-08-29 21:23:49 - [TEST_CASE][PASSED] - Test Cases/Sub Script/Select Language/TC2 Verify FR Language: Test Cases/Sub Script/Select Language/TC2 Verify FR Language

2018-08-29 21:23:50 - [TEST_STEP][PASSED] - Statement - verify_FR_link = com.kms.katalon.core.webui.keyword.WebUiBuiltInKeywords.verifyElementClickable(com.kms.katalon.core.testobject.ObjectRepository.findTestObject(Change language link Obj/FR_language)): Object 'Object Repository/Change language link Obj/FR_language' is clickable

2018-08-29 21:23:50 - [MESSAGE][PASSED] - Object 'Object Repository/Change language link Obj/FR_language' is clickable

2018-08-29 21:23:50 - [TEST_STEP][PASSED] - Statement - If (verify_FR_link.equals(true)): NL link is clickable !

2018-08-29 21:23:50 - [TEST_STEP][PASSED] - Statement - com.kms.katalon.core.util.KeywordUtil.markPassed("NL link is clickable !"): NL link is clickable !

2018-08-29 21:23:50 - [MESSAGE][PASSED] - NL link is clickable !

2018-08-29 21:23:50 - [TEST_STEP][PASSED] - click: Object: 'Object Repository/Change language link Obj/FR_language' is clicked on

2018-08-29 21:24:09 - [MESSAGE][PASSED] - Object: 'Object Repository/Change language link Obj/FR_language' is clicked on

2018-08-29 21:24:09 - [TEST_STEP][PASSED] - waitForPageLoad: Wait for page load successfully

2018-08-29 21:24:09 - [MESSAGE][PASSED] - Wait for page load successfully

2018-08-29 21:24:09 - [MESSAGE][PASSED] - Call Test Case 'Test Cases/Sub Script/Select Language/TC2 Verify FR Language' successfully

2018-08-29 21:24:09 - [TEST_STEP][PASSED] - callTestCase: Call Test Case 'Test Cases/Sub Script/Navigation_Menu/Menu_Mes_rapports/TC Verify Mes rapports tab' successfully

2018-08-29 21:24:10 - [TEST_CASE][PASSED] - Test Cases/Sub Script/Navigation_Menu/Menu_Mes_rapports/TC Verify Mes rapports tab: Test Cases/Sub Script/Navigation_Menu/Menu_Mes_rapports/TC Verify Mes rapports tab

2018-08-29 21:24:10 - [TEST_STEP][PASSED] - click: Object: 'Object Repository/Mes rapports Obj/Mes rapports_tab' is clicked on

2018-08-29 21:24:10 - [MESSAGE][PASSED] - Object: 'Object Repository/Mes rapports Obj/Mes rapports_tab' is clicked on

2018-08-29 21:24:10 - [MESSAGE][PASSED] - Call Test Case 'Test Cases/Sub Script/Navigation_Menu/Menu_Mes_rapports/TC Verify Mes rapports tab' successfully

2018-08-29 21:24:10 - [TEST_STEP][PASSED] - callTestCase: Call Test Case 'Test Cases/Sub Script/Navigation_Menu/Menu_Mes_rapports/Main_Content/TC Verify Deployer function' successfully

2018-08-29 21:24:10 - [TEST_CASE][PASSED] - Test Cases/Sub Script/Navigation_Menu/Menu_Mes_rapports/Main_Content/TC Verify Deployer function: Test Cases/Sub Script/Navigation_Menu/Menu_Mes_rapports/Main_Content/TC Verify Deployer function

2018-08-29 21:24:10 - [TEST_STEP][PASSED] - waitForPageLoad: Wait for page load successfully

2018-08-29 21:24:10 - [MESSAGE][PASSED] - Wait for page load successfully

2018-08-29 21:24:10 - [TEST_STEP][PASSED] - waitForElementClickable: Object 'Object Repository/Mes rapports Obj/button_setting_dropdown' is clickable

2018-08-29 21:24:15 - [MESSAGE][PASSED] - Object 'Object Repository/Mes rapports Obj/button_setting_dropdown' is clickable

2018-08-29 21:24:15 - [TEST_STEP][PASSED] - click: Object: 'Object Repository/Mes rapports Obj/button_setting_dropdown' is clicked on

2018-08-29 21:24:15 - [MESSAGE][PASSED] - Object: 'Object Repository/Mes rapports Obj/button_setting_dropdown' is clicked on

2018-08-29 21:24:15 - [TEST_STEP][PASSED] - click: Object: 'Object Repository/Mes rapports Obj/a_Dployer tout' is clicked on

2018-08-29 21:24:18 - [MESSAGE][PASSED] - Object: 'Object Repository/Mes rapports Obj/a_Dployer tout' is clicked on

2018-08-29 21:24:18 - [TEST_STEP][PASSED] - waitForPageLoad: Wait for page load successfully

2018-08-29 21:24:19 - [MESSAGE][PASSED] - Wait for page load successfully

2018-08-29 21:24:19 - [MESSAGE][PASSED] - Call Test Case 'Test Cases/Sub Script/Navigation_Menu/Menu_Mes_rapports/Main_Content/TC Verify Deployer function' successfully

2018-08-29 21:24:19 - [TEST_STEP][PASSED] - callTestCase: Call Test Case 'Test Cases/Sub Script/Navigation_Menu/Menu_Mes_rapports/Main_Content/TC Verify Masquer function' successfully

2018-08-29 21:24:19 - [TEST_CASE][PASSED] - Test Cases/Sub Script/Navigation_Menu/Menu_Mes_rapports/Main_Content/TC Verify Masquer function: Test Cases/Sub Script/Navigation_Menu/Menu_Mes_rapports/Main_Content/TC Verify Masquer function

2018-08-29 21:24:19 - [TEST_STEP][PASSED] - click: Object: 'Object Repository/Mes rapports Obj/button_setting_dropdown' is clicked on

2018-08-29 21:24:19 - [MESSAGE][PASSED] - Object: 'Object Repository/Mes rapports Obj/button_setting_dropdown' is clicked on

2018-08-29 21:24:19 - [TEST_STEP][PASSED] - click: Object: 'Object Repository/Mes rapports Obj/a_Masquer tout' is clicked on

2018-08-29 21:24:19 - [MESSAGE][PASSED] - Object: 'Object Repository/Mes rapports Obj/a_Masquer tout' is clicked on

2018-08-29 21:24:19 - [TEST_STEP][PASSED] - waitForPageLoad: Wait for page load successfully

2018-08-29 21:24:19 - [MESSAGE][PASSED] - Wait for page load successfully

2018-08-29 21:24:19 - [MESSAGE][PASSED] - Call Test Case 'Test Cases/Sub Script/Navigation_Menu/Menu_Mes_rapports/Main_Content/TC Verify Masquer function' successfully

2018-08-29 21:24:19 - [TEST_STEP][PASSED] - callTestCase: Call Test Case 'Test Cases/Sub Script/Navigation_Menu/Menu_Mes_rapports/Main_Content/TC Verify info icon function' successfully

2018-08-29 21:24:19 - [TEST_CASE][PASSED] - Test Cases/Sub Script/Navigation_Menu/Menu_Mes_rapports/Main_Content/TC Verify info icon function: Test Cases/Sub Script/Navigation_Menu/Menu_Mes_rapports/Main_Content/TC Verify info icon function

2018-08-29 21:24:19 - [TEST_STEP][PASSED] - click: Object: 'Object Repository/Mes rapports Obj/info_Icon' is clicked on

2018-08-29 21:24:19 - [MESSAGE][PASSED] - Object: 'Object Repository/Mes rapports Obj/info_Icon' is clicked on

2018-08-29 21:24:19 - [TEST_STEP][PASSED] - waitForPageLoad: Wait for page load successfully

2018-08-29 21:24:19 - [MESSAGE][PASSED] - Wait for page load successfully

2018-08-29 21:24:19 - [MESSAGE][PASSED] - Call Test Case 'Test Cases/Sub Script/Navigation_Menu/Menu_Mes_rapports/Main_Content/TC Verify info icon function' successfully

2018-08-29 21:24:19 - [TEST_STEP][PASSED] - callTestCase: Call Test Case 'Test Cases/Sub Script/Navigation_Menu/Menu_Mes_rapports/Main_Content/TC Verify Url' successfully

2018-08-29 21:24:19 - [TEST_CASE][PASSED] - Test Cases/Sub Script/Navigation_Menu/Menu_Mes_rapports/Main_Content/TC Verify Url: Test Cases/Sub Script/Navigation_Menu/Menu_Mes_rapports/Main_Content/TC Verify Url

2018-08-29 21:24:19 - [TEST_STEP][PASSED] - waitForPageLoad: Wait for page load successfully

2018-08-29 21:24:19 - [MESSAGE][PASSED] - Wait for page load successfully

2018-08-29 21:24:19 - [TEST_STEP][PASSED] - Statement - url = com.kms.katalon.core.webui.keyword.WebUiBuiltInKeywords.getUrl(): Current window's url is: 'https://internet.acc.sd.dika.be/ebloxreporting/web.sensitive/main/FpyDF/iIz9g8MffKNXfNyb1H/FR/#/mijnrapporten'

2018-08-29 21:24:19 - [MESSAGE][PASSED] - Current window's url is: 'https://internet.acc.sd.dika.be/ebloxreporting/web.sensitive/main/FpyDF/iIz9g8MffKNXfNyb1H/FR/#/mijnrapporten'

2018-08-29 21:24:19 - [TEST_STEP][PASSED] - Statement - p = java.util.regex.Pattern.compile("00040 ANTILOPE GROEP"): null

2018-08-29 21:24:19 - [TEST_STEP][PASSED] - Statement - m = p.matcher(url): null

2018-08-29 21:24:19 - [TEST_STEP][PASSED] - Statement - If (m.find()): null

2018-08-29 21:24:19 - [TEST_STEP][PASSED] - Statement - Else: The user name and the concern number are not present in the URL

2018-08-29 21:24:19 - [TEST_STEP][PASSED] - Statement - com.kms.katalon.core.util.KeywordUtil.markPassed("The user name and the concern number are not present in the URL"): The user name and the concern number are not present in the URL

2018-08-29 21:24:19 - [MESSAGE][PASSED] - The user name and the concern number are not present in the URL

2018-08-29 21:24:19 - [MESSAGE][PASSED] - Call Test Case 'Test Cases/Sub Script/Navigation_Menu/Menu_Mes_rapports/Main_Content/TC Verify Url' successfully

2018-08-29 21:24:19 - [TEST_STEP][PASSED] - callTestCase: Call Test Case 'Test Cases/Sub Script/Select Language/TC2 Verify FR Language' successfully

2018-08-29 21:24:19 - [TEST_CASE][PASSED] - Test Cases/Sub Script/Select Language/TC2 Verify FR Language: Test Cases/Sub Script/Select Language/TC2 Verify FR Language

2018-08-29 21:24:19 - [TEST_STEP][PASSED] - Statement - verify_FR_link = com.kms.katalon.core.webui.keyword.WebUiBuiltInKeywords.verifyElementClickable(com.kms.katalon.core.testobject.ObjectRepository.findTestObject(Change language link Obj/FR_language)): Object 'Object Repository/Change language link Obj/FR_language' is clickable

2018-08-29 21:24:19 - [MESSAGE][PASSED] - Object 'Object Repository/Change language link Obj/FR_language' is clickable

2018-08-29 21:24:19 - [TEST_STEP][PASSED] - Statement - If (verify_FR_link.equals(true)): NL link is clickable !

2018-08-29 21:24:19 - [TEST_STEP][PASSED] - Statement - com.kms.katalon.core.util.KeywordUtil.markPassed("NL link is clickable !"): NL link is clickable !

2018-08-29 21:24:19 - [MESSAGE][PASSED] - NL link is clickable !

2018-08-29 21:24:19 - [TEST_STEP][PASSED] - click: Object: 'Object Repository/Change language link Obj/FR_language' is clicked on

2018-08-29 21:24:20 - [MESSAGE][PASSED] - Object: 'Object Repository/Change language link Obj/FR_language' is clicked on

2018-08-29 21:24:20 - [TEST_STEP][PASSED] - waitForPageLoad: Wait for page load successfully

2018-08-29 21:24:20 - [MESSAGE][PASSED] - Wait for page load successfully

2018-08-29 21:24:20 - [MESSAGE][PASSED] - Call Test Case 'Test Cases/Sub Script/Select Language/TC2 Verify FR Language' successfully

2018-08-29 21:24:20 - [TEST_STEP][PASSED] - callTestCase: Call Test Case 'Test Cases/Sub Script/Select Language/TC1 Verify NL language' successfully

2018-08-29 21:24:20 - [TEST_CASE][PASSED] - Test Cases/Sub Script/Select Language/TC1 Verify NL language: Test Cases/Sub Script/Select Language/TC1 Verify NL language

2018-08-29 21:24:20 - [TEST_STEP][PASSED] - waitForElementClickable: Object 'Object Repository/Change language link Obj/NL_language' is clickable

2018-08-29 21:24:20 - [MESSAGE][PASSED] - Object 'Object Repository/Change language link Obj/NL_language' is clickable

2018-08-29 21:24:20 - [TEST_STEP][PASSED] - Statement - verify_NL_link = com.kms.katalon.core.webui.keyword.WebUiBuiltInKeywords.verifyElementClickable(com.kms.katalon.core.testobject.ObjectRepository.findTestObject(Change language link Obj/NL_language)): Object 'Object Repository/Change language link Obj/NL_language' is clickable

2018-08-29 21:24:20 - [MESSAGE][PASSED] - Object 'Object Repository/Change language link Obj/NL_language' is clickable

2018-08-29 21:24:20 - [TEST_STEP][PASSED] - Statement - If (verify_NL_link.equals(true)): NL link is clickable !

2018-08-29 21:24:20 - [TEST_STEP][PASSED] - Statement - com.kms.katalon.core.util.KeywordUtil.markPassed("NL link is clickable !"): NL link is clickable !

2018-08-29 21:24:20 - [MESSAGE][PASSED] - NL link is clickable !

2018-08-29 21:24:20 - [TEST_STEP][PASSED] - click: Object: 'Object Repository/Change language link Obj/NL_language' is clicked on

2018-08-29 21:24:28 - [MESSAGE][PASSED] - Object: 'Object Repository/Change language link Obj/NL_language' is clicked on

2018-08-29 21:24:28 - [TEST_STEP][PASSED] - waitForPageLoad: Wait for page load successfully

2018-08-29 21:24:28 - [MESSAGE][PASSED] - Wait for page load successfully

2018-08-29 21:24:28 - [MESSAGE][PASSED] - Call Test Case 'Test Cases/Sub Script/Select Language/TC1 Verify NL language' successfully

2018-08-29 21:24:28 - [TEST_STEP][PASSED] - callTestCase: Call Test Case 'Test Cases/Sub Script/Navigation_Menu/Menu_Bibliotheque/TC Verify Bibliotheque tab' successfully

2018-08-29 21:24:28 - [TEST_CASE][PASSED] - Test Cases/Sub Script/Navigation_Menu/Menu_Bibliotheque/TC Verify Bibliotheque tab: Test Cases/Sub Script/Navigation_Menu/Menu_Bibliotheque/TC Verify Bibliotheque tab

2018-08-29 21:24:29 - [TEST_STEP][PASSED] - click: Object: 'Object Repository/Bibliotheque Obj/Bibliothque_tab' is clicked on

2018-08-29 21:24:29 - [MESSAGE][PASSED] - Object: 'Object Repository/Bibliotheque Obj/Bibliothque_tab' is clicked on

2018-08-29 21:24:29 - [MESSAGE][PASSED] - Call Test Case 'Test Cases/Sub Script/Navigation_Menu/Menu_Bibliotheque/TC Verify Bibliotheque tab' successfully

2018-08-29 21:24:29 - [TEST_STEP][PASSED] - callTestCase: Call Test Case 'Test Cases/Sub Script/Navigation_Menu/Menu_Bibliotheque/TC1 Verify Deployer function' successfully

2018-08-29 21:24:29 - [TEST_CASE][PASSED] - Test Cases/Sub Script/Navigation_Menu/Menu_Bibliotheque/TC1 Verify Deployer function: Test Cases/Sub Script/Navigation_Menu/Menu_Bibliotheque/TC1 Verify Deployer function

2018-08-29 21:24:29 - [TEST_STEP][PASSED] - waitForPageLoad: Wait for page load successfully

2018-08-29 21:24:29 - [MESSAGE][PASSED] - Wait for page load successfully

2018-08-29 21:24:29 - [TEST_STEP][PASSED] - click: Object: 'Object Repository/Bibliotheque Obj/button_setting_dropdown' is clicked on

2018-08-29 21:24:32 - [MESSAGE][PASSED] - Object: 'Object Repository/Bibliotheque Obj/button_setting_dropdown' is clicked on

2018-08-29 21:24:32 - [TEST_STEP][PASSED] - click: Object: 'Object Repository/Bibliotheque Obj/a_Dployer tout' is clicked on

2018-08-29 21:24:32 - [MESSAGE][PASSED] - Object: 'Object Repository/Bibliotheque Obj/a_Dployer tout' is clicked on

2018-08-29 21:24:32 - [MESSAGE][PASSED] - Call Test Case 'Test Cases/Sub Script/Navigation_Menu/Menu_Bibliotheque/TC1 Verify Deployer function' successfully

2018-08-29 21:24:32 - [TEST_STEP][PASSED] - callTestCase: Call Test Case 'Test Cases/Sub Script/Navigation_Menu/Menu_Bibliotheque/TC2 Verify Masquer function' successfully

2018-08-29 21:24:32 - [TEST_CASE][PASSED] - Test Cases/Sub Script/Navigation_Menu/Menu_Bibliotheque/TC2 Verify Masquer function: Test Cases/Sub Script/Navigation_Menu/Menu_Bibliotheque/TC2 Verify Masquer function

2018-08-29 21:24:33 - [TEST_STEP][PASSED] - click: Object: 'Object Repository/Bibliotheque Obj/button_setting_dropdown' is clicked on

2018-08-29 21:24:33 - [MESSAGE][PASSED] - Object: 'Object Repository/Bibliotheque Obj/button_setting_dropdown' is clicked on

2018-08-29 21:24:33 - [TEST_STEP][PASSED] - click: Object: 'Object Repository/Bibliotheque Obj/a_Masquer tout' is clicked on

2018-08-29 21:24:33 - [MESSAGE][PASSED] - Object: 'Object Repository/Bibliotheque Obj/a_Masquer tout' is clicked on

2018-08-29 21:24:33 - [MESSAGE][PASSED] - Call Test Case 'Test Cases/Sub Script/Navigation_Menu/Menu_Bibliotheque/TC2 Verify Masquer function' successfully

2018-08-29 21:24:33 - [TEST_STEP][PASSED] - callTestCase: Call Test Case 'Test Cases/Sub Script/Navigation_Menu/Menu_Bibliotheque/TC3 Verify info icon function' successfully

2018-08-29 21:24:33 - [TEST_CASE][PASSED] - Test Cases/Sub Script/Navigation_Menu/Menu_Bibliotheque/TC3 Verify info icon function: Test Cases/Sub Script/Navigation_Menu/Menu_Bibliotheque/TC3 Verify info icon function

2018-08-29 21:24:33 - [TEST_STEP][PASSED] - click: Object: 'Object Repository/Bibliotheque Obj/info_Icon' is clicked on

2018-08-29 21:24:33 - [MESSAGE][PASSED] - Object: 'Object Repository/Bibliotheque Obj/info_Icon' is clicked on

2018-08-29 21:24:33 - [MESSAGE][PASSED] - Call Test Case 'Test Cases/Sub Script/Navigation_Menu/Menu_Bibliotheque/TC3 Verify info icon function' successfully

2018-08-29 21:24:33 - [TEST_STEP][PASSED] - callTestCase: Call Test Case 'Test Cases/Sub Script/Navigation_Menu/Menu_Bibliotheque/TC4 Verify Url' successfully

2018-08-29 21:24:34 - [TEST_CASE][PASSED] - Test Cases/Sub Script/Navigation_Menu/Menu_Bibliotheque/TC4 Verify Url: Test Cases/Sub Script/Navigation_Menu/Menu_Bibliotheque/TC4 Verify Url

2018-08-29 21:24:34 - [TEST_STEP][PASSED] - waitForPageLoad: Wait for page load successfully

2018-08-29 21:24:34 - [MESSAGE][PASSED] - Wait for page load successfully

2018-08-29 21:24:34 - [TEST_STEP][PASSED] - Statement - url = com.kms.katalon.core.webui.keyword.WebUiBuiltInKeywords.getUrl(): Current window's url is: 'https://internet.acc.sd.dika.be/ebloxreporting/web.sensitive/main/FpyDF/iIz9g8MffKNXfNyb1H/NL/#/bibliotheek/'

2018-08-29 21:24:34 - [MESSAGE][PASSED] - Current window's url is: 'https://internet.acc.sd.dika.be/ebloxreporting/web.sensitive/main/FpyDF/iIz9g8MffKNXfNyb1H/NL/#/bibliotheek/'

2018-08-29 21:24:34 - [TEST_STEP][PASSED] - Statement - p = java.util.regex.Pattern.compile("00040 ANTILOPE GROEP"): null

2018-08-29 21:24:34 - [TEST_STEP][PASSED] - Statement - m = p.matcher(url): null

2018-08-29 21:24:34 - [TEST_STEP][PASSED] - Statement - If (m.find()): null

2018-08-29 21:24:34 - [TEST_STEP][PASSED] - Statement - Else: The user name and the concern number are not present in the URL

2018-08-29 21:24:34 - [TEST_STEP][PASSED] - Statement - com.kms.katalon.core.util.KeywordUtil.markPassed("The user name and the concern number are not present in the URL"): The user name and the concern number are not present in the URL

2018-08-29 21:24:34 - [MESSAGE][PASSED] - The user name and the concern number are not present in the URL

2018-08-29 21:24:34 - [MESSAGE][PASSED] - Call Test Case 'Test Cases/Sub Script/Navigation_Menu/Menu_Bibliotheque/TC4 Verify Url' successfully

2018-08-29 21:24:34 - [TEST_STEP][PASSED] - callTestCase: Call Test Case 'Test Cases/Sub Script/Navigation_Menu/Menu_Comptages/TC Verify Comptages tab' successfully

2018-08-29 21:24:34 - [TEST_CASE][PASSED] - Test Cases/Sub Script/Navigation_Menu/Menu_Comptages/TC Verify Comptages tab: Test Cases/Sub Script/Navigation_Menu/Menu_Comptages/TC Verify Comptages tab

2018-08-29 21:24:34 - [TEST_STEP][PASSED] - click: Object: 'Object Repository/Comptages Obj/Comptages_tab' is clicked on

2018-08-29 21:24:34 - [MESSAGE][PASSED] - Object: 'Object Repository/Comptages Obj/Comptages_tab' is clicked on

2018-08-29 21:24:34 - [MESSAGE][PASSED] - Call Test Case 'Test Cases/Sub Script/Navigation_Menu/Menu_Comptages/TC Verify Comptages tab' successfully

2018-08-29 21:24:34 - [TEST_STEP][PASSED] - callTestCase: Call Test Case 'Test Cases/Sub Script/Navigation_Menu/Menu_Comptages/TC2 Verify Nouveau comptage button' successfully

2018-08-29 21:24:34 - [TEST_CASE][PASSED] - Test Cases/Sub Script/Navigation_Menu/Menu_Comptages/TC2 Verify Nouveau comptage button: Test Cases/Sub Script/Navigation_Menu/Menu_Comptages/TC2 Verify Nouveau comptage button

2018-08-29 21:24:35 - [TEST_STEP][PASSED] - click: Object: 'Object Repository/Comptages Obj/button_Nouveau comptage' is clicked on

2018-08-29 21:24:37 - [MESSAGE][PASSED] - Object: 'Object Repository/Comptages Obj/button_Nouveau comptage' is clicked on

2018-08-29 21:24:37 - [MESSAGE][PASSED] - Call Test Case 'Test Cases/Sub Script/Navigation_Menu/Menu_Comptages/TC2 Verify Nouveau comptage button' successfully

2018-08-29 21:24:37 - [TEST_STEP][PASSED] - callTestCase: Call Test Case 'Test Cases/Sub Script/Navigation_Menu/Menu_Comptages/TC3 Verify Montants Function' successfully

2018-08-29 21:24:37 - [TEST_CASE][PASSED] - Test Cases/Sub Script/Navigation_Menu/Menu_Comptages/TC3 Verify Montants Function: Test Cases/Sub Script/Navigation_Menu/Menu_Comptages/TC3 Verify Montants Function

2018-08-29 21:24:37 - [TEST_STEP][PASSED] - click: Object: 'Object Repository/Comptages Obj/a_Montants' is clicked on

2018-08-29 21:24:37 - [MESSAGE][PASSED] - Object: 'Object Repository/Comptages Obj/a_Montants' is clicked on

2018-08-29 21:24:37 - [MESSAGE][PASSED] - Call Test Case 'Test Cases/Sub Script/Navigation_Menu/Menu_Comptages/TC3 Verify Montants Function' successfully

2018-08-29 21:24:37 - [TEST_STEP][PASSED] - callTestCase: Call Test Case 'Test Cases/Sub Script/Navigation_Menu/Menu_Comptages/TC4 Verify the creation of a new Comptage' successfully

2018-08-29 21:24:37 - [TEST_CASE][PASSED] - Test Cases/Sub Script/Navigation_Menu/Menu_Comptages/TC4 Verify the creation of a new Comptage: Test Cases/Sub Script/Navigation_Menu/Menu_Comptages/TC4 Verify the creation of a new Comptage

2018-08-29 21:24:38 - [TEST_STEP][PASSED] - setText: Text 'testing' is set on object 'Object Repository/Comptages Obj/input_comptage_name'

2018-08-29 21:24:38 - [MESSAGE][PASSED] - Text 'testing' is set on object 'Object Repository/Comptages Obj/input_comptage_name'

2018-08-29 21:24:38 - [TEST_STEP][PASSED] - delay: Delayed 5 second(s)

2018-08-29 21:24:43 - [MESSAGE][PASSED] - Delayed 5 second(s)

2018-08-29 21:24:43 - [TEST_STEP][PASSED] - click: Object: 'Object Repository/Comptages Obj/dropdown_arrow' is clicked on

2018-08-29 21:24:44 - [MESSAGE][PASSED] - Object: 'Object Repository/Comptages Obj/dropdown_arrow' is clicked on

2018-08-29 21:24:44 - [TEST_STEP][PASSED] - delay: Delayed 5 second(s)

2018-08-29 21:24:49 - [MESSAGE][PASSED] - Delayed 5 second(s)

2018-08-29 21:24:49 - [TEST_STEP][PASSED] - setText: Text 'Attest loonlasten' is set on object 'Object Repository/Comptages Obj/input_comptage_type'

2018-08-29 21:24:49 - [MESSAGE][PASSED] - Text 'Attest loonlasten' is set on object 'Object Repository/Comptages Obj/input_comptage_type'

2018-08-29 21:24:49 - [TEST_STEP][PASSED] - sendKeys: Keys 'ENTER + ' sent to object: 'Object Repository/Comptages Obj/input_comptage_type'

2018-08-29 21:24:49 - [MESSAGE][PASSED] - Keys 'ENTER + ' sent to object: 'Object Repository/Comptages Obj/input_comptage_type'

2018-08-29 21:24:49 - [MESSAGE][PASSED] - Call Test Case 'Test Cases/Sub Script/Navigation_Menu/Menu_Comptages/TC4 Verify the creation of a new Comptage' successfully

2018-08-29 21:24:49 - [TEST_STEP][PASSED] - callTestCase: Call Test Case 'Test Cases/Sub Script/Navigation_Menu/Menu_Comptages/TC7 Verify Sauvegarder button' successfully

2018-08-29 21:24:49 - [TEST_CASE][PASSED] - Test Cases/Sub Script/Navigation_Menu/Menu_Comptages/TC7 Verify Sauvegarder button: Test Cases/Sub Script/Navigation_Menu/Menu_Comptages/TC7 Verify Sauvegarder button

2018-08-29 21:24:49 - [TEST_STEP][PASSED] - click: Object: 'Object Repository/Comptages Obj/button_Sauvegarder' is clicked on

2018-08-29 21:24:49 - [MESSAGE][PASSED] - Object: 'Object Repository/Comptages Obj/button_Sauvegarder' is clicked on

2018-08-29 21:24:49 - [MESSAGE][PASSED] - Call Test Case 'Test Cases/Sub Script/Navigation_Menu/Menu_Comptages/TC7 Verify Sauvegarder button' successfully

2018-08-29 21:24:49 - [TEST_STEP][PASSED] - closeBrowser: Browser is closed

2018-08-29 21:24:50 - [MESSAGE][PASSED] - Browser is closed]]></system-out>
         <system-err><![CDATA[]]></system-err>
      </testcase>
      <testcase name="Test Cases/Main Script/TC2 NEW" classname="Test Cases/Main Script/TC2 NEW" status="PASSED">
         <system-out><![CDATA[2018-08-29 21:24:50 - [TEST_CASE][PASSED] - Test Cases/Main Script/TC2 NEW: Test Cases/Main Script/TC2 NEW

2018-08-29 21:24:50 - [TEST_STEP][PASSED] - Start listener action : sampleBeforeTestCase: Invoke 'com.kms.katalon.core.annotation.BeforeTestCase' method: 'NewTestListener.sampleBeforeTestCase(...)' completed.

2018-08-29 21:24:50 - [TEST_STEP][PASSED] - Statement - println(testCaseContext.getTextCaseId()=$testCaseContext.getTestCaseId()): null

2018-08-29 21:24:50 - [TEST_STEP][PASSED] - Statement - currentTestCaseId = testCaseContext.getTestCaseId(): Invoke 'com.kms.katalon.core.annotation.BeforeTestCase' method: 'NewTestListener.sampleBeforeTestCase(...)' completed.

2018-08-29 21:24:50 - [TEST_STEP][PASSED] - verify_Test_Case_Number.getTestCaseNumber.getTCNo: verify_Test_Case_Number.getTestCaseNumber.getTCNo is PASSED

2018-08-29 21:24:50 - [MESSAGE][PASSED] - verify_Test_Case_Number.getTestCaseNumber.getTCNo is PASSED

2018-08-29 21:24:50 - [TEST_STEP][PASSED] - callTestCase: Call Test Case 'Test Cases/Login/TC1 Login to Mysdworx' successfully

2018-08-29 21:24:50 - [TEST_CASE][PASSED] - Test Cases/Login/TC1 Login to Mysdworx: Test Cases/Login/TC1 Login to Mysdworx

2018-08-29 21:24:50 - [TEST_STEP][PASSED] - openBrowser: Browser is opened with url: ''

2018-08-29 21:24:53 - [MESSAGE][PASSED] - Browser is opened with url: ''

2018-08-29 21:24:53 - [TEST_STEP][PASSED] - navigateToUrl: Navigate to 'https://internet.acc.sd.dika.be/ebloxreporting/web.sensitive/main/?lang=fr' successfully

2018-08-29 21:24:58 - [MESSAGE][PASSED] - Navigate to 'https://internet.acc.sd.dika.be/ebloxreporting/web.sensitive/main/?lang=fr' successfully

2018-08-29 21:24:58 - [TEST_STEP][PASSED] - maximizeWindow: Current window maximized

2018-08-29 21:25:00 - [MESSAGE][PASSED] - Current window maximized

2018-08-29 21:25:00 - [TEST_STEP][PASSED] - setText: Text 'DP_EBLOX_RPP_VASCO' is set on object 'Object Repository/Page_mysdworx - Log in/input_Username'

2018-08-29 21:25:12 - [MESSAGE][PASSED] - Text 'DP_EBLOX_RPP_VASCO' is set on object 'Object Repository/Page_mysdworx - Log in/input_Username'

2018-08-29 21:25:12 - [TEST_STEP][PASSED] - Statement - frame = new javax.swing.JFrame(User Input Frame): null

2018-08-29 21:25:12 - [TEST_STEP][PASSED] - Statement - frame.requestFocus(): null

2018-08-29 21:25:12 - [TEST_STEP][PASSED] - Statement - pass = javax.swing.JOptionPane.showInputDialog(frame, "Enter the password from token!!"): null

2018-08-29 21:25:42 - [TEST_STEP][PASSED] - delay: Delayed 2 second(s)

2018-08-29 21:25:44 - [MESSAGE][PASSED] - Delayed 2 second(s)

2018-08-29 21:25:44 - [TEST_STEP][PASSED] - setText: Text '299505' is set on object 'Object Repository/Page_mysdworx - Log in/input_Password'

2018-08-29 21:25:44 - [MESSAGE][PASSED] - Text '299505' is set on object 'Object Repository/Page_mysdworx - Log in/input_Password'

2018-08-29 21:25:44 - [TEST_STEP][PASSED] - click: Object: 'Object Repository/Page_mysdworx - Log in/button_Se connecter' is clicked on

2018-08-29 21:25:44 - [MESSAGE][PASSED] - Object: 'Object Repository/Page_mysdworx - Log in/button_Se connecter' is clicked on

2018-08-29 21:25:44 - [TEST_STEP][PASSED] - waitForPageLoad: Wait for page load successfully

2018-08-29 21:25:44 - [MESSAGE][PASSED] - Wait for page load successfully

2018-08-29 21:25:44 - [TEST_STEP][NOT_RUN] - closeBrowser: NOT_RUN: closeBrowser

2018-08-29 21:25:44 - [MESSAGE][NOT_RUN] - NOT_RUN: closeBrowser

2018-08-29 21:25:44 - [MESSAGE][PASSED] - Call Test Case 'Test Cases/Login/TC1 Login to Mysdworx' successfully

2018-08-29 21:25:44 - [TEST_STEP][PASSED] - callTestCase: Call Test Case 'Test Cases/Sub Script/Select Language/TC1 Verify NL language' successfully

2018-08-29 21:25:44 - [TEST_CASE][PASSED] - Test Cases/Sub Script/Select Language/TC1 Verify NL language: Test Cases/Sub Script/Select Language/TC1 Verify NL language

2018-08-29 21:25:44 - [TEST_STEP][PASSED] - waitForElementClickable: Object 'Object Repository/Change language link Obj/NL_language' is clickable

2018-08-29 21:26:26 - [MESSAGE][PASSED] - Object 'Object Repository/Change language link Obj/NL_language' is clickable

2018-08-29 21:26:26 - [TEST_STEP][PASSED] - Statement - verify_NL_link = com.kms.katalon.core.webui.keyword.WebUiBuiltInKeywords.verifyElementClickable(com.kms.katalon.core.testobject.ObjectRepository.findTestObject(Change language link Obj/NL_language)): Object 'Object Repository/Change language link Obj/NL_language' is clickable

2018-08-29 21:26:26 - [MESSAGE][PASSED] - Object 'Object Repository/Change language link Obj/NL_language' is clickable

2018-08-29 21:26:26 - [TEST_STEP][PASSED] - Statement - If (verify_NL_link.equals(true)): NL link is clickable !

2018-08-29 21:26:26 - [TEST_STEP][PASSED] - Statement - com.kms.katalon.core.util.KeywordUtil.markPassed("NL link is clickable !"): NL link is clickable !

2018-08-29 21:26:26 - [MESSAGE][PASSED] - NL link is clickable !

2018-08-29 21:26:26 - [TEST_STEP][PASSED] - click: Object: 'Object Repository/Change language link Obj/NL_language' is clicked on

2018-08-29 21:26:39 - [MESSAGE][PASSED] - Object: 'Object Repository/Change language link Obj/NL_language' is clicked on

2018-08-29 21:26:39 - [TEST_STEP][PASSED] - waitForPageLoad: Wait for page load successfully

2018-08-29 21:26:39 - [MESSAGE][PASSED] - Wait for page load successfully

2018-08-29 21:26:39 - [MESSAGE][PASSED] - Call Test Case 'Test Cases/Sub Script/Select Language/TC1 Verify NL language' successfully

2018-08-29 21:26:39 - [TEST_STEP][PASSED] - callTestCase: Call Test Case 'Test Cases/Sub Script/Navigation_Menu/Menu_Mes_rapports/TC Verify Nouveau rapport button' successfully

2018-08-29 21:26:39 - [TEST_CASE][PASSED] - Test Cases/Sub Script/Navigation_Menu/Menu_Mes_rapports/TC Verify Nouveau rapport button: Test Cases/Sub Script/Navigation_Menu/Menu_Mes_rapports/TC Verify Nouveau rapport button

2018-08-29 21:26:40 - [TEST_STEP][PASSED] - click: Object: 'Object Repository/Mes rapports Obj/button_Nouveau rapport' is clicked on

2018-08-29 21:26:49 - [MESSAGE][PASSED] - Object: 'Object Repository/Mes rapports Obj/button_Nouveau rapport' is clicked on

2018-08-29 21:26:49 - [TEST_STEP][PASSED] - waitForPageLoad: Wait for page load successfully

2018-08-29 21:26:49 - [MESSAGE][PASSED] - Wait for page load successfully

2018-08-29 21:26:49 - [MESSAGE][PASSED] - Call Test Case 'Test Cases/Sub Script/Navigation_Menu/Menu_Mes_rapports/TC Verify Nouveau rapport button' successfully

2018-08-29 21:26:49 - [TEST_STEP][PASSED] - callTestCase: Call Test Case 'Test Cases/Sub Script/Navigation_Menu/Menu_Mes_rapports/Nouveau_Rapport/Mes rapports - BASE DE RAPPORT/TC Verify radio button creer un tout nouveau rapport' successfully

2018-08-29 21:26:49 - [TEST_CASE][PASSED] - Test Cases/Sub Script/Navigation_Menu/Menu_Mes_rapports/Nouveau_Rapport/Mes rapports - BASE DE RAPPORT/TC Verify radio button creer un tout nouveau rapport: Test Cases/Sub Script/Navigation_Menu/Menu_Mes_rapports/Nouveau_Rapport/Mes rapports - BASE DE RAPPORT/TC Verify radio button creer un tout nouveau rapport

2018-08-29 21:26:49 - [TEST_STEP][PASSED] - Statement - radioButton = com.kms.katalon.core.webui.keyword.WebUiBuiltInKeywords.modifyObjectProperty(com.kms.katalon.core.testobject.ObjectRepository.findTestObject(Mes rapports Obj/BASE DE RAPPORT/radioButton_Creer un tout nouveau rapport), "name", "equals", "typeRapport", true): Modify property of object successfully

2018-08-29 21:26:49 - [MESSAGE][PASSED] - Modify property of object successfully

2018-08-29 21:26:49 - [TEST_STEP][PASSED] - click: Object: 'Object Repository/Mes rapports Obj/BASE DE RAPPORT/radioButton_Creer un tout nouveau rapport' is clicked on

2018-08-29 21:26:52 - [MESSAGE][PASSED] - Object: 'Object Repository/Mes rapports Obj/BASE DE RAPPORT/radioButton_Creer un tout nouveau rapport' is clicked on

2018-08-29 21:26:52 - [MESSAGE][PASSED] - Call Test Case 'Test Cases/Sub Script/Navigation_Menu/Menu_Mes_rapports/Nouveau_Rapport/Mes rapports - BASE DE RAPPORT/TC Verify radio button creer un tout nouveau rapport' successfully

2018-08-29 21:26:52 - [TEST_STEP][PASSED] - callTestCase: Call Test Case 'Test Cases/Sub Script/Verify URL/TC Verify Url' successfully

2018-08-29 21:26:52 - [TEST_CASE][PASSED] - Test Cases/Sub Script/Verify URL/TC Verify Url: Test Cases/Sub Script/Verify URL/TC Verify Url

2018-08-29 21:26:52 - [TEST_STEP][PASSED] - waitForPageLoad: Wait for page load successfully

2018-08-29 21:26:52 - [MESSAGE][PASSED] - Wait for page load successfully

2018-08-29 21:26:52 - [TEST_STEP][PASSED] - Statement - url = com.kms.katalon.core.webui.keyword.WebUiBuiltInKeywords.getUrl(): Current window's url is: 'https://internet.acc.sd.dika.be/ebloxreporting/web.sensitive/main/FpyDF/iIz9g8MffKNXfNyb1H/NL/#/definitie/wizard/extern/start'

2018-08-29 21:26:52 - [MESSAGE][PASSED] - Current window's url is: 'https://internet.acc.sd.dika.be/ebloxreporting/web.sensitive/main/FpyDF/iIz9g8MffKNXfNyb1H/NL/#/definitie/wizard/extern/start'

2018-08-29 21:26:52 - [TEST_STEP][PASSED] - Statement - p = java.util.regex.Pattern.compile("00040 ANTILOPE GROEP"): null

2018-08-29 21:26:52 - [TEST_STEP][PASSED] - Statement - m = p.matcher(url): null

2018-08-29 21:26:52 - [TEST_STEP][PASSED] - Statement - If (m.find()): null

2018-08-29 21:26:52 - [TEST_STEP][PASSED] - Statement - Else: The user name and the concern number are not present in the URL

2018-08-29 21:26:52 - [TEST_STEP][PASSED] - Statement - com.kms.katalon.core.util.KeywordUtil.markPassed("The user name and the concern number are not present in the URL"): The user name and the concern number are not present in the URL

2018-08-29 21:26:52 - [MESSAGE][PASSED] - The user name and the concern number are not present in the URL

2018-08-29 21:26:52 - [TEST_STEP][PASSED] - delay: Delayed 2 second(s)

2018-08-29 21:26:54 - [MESSAGE][PASSED] - Delayed 2 second(s)

2018-08-29 21:26:54 - [MESSAGE][PASSED] - Call Test Case 'Test Cases/Sub Script/Verify URL/TC Verify Url' successfully

2018-08-29 21:26:54 - [TEST_STEP][PASSED] - callTestCase: Call Test Case 'Test Cases/Sub Script/Navigation_Menu/Menu_Mes_rapports/TC Verify the next button arrow' successfully

2018-08-29 21:26:54 - [TEST_CASE][PASSED] - Test Cases/Sub Script/Navigation_Menu/Menu_Mes_rapports/TC Verify the next button arrow: Test Cases/Sub Script/Navigation_Menu/Menu_Mes_rapports/TC Verify the next button arrow

2018-08-29 21:26:54 - [TEST_STEP][PASSED] - waitForElementClickable: Object 'Object Repository/Mes rapports Obj/button_Next_Arrow' is clickable

2018-08-29 21:26:54 - [MESSAGE][PASSED] - Object 'Object Repository/Mes rapports Obj/button_Next_Arrow' is clickable

2018-08-29 21:26:54 - [TEST_STEP][PASSED] - click: Object: 'Object Repository/Mes rapports Obj/button_Next_Arrow' is clicked on

2018-08-29 21:26:54 - [MESSAGE][PASSED] - Object: 'Object Repository/Mes rapports Obj/button_Next_Arrow' is clicked on

2018-08-29 21:26:54 - [TEST_STEP][PASSED] - delay: Delayed 5 second(s)

2018-08-29 21:26:59 - [MESSAGE][PASSED] - Delayed 5 second(s)

2018-08-29 21:26:59 - [TEST_STEP][PASSED] - waitForPageLoad: Wait for page load successfully

2018-08-29 21:26:59 - [MESSAGE][PASSED] - Wait for page load successfully

2018-08-29 21:26:59 - [MESSAGE][PASSED] - Call Test Case 'Test Cases/Sub Script/Navigation_Menu/Menu_Mes_rapports/TC Verify the next button arrow' successfully

2018-08-29 21:26:59 - [TEST_STEP][PASSED] - callTestCase: Call Test Case 'Test Cases/Sub Script/Navigation_Menu/Menu_Mes_rapports/Nouveau_Rapport/Mes rapports - CONTENU/TC Verify input field - Contenu' successfully

2018-08-29 21:26:59 - [TEST_CASE][PASSED] - Test Cases/Sub Script/Navigation_Menu/Menu_Mes_rapports/Nouveau_Rapport/Mes rapports - CONTENU/TC Verify input field - Contenu: Test Cases/Sub Script/Navigation_Menu/Menu_Mes_rapports/Nouveau_Rapport/Mes rapports - CONTENU/TC Verify input field - Contenu

2018-08-29 21:27:00 - [TEST_STEP][PASSED] - Statement - excelData = com.kms.katalon.core.testdata.TestDataFactory.findTestData(Data Files/Data/TestData): Reading excel file with source file 'C:\Users\seeboruts\OneDrive - SD Worx\Desktop\Test_Data_Reg.xlsx' and sheet name 'TEST DATA'

2018-08-29 21:27:01 - [TEST_STEP][PASSED] - Statement - rowNo = java.lang.Integer.parseInt(currentTestCaseId): null

2018-08-29 21:27:01 - [TEST_STEP][PASSED] - Statement - For ([i = 4, i <= 13, (i++)]): null

2018-08-29 21:27:01 - [TEST_STEP][PASSED] - Statement - If (excelData.getValue(i, rowNo) != ""): Object: 'Object Repository/Mes rapports Obj/CONTENU/click_Remove_text' is clicked on

2018-08-29 21:27:01 - [TEST_STEP][PASSED] - setText: Text 'Naam werknemer' is set on object 'Object Repository/Mes rapports Obj/CONTENU/input_Contenu_Selecteur'

2018-08-29 21:27:01 - [MESSAGE][PASSED] - Text 'Naam werknemer' is set on object 'Object Repository/Mes rapports Obj/CONTENU/input_Contenu_Selecteur'

2018-08-29 21:27:01 - [TEST_STEP][PASSED] - delay: Delayed 3 second(s)

2018-08-29 21:27:04 - [MESSAGE][PASSED] - Delayed 3 second(s)

2018-08-29 21:27:04 - [TEST_STEP][PASSED] - Statement - selecteur = new com.kms.katalon.core.testobject.TestObject(Choisir_selecteur): null

2018-08-29 21:27:04 - [TEST_STEP][PASSED] - Statement - selecteur.addProperty("xpath", EQUALS, "//span[contains(text(),'" + excelData.getValue(i, rowNo) + "')]"): null

2018-08-29 21:27:04 - [TEST_STEP][PASSED] - click: Object: 'Choisir_selecteur' is clicked on

2018-08-29 21:27:04 - [MESSAGE][PASSED] - Object: 'Choisir_selecteur' is clicked on

2018-08-29 21:27:04 - [TEST_STEP][PASSED] - delay: Delayed 3 second(s)

2018-08-29 21:27:07 - [MESSAGE][PASSED] - Delayed 3 second(s)

2018-08-29 21:27:07 - [TEST_STEP][PASSED] - click: Object: 'Object Repository/Mes rapports Obj/CONTENU/click_Remove_text' is clicked on

2018-08-29 21:27:08 - [MESSAGE][PASSED] - Object: 'Object Repository/Mes rapports Obj/CONTENU/click_Remove_text' is clicked on

2018-08-29 21:27:08 - [TEST_STEP][PASSED] - Statement - If (excelData.getValue(i, rowNo) != ""): Object: 'Object Repository/Mes rapports Obj/CONTENU/click_Remove_text' is clicked on

2018-08-29 21:27:08 - [TEST_STEP][PASSED] - setText: Text 'Afdeling' is set on object 'Object Repository/Mes rapports Obj/CONTENU/input_Contenu_Selecteur'

2018-08-29 21:27:08 - [MESSAGE][PASSED] - Text 'Afdeling' is set on object 'Object Repository/Mes rapports Obj/CONTENU/input_Contenu_Selecteur'

2018-08-29 21:27:08 - [TEST_STEP][PASSED] - delay: Delayed 3 second(s)

2018-08-29 21:27:11 - [MESSAGE][PASSED] - Delayed 3 second(s)

2018-08-29 21:27:11 - [TEST_STEP][PASSED] - Statement - selecteur = new com.kms.katalon.core.testobject.TestObject(Choisir_selecteur): null

2018-08-29 21:27:11 - [TEST_STEP][PASSED] - Statement - selecteur.addProperty("xpath", EQUALS, "//span[contains(text(),'" + excelData.getValue(i, rowNo) + "')]"): null

2018-08-29 21:27:11 - [TEST_STEP][PASSED] - click: Object: 'Choisir_selecteur' is clicked on

2018-08-29 21:27:11 - [MESSAGE][PASSED] - Object: 'Choisir_selecteur' is clicked on

2018-08-29 21:27:11 - [TEST_STEP][PASSED] - delay: Delayed 3 second(s)

2018-08-29 21:27:14 - [MESSAGE][PASSED] - Delayed 3 second(s)

2018-08-29 21:27:14 - [TEST_STEP][PASSED] - click: Object: 'Object Repository/Mes rapports Obj/CONTENU/click_Remove_text' is clicked on

2018-08-29 21:27:14 - [MESSAGE][PASSED] - Object: 'Object Repository/Mes rapports Obj/CONTENU/click_Remove_text' is clicked on

2018-08-29 21:27:14 - [TEST_STEP][PASSED] - Statement - If (excelData.getValue(i, rowNo) != ""): Object: 'Object Repository/Mes rapports Obj/CONTENU/click_Remove_text' is clicked on

2018-08-29 21:27:14 - [TEST_STEP][PASSED] - setText: Text 'Datum in dienst' is set on object 'Object Repository/Mes rapports Obj/CONTENU/input_Contenu_Selecteur'

2018-08-29 21:27:14 - [MESSAGE][PASSED] - Text 'Datum in dienst' is set on object 'Object Repository/Mes rapports Obj/CONTENU/input_Contenu_Selecteur'

2018-08-29 21:27:14 - [TEST_STEP][PASSED] - delay: Delayed 3 second(s)

2018-08-29 21:27:17 - [MESSAGE][PASSED] - Delayed 3 second(s)

2018-08-29 21:27:17 - [TEST_STEP][PASSED] - Statement - selecteur = new com.kms.katalon.core.testobject.TestObject(Choisir_selecteur): null

2018-08-29 21:27:17 - [TEST_STEP][PASSED] - Statement - selecteur.addProperty("xpath", EQUALS, "//span[contains(text(),'" + excelData.getValue(i, rowNo) + "')]"): null

2018-08-29 21:27:17 - [TEST_STEP][PASSED] - click: Object: 'Choisir_selecteur' is clicked on

2018-08-29 21:27:18 - [MESSAGE][PASSED] - Object: 'Choisir_selecteur' is clicked on

2018-08-29 21:27:18 - [TEST_STEP][PASSED] - delay: Delayed 3 second(s)

2018-08-29 21:27:21 - [MESSAGE][PASSED] - Delayed 3 second(s)

2018-08-29 21:27:21 - [TEST_STEP][PASSED] - click: Object: 'Object Repository/Mes rapports Obj/CONTENU/click_Remove_text' is clicked on

2018-08-29 21:27:21 - [MESSAGE][PASSED] - Object: 'Object Repository/Mes rapports Obj/CONTENU/click_Remove_text' is clicked on

2018-08-29 21:27:21 - [TEST_STEP][PASSED] - Statement - If (excelData.getValue(i, rowNo) != ""): Object: 'Object Repository/Mes rapports Obj/CONTENU/click_Remove_text' is clicked on

2018-08-29 21:27:21 - [TEST_STEP][PASSED] - setText: Text '0010 - gewerkte dag' is set on object 'Object Repository/Mes rapports Obj/CONTENU/input_Contenu_Selecteur'

2018-08-29 21:27:21 - [MESSAGE][PASSED] - Text '0010 - gewerkte dag' is set on object 'Object Repository/Mes rapports Obj/CONTENU/input_Contenu_Selecteur'

2018-08-29 21:27:21 - [TEST_STEP][PASSED] - delay: Delayed 3 second(s)

2018-08-29 21:27:24 - [MESSAGE][PASSED] - Delayed 3 second(s)

2018-08-29 21:27:24 - [TEST_STEP][PASSED] - Statement - selecteur = new com.kms.katalon.core.testobject.TestObject(Choisir_selecteur): null

2018-08-29 21:27:24 - [TEST_STEP][PASSED] - Statement - selecteur.addProperty("xpath", EQUALS, "//span[contains(text(),'" + excelData.getValue(i, rowNo) + "')]"): null

2018-08-29 21:27:24 - [TEST_STEP][PASSED] - click: Object: 'Choisir_selecteur' is clicked on

2018-08-29 21:27:24 - [MESSAGE][PASSED] - Object: 'Choisir_selecteur' is clicked on

2018-08-29 21:27:24 - [TEST_STEP][PASSED] - delay: Delayed 3 second(s)

2018-08-29 21:27:27 - [MESSAGE][PASSED] - Delayed 3 second(s)

2018-08-29 21:27:27 - [TEST_STEP][PASSED] - click: Object: 'Object Repository/Mes rapports Obj/CONTENU/click_Remove_text' is clicked on

2018-08-29 21:27:28 - [MESSAGE][PASSED] - Object: 'Object Repository/Mes rapports Obj/CONTENU/click_Remove_text' is clicked on

2018-08-29 21:27:28 - [TEST_STEP][PASSED] - Statement - If (excelData.getValue(i, rowNo) != ""): Object: 'Object Repository/Mes rapports Obj/CONTENU/click_Remove_text' is clicked on

2018-08-29 21:27:28 - [TEST_STEP][PASSED] - setText: Text '1010 - prestaties' is set on object 'Object Repository/Mes rapports Obj/CONTENU/input_Contenu_Selecteur'

2018-08-29 21:27:28 - [MESSAGE][PASSED] - Text '1010 - prestaties' is set on object 'Object Repository/Mes rapports Obj/CONTENU/input_Contenu_Selecteur'

2018-08-29 21:27:28 - [TEST_STEP][PASSED] - delay: Delayed 3 second(s)

2018-08-29 21:27:31 - [MESSAGE][PASSED] - Delayed 3 second(s)

2018-08-29 21:27:31 - [TEST_STEP][PASSED] - Statement - selecteur = new com.kms.katalon.core.testobject.TestObject(Choisir_selecteur): null

2018-08-29 21:27:31 - [TEST_STEP][PASSED] - Statement - selecteur.addProperty("xpath", EQUALS, "//span[contains(text(),'" + excelData.getValue(i, rowNo) + "')]"): null

2018-08-29 21:27:31 - [TEST_STEP][PASSED] - click: Object: 'Choisir_selecteur' is clicked on

2018-08-29 21:27:31 - [MESSAGE][PASSED] - Object: 'Choisir_selecteur' is clicked on

2018-08-29 21:27:31 - [TEST_STEP][PASSED] - delay: Delayed 3 second(s)

2018-08-29 21:27:34 - [MESSAGE][PASSED] - Delayed 3 second(s)

2018-08-29 21:27:34 - [TEST_STEP][PASSED] - click: Object: 'Object Repository/Mes rapports Obj/CONTENU/click_Remove_text' is clicked on

2018-08-29 21:27:34 - [MESSAGE][PASSED] - Object: 'Object Repository/Mes rapports Obj/CONTENU/click_Remove_text' is clicked on

2018-08-29 21:27:34 - [TEST_STEP][PASSED] - Statement - If (excelData.getValue(i, rowNo) != ""): Object: 'Object Repository/Mes rapports Obj/CONTENU/click_Remove_text' is clicked on

2018-08-29 21:27:34 - [TEST_STEP][PASSED] - setText: Text '7010 - aantal gewerkte uren' is set on object 'Object Repository/Mes rapports Obj/CONTENU/input_Contenu_Selecteur'

2018-08-29 21:27:34 - [MESSAGE][PASSED] - Text '7010 - aantal gewerkte uren' is set on object 'Object Repository/Mes rapports Obj/CONTENU/input_Contenu_Selecteur'

2018-08-29 21:27:34 - [TEST_STEP][PASSED] - delay: Delayed 3 second(s)

2018-08-29 21:27:37 - [MESSAGE][PASSED] - Delayed 3 second(s)

2018-08-29 21:27:37 - [TEST_STEP][PASSED] - Statement - selecteur = new com.kms.katalon.core.testobject.TestObject(Choisir_selecteur): null

2018-08-29 21:27:37 - [TEST_STEP][PASSED] - Statement - selecteur.addProperty("xpath", EQUALS, "//span[contains(text(),'" + excelData.getValue(i, rowNo) + "')]"): null

2018-08-29 21:27:37 - [TEST_STEP][PASSED] - click: Object: 'Choisir_selecteur' is clicked on

2018-08-29 21:27:38 - [MESSAGE][PASSED] - Object: 'Choisir_selecteur' is clicked on

2018-08-29 21:27:38 - [TEST_STEP][PASSED] - delay: Delayed 3 second(s)

2018-08-29 21:27:41 - [MESSAGE][PASSED] - Delayed 3 second(s)

2018-08-29 21:27:41 - [TEST_STEP][PASSED] - click: Object: 'Object Repository/Mes rapports Obj/CONTENU/click_Remove_text' is clicked on

2018-08-29 21:27:41 - [MESSAGE][PASSED] - Object: 'Object Repository/Mes rapports Obj/CONTENU/click_Remove_text' is clicked on

2018-08-29 21:27:41 - [TEST_STEP][PASSED] - Statement - If (excelData.getValue(i, rowNo) != ""): null

2018-08-29 21:27:41 - [TEST_STEP][PASSED] - Statement - If (excelData.getValue(i, rowNo) != ""): null

2018-08-29 21:27:41 - [TEST_STEP][PASSED] - Statement - If (excelData.getValue(i, rowNo) != ""): null

2018-08-29 21:27:41 - [TEST_STEP][PASSED] - Statement - If (excelData.getValue(i, rowNo) != ""): null

2018-08-29 21:27:41 - [MESSAGE][PASSED] - Call Test Case 'Test Cases/Sub Script/Navigation_Menu/Menu_Mes_rapports/Nouveau_Rapport/Mes rapports - CONTENU/TC Verify input field - Contenu' successfully

2018-08-29 21:27:41 - [TEST_STEP][PASSED] - callTestCase: Call Test Case 'Test Cases/Sub Script/Verify URL/TC Verify Url' successfully

2018-08-29 21:27:41 - [TEST_CASE][PASSED] - Test Cases/Sub Script/Verify URL/TC Verify Url: Test Cases/Sub Script/Verify URL/TC Verify Url

2018-08-29 21:27:41 - [TEST_STEP][PASSED] - waitForPageLoad: Wait for page load successfully

2018-08-29 21:27:41 - [MESSAGE][PASSED] - Wait for page load successfully

2018-08-29 21:27:41 - [TEST_STEP][PASSED] - Statement - url = com.kms.katalon.core.webui.keyword.WebUiBuiltInKeywords.getUrl(): Current window's url is: 'https://internet.acc.sd.dika.be/ebloxreporting/web.sensitive/main/FpyDF/iIz9g8MffKNXfNyb1H/NL/#/definitie/wizard/extern/index/28330/inhoud/323968/7'

2018-08-29 21:27:41 - [MESSAGE][PASSED] - Current window's url is: 'https://internet.acc.sd.dika.be/ebloxreporting/web.sensitive/main/FpyDF/iIz9g8MffKNXfNyb1H/NL/#/definitie/wizard/extern/index/28330/inhoud/323968/7'

2018-08-29 21:27:41 - [TEST_STEP][PASSED] - Statement - p = java.util.regex.Pattern.compile("00040 ANTILOPE GROEP"): null

2018-08-29 21:27:41 - [TEST_STEP][PASSED] - Statement - m = p.matcher(url): null

2018-08-29 21:27:41 - [TEST_STEP][PASSED] - Statement - If (m.find()): null

2018-08-29 21:27:41 - [TEST_STEP][PASSED] - Statement - Else: The user name and the concern number are not present in the URL

2018-08-29 21:27:41 - [TEST_STEP][PASSED] - Statement - com.kms.katalon.core.util.KeywordUtil.markPassed("The user name and the concern number are not present in the URL"): The user name and the concern number are not present in the URL

2018-08-29 21:27:41 - [MESSAGE][PASSED] - The user name and the concern number are not present in the URL

2018-08-29 21:27:41 - [TEST_STEP][PASSED] - delay: Delayed 2 second(s)

2018-08-29 21:27:43 - [MESSAGE][PASSED] - Delayed 2 second(s)

2018-08-29 21:27:43 - [MESSAGE][PASSED] - Call Test Case 'Test Cases/Sub Script/Verify URL/TC Verify Url' successfully

2018-08-29 21:27:43 - [TEST_STEP][PASSED] - callTestCase: Call Test Case 'Test Cases/Sub Script/Navigation_Menu/Menu_Mes_rapports/TC Verify the next button arrow' successfully

2018-08-29 21:27:43 - [TEST_CASE][PASSED] - Test Cases/Sub Script/Navigation_Menu/Menu_Mes_rapports/TC Verify the next button arrow: Test Cases/Sub Script/Navigation_Menu/Menu_Mes_rapports/TC Verify the next button arrow

2018-08-29 21:27:43 - [TEST_STEP][PASSED] - waitForElementClickable: Object 'Object Repository/Mes rapports Obj/button_Next_Arrow' is clickable

2018-08-29 21:27:43 - [MESSAGE][PASSED] - Object 'Object Repository/Mes rapports Obj/button_Next_Arrow' is clickable

2018-08-29 21:27:43 - [TEST_STEP][PASSED] - click: Object: 'Object Repository/Mes rapports Obj/button_Next_Arrow' is clicked on

2018-08-29 21:27:44 - [MESSAGE][PASSED] - Object: 'Object Repository/Mes rapports Obj/button_Next_Arrow' is clicked on

2018-08-29 21:27:44 - [TEST_STEP][PASSED] - delay: Delayed 5 second(s)

2018-08-29 21:27:49 - [MESSAGE][PASSED] - Delayed 5 second(s)

2018-08-29 21:27:49 - [TEST_STEP][PASSED] - waitForPageLoad: Wait for page load successfully

2018-08-29 21:27:49 - [MESSAGE][PASSED] - Wait for page load successfully

2018-08-29 21:27:49 - [MESSAGE][PASSED] - Call Test Case 'Test Cases/Sub Script/Navigation_Menu/Menu_Mes_rapports/TC Verify the next button arrow' successfully

2018-08-29 21:27:49 - [TEST_STEP][PASSED] - callTestCase: Call Test Case 'Test Cases/Sub Script/Navigation_Menu/Menu_Mes_rapports/Nouveau_Rapport/Mes rapports - SELECTION/Dossier_and_Groupe_options/TC Click on Dossier and Groupe downdrop' successfully

2018-08-29 21:27:49 - [TEST_CASE][PASSED] - Test Cases/Sub Script/Navigation_Menu/Menu_Mes_rapports/Nouveau_Rapport/Mes rapports - SELECTION/Dossier_and_Groupe_options/TC Click on Dossier and Groupe downdrop: Test Cases/Sub Script/Navigation_Menu/Menu_Mes_rapports/Nouveau_Rapport/Mes rapports - SELECTION/Dossier_and_Groupe_options/TC Click on Dossier and Groupe downdrop

2018-08-29 21:27:49 - [TEST_STEP][PASSED] - click: Object: 'Object Repository/Mes rapports Obj/SELECTION/Dossier and Groupe/click on Dossier and groupe dropdown' is clicked on

2018-08-29 21:27:49 - [MESSAGE][PASSED] - Object: 'Object Repository/Mes rapports Obj/SELECTION/Dossier and Groupe/click on Dossier and groupe dropdown' is clicked on

2018-08-29 21:27:49 - [TEST_STEP][PASSED] - delay: Delayed 1 second(s)

2018-08-29 21:27:50 - [MESSAGE][PASSED] - Delayed 1 second(s)

2018-08-29 21:27:50 - [MESSAGE][PASSED] - Call Test Case 'Test Cases/Sub Script/Navigation_Menu/Menu_Mes_rapports/Nouveau_Rapport/Mes rapports - SELECTION/Dossier_and_Groupe_options/TC Click on Dossier and Groupe downdrop' successfully

2018-08-29 21:27:50 - [TEST_STEP][PASSED] - callTestCase: Call Test Case 'Test Cases/Sub Script/Navigation_Menu/Menu_Mes_rapports/Nouveau_Rapport/Mes rapports - SELECTION/Dossier_and_Groupe_options/TC Choose option figure dans' successfully

2018-08-29 21:27:50 - [TEST_CASE][PASSED] - Test Cases/Sub Script/Navigation_Menu/Menu_Mes_rapports/Nouveau_Rapport/Mes rapports - SELECTION/Dossier_and_Groupe_options/TC Choose option figure dans: Test Cases/Sub Script/Navigation_Menu/Menu_Mes_rapports/Nouveau_Rapport/Mes rapports - SELECTION/Dossier_and_Groupe_options/TC Choose option figure dans

2018-08-29 21:27:50 - [TEST_STEP][PASSED] - click: Object: 'Object Repository/Mes rapports Obj/SELECTION/Dossier and Groupe/figure dans' is clicked on

2018-08-29 21:27:50 - [MESSAGE][PASSED] - Object: 'Object Repository/Mes rapports Obj/SELECTION/Dossier and Groupe/figure dans' is clicked on

2018-08-29 21:27:50 - [TEST_STEP][PASSED] - delay: Delayed 1 second(s)

2018-08-29 21:27:51 - [MESSAGE][PASSED] - Delayed 1 second(s)

2018-08-29 21:27:51 - [MESSAGE][PASSED] - Call Test Case 'Test Cases/Sub Script/Navigation_Menu/Menu_Mes_rapports/Nouveau_Rapport/Mes rapports - SELECTION/Dossier_and_Groupe_options/TC Choose option figure dans' successfully

2018-08-29 21:27:51 - [TEST_STEP][PASSED] - callTestCase: Call Test Case 'Test Cases/Sub Script/Navigation_Menu/Menu_Mes_rapports/Nouveau_Rapport/Mes rapports - SELECTION/Travailleur_options/TC Click on Travailleur downdrop' successfully

2018-08-29 21:27:52 - [TEST_CASE][PASSED] - Test Cases/Sub Script/Navigation_Menu/Menu_Mes_rapports/Nouveau_Rapport/Mes rapports - SELECTION/Travailleur_options/TC Click on Travailleur downdrop: Test Cases/Sub Script/Navigation_Menu/Menu_Mes_rapports/Nouveau_Rapport/Mes rapports - SELECTION/Travailleur_options/TC Click on Travailleur downdrop

2018-08-29 21:27:52 - [TEST_STEP][PASSED] - click: Object: 'Object Repository/Mes rapports Obj/SELECTION/Travailleur/Click on Travailleur dropdown' is clicked on

2018-08-29 21:27:52 - [MESSAGE][PASSED] - Object: 'Object Repository/Mes rapports Obj/SELECTION/Travailleur/Click on Travailleur dropdown' is clicked on

2018-08-29 21:27:52 - [TEST_STEP][PASSED] - delay: Delayed 1 second(s)

2018-08-29 21:27:53 - [MESSAGE][PASSED] - Delayed 1 second(s)

2018-08-29 21:27:53 - [MESSAGE][PASSED] - Call Test Case 'Test Cases/Sub Script/Navigation_Menu/Menu_Mes_rapports/Nouveau_Rapport/Mes rapports - SELECTION/Travailleur_options/TC Click on Travailleur downdrop' successfully

2018-08-29 21:27:53 - [TEST_STEP][PASSED] - callTestCase: Call Test Case 'Test Cases/Sub Script/Navigation_Menu/Menu_Mes_rapports/Nouveau_Rapport/Mes rapports - SELECTION/Travailleur_options/TC Choose option figure dans' successfully

2018-08-29 21:27:53 - [TEST_CASE][PASSED] - Test Cases/Sub Script/Navigation_Menu/Menu_Mes_rapports/Nouveau_Rapport/Mes rapports - SELECTION/Travailleur_options/TC Choose option figure dans: Test Cases/Sub Script/Navigation_Menu/Menu_Mes_rapports/Nouveau_Rapport/Mes rapports - SELECTION/Travailleur_options/TC Choose option figure dans

2018-08-29 21:27:53 - [TEST_STEP][PASSED] - click: Object: 'Object Repository/Mes rapports Obj/SELECTION/Travailleur/figure dans' is clicked on

2018-08-29 21:27:53 - [MESSAGE][PASSED] - Object: 'Object Repository/Mes rapports Obj/SELECTION/Travailleur/figure dans' is clicked on

2018-08-29 21:27:53 - [TEST_STEP][PASSED] - delay: Delayed 1 second(s)

2018-08-29 21:27:54 - [MESSAGE][PASSED] - Delayed 1 second(s)

2018-08-29 21:27:54 - [MESSAGE][PASSED] - Call Test Case 'Test Cases/Sub Script/Navigation_Menu/Menu_Mes_rapports/Nouveau_Rapport/Mes rapports - SELECTION/Travailleur_options/TC Choose option figure dans' successfully

2018-08-29 21:27:54 - [TEST_STEP][PASSED] - callTestCase: Call Test Case 'Test Cases/Sub Script/Navigation_Menu/Menu_Mes_rapports/Nouveau_Rapport/Mes rapports - SELECTION/Travailleur_options/TC Select option to choose travailleur' successfully

2018-08-29 21:27:54 - [TEST_CASE][PASSED] - Test Cases/Sub Script/Navigation_Menu/Menu_Mes_rapports/Nouveau_Rapport/Mes rapports - SELECTION/Travailleur_options/TC Select option to choose travailleur: Test Cases/Sub Script/Navigation_Menu/Menu_Mes_rapports/Nouveau_Rapport/Mes rapports - SELECTION/Travailleur_options/TC Select option to choose travailleur

2018-08-29 21:27:54 - [TEST_STEP][PASSED] - click: Object: 'Object Repository/Mes rapports Obj/SELECTION/Travailleur/Select option to choose travailleur' is clicked on

2018-08-29 21:27:55 - [MESSAGE][PASSED] - Object: 'Object Repository/Mes rapports Obj/SELECTION/Travailleur/Select option to choose travailleur' is clicked on

2018-08-29 21:27:55 - [MESSAGE][PASSED] - Call Test Case 'Test Cases/Sub Script/Navigation_Menu/Menu_Mes_rapports/Nouveau_Rapport/Mes rapports - SELECTION/Travailleur_options/TC Select option to choose travailleur' successfully

2018-08-29 21:27:55 - [TEST_STEP][PASSED] - callTestCase: Call Test Case 'Test Cases/Sub Script/Navigation_Menu/Menu_Mes_rapports/Nouveau_Rapport/Mes rapports - SELECTION/Travailleur_options/TC Click on travailleur list option' successfully

2018-08-29 21:27:55 - [TEST_CASE][PASSED] - Test Cases/Sub Script/Navigation_Menu/Menu_Mes_rapports/Nouveau_Rapport/Mes rapports - SELECTION/Travailleur_options/TC Click on travailleur list option: Test Cases/Sub Script/Navigation_Menu/Menu_Mes_rapports/Nouveau_Rapport/Mes rapports - SELECTION/Travailleur_options/TC Click on travailleur list option

2018-08-29 21:27:55 - [TEST_STEP][PASSED] - click: Object: 'Object Repository/Mes rapports Obj/SELECTION/Travailleur/travail - list option' is clicked on

2018-08-29 21:27:55 - [MESSAGE][PASSED] - Object: 'Object Repository/Mes rapports Obj/SELECTION/Travailleur/travail - list option' is clicked on

2018-08-29 21:27:55 - [MESSAGE][PASSED] - Call Test Case 'Test Cases/Sub Script/Navigation_Menu/Menu_Mes_rapports/Nouveau_Rapport/Mes rapports - SELECTION/Travailleur_options/TC Click on travailleur list option' successfully

2018-08-29 21:27:55 - [TEST_STEP][PASSED] - callTestCase: Call Test Case 'Test Cases/Sub Script/Navigation_Menu/Menu_Mes_rapports/Nouveau_Rapport/Mes rapports - SELECTION/Travailleur_options/TC Click on travailleur textfield' successfully

2018-08-29 21:27:55 - [TEST_CASE][PASSED] - Test Cases/Sub Script/Navigation_Menu/Menu_Mes_rapports/Nouveau_Rapport/Mes rapports - SELECTION/Travailleur_options/TC Click on travailleur textfield: Test Cases/Sub Script/Navigation_Menu/Menu_Mes_rapports/Nouveau_Rapport/Mes rapports - SELECTION/Travailleur_options/TC Click on travailleur textfield

2018-08-29 21:27:55 - [TEST_STEP][PASSED] - Statement - travailleur_Textfield = com.kms.katalon.core.webui.keyword.WebUiBuiltInKeywords.modifyObjectProperty(com.kms.katalon.core.testobject.ObjectRepository.findTestObject(Mes rapports Obj/SELECTION/Travailleur/Input field for travailleur), "id", "contains", "s2id_autogen", true): Modify property of object successfully

2018-08-29 21:27:55 - [MESSAGE][PASSED] - Modify property of object successfully

2018-08-29 21:27:55 - [TEST_STEP][PASSED] - click: Object: 'Object Repository/Mes rapports Obj/SELECTION/Travailleur/Input field for travailleur' is clicked on

2018-08-29 21:27:55 - [MESSAGE][PASSED] - Object: 'Object Repository/Mes rapports Obj/SELECTION/Travailleur/Input field for travailleur' is clicked on

2018-08-29 21:27:55 - [MESSAGE][PASSED] - Call Test Case 'Test Cases/Sub Script/Navigation_Menu/Menu_Mes_rapports/Nouveau_Rapport/Mes rapports - SELECTION/Travailleur_options/TC Click on travailleur textfield' successfully

2018-08-29 21:27:55 - [TEST_STEP][PASSED] - callTestCase: Call Test Case 'Test Cases/Sub Script/Navigation_Menu/Menu_Mes_rapports/Nouveau_Rapport/Mes rapports - SELECTION/Travailleur_options/TC Select travailleur from dropdown' successfully

2018-08-29 21:27:55 - [TEST_CASE][PASSED] - Test Cases/Sub Script/Navigation_Menu/Menu_Mes_rapports/Nouveau_Rapport/Mes rapports - SELECTION/Travailleur_options/TC Select travailleur from dropdown: Test Cases/Sub Script/Navigation_Menu/Menu_Mes_rapports/Nouveau_Rapport/Mes rapports - SELECTION/Travailleur_options/TC Select travailleur from dropdown

2018-08-29 21:27:56 - [TEST_STEP][PASSED] - Statement - excelData = com.kms.katalon.core.testdata.TestDataFactory.findTestData(Data Files/Data/TestData): Reading excel file with source file 'C:\Users\seeboruts\OneDrive - SD Worx\Desktop\Test_Data_Reg.xlsx' and sheet name 'TEST DATA'

2018-08-29 21:27:56 - [TEST_STEP][PASSED] - Statement - rowNo = java.lang.Integer.parseInt(currentTestCaseId): null

2018-08-29 21:27:56 - [TEST_STEP][PASSED] - Statement - For ([i = 14, i <= 23, (i++)]): null

2018-08-29 21:27:56 - [TEST_STEP][PASSED] - Statement - If (excelData.getValue(i, rowNo) != ""): Delayed 1 second(s)

2018-08-29 21:27:56 - [TEST_STEP][PASSED] - Statement - Select_travailleur = new com.kms.katalon.core.testobject.TestObject(Select_travailleur_by_name): null

2018-08-29 21:27:56 - [TEST_STEP][PASSED] - Statement - Select_travailleur.addProperty("xpath", EQUALS, "//div[@id='select2-drop']//ul[@class='select2-results']//li[@role='presentation']//div[contains(text(),'" + excelData.getValue(i, rowNo) + "')]"): null

2018-08-29 21:27:56 - [TEST_STEP][PASSED] - click: Object: 'Select_travailleur_by_name' is clicked on

2018-08-29 21:27:56 - [MESSAGE][PASSED] - Object: 'Select_travailleur_by_name' is clicked on

2018-08-29 21:27:56 - [TEST_STEP][PASSED] - delay: Delayed 1 second(s)

2018-08-29 21:27:57 - [MESSAGE][PASSED] - Delayed 1 second(s)

2018-08-29 21:27:57 - [TEST_STEP][PASSED] - Statement - If (excelData.getValue(i, rowNo) != ""): Delayed 1 second(s)

2018-08-29 21:27:57 - [TEST_STEP][PASSED] - Statement - Select_travailleur = new com.kms.katalon.core.testobject.TestObject(Select_travailleur_by_name): null

2018-08-29 21:27:57 - [TEST_STEP][PASSED] - Statement - Select_travailleur.addProperty("xpath", EQUALS, "//div[@id='select2-drop']//ul[@class='select2-results']//li[@role='presentation']//div[contains(text(),'" + excelData.getValue(i, rowNo) + "')]"): null

2018-08-29 21:27:57 - [TEST_STEP][PASSED] - click: Object: 'Select_travailleur_by_name' is clicked on

2018-08-29 21:27:57 - [MESSAGE][PASSED] - Object: 'Select_travailleur_by_name' is clicked on

2018-08-29 21:27:57 - [TEST_STEP][PASSED] - delay: Delayed 1 second(s)

2018-08-29 21:27:58 - [MESSAGE][PASSED] - Delayed 1 second(s)

2018-08-29 21:27:58 - [TEST_STEP][PASSED] - Statement - If (excelData.getValue(i, rowNo) != ""): Delayed 1 second(s)

2018-08-29 21:27:58 - [TEST_STEP][PASSED] - Statement - Select_travailleur = new com.kms.katalon.core.testobject.TestObject(Select_travailleur_by_name): null

2018-08-29 21:27:58 - [TEST_STEP][PASSED] - Statement - Select_travailleur.addProperty("xpath", EQUALS, "//div[@id='select2-drop']//ul[@class='select2-results']//li[@role='presentation']//div[contains(text(),'" + excelData.getValue(i, rowNo) + "')]"): null

2018-08-29 21:27:58 - [TEST_STEP][PASSED] - click: Object: 'Select_travailleur_by_name' is clicked on

2018-08-29 21:27:58 - [MESSAGE][PASSED] - Object: 'Select_travailleur_by_name' is clicked on

2018-08-29 21:27:58 - [TEST_STEP][PASSED] - delay: Delayed 1 second(s)

2018-08-29 21:27:59 - [MESSAGE][PASSED] - Delayed 1 second(s)

2018-08-29 21:27:59 - [TEST_STEP][PASSED] - Statement - If (excelData.getValue(i, rowNo) != ""): Delayed 1 second(s)

2018-08-29 21:27:59 - [TEST_STEP][PASSED] - Statement - Select_travailleur = new com.kms.katalon.core.testobject.TestObject(Select_travailleur_by_name): null

2018-08-29 21:27:59 - [TEST_STEP][PASSED] - Statement - Select_travailleur.addProperty("xpath", EQUALS, "//div[@id='select2-drop']//ul[@class='select2-results']//li[@role='presentation']//div[contains(text(),'" + excelData.getValue(i, rowNo) + "')]"): null

2018-08-29 21:27:59 - [TEST_STEP][PASSED] - click: Object: 'Select_travailleur_by_name' is clicked on

2018-08-29 21:27:59 - [MESSAGE][PASSED] - Object: 'Select_travailleur_by_name' is clicked on

2018-08-29 21:27:59 - [TEST_STEP][PASSED] - delay: Delayed 1 second(s)

2018-08-29 21:28:00 - [MESSAGE][PASSED] - Delayed 1 second(s)

2018-08-29 21:28:00 - [TEST_STEP][PASSED] - Statement - If (excelData.getValue(i, rowNo) != ""): null

2018-08-29 21:28:00 - [TEST_STEP][PASSED] - Statement - Else: null

2018-08-29 21:28:00 - [TEST_STEP][PASSED] - Statement - Break: null

2018-08-29 21:28:00 - [TEST_STEP][PASSED] - waitForPageLoad: Wait for page load successfully

2018-08-29 21:28:00 - [MESSAGE][PASSED] - Wait for page load successfully

2018-08-29 21:28:00 - [TEST_STEP][PASSED] - click: Object: 'Object Repository/Mes rapports Obj/SELECTION/Travailleur/Page_eBlox Reporting/Close_dropdown' is clicked on

2018-08-29 21:28:01 - [MESSAGE][PASSED] - Object: 'Object Repository/Mes rapports Obj/SELECTION/Travailleur/Page_eBlox Reporting/Close_dropdown' is clicked on

2018-08-29 21:28:01 - [TEST_STEP][PASSED] - delay: Delayed 2 second(s)

2018-08-29 21:28:03 - [MESSAGE][PASSED] - Delayed 2 second(s)

2018-08-29 21:28:03 - [MESSAGE][PASSED] - Call Test Case 'Test Cases/Sub Script/Navigation_Menu/Menu_Mes_rapports/Nouveau_Rapport/Mes rapports - SELECTION/Travailleur_options/TC Select travailleur from dropdown' successfully

2018-08-29 21:28:03 - [TEST_STEP][PASSED] - callTestCase: Call Test Case 'Test Cases/Sub Script/Navigation_Menu/Menu_Mes_rapports/Nouveau_Rapport/Mes rapports - SELECTION/CheckBox Selection/TC Verify CheckBox' successfully

2018-08-29 21:28:03 - [TEST_CASE][PASSED] - Test Cases/Sub Script/Navigation_Menu/Menu_Mes_rapports/Nouveau_Rapport/Mes rapports - SELECTION/CheckBox Selection/TC Verify CheckBox: Test Cases/Sub Script/Navigation_Menu/Menu_Mes_rapports/Nouveau_Rapport/Mes rapports - SELECTION/CheckBox Selection/TC Verify CheckBox

2018-08-29 21:28:03 - [TEST_STEP][PASSED] - Statement - excelData = com.kms.katalon.core.testdata.TestDataFactory.findTestData(Data Files/Data/TestData): Reading excel file with source file 'C:\Users\seeboruts\OneDrive - SD Worx\Desktop\Test_Data_Reg.xlsx' and sheet name 'TEST DATA'

2018-08-29 21:28:03 - [TEST_STEP][PASSED] - Statement - rowNo = java.lang.Integer.parseInt(currentTestCaseId): null

2018-08-29 21:28:03 - [TEST_STEP][PASSED] - Statement - For ([i = 34, i <= 42, (i++)]): Object 'Object Repository/Mes rapports Obj/SELECTION/Suspension' is un-checked

2018-08-29 21:28:03 - [TEST_STEP][PASSED] - Statement - If (excelData.getValue(i, rowNo) != ""): Object 'Object Repository/Mes rapports Obj/SELECTION/Contracts actifs' is un-checked

2018-08-29 21:28:03 - [TEST_STEP][PASSED] - excelData.getValue(i, rowNo): Object 'Object Repository/Mes rapports Obj/SELECTION/Contracts actifs' is un-checked

2018-08-29 21:28:03 - [MESSAGE][PASSED] - Object 'Object Repository/Mes rapports Obj/SELECTION/Contracts actifs' is un-checked

2018-08-29 21:28:03 - [TEST_STEP][PASSED] - Statement - If (excelData.getValue(i, rowNo) != ""): Object 'Object Repository/Mes rapports Obj/SELECTION/Dossier and Groupe checkbox' is checked

2018-08-29 21:28:03 - [TEST_STEP][PASSED] - excelData.getValue(i, rowNo): Object 'Object Repository/Mes rapports Obj/SELECTION/Dossier and Groupe checkbox' is checked

2018-08-29 21:28:03 - [MESSAGE][PASSED] - Object 'Object Repository/Mes rapports Obj/SELECTION/Dossier and Groupe checkbox' is checked

2018-08-29 21:28:03 - [TEST_STEP][PASSED] - Statement - If (excelData.getValue(i, rowNo) != ""): Object 'Object Repository/Mes rapports Obj/SELECTION/Travailleur checkbox' is checked

2018-08-29 21:28:03 - [TEST_STEP][PASSED] - excelData.getValue(i, rowNo): Object 'Object Repository/Mes rapports Obj/SELECTION/Travailleur checkbox' is checked

2018-08-29 21:28:03 - [MESSAGE][PASSED] - Object 'Object Repository/Mes rapports Obj/SELECTION/Travailleur checkbox' is checked

2018-08-29 21:28:03 - [TEST_STEP][PASSED] - Statement - If (excelData.getValue(i, rowNo) != ""): Object 'Object Repository/Mes rapports Obj/SELECTION/Departement' is un-checked

2018-08-29 21:28:03 - [TEST_STEP][PASSED] - excelData.getValue(i, rowNo): Object 'Object Repository/Mes rapports Obj/SELECTION/Departement' is un-checked

2018-08-29 21:28:03 - [MESSAGE][PASSED] - Object 'Object Repository/Mes rapports Obj/SELECTION/Departement' is un-checked

2018-08-29 21:28:03 - [TEST_STEP][PASSED] - Statement - If (excelData.getValue(i, rowNo) != ""): Object 'Object Repository/Mes rapports Obj/SELECTION/Caratere juridique du contrat' is un-checked

2018-08-29 21:28:03 - [TEST_STEP][PASSED] - excelData.getValue(i, rowNo): Object 'Object Repository/Mes rapports Obj/SELECTION/Caratere juridique du contrat' is un-checked

2018-08-29 21:28:04 - [MESSAGE][PASSED] - Object 'Object Repository/Mes rapports Obj/SELECTION/Caratere juridique du contrat' is un-checked

2018-08-29 21:28:04 - [TEST_STEP][PASSED] - Statement - If (excelData.getValue(i, rowNo) != ""): Object 'Object Repository/Mes rapports Obj/SELECTION/Pays de naissance' is un-checked

2018-08-29 21:28:04 - [TEST_STEP][PASSED] - excelData.getValue(i, rowNo): Object 'Object Repository/Mes rapports Obj/SELECTION/Pays de naissance' is un-checked

2018-08-29 21:28:04 - [MESSAGE][PASSED] - Object 'Object Repository/Mes rapports Obj/SELECTION/Pays de naissance' is un-checked

2018-08-29 21:28:04 - [TEST_STEP][PASSED] - Statement - If (excelData.getValue(i, rowNo) != ""): Object 'Object Repository/Mes rapports Obj/SELECTION/Sexe' is un-checked

2018-08-29 21:28:04 - [TEST_STEP][PASSED] - excelData.getValue(i, rowNo): Object 'Object Repository/Mes rapports Obj/SELECTION/Sexe' is un-checked

2018-08-29 21:28:04 - [MESSAGE][PASSED] - Object 'Object Repository/Mes rapports Obj/SELECTION/Sexe' is un-checked

2018-08-29 21:28:04 - [TEST_STEP][PASSED] - Statement - If (excelData.getValue(i, rowNo) != ""): Object 'Object Repository/Mes rapports Obj/SELECTION/Mode de remuneration' is un-checked

2018-08-29 21:28:04 - [TEST_STEP][PASSED] - excelData.getValue(i, rowNo): Object 'Object Repository/Mes rapports Obj/SELECTION/Mode de remuneration' is un-checked

2018-08-29 21:28:04 - [MESSAGE][PASSED] - Object 'Object Repository/Mes rapports Obj/SELECTION/Mode de remuneration' is un-checked

2018-08-29 21:28:04 - [TEST_STEP][PASSED] - Statement - If (excelData.getValue(i, rowNo) != ""): Object 'Object Repository/Mes rapports Obj/SELECTION/Suspension' is un-checked

2018-08-29 21:28:04 - [TEST_STEP][PASSED] - excelData.getValue(i, rowNo): Object 'Object Repository/Mes rapports Obj/SELECTION/Suspension' is un-checked

2018-08-29 21:28:04 - [MESSAGE][PASSED] - Object 'Object Repository/Mes rapports Obj/SELECTION/Suspension' is un-checked

2018-08-29 21:28:04 - [MESSAGE][PASSED] - Call Test Case 'Test Cases/Sub Script/Navigation_Menu/Menu_Mes_rapports/Nouveau_Rapport/Mes rapports - SELECTION/CheckBox Selection/TC Verify CheckBox' successfully

2018-08-29 21:28:04 - [TEST_STEP][PASSED] - callTestCase: Call Test Case 'Test Cases/Sub Script/Verify URL/TC Verify Url' successfully

2018-08-29 21:28:04 - [TEST_CASE][PASSED] - Test Cases/Sub Script/Verify URL/TC Verify Url: Test Cases/Sub Script/Verify URL/TC Verify Url

2018-08-29 21:28:04 - [TEST_STEP][PASSED] - waitForPageLoad: Wait for page load successfully

2018-08-29 21:28:04 - [MESSAGE][PASSED] - Wait for page load successfully

2018-08-29 21:28:04 - [TEST_STEP][PASSED] - Statement - url = com.kms.katalon.core.webui.keyword.WebUiBuiltInKeywords.getUrl(): Current window's url is: 'https://internet.acc.sd.dika.be/ebloxreporting/web.sensitive/main/FpyDF/iIz9g8MffKNXfNyb1H/NL/#/definitie/wizard/extern/index/28330/selectie'

2018-08-29 21:28:04 - [MESSAGE][PASSED] - Current window's url is: 'https://internet.acc.sd.dika.be/ebloxreporting/web.sensitive/main/FpyDF/iIz9g8MffKNXfNyb1H/NL/#/definitie/wizard/extern/index/28330/selectie'

2018-08-29 21:28:04 - [TEST_STEP][PASSED] - Statement - p = java.util.regex.Pattern.compile("00040 ANTILOPE GROEP"): null

2018-08-29 21:28:04 - [TEST_STEP][PASSED] - Statement - m = p.matcher(url): null

2018-08-29 21:28:04 - [TEST_STEP][PASSED] - Statement - If (m.find()): null

2018-08-29 21:28:04 - [TEST_STEP][PASSED] - Statement - Else: The user name and the concern number are not present in the URL

2018-08-29 21:28:04 - [TEST_STEP][PASSED] - Statement - com.kms.katalon.core.util.KeywordUtil.markPassed("The user name and the concern number are not present in the URL"): The user name and the concern number are not present in the URL

2018-08-29 21:28:04 - [MESSAGE][PASSED] - The user name and the concern number are not present in the URL

2018-08-29 21:28:04 - [TEST_STEP][PASSED] - delay: Delayed 2 second(s)

2018-08-29 21:28:06 - [MESSAGE][PASSED] - Delayed 2 second(s)

2018-08-29 21:28:06 - [MESSAGE][PASSED] - Call Test Case 'Test Cases/Sub Script/Verify URL/TC Verify Url' successfully

2018-08-29 21:28:06 - [TEST_STEP][PASSED] - callTestCase: Call Test Case 'Test Cases/Sub Script/Navigation_Menu/Menu_Mes_rapports/TC Verify the next button arrow' successfully

2018-08-29 21:28:06 - [TEST_CASE][PASSED] - Test Cases/Sub Script/Navigation_Menu/Menu_Mes_rapports/TC Verify the next button arrow: Test Cases/Sub Script/Navigation_Menu/Menu_Mes_rapports/TC Verify the next button arrow

2018-08-29 21:28:06 - [TEST_STEP][PASSED] - waitForElementClickable: Object 'Object Repository/Mes rapports Obj/button_Next_Arrow' is clickable

2018-08-29 21:28:06 - [MESSAGE][PASSED] - Object 'Object Repository/Mes rapports Obj/button_Next_Arrow' is clickable

2018-08-29 21:28:06 - [TEST_STEP][PASSED] - click: Object: 'Object Repository/Mes rapports Obj/button_Next_Arrow' is clicked on

2018-08-29 21:28:06 - [MESSAGE][PASSED] - Object: 'Object Repository/Mes rapports Obj/button_Next_Arrow' is clicked on

2018-08-29 21:28:06 - [TEST_STEP][PASSED] - delay: Delayed 5 second(s)

2018-08-29 21:28:11 - [MESSAGE][PASSED] - Delayed 5 second(s)

2018-08-29 21:28:11 - [TEST_STEP][PASSED] - waitForPageLoad: Wait for page load successfully

2018-08-29 21:28:11 - [MESSAGE][PASSED] - Wait for page load successfully

2018-08-29 21:28:11 - [MESSAGE][PASSED] - Call Test Case 'Test Cases/Sub Script/Navigation_Menu/Menu_Mes_rapports/TC Verify the next button arrow' successfully

2018-08-29 21:28:11 - [TEST_STEP][PASSED] - callTestCase: Call Test Case 'Test Cases/Sub Script/Navigation_Menu/Menu_Mes_rapports/Nouveau_Rapport/Mes rapports - EXECUTION/Saisissez les valeurs souhaitees section/TC Click on Dossier and Groupe textfield' successfully

2018-08-29 21:28:11 - [TEST_CASE][PASSED] - Test Cases/Sub Script/Navigation_Menu/Menu_Mes_rapports/Nouveau_Rapport/Mes rapports - EXECUTION/Saisissez les valeurs souhaitees section/TC Click on Dossier and Groupe textfield: Test Cases/Sub Script/Navigation_Menu/Menu_Mes_rapports/Nouveau_Rapport/Mes rapports - EXECUTION/Saisissez les valeurs souhaitees section/TC Click on Dossier and Groupe textfield

2018-08-29 21:28:12 - [TEST_STEP][PASSED] - Statement - inputDossier = com.kms.katalon.core.webui.keyword.WebUiBuiltInKeywords.modifyObjectProperty(com.kms.katalon.core.testobject.ObjectRepository.findTestObject(Mes rapports Obj/EXECUTION/Description_Dossier and Groupe figure dans), "id", "contains", "s2id_autogen", true): Modify property of object successfully

2018-08-29 21:28:12 - [MESSAGE][PASSED] - Modify property of object successfully

2018-08-29 21:28:12 - [TEST_STEP][PASSED] - click: Object: 'Object Repository/Mes rapports Obj/EXECUTION/Description_Dossier and Groupe figure dans' is clicked on

2018-08-29 21:28:12 - [MESSAGE][PASSED] - Object: 'Object Repository/Mes rapports Obj/EXECUTION/Description_Dossier and Groupe figure dans' is clicked on

2018-08-29 21:28:12 - [TEST_STEP][PASSED] - delay: Delayed 2 second(s)

2018-08-29 21:28:14 - [MESSAGE][PASSED] - Delayed 2 second(s)

2018-08-29 21:28:14 - [MESSAGE][PASSED] - Call Test Case 'Test Cases/Sub Script/Navigation_Menu/Menu_Mes_rapports/Nouveau_Rapport/Mes rapports - EXECUTION/Saisissez les valeurs souhaitees section/TC Click on Dossier and Groupe textfield' successfully

2018-08-29 21:28:14 - [TEST_STEP][PASSED] - callTestCase: Call Test Case 'Test Cases/Sub Script/Navigation_Menu/Menu_Mes_rapports/Nouveau_Rapport/Mes rapports - EXECUTION/Saisissez les valeurs souhaitees section/TC Select Dossier and groupe from dropdown' successfully

2018-08-29 21:28:14 - [TEST_CASE][PASSED] - Test Cases/Sub Script/Navigation_Menu/Menu_Mes_rapports/Nouveau_Rapport/Mes rapports - EXECUTION/Saisissez les valeurs souhaitees section/TC Select Dossier and groupe from dropdown: Test Cases/Sub Script/Navigation_Menu/Menu_Mes_rapports/Nouveau_Rapport/Mes rapports - EXECUTION/Saisissez les valeurs souhaitees section/TC Select Dossier and groupe from dropdown

2018-08-29 21:28:14 - [TEST_STEP][PASSED] - Statement - excelData = com.kms.katalon.core.testdata.TestDataFactory.findTestData(Data Files/Data/TestData): Reading excel file with source file 'C:\Users\seeboruts\OneDrive - SD Worx\Desktop\Test_Data_Reg.xlsx' and sheet name 'TEST DATA'

2018-08-29 21:28:14 - [TEST_STEP][PASSED] - Statement - rowNo = java.lang.Integer.parseInt(currentTestCaseId): null

2018-08-29 21:28:14 - [TEST_STEP][PASSED] - Statement - For ([i = 24, i <= 33, (i++)]): null

2018-08-29 21:28:14 - [TEST_STEP][PASSED] - Statement - If (excelData.getValue(i, rowNo) != ""): Delayed 2 second(s)

2018-08-29 21:28:14 - [TEST_STEP][PASSED] - Statement - InputDossier = new com.kms.katalon.core.testobject.TestObject(Select_dossier_by_name): null

2018-08-29 21:28:14 - [TEST_STEP][PASSED] - Statement - InputDossier.addProperty("xpath", EQUALS, "//div[@id='select2-drop']//ul[@class='select2-results']//li[@role='presentation']//div[contains(text(),'" + excelData.getValue(i, rowNo) + "')]"): null

2018-08-29 21:28:14 - [TEST_STEP][PASSED] - click: Object: 'Select_dossier_by_name' is clicked on

2018-08-29 21:28:14 - [MESSAGE][PASSED] - Object: 'Select_dossier_by_name' is clicked on

2018-08-29 21:28:14 - [TEST_STEP][PASSED] - delay: Delayed 2 second(s)

2018-08-29 21:28:16 - [MESSAGE][PASSED] - Delayed 2 second(s)

2018-08-29 21:28:16 - [TEST_STEP][PASSED] - Statement - If (excelData.getValue(i, rowNo) != ""): Delayed 2 second(s)

2018-08-29 21:28:16 - [TEST_STEP][PASSED] - Statement - InputDossier = new com.kms.katalon.core.testobject.TestObject(Select_dossier_by_name): null

2018-08-29 21:28:16 - [TEST_STEP][PASSED] - Statement - InputDossier.addProperty("xpath", EQUALS, "//div[@id='select2-drop']//ul[@class='select2-results']//li[@role='presentation']//div[contains(text(),'" + excelData.getValue(i, rowNo) + "')]"): null

2018-08-29 21:28:16 - [TEST_STEP][PASSED] - click: Object: 'Select_dossier_by_name' is clicked on

2018-08-29 21:28:16 - [MESSAGE][PASSED] - Object: 'Select_dossier_by_name' is clicked on

2018-08-29 21:28:16 - [TEST_STEP][PASSED] - delay: Delayed 2 second(s)

2018-08-29 21:28:18 - [MESSAGE][PASSED] - Delayed 2 second(s)

2018-08-29 21:28:18 - [TEST_STEP][PASSED] - Statement - If (excelData.getValue(i, rowNo) != ""): Delayed 2 second(s)

2018-08-29 21:28:18 - [TEST_STEP][PASSED] - Statement - InputDossier = new com.kms.katalon.core.testobject.TestObject(Select_dossier_by_name): null

2018-08-29 21:28:18 - [TEST_STEP][PASSED] - Statement - InputDossier.addProperty("xpath", EQUALS, "//div[@id='select2-drop']//ul[@class='select2-results']//li[@role='presentation']//div[contains(text(),'" + excelData.getValue(i, rowNo) + "')]"): null

2018-08-29 21:28:18 - [TEST_STEP][PASSED] - click: Object: 'Select_dossier_by_name' is clicked on

2018-08-29 21:28:19 - [MESSAGE][PASSED] - Object: 'Select_dossier_by_name' is clicked on

2018-08-29 21:28:19 - [TEST_STEP][PASSED] - delay: Delayed 2 second(s)

2018-08-29 21:28:21 - [MESSAGE][PASSED] - Delayed 2 second(s)

2018-08-29 21:28:21 - [TEST_STEP][PASSED] - Statement - If (excelData.getValue(i, rowNo) != ""): null

2018-08-29 21:28:21 - [TEST_STEP][PASSED] - Statement - Else: null

2018-08-29 21:28:21 - [TEST_STEP][PASSED] - Statement - Break: null

2018-08-29 21:28:21 - [TEST_STEP][PASSED] - waitForPageLoad: Wait for page load successfully

2018-08-29 21:28:21 - [MESSAGE][PASSED] - Wait for page load successfully

2018-08-29 21:28:21 - [TEST_STEP][PASSED] - click: Object: 'Object Repository/Mes rapports Obj/SELECTION/Travailleur/Page_eBlox Reporting/Close_dropdown' is clicked on

2018-08-29 21:28:21 - [MESSAGE][PASSED] - Object: 'Object Repository/Mes rapports Obj/SELECTION/Travailleur/Page_eBlox Reporting/Close_dropdown' is clicked on

2018-08-29 21:28:21 - [TEST_STEP][PASSED] - delay: Delayed 2 second(s)

2018-08-29 21:28:23 - [MESSAGE][PASSED] - Delayed 2 second(s)

2018-08-29 21:28:23 - [MESSAGE][PASSED] - Call Test Case 'Test Cases/Sub Script/Navigation_Menu/Menu_Mes_rapports/Nouveau_Rapport/Mes rapports - EXECUTION/Saisissez les valeurs souhaitees section/TC Select Dossier and groupe from dropdown' successfully

2018-08-29 21:28:23 - [TEST_STEP][PASSED] - callTestCase: Call Test Case 'Test Cases/Sub Script/Navigation_Menu/Menu_Mes_rapports/Nouveau_Rapport/Mes rapports - EXECUTION/Saisissez les valeurs souhaitees section/TC Click on reference historic dropdown' successfully

2018-08-29 21:28:23 - [TEST_CASE][PASSED] - Test Cases/Sub Script/Navigation_Menu/Menu_Mes_rapports/Nouveau_Rapport/Mes rapports - EXECUTION/Saisissez les valeurs souhaitees section/TC Click on reference historic dropdown: Test Cases/Sub Script/Navigation_Menu/Menu_Mes_rapports/Nouveau_Rapport/Mes rapports - EXECUTION/Saisissez les valeurs souhaitees section/TC Click on reference historic dropdown

2018-08-29 21:28:23 - [TEST_STEP][PASSED] - Statement - historic = com.kms.katalon.core.webui.keyword.WebUiBuiltInKeywords.modifyObjectProperty(com.kms.katalon.core.testobject.ObjectRepository.findTestObject(Mes rapports Obj/EXECUTION/Description _Date de reference historique), "xpath", "equals", "//*[@id="uitvoering-parameters"]/div/div[2]/div/div/table/tbody/tr[4]/td[2]/div/div/rapp-date-prompt/div/div/rapp-special-values/div/button", true): Modify property of object successfully

2018-08-29 21:28:23 - [MESSAGE][PASSED] - Modify property of object successfully

2018-08-29 21:28:23 - [TEST_STEP][PASSED] - click: Object: 'Object Repository/Mes rapports Obj/EXECUTION/Description _Date de reference historique' is clicked on

2018-08-29 21:28:23 - [MESSAGE][PASSED] - Object: 'Object Repository/Mes rapports Obj/EXECUTION/Description _Date de reference historique' is clicked on

2018-08-29 21:28:23 - [TEST_STEP][PASSED] - delay: Delayed 2 second(s)

2018-08-29 21:28:25 - [MESSAGE][PASSED] - Delayed 2 second(s)

2018-08-29 21:28:25 - [MESSAGE][PASSED] - Call Test Case 'Test Cases/Sub Script/Navigation_Menu/Menu_Mes_rapports/Nouveau_Rapport/Mes rapports - EXECUTION/Saisissez les valeurs souhaitees section/TC Click on reference historic dropdown' successfully

2018-08-29 21:28:25 - [TEST_STEP][PASSED] - callTestCase: Call Test Case 'Test Cases/Sub Script/Navigation_Menu/Menu_Mes_rapports/Nouveau_Rapport/Mes rapports - EXECUTION/Saisissez les valeurs souhaitees section/TC Select historic type from the dropdown' successfully

2018-08-29 21:28:25 - [TEST_CASE][PASSED] - Test Cases/Sub Script/Navigation_Menu/Menu_Mes_rapports/Nouveau_Rapport/Mes rapports - EXECUTION/Saisissez les valeurs souhaitees section/TC Select historic type from the dropdown: Test Cases/Sub Script/Navigation_Menu/Menu_Mes_rapports/Nouveau_Rapport/Mes rapports - EXECUTION/Saisissez les valeurs souhaitees section/TC Select historic type from the dropdown

2018-08-29 21:28:25 - [TEST_STEP][PASSED] - Statement - excelData = com.kms.katalon.core.testdata.TestDataFactory.findTestData(Data Files/Data/TestData): Reading excel file with source file 'C:\Users\seeboruts\OneDrive - SD Worx\Desktop\Test_Data_Reg.xlsx' and sheet name 'TEST DATA'

2018-08-29 21:28:25 - [TEST_STEP][PASSED] - Statement - rowNo = java.lang.Integer.parseInt(currentTestCaseId): null

2018-08-29 21:28:25 - [TEST_STEP][PASSED] - Statement - If (excelData.getValue(43, rowNo) != ""): Object: 'Select_historic_Type' is clicked on

2018-08-29 21:28:25 - [TEST_STEP][PASSED] - Statement - historicRef = new com.kms.katalon.core.testobject.TestObject(Select_historic_Type): null

2018-08-29 21:28:25 - [TEST_STEP][PASSED] - Statement - historicRef.addProperty("xpath", EQUALS, "//a//span[contains(text(),'" + excelData.getValue(43, rowNo) + "')]"): null

2018-08-29 21:28:25 - [TEST_STEP][PASSED] - click: Object: 'Select_historic_Type' is clicked on

2018-08-29 21:28:26 - [MESSAGE][PASSED] - Object: 'Select_historic_Type' is clicked on

2018-08-29 21:28:26 - [TEST_STEP][PASSED] - waitForPageLoad: Wait for page load successfully

2018-08-29 21:28:26 - [MESSAGE][PASSED] - Wait for page load successfully

2018-08-29 21:28:26 - [TEST_STEP][PASSED] - delay: Delayed 2 second(s)

2018-08-29 21:28:28 - [MESSAGE][PASSED] - Delayed 2 second(s)

2018-08-29 21:28:28 - [MESSAGE][PASSED] - Call Test Case 'Test Cases/Sub Script/Navigation_Menu/Menu_Mes_rapports/Nouveau_Rapport/Mes rapports - EXECUTION/Saisissez les valeurs souhaitees section/TC Select historic type from the dropdown' successfully

2018-08-29 21:28:28 - [TEST_STEP][PASSED] - callTestCase: Call Test Case 'Test Cases/Sub Script/Navigation_Menu/Menu_Mes_rapports/Nouveau_Rapport/Mes rapports - EXECUTION/Historique section/TC Verify Historic checkbox is checked' successfully

2018-08-29 21:28:28 - [TEST_CASE][PASSED] - Test Cases/Sub Script/Navigation_Menu/Menu_Mes_rapports/Nouveau_Rapport/Mes rapports - EXECUTION/Historique section/TC Verify Historic checkbox is checked: Test Cases/Sub Script/Navigation_Menu/Menu_Mes_rapports/Nouveau_Rapport/Mes rapports - EXECUTION/Historique section/TC Verify Historic checkbox is checked

2018-08-29 21:28:28 - [TEST_STEP][PASSED] - check: Object 'Object Repository/Mes rapports Obj/EXECUTION/HIstorique- checkbox' is checked

2018-08-29 21:28:28 - [MESSAGE][PASSED] - Object 'Object Repository/Mes rapports Obj/EXECUTION/HIstorique- checkbox' is checked

2018-08-29 21:28:28 - [MESSAGE][PASSED] - Call Test Case 'Test Cases/Sub Script/Navigation_Menu/Menu_Mes_rapports/Nouveau_Rapport/Mes rapports - EXECUTION/Historique section/TC Verify Historic checkbox is checked' successfully

2018-08-29 21:28:28 - [TEST_STEP][PASSED] - callTestCase: Call Test Case 'Test Cases/Sub Script/Navigation_Menu/Menu_Mes_rapports/Nouveau_Rapport/Mes rapports - EXECUTION/Historique section/TC Click on historic period dropdown' successfully

2018-08-29 21:28:28 - [TEST_CASE][PASSED] - Test Cases/Sub Script/Navigation_Menu/Menu_Mes_rapports/Nouveau_Rapport/Mes rapports - EXECUTION/Historique section/TC Click on historic period dropdown: Test Cases/Sub Script/Navigation_Menu/Menu_Mes_rapports/Nouveau_Rapport/Mes rapports - EXECUTION/Historique section/TC Click on historic period dropdown

2018-08-29 21:28:28 - [TEST_STEP][PASSED] - click: Object: 'Object Repository/Mes rapports Obj/EXECUTION/Historique_Period_dropdown' is clicked on

2018-08-29 21:28:28 - [MESSAGE][PASSED] - Object: 'Object Repository/Mes rapports Obj/EXECUTION/Historique_Period_dropdown' is clicked on

2018-08-29 21:28:28 - [MESSAGE][PASSED] - Call Test Case 'Test Cases/Sub Script/Navigation_Menu/Menu_Mes_rapports/Nouveau_Rapport/Mes rapports - EXECUTION/Historique section/TC Click on historic period dropdown' successfully

2018-08-29 21:28:28 - [TEST_STEP][PASSED] - callTestCase: Call Test Case 'Test Cases/Sub Script/Navigation_Menu/Menu_Mes_rapports/Nouveau_Rapport/Mes rapports - EXECUTION/Historique section/TC Select historic period from dropdown' successfully

2018-08-29 21:28:29 - [TEST_CASE][PASSED] - Test Cases/Sub Script/Navigation_Menu/Menu_Mes_rapports/Nouveau_Rapport/Mes rapports - EXECUTION/Historique section/TC Select historic period from dropdown: Test Cases/Sub Script/Navigation_Menu/Menu_Mes_rapports/Nouveau_Rapport/Mes rapports - EXECUTION/Historique section/TC Select historic period from dropdown

2018-08-29 21:28:29 - [TEST_STEP][PASSED] - Statement - rowNo = java.lang.Integer.parseInt(currentTestCaseId): null

2018-08-29 21:28:29 - [TEST_STEP][PASSED] - Statement - excelData = com.kms.katalon.core.testdata.TestDataFactory.findTestData(Data Files/Data/TestData): Reading excel file with source file 'C:\Users\seeboruts\OneDrive - SD Worx\Desktop\Test_Data_Reg.xlsx' and sheet name 'TEST DATA'

2018-08-29 21:28:29 - [TEST_STEP][PASSED] - Statement - If (excelData.getValue(44, rowNo) != ""): Object: 'Select_historic_Period' is clicked on

2018-08-29 21:28:29 - [TEST_STEP][PASSED] - Statement - historicPeriod = new com.kms.katalon.core.testobject.TestObject(Select_historic_Period): null

2018-08-29 21:28:29 - [TEST_STEP][PASSED] - Statement - historicPeriod.addProperty("xpath", EQUALS, "//a//span[contains(text(),'" + excelData.getValue(44, rowNo) + "')]"): null

2018-08-29 21:28:29 - [TEST_STEP][PASSED] - click: Object: 'Select_historic_Period' is clicked on

2018-08-29 21:28:29 - [MESSAGE][PASSED] - Object: 'Select_historic_Period' is clicked on

2018-08-29 21:28:29 - [TEST_STEP][PASSED] - delay: Delayed 1 second(s)

2018-08-29 21:28:30 - [MESSAGE][PASSED] - Delayed 1 second(s)

2018-08-29 21:28:30 - [MESSAGE][PASSED] - Call Test Case 'Test Cases/Sub Script/Navigation_Menu/Menu_Mes_rapports/Nouveau_Rapport/Mes rapports - EXECUTION/Historique section/TC Select historic period from dropdown' successfully

2018-08-29 21:28:30 - [TEST_STEP][PASSED] - callTestCase: Call Test Case 'Test Cases/Sub Script/Verify URL/TC Verify Url' successfully

2018-08-29 21:28:30 - [TEST_CASE][PASSED] - Test Cases/Sub Script/Verify URL/TC Verify Url: Test Cases/Sub Script/Verify URL/TC Verify Url

2018-08-29 21:28:30 - [TEST_STEP][PASSED] - waitForPageLoad: Wait for page load successfully

2018-08-29 21:28:30 - [MESSAGE][PASSED] - Wait for page load successfully

2018-08-29 21:28:30 - [TEST_STEP][PASSED] - Statement - url = com.kms.katalon.core.webui.keyword.WebUiBuiltInKeywords.getUrl(): Current window's url is: 'https://internet.acc.sd.dika.be/ebloxreporting/web.sensitive/main/FpyDF/iIz9g8MffKNXfNyb1H/NL/#/definitie/wizard/extern/index/28330/uitvoering'

2018-08-29 21:28:30 - [MESSAGE][PASSED] - Current window's url is: 'https://internet.acc.sd.dika.be/ebloxreporting/web.sensitive/main/FpyDF/iIz9g8MffKNXfNyb1H/NL/#/definitie/wizard/extern/index/28330/uitvoering'

2018-08-29 21:28:30 - [TEST_STEP][PASSED] - Statement - p = java.util.regex.Pattern.compile("00040 ANTILOPE GROEP"): null

2018-08-29 21:28:30 - [TEST_STEP][PASSED] - Statement - m = p.matcher(url): null

2018-08-29 21:28:30 - [TEST_STEP][PASSED] - Statement - If (m.find()): null

2018-08-29 21:28:30 - [TEST_STEP][PASSED] - Statement - Else: The user name and the concern number are not present in the URL

2018-08-29 21:28:30 - [TEST_STEP][PASSED] - Statement - com.kms.katalon.core.util.KeywordUtil.markPassed("The user name and the concern number are not present in the URL"): The user name and the concern number are not present in the URL

2018-08-29 21:28:30 - [MESSAGE][PASSED] - The user name and the concern number are not present in the URL

2018-08-29 21:28:30 - [TEST_STEP][PASSED] - delay: Delayed 2 second(s)

2018-08-29 21:28:32 - [MESSAGE][PASSED] - Delayed 2 second(s)

2018-08-29 21:28:32 - [MESSAGE][PASSED] - Call Test Case 'Test Cases/Sub Script/Verify URL/TC Verify Url' successfully

2018-08-29 21:28:32 - [TEST_STEP][PASSED] - callTestCase: Call Test Case 'Test Cases/Sub Script/Navigation_Menu/Menu_Mes_rapports/TC Verify Executer button' successfully

2018-08-29 21:28:32 - [TEST_CASE][PASSED] - Test Cases/Sub Script/Navigation_Menu/Menu_Mes_rapports/TC Verify Executer button: Test Cases/Sub Script/Navigation_Menu/Menu_Mes_rapports/TC Verify Executer button

2018-08-29 21:28:32 - [TEST_STEP][PASSED] - click: Object: 'Object Repository/Mes rapports Obj/EXECUTION/Button executer' is clicked on

2018-08-29 21:28:33 - [MESSAGE][PASSED] - Object: 'Object Repository/Mes rapports Obj/EXECUTION/Button executer' is clicked on

2018-08-29 21:28:33 - [TEST_STEP][PASSED] - waitForPageLoad: Wait for page load successfully

2018-08-29 21:28:33 - [MESSAGE][PASSED] - Wait for page load successfully

2018-08-29 21:28:33 - [TEST_STEP][PASSED] - delay: Delayed 3 second(s)

2018-08-29 21:28:36 - [MESSAGE][PASSED] - Delayed 3 second(s)

2018-08-29 21:28:36 - [MESSAGE][PASSED] - Call Test Case 'Test Cases/Sub Script/Navigation_Menu/Menu_Mes_rapports/TC Verify Executer button' successfully

2018-08-29 21:28:36 - [TEST_STEP][PASSED] - callTestCase: Call Test Case 'Test Cases/Sub Script/Navigation_Menu/Menu_Mes_rapports/TC Verify Graphique button' successfully

2018-08-29 21:28:36 - [TEST_CASE][PASSED] - Test Cases/Sub Script/Navigation_Menu/Menu_Mes_rapports/TC Verify Graphique button: Test Cases/Sub Script/Navigation_Menu/Menu_Mes_rapports/TC Verify Graphique button

2018-08-29 21:28:36 - [TEST_STEP][PASSED] - waitForElementClickable: Object 'Object Repository/Mes rapports Obj/EXECUTION/Graphique button' is clickable

2018-08-29 21:28:36 - [MESSAGE][PASSED] - Object 'Object Repository/Mes rapports Obj/EXECUTION/Graphique button' is clickable

2018-08-29 21:28:36 - [TEST_STEP][PASSED] - click: Object: 'Object Repository/Mes rapports Obj/EXECUTION/Graphique button' is clicked on

2018-08-29 21:28:36 - [MESSAGE][PASSED] - Object: 'Object Repository/Mes rapports Obj/EXECUTION/Graphique button' is clicked on

2018-08-29 21:28:36 - [TEST_STEP][PASSED] - waitForPageLoad: Wait for page load successfully

2018-08-29 21:28:36 - [MESSAGE][PASSED] - Wait for page load successfully

2018-08-29 21:28:36 - [MESSAGE][PASSED] - Call Test Case 'Test Cases/Sub Script/Navigation_Menu/Menu_Mes_rapports/TC Verify Graphique button' successfully

2018-08-29 21:28:36 - [TEST_STEP][PASSED] - callTestCase: Call Test Case 'Test Cases/Sub Script/Navigation_Menu/Menu_Mes_rapports/Nouveau_Rapport/TC Verify annuler button' successfully

2018-08-29 21:28:36 - [TEST_CASE][PASSED] - Test Cases/Sub Script/Navigation_Menu/Menu_Mes_rapports/Nouveau_Rapport/TC Verify annuler button: Test Cases/Sub Script/Navigation_Menu/Menu_Mes_rapports/Nouveau_Rapport/TC Verify annuler button

2018-08-29 21:28:36 - [TEST_STEP][PASSED] - click: Object: 'Object Repository/Mes rapports Obj/EXECUTION/Annuler button' is clicked on

2018-08-29 21:28:37 - [MESSAGE][PASSED] - Object: 'Object Repository/Mes rapports Obj/EXECUTION/Annuler button' is clicked on

2018-08-29 21:28:37 - [TEST_STEP][PASSED] - delay: Delayed 2 second(s)

2018-08-29 21:28:39 - [MESSAGE][PASSED] - Delayed 2 second(s)

2018-08-29 21:28:39 - [MESSAGE][PASSED] - Call Test Case 'Test Cases/Sub Script/Navigation_Menu/Menu_Mes_rapports/Nouveau_Rapport/TC Verify annuler button' successfully

2018-08-29 21:28:39 - [TEST_STEP][PASSED] - callTestCase: Call Test Case 'Test Cases/Sub Script/Navigation_Menu/TC Verify Annuler nouveau rapport button' successfully

2018-08-29 21:28:39 - [TEST_CASE][PASSED] - Test Cases/Sub Script/Navigation_Menu/TC Verify Annuler nouveau rapport button: Test Cases/Sub Script/Navigation_Menu/TC Verify Annuler nouveau rapport button

2018-08-29 21:28:39 - [TEST_STEP][PASSED] - focus: Object: 'Object Repository/Mes rapports Obj/EXECUTION/Annuler Modal' is focused

2018-08-29 21:28:39 - [MESSAGE][PASSED] - Object: 'Object Repository/Mes rapports Obj/EXECUTION/Annuler Modal' is focused

2018-08-29 21:28:39 - [TEST_STEP][PASSED] - click: Object: 'Object Repository/Mes rapports Obj/EXECUTION/Annuler nouveau rapport' is clicked on

2018-08-29 21:28:39 - [MESSAGE][PASSED] - Object: 'Object Repository/Mes rapports Obj/EXECUTION/Annuler nouveau rapport' is clicked on

2018-08-29 21:28:39 - [TEST_STEP][PASSED] - waitForPageLoad: Wait for page load successfully

2018-08-29 21:28:39 - [MESSAGE][PASSED] - Wait for page load successfully

2018-08-29 21:28:39 - [MESSAGE][PASSED] - Call Test Case 'Test Cases/Sub Script/Navigation_Menu/TC Verify Annuler nouveau rapport button' successfully

2018-08-29 21:28:39 - [TEST_STEP][PASSED] - waitForPageLoad: Wait for page load successfully

2018-08-29 21:28:39 - [MESSAGE][PASSED] - Wait for page load successfully

2018-08-29 21:28:39 - [TEST_STEP][PASSED] - closeBrowser: Browser is closed

2018-08-29 21:28:40 - [MESSAGE][PASSED] - Browser is closed]]></system-out>
         <system-err><![CDATA[]]></system-err>
      </testcase>
      <testcase name="Test Cases/Main Script/TC3 VALIDATION" classname="Test Cases/Main Script/TC3 VALIDATION" status="PASSED">
         <system-out><![CDATA[2018-08-29 21:28:40 - [TEST_CASE][PASSED] - Test Cases/Main Script/TC3 VALIDATION: Test Cases/Main Script/TC3 VALIDATION

2018-08-29 21:28:40 - [TEST_STEP][PASSED] - Start listener action : sampleBeforeTestCase: Invoke 'com.kms.katalon.core.annotation.BeforeTestCase' method: 'NewTestListener.sampleBeforeTestCase(...)' completed.

2018-08-29 21:28:40 - [TEST_STEP][PASSED] - Statement - println(testCaseContext.getTextCaseId()=$testCaseContext.getTestCaseId()): null

2018-08-29 21:28:40 - [TEST_STEP][PASSED] - Statement - currentTestCaseId = testCaseContext.getTestCaseId(): Invoke 'com.kms.katalon.core.annotation.BeforeTestCase' method: 'NewTestListener.sampleBeforeTestCase(...)' completed.

2018-08-29 21:28:40 - [TEST_STEP][PASSED] - verify_Test_Case_Number.getTestCaseNumber.getTCNo: verify_Test_Case_Number.getTestCaseNumber.getTCNo is PASSED

2018-08-29 21:28:40 - [MESSAGE][PASSED] - verify_Test_Case_Number.getTestCaseNumber.getTCNo is PASSED

2018-08-29 21:28:40 - [TEST_STEP][PASSED] - callTestCase: Call Test Case 'Test Cases/Login/TC1 Login to Mysdworx' successfully

2018-08-29 21:28:40 - [TEST_CASE][PASSED] - Test Cases/Login/TC1 Login to Mysdworx: Test Cases/Login/TC1 Login to Mysdworx

2018-08-29 21:28:40 - [TEST_STEP][PASSED] - openBrowser: Browser is opened with url: ''

2018-08-29 21:28:42 - [MESSAGE][PASSED] - Browser is opened with url: ''

2018-08-29 21:28:42 - [TEST_STEP][PASSED] - navigateToUrl: Navigate to 'https://internet.acc.sd.dika.be/ebloxreporting/web.sensitive/main/?lang=fr' successfully

2018-08-29 21:28:48 - [MESSAGE][PASSED] - Navigate to 'https://internet.acc.sd.dika.be/ebloxreporting/web.sensitive/main/?lang=fr' successfully

2018-08-29 21:28:48 - [TEST_STEP][PASSED] - maximizeWindow: Current window maximized

2018-08-29 21:28:49 - [MESSAGE][PASSED] - Current window maximized

2018-08-29 21:28:49 - [TEST_STEP][PASSED] - setText: Text 'DP_EBLOX_RPP_VASCO' is set on object 'Object Repository/Page_mysdworx - Log in/input_Username'

2018-08-29 21:28:57 - [MESSAGE][PASSED] - Text 'DP_EBLOX_RPP_VASCO' is set on object 'Object Repository/Page_mysdworx - Log in/input_Username'

2018-08-29 21:28:57 - [TEST_STEP][PASSED] - Statement - frame = new javax.swing.JFrame(User Input Frame): null

2018-08-29 21:28:57 - [TEST_STEP][PASSED] - Statement - frame.requestFocus(): null

2018-08-29 21:28:57 - [TEST_STEP][PASSED] - Statement - pass = javax.swing.JOptionPane.showInputDialog(frame, "Enter the password from token!!"): null

2018-08-29 21:29:01 - [TEST_STEP][PASSED] - delay: Delayed 2 second(s)

2018-08-29 21:29:03 - [MESSAGE][PASSED] - Delayed 2 second(s)

2018-08-29 21:29:03 - [TEST_STEP][PASSED] - setText: Text '896394' is set on object 'Object Repository/Page_mysdworx - Log in/input_Password'

2018-08-29 21:29:03 - [MESSAGE][PASSED] - Text '896394' is set on object 'Object Repository/Page_mysdworx - Log in/input_Password'

2018-08-29 21:29:03 - [TEST_STEP][PASSED] - click: Object: 'Object Repository/Page_mysdworx - Log in/button_Se connecter' is clicked on

2018-08-29 21:29:04 - [MESSAGE][PASSED] - Object: 'Object Repository/Page_mysdworx - Log in/button_Se connecter' is clicked on

2018-08-29 21:29:04 - [TEST_STEP][PASSED] - waitForPageLoad: Wait for page load successfully

2018-08-29 21:29:04 - [MESSAGE][PASSED] - Wait for page load successfully

2018-08-29 21:29:04 - [TEST_STEP][NOT_RUN] - closeBrowser: NOT_RUN: closeBrowser

2018-08-29 21:29:04 - [MESSAGE][NOT_RUN] - NOT_RUN: closeBrowser

2018-08-29 21:29:04 - [MESSAGE][PASSED] - Call Test Case 'Test Cases/Login/TC1 Login to Mysdworx' successfully

2018-08-29 21:29:04 - [TEST_STEP][PASSED] - callTestCase: Call Test Case 'Test Cases/Sub Script/Select Language/TC1 Verify NL language' successfully

2018-08-29 21:29:04 - [TEST_CASE][PASSED] - Test Cases/Sub Script/Select Language/TC1 Verify NL language: Test Cases/Sub Script/Select Language/TC1 Verify NL language

2018-08-29 21:29:04 - [TEST_STEP][PASSED] - waitForElementClickable: Object 'Object Repository/Change language link Obj/NL_language' is clickable

2018-08-29 21:29:49 - [MESSAGE][PASSED] - Object 'Object Repository/Change language link Obj/NL_language' is clickable

2018-08-29 21:29:49 - [TEST_STEP][PASSED] - Statement - verify_NL_link = com.kms.katalon.core.webui.keyword.WebUiBuiltInKeywords.verifyElementClickable(com.kms.katalon.core.testobject.ObjectRepository.findTestObject(Change language link Obj/NL_language)): Object 'Object Repository/Change language link Obj/NL_language' is clickable

2018-08-29 21:29:49 - [MESSAGE][PASSED] - Object 'Object Repository/Change language link Obj/NL_language' is clickable

2018-08-29 21:29:49 - [TEST_STEP][PASSED] - Statement - If (verify_NL_link.equals(true)): NL link is clickable !

2018-08-29 21:29:49 - [TEST_STEP][PASSED] - Statement - com.kms.katalon.core.util.KeywordUtil.markPassed("NL link is clickable !"): NL link is clickable !

2018-08-29 21:29:49 - [MESSAGE][PASSED] - NL link is clickable !

2018-08-29 21:29:49 - [TEST_STEP][PASSED] - click: Object: 'Object Repository/Change language link Obj/NL_language' is clicked on

2018-08-29 21:30:00 - [MESSAGE][PASSED] - Object: 'Object Repository/Change language link Obj/NL_language' is clicked on

2018-08-29 21:30:00 - [TEST_STEP][PASSED] - waitForPageLoad: Wait for page load successfully

2018-08-29 21:30:00 - [MESSAGE][PASSED] - Wait for page load successfully

2018-08-29 21:30:00 - [MESSAGE][PASSED] - Call Test Case 'Test Cases/Sub Script/Select Language/TC1 Verify NL language' successfully

2018-08-29 21:30:00 - [TEST_STEP][PASSED] - callTestCase: Call Test Case 'Test Cases/Sub Script/Navigation_Menu/Menu_Mes_rapports/TC Verify Nouveau rapport button' successfully

2018-08-29 21:30:00 - [TEST_CASE][PASSED] - Test Cases/Sub Script/Navigation_Menu/Menu_Mes_rapports/TC Verify Nouveau rapport button: Test Cases/Sub Script/Navigation_Menu/Menu_Mes_rapports/TC Verify Nouveau rapport button

2018-08-29 21:30:01 - [TEST_STEP][PASSED] - click: Object: 'Object Repository/Mes rapports Obj/button_Nouveau rapport' is clicked on

2018-08-29 21:30:07 - [MESSAGE][PASSED] - Object: 'Object Repository/Mes rapports Obj/button_Nouveau rapport' is clicked on

2018-08-29 21:30:07 - [TEST_STEP][PASSED] - waitForPageLoad: Wait for page load successfully

2018-08-29 21:30:07 - [MESSAGE][PASSED] - Wait for page load successfully

2018-08-29 21:30:07 - [MESSAGE][PASSED] - Call Test Case 'Test Cases/Sub Script/Navigation_Menu/Menu_Mes_rapports/TC Verify Nouveau rapport button' successfully

2018-08-29 21:30:07 - [TEST_STEP][PASSED] - callTestCase: Call Test Case 'Test Cases/Sub Script/Navigation_Menu/Menu_Mes_rapports/Nouveau_Rapport/Mes rapports - BASE DE RAPPORT/TC Verify radio button creer un tout nouveau rapport' successfully

2018-08-29 21:30:07 - [TEST_CASE][PASSED] - Test Cases/Sub Script/Navigation_Menu/Menu_Mes_rapports/Nouveau_Rapport/Mes rapports - BASE DE RAPPORT/TC Verify radio button creer un tout nouveau rapport: Test Cases/Sub Script/Navigation_Menu/Menu_Mes_rapports/Nouveau_Rapport/Mes rapports - BASE DE RAPPORT/TC Verify radio button creer un tout nouveau rapport

2018-08-29 21:30:07 - [TEST_STEP][PASSED] - Statement - radioButton = com.kms.katalon.core.webui.keyword.WebUiBuiltInKeywords.modifyObjectProperty(com.kms.katalon.core.testobject.ObjectRepository.findTestObject(Mes rapports Obj/BASE DE RAPPORT/radioButton_Creer un tout nouveau rapport), "name", "equals", "typeRapport", true): Modify property of object successfully

2018-08-29 21:30:07 - [MESSAGE][PASSED] - Modify property of object successfully

2018-08-29 21:30:07 - [TEST_STEP][PASSED] - click: Object: 'Object Repository/Mes rapports Obj/BASE DE RAPPORT/radioButton_Creer un tout nouveau rapport' is clicked on

2018-08-29 21:30:08 - [MESSAGE][PASSED] - Object: 'Object Repository/Mes rapports Obj/BASE DE RAPPORT/radioButton_Creer un tout nouveau rapport' is clicked on

2018-08-29 21:30:08 - [MESSAGE][PASSED] - Call Test Case 'Test Cases/Sub Script/Navigation_Menu/Menu_Mes_rapports/Nouveau_Rapport/Mes rapports - BASE DE RAPPORT/TC Verify radio button creer un tout nouveau rapport' successfully

2018-08-29 21:30:08 - [TEST_STEP][PASSED] - callTestCase: Call Test Case 'Test Cases/Sub Script/Navigation_Menu/Menu_Mes_rapports/TC Verify the next button arrow' successfully

2018-08-29 21:30:08 - [TEST_CASE][PASSED] - Test Cases/Sub Script/Navigation_Menu/Menu_Mes_rapports/TC Verify the next button arrow: Test Cases/Sub Script/Navigation_Menu/Menu_Mes_rapports/TC Verify the next button arrow

2018-08-29 21:30:08 - [TEST_STEP][PASSED] - waitForElementClickable: Object 'Object Repository/Mes rapports Obj/button_Next_Arrow' is clickable

2018-08-29 21:30:08 - [MESSAGE][PASSED] - Object 'Object Repository/Mes rapports Obj/button_Next_Arrow' is clickable

2018-08-29 21:30:08 - [TEST_STEP][PASSED] - click: Object: 'Object Repository/Mes rapports Obj/button_Next_Arrow' is clicked on

2018-08-29 21:30:08 - [MESSAGE][PASSED] - Object: 'Object Repository/Mes rapports Obj/button_Next_Arrow' is clicked on

2018-08-29 21:30:08 - [TEST_STEP][PASSED] - delay: Delayed 5 second(s)

2018-08-29 21:30:13 - [MESSAGE][PASSED] - Delayed 5 second(s)

2018-08-29 21:30:13 - [TEST_STEP][PASSED] - waitForPageLoad: Wait for page load successfully

2018-08-29 21:30:13 - [MESSAGE][PASSED] - Wait for page load successfully

2018-08-29 21:30:13 - [MESSAGE][PASSED] - Call Test Case 'Test Cases/Sub Script/Navigation_Menu/Menu_Mes_rapports/TC Verify the next button arrow' successfully

2018-08-29 21:30:13 - [TEST_STEP][PASSED] - callTestCase: Call Test Case 'Test Cases/Sub Script/Navigation_Menu/Menu_Mes_rapports/TC Verify the next button arrow' successfully

2018-08-29 21:30:13 - [TEST_CASE][PASSED] - Test Cases/Sub Script/Navigation_Menu/Menu_Mes_rapports/TC Verify the next button arrow: Test Cases/Sub Script/Navigation_Menu/Menu_Mes_rapports/TC Verify the next button arrow

2018-08-29 21:30:13 - [TEST_STEP][PASSED] - waitForElementClickable: Object 'Object Repository/Mes rapports Obj/button_Next_Arrow' is clickable

2018-08-29 21:30:14 - [MESSAGE][PASSED] - Object 'Object Repository/Mes rapports Obj/button_Next_Arrow' is clickable

2018-08-29 21:30:14 - [TEST_STEP][PASSED] - click: Object: 'Object Repository/Mes rapports Obj/button_Next_Arrow' is clicked on

2018-08-29 21:30:14 - [MESSAGE][PASSED] - Object: 'Object Repository/Mes rapports Obj/button_Next_Arrow' is clicked on

2018-08-29 21:30:14 - [TEST_STEP][PASSED] - delay: Delayed 5 second(s)

2018-08-29 21:30:19 - [MESSAGE][PASSED] - Delayed 5 second(s)

2018-08-29 21:30:19 - [TEST_STEP][PASSED] - waitForPageLoad: Wait for page load successfully

2018-08-29 21:30:19 - [MESSAGE][PASSED] - Wait for page load successfully

2018-08-29 21:30:19 - [MESSAGE][PASSED] - Call Test Case 'Test Cases/Sub Script/Navigation_Menu/Menu_Mes_rapports/TC Verify the next button arrow' successfully

2018-08-29 21:30:19 - [TEST_STEP][PASSED] - verifyTextPresent: Text 'Gelieve minstens n kolom toe te voegen.' is present on page  using regular expression

2018-08-29 21:30:19 - [MESSAGE][PASSED] - Text 'Gelieve minstens n kolom toe te voegen.' is present on page  using regular expression

2018-08-29 21:30:19 - [TEST_STEP][PASSED] - waitForPageLoad: Wait for page load successfully

2018-08-29 21:30:19 - [MESSAGE][PASSED] - Wait for page load successfully

2018-08-29 21:30:19 - [TEST_STEP][PASSED] - callTestCase: Call Test Case 'Test Cases/Sub Script/Navigation_Menu/Menu_Mes_rapports/Nouveau_Rapport/Mes rapports - CONTENU/TC Verify input field - Contenu' successfully

2018-08-29 21:30:19 - [TEST_CASE][PASSED] - Test Cases/Sub Script/Navigation_Menu/Menu_Mes_rapports/Nouveau_Rapport/Mes rapports - CONTENU/TC Verify input field - Contenu: Test Cases/Sub Script/Navigation_Menu/Menu_Mes_rapports/Nouveau_Rapport/Mes rapports - CONTENU/TC Verify input field - Contenu

2018-08-29 21:30:19 - [TEST_STEP][PASSED] - Statement - excelData = com.kms.katalon.core.testdata.TestDataFactory.findTestData(Data Files/Data/TestData): Reading excel file with source file 'C:\Users\seeboruts\OneDrive - SD Worx\Desktop\Test_Data_Reg.xlsx' and sheet name 'TEST DATA'

2018-08-29 21:30:19 - [TEST_STEP][PASSED] - Statement - rowNo = java.lang.Integer.parseInt(currentTestCaseId): null

2018-08-29 21:30:19 - [TEST_STEP][PASSED] - Statement - For ([i = 4, i <= 13, (i++)]): null

2018-08-29 21:30:19 - [TEST_STEP][PASSED] - Statement - If (excelData.getValue(i, rowNo) != ""): Object: 'Object Repository/Mes rapports Obj/CONTENU/click_Remove_text' is clicked on

2018-08-29 21:30:19 - [TEST_STEP][PASSED] - setText: Text 'Naam werknemer' is set on object 'Object Repository/Mes rapports Obj/CONTENU/input_Contenu_Selecteur'

2018-08-29 21:30:19 - [MESSAGE][PASSED] - Text 'Naam werknemer' is set on object 'Object Repository/Mes rapports Obj/CONTENU/input_Contenu_Selecteur'

2018-08-29 21:30:19 - [TEST_STEP][PASSED] - delay: Delayed 3 second(s)

2018-08-29 21:30:22 - [MESSAGE][PASSED] - Delayed 3 second(s)

2018-08-29 21:30:22 - [TEST_STEP][PASSED] - Statement - selecteur = new com.kms.katalon.core.testobject.TestObject(Choisir_selecteur): null

2018-08-29 21:30:22 - [TEST_STEP][PASSED] - Statement - selecteur.addProperty("xpath", EQUALS, "//span[contains(text(),'" + excelData.getValue(i, rowNo) + "')]"): null

2018-08-29 21:30:22 - [TEST_STEP][PASSED] - click: Object: 'Choisir_selecteur' is clicked on

2018-08-29 21:30:23 - [MESSAGE][PASSED] - Object: 'Choisir_selecteur' is clicked on

2018-08-29 21:30:23 - [TEST_STEP][PASSED] - delay: Delayed 3 second(s)

2018-08-29 21:30:26 - [MESSAGE][PASSED] - Delayed 3 second(s)

2018-08-29 21:30:26 - [TEST_STEP][PASSED] - click: Object: 'Object Repository/Mes rapports Obj/CONTENU/click_Remove_text' is clicked on

2018-08-29 21:30:26 - [MESSAGE][PASSED] - Object: 'Object Repository/Mes rapports Obj/CONTENU/click_Remove_text' is clicked on

2018-08-29 21:30:26 - [TEST_STEP][PASSED] - Statement - If (excelData.getValue(i, rowNo) != ""): Object: 'Object Repository/Mes rapports Obj/CONTENU/click_Remove_text' is clicked on

2018-08-29 21:30:26 - [TEST_STEP][PASSED] - setText: Text 'Brutoloon' is set on object 'Object Repository/Mes rapports Obj/CONTENU/input_Contenu_Selecteur'

2018-08-29 21:30:26 - [MESSAGE][PASSED] - Text 'Brutoloon' is set on object 'Object Repository/Mes rapports Obj/CONTENU/input_Contenu_Selecteur'

2018-08-29 21:30:26 - [TEST_STEP][PASSED] - delay: Delayed 3 second(s)

2018-08-29 21:30:29 - [MESSAGE][PASSED] - Delayed 3 second(s)

2018-08-29 21:30:29 - [TEST_STEP][PASSED] - Statement - selecteur = new com.kms.katalon.core.testobject.TestObject(Choisir_selecteur): null

2018-08-29 21:30:29 - [TEST_STEP][PASSED] - Statement - selecteur.addProperty("xpath", EQUALS, "//span[contains(text(),'" + excelData.getValue(i, rowNo) + "')]"): null

2018-08-29 21:30:29 - [TEST_STEP][PASSED] - click: Object: 'Choisir_selecteur' is clicked on

2018-08-29 21:30:29 - [MESSAGE][PASSED] - Object: 'Choisir_selecteur' is clicked on

2018-08-29 21:30:29 - [TEST_STEP][PASSED] - delay: Delayed 3 second(s)

2018-08-29 21:30:32 - [MESSAGE][PASSED] - Delayed 3 second(s)

2018-08-29 21:30:32 - [TEST_STEP][PASSED] - click: Object: 'Object Repository/Mes rapports Obj/CONTENU/click_Remove_text' is clicked on

2018-08-29 21:30:32 - [MESSAGE][PASSED] - Object: 'Object Repository/Mes rapports Obj/CONTENU/click_Remove_text' is clicked on

2018-08-29 21:30:32 - [TEST_STEP][PASSED] - Statement - If (excelData.getValue(i, rowNo) != ""): null

2018-08-29 21:30:32 - [TEST_STEP][PASSED] - Statement - If (excelData.getValue(i, rowNo) != ""): null

2018-08-29 21:30:32 - [TEST_STEP][PASSED] - Statement - If (excelData.getValue(i, rowNo) != ""): null

2018-08-29 21:30:32 - [TEST_STEP][PASSED] - Statement - If (excelData.getValue(i, rowNo) != ""): null

2018-08-29 21:30:32 - [TEST_STEP][PASSED] - Statement - If (excelData.getValue(i, rowNo) != ""): null

2018-08-29 21:30:32 - [TEST_STEP][PASSED] - Statement - If (excelData.getValue(i, rowNo) != ""): null

2018-08-29 21:30:32 - [TEST_STEP][PASSED] - Statement - If (excelData.getValue(i, rowNo) != ""): null

2018-08-29 21:30:32 - [TEST_STEP][PASSED] - Statement - If (excelData.getValue(i, rowNo) != ""): null

2018-08-29 21:30:32 - [MESSAGE][PASSED] - Call Test Case 'Test Cases/Sub Script/Navigation_Menu/Menu_Mes_rapports/Nouveau_Rapport/Mes rapports - CONTENU/TC Verify input field - Contenu' successfully

2018-08-29 21:30:32 - [TEST_STEP][PASSED] - callTestCase: Call Test Case 'Test Cases/Sub Script/Navigation_Menu/Menu_Mes_rapports/TC Verify the next button arrow' successfully

2018-08-29 21:30:33 - [TEST_CASE][PASSED] - Test Cases/Sub Script/Navigation_Menu/Menu_Mes_rapports/TC Verify the next button arrow: Test Cases/Sub Script/Navigation_Menu/Menu_Mes_rapports/TC Verify the next button arrow

2018-08-29 21:30:33 - [TEST_STEP][PASSED] - waitForElementClickable: Object 'Object Repository/Mes rapports Obj/button_Next_Arrow' is clickable

2018-08-29 21:30:33 - [MESSAGE][PASSED] - Object 'Object Repository/Mes rapports Obj/button_Next_Arrow' is clickable

2018-08-29 21:30:33 - [TEST_STEP][PASSED] - click: Object: 'Object Repository/Mes rapports Obj/button_Next_Arrow' is clicked on

2018-08-29 21:30:33 - [MESSAGE][PASSED] - Object: 'Object Repository/Mes rapports Obj/button_Next_Arrow' is clicked on

2018-08-29 21:30:33 - [TEST_STEP][PASSED] - delay: Delayed 5 second(s)

2018-08-29 21:30:38 - [MESSAGE][PASSED] - Delayed 5 second(s)

2018-08-29 21:30:38 - [TEST_STEP][PASSED] - waitForPageLoad: Wait for page load successfully

2018-08-29 21:30:38 - [MESSAGE][PASSED] - Wait for page load successfully

2018-08-29 21:30:38 - [MESSAGE][PASSED] - Call Test Case 'Test Cases/Sub Script/Navigation_Menu/Menu_Mes_rapports/TC Verify the next button arrow' successfully

2018-08-29 21:30:38 - [TEST_STEP][PASSED] - verifyElementPresent: Object 'Object Repository/Mes rapports Obj/SELECTION/Active Contrat/exclamation icon' is present

2018-08-29 21:30:38 - [MESSAGE][PASSED] - Object 'Object Repository/Mes rapports Obj/SELECTION/Active Contrat/exclamation icon' is present

2018-08-29 21:30:38 - [TEST_STEP][PASSED] - callTestCase: Call Test Case 'Test Cases/Sub Script/Navigation_Menu/Menu_Mes_rapports/Nouveau_Rapport/Mes rapports - SELECTION/Verify if checkbox is unchecked/TC 10 Deselect all checkbox' successfully

2018-08-29 21:30:38 - [TEST_CASE][PASSED] - Test Cases/Sub Script/Navigation_Menu/Menu_Mes_rapports/Nouveau_Rapport/Mes rapports - SELECTION/Verify if checkbox is unchecked/TC 10 Deselect all checkbox: Test Cases/Sub Script/Navigation_Menu/Menu_Mes_rapports/Nouveau_Rapport/Mes rapports - SELECTION/Verify if checkbox is unchecked/TC 10 Deselect all checkbox

2018-08-29 21:30:38 - [TEST_STEP][PASSED] - callTestCase: Call Test Case 'Test Cases/Sub Script/Navigation_Menu/Menu_Mes_rapports/Nouveau_Rapport/Mes rapports - SELECTION/Verify if checkbox is unchecked/TC 1 Verify Contrats actifs checkbox  is un-checked' successfully

2018-08-29 21:30:38 - [TEST_CASE][PASSED] - Test Cases/Sub Script/Navigation_Menu/Menu_Mes_rapports/Nouveau_Rapport/Mes rapports - SELECTION/Verify if checkbox is unchecked/TC 1 Verify Contrats actifs checkbox  is un-checked: Test Cases/Sub Script/Navigation_Menu/Menu_Mes_rapports/Nouveau_Rapport/Mes rapports - SELECTION/Verify if checkbox is unchecked/TC 1 Verify Contrats actifs checkbox  is un-checked

2018-08-29 21:30:39 - [TEST_STEP][PASSED] - uncheck: Object 'Object Repository/Mes rapports Obj/SELECTION/Contracts actifs' is un-checked

2018-08-29 21:30:39 - [MESSAGE][PASSED] - Object 'Object Repository/Mes rapports Obj/SELECTION/Contracts actifs' is un-checked

2018-08-29 21:30:39 - [MESSAGE][PASSED] - Call Test Case 'Test Cases/Sub Script/Navigation_Menu/Menu_Mes_rapports/Nouveau_Rapport/Mes rapports - SELECTION/Verify if checkbox is unchecked/TC 1 Verify Contrats actifs checkbox  is un-checked' successfully

2018-08-29 21:30:39 - [TEST_STEP][PASSED] - callTestCase: Call Test Case 'Test Cases/Sub Script/Navigation_Menu/Menu_Mes_rapports/Nouveau_Rapport/Mes rapports - SELECTION/Verify if checkbox is unchecked/TC 2 VErify Dossier and Groupe checkBox  is un-checked' successfully

2018-08-29 21:30:39 - [TEST_CASE][PASSED] - Test Cases/Sub Script/Navigation_Menu/Menu_Mes_rapports/Nouveau_Rapport/Mes rapports - SELECTION/Verify if checkbox is unchecked/TC 2 VErify Dossier and Groupe checkBox  is un-checked: Test Cases/Sub Script/Navigation_Menu/Menu_Mes_rapports/Nouveau_Rapport/Mes rapports - SELECTION/Verify if checkbox is unchecked/TC 2 VErify Dossier and Groupe checkBox  is un-checked

2018-08-29 21:30:39 - [TEST_STEP][PASSED] - uncheck: Object 'Object Repository/Mes rapports Obj/SELECTION/Dossier and Groupe checkbox' is un-checked

2018-08-29 21:30:39 - [MESSAGE][PASSED] - Object 'Object Repository/Mes rapports Obj/SELECTION/Dossier and Groupe checkbox' is un-checked

2018-08-29 21:30:39 - [MESSAGE][PASSED] - Call Test Case 'Test Cases/Sub Script/Navigation_Menu/Menu_Mes_rapports/Nouveau_Rapport/Mes rapports - SELECTION/Verify if checkbox is unchecked/TC 2 VErify Dossier and Groupe checkBox  is un-checked' successfully

2018-08-29 21:30:39 - [TEST_STEP][PASSED] - callTestCase: Call Test Case 'Test Cases/Sub Script/Navigation_Menu/Menu_Mes_rapports/Nouveau_Rapport/Mes rapports - SELECTION/Verify if checkbox is unchecked/TC 3 Verify Travailleur checkBox  is un-checked' successfully

2018-08-29 21:30:40 - [TEST_CASE][PASSED] - Test Cases/Sub Script/Navigation_Menu/Menu_Mes_rapports/Nouveau_Rapport/Mes rapports - SELECTION/Verify if checkbox is unchecked/TC 3 Verify Travailleur checkBox  is un-checked: Test Cases/Sub Script/Navigation_Menu/Menu_Mes_rapports/Nouveau_Rapport/Mes rapports - SELECTION/Verify if checkbox is unchecked/TC 3 Verify Travailleur checkBox  is un-checked

2018-08-29 21:30:40 - [TEST_STEP][PASSED] - uncheck: Object 'Object Repository/Mes rapports Obj/SELECTION/Travailleur checkbox' is un-checked

2018-08-29 21:30:40 - [MESSAGE][PASSED] - Object 'Object Repository/Mes rapports Obj/SELECTION/Travailleur checkbox' is un-checked

2018-08-29 21:30:40 - [MESSAGE][PASSED] - Call Test Case 'Test Cases/Sub Script/Navigation_Menu/Menu_Mes_rapports/Nouveau_Rapport/Mes rapports - SELECTION/Verify if checkbox is unchecked/TC 3 Verify Travailleur checkBox  is un-checked' successfully

2018-08-29 21:30:40 - [TEST_STEP][PASSED] - callTestCase: Call Test Case 'Test Cases/Sub Script/Navigation_Menu/Menu_Mes_rapports/Nouveau_Rapport/Mes rapports - SELECTION/Verify if checkbox is unchecked/TC 4 Verify Departement checkBox  is un-checked' successfully

2018-08-29 21:30:40 - [TEST_CASE][PASSED] - Test Cases/Sub Script/Navigation_Menu/Menu_Mes_rapports/Nouveau_Rapport/Mes rapports - SELECTION/Verify if checkbox is unchecked/TC 4 Verify Departement checkBox  is un-checked: Test Cases/Sub Script/Navigation_Menu/Menu_Mes_rapports/Nouveau_Rapport/Mes rapports - SELECTION/Verify if checkbox is unchecked/TC 4 Verify Departement checkBox  is un-checked

2018-08-29 21:30:41 - [TEST_STEP][PASSED] - uncheck: Object 'Object Repository/Mes rapports Obj/SELECTION/Departement' is un-checked

2018-08-29 21:30:41 - [MESSAGE][PASSED] - Object 'Object Repository/Mes rapports Obj/SELECTION/Departement' is un-checked

2018-08-29 21:30:41 - [MESSAGE][PASSED] - Call Test Case 'Test Cases/Sub Script/Navigation_Menu/Menu_Mes_rapports/Nouveau_Rapport/Mes rapports - SELECTION/Verify if checkbox is unchecked/TC 4 Verify Departement checkBox  is un-checked' successfully

2018-08-29 21:30:41 - [TEST_STEP][PASSED] - callTestCase: Call Test Case 'Test Cases/Sub Script/Navigation_Menu/Menu_Mes_rapports/Nouveau_Rapport/Mes rapports - SELECTION/Verify if checkbox is unchecked/TC 5 Verify Caractere juridique du contract checBox  is un-checked' successfully

2018-08-29 21:30:41 - [TEST_CASE][PASSED] - Test Cases/Sub Script/Navigation_Menu/Menu_Mes_rapports/Nouveau_Rapport/Mes rapports - SELECTION/Verify if checkbox is unchecked/TC 5 Verify Caractere juridique du contract checBox  is un-checked: Test Cases/Sub Script/Navigation_Menu/Menu_Mes_rapports/Nouveau_Rapport/Mes rapports - SELECTION/Verify if checkbox is unchecked/TC 5 Verify Caractere juridique du contract checBox  is un-checked

2018-08-29 21:30:41 - [TEST_STEP][PASSED] - uncheck: Object 'Object Repository/Mes rapports Obj/SELECTION/Caratere juridique du contrat' is un-checked

2018-08-29 21:30:41 - [MESSAGE][PASSED] - Object 'Object Repository/Mes rapports Obj/SELECTION/Caratere juridique du contrat' is un-checked

2018-08-29 21:30:41 - [MESSAGE][PASSED] - Call Test Case 'Test Cases/Sub Script/Navigation_Menu/Menu_Mes_rapports/Nouveau_Rapport/Mes rapports - SELECTION/Verify if checkbox is unchecked/TC 5 Verify Caractere juridique du contract checBox  is un-checked' successfully

2018-08-29 21:30:41 - [TEST_STEP][PASSED] - callTestCase: Call Test Case 'Test Cases/Sub Script/Navigation_Menu/Menu_Mes_rapports/Nouveau_Rapport/Mes rapports - SELECTION/Verify if checkbox is unchecked/TC 6 Verify Pays de naissance checkBox  is un-checked' successfully

2018-08-29 21:30:41 - [TEST_CASE][PASSED] - Test Cases/Sub Script/Navigation_Menu/Menu_Mes_rapports/Nouveau_Rapport/Mes rapports - SELECTION/Verify if checkbox is unchecked/TC 6 Verify Pays de naissance checkBox  is un-checked: Test Cases/Sub Script/Navigation_Menu/Menu_Mes_rapports/Nouveau_Rapport/Mes rapports - SELECTION/Verify if checkbox is unchecked/TC 6 Verify Pays de naissance checkBox  is un-checked

2018-08-29 21:30:42 - [TEST_STEP][PASSED] - uncheck: Object 'Object Repository/Mes rapports Obj/SELECTION/Pays de naissance' is un-checked

2018-08-29 21:30:42 - [MESSAGE][PASSED] - Object 'Object Repository/Mes rapports Obj/SELECTION/Pays de naissance' is un-checked

2018-08-29 21:30:42 - [MESSAGE][PASSED] - Call Test Case 'Test Cases/Sub Script/Navigation_Menu/Menu_Mes_rapports/Nouveau_Rapport/Mes rapports - SELECTION/Verify if checkbox is unchecked/TC 6 Verify Pays de naissance checkBox  is un-checked' successfully

2018-08-29 21:30:42 - [TEST_STEP][PASSED] - callTestCase: Call Test Case 'Test Cases/Sub Script/Navigation_Menu/Menu_Mes_rapports/Nouveau_Rapport/Mes rapports - SELECTION/Verify if checkbox is unchecked/TC 7 Verify Sexe checkBox  is un-checked' successfully

2018-08-29 21:30:42 - [TEST_CASE][PASSED] - Test Cases/Sub Script/Navigation_Menu/Menu_Mes_rapports/Nouveau_Rapport/Mes rapports - SELECTION/Verify if checkbox is unchecked/TC 7 Verify Sexe checkBox  is un-checked: Test Cases/Sub Script/Navigation_Menu/Menu_Mes_rapports/Nouveau_Rapport/Mes rapports - SELECTION/Verify if checkbox is unchecked/TC 7 Verify Sexe checkBox  is un-checked

2018-08-29 21:30:42 - [TEST_STEP][PASSED] - uncheck: Object 'Object Repository/Mes rapports Obj/SELECTION/Sexe' is un-checked

2018-08-29 21:30:42 - [MESSAGE][PASSED] - Object 'Object Repository/Mes rapports Obj/SELECTION/Sexe' is un-checked

2018-08-29 21:30:42 - [MESSAGE][PASSED] - Call Test Case 'Test Cases/Sub Script/Navigation_Menu/Menu_Mes_rapports/Nouveau_Rapport/Mes rapports - SELECTION/Verify if checkbox is unchecked/TC 7 Verify Sexe checkBox  is un-checked' successfully

2018-08-29 21:30:42 - [TEST_STEP][PASSED] - callTestCase: Call Test Case 'Test Cases/Sub Script/Navigation_Menu/Menu_Mes_rapports/Nouveau_Rapport/Mes rapports - SELECTION/Verify if checkbox is unchecked/TC 8 Verify Mode de remuneration checkBox  is un-checked' successfully

2018-08-29 21:30:42 - [TEST_CASE][PASSED] - Test Cases/Sub Script/Navigation_Menu/Menu_Mes_rapports/Nouveau_Rapport/Mes rapports - SELECTION/Verify if checkbox is unchecked/TC 8 Verify Mode de remuneration checkBox  is un-checked: Test Cases/Sub Script/Navigation_Menu/Menu_Mes_rapports/Nouveau_Rapport/Mes rapports - SELECTION/Verify if checkbox is unchecked/TC 8 Verify Mode de remuneration checkBox  is un-checked

2018-08-29 21:30:43 - [TEST_STEP][PASSED] - uncheck: Object 'Object Repository/Mes rapports Obj/SELECTION/Mode de remuneration' is un-checked

2018-08-29 21:30:43 - [MESSAGE][PASSED] - Object 'Object Repository/Mes rapports Obj/SELECTION/Mode de remuneration' is un-checked

2018-08-29 21:30:43 - [MESSAGE][PASSED] - Call Test Case 'Test Cases/Sub Script/Navigation_Menu/Menu_Mes_rapports/Nouveau_Rapport/Mes rapports - SELECTION/Verify if checkbox is unchecked/TC 8 Verify Mode de remuneration checkBox  is un-checked' successfully

2018-08-29 21:30:43 - [TEST_STEP][PASSED] - callTestCase: Call Test Case 'Test Cases/Sub Script/Navigation_Menu/Menu_Mes_rapports/Nouveau_Rapport/Mes rapports - SELECTION/Verify if checkbox is unchecked/TC 9 Verify Suspension checkBox  is un-checked' successfully

2018-08-29 21:30:43 - [TEST_CASE][PASSED] - Test Cases/Sub Script/Navigation_Menu/Menu_Mes_rapports/Nouveau_Rapport/Mes rapports - SELECTION/Verify if checkbox is unchecked/TC 9 Verify Suspension checkBox  is un-checked: Test Cases/Sub Script/Navigation_Menu/Menu_Mes_rapports/Nouveau_Rapport/Mes rapports - SELECTION/Verify if checkbox is unchecked/TC 9 Verify Suspension checkBox  is un-checked

2018-08-29 21:30:43 - [TEST_STEP][PASSED] - uncheck: Object 'Object Repository/Mes rapports Obj/SELECTION/Suspension' is un-checked

2018-08-29 21:30:43 - [MESSAGE][PASSED] - Object 'Object Repository/Mes rapports Obj/SELECTION/Suspension' is un-checked

2018-08-29 21:30:43 - [MESSAGE][PASSED] - Call Test Case 'Test Cases/Sub Script/Navigation_Menu/Menu_Mes_rapports/Nouveau_Rapport/Mes rapports - SELECTION/Verify if checkbox is unchecked/TC 9 Verify Suspension checkBox  is un-checked' successfully

2018-08-29 21:30:43 - [MESSAGE][PASSED] - Call Test Case 'Test Cases/Sub Script/Navigation_Menu/Menu_Mes_rapports/Nouveau_Rapport/Mes rapports - SELECTION/Verify if checkbox is unchecked/TC 10 Deselect all checkbox' successfully

2018-08-29 21:30:43 - [TEST_STEP][PASSED] - callTestCase: Call Test Case 'Test Cases/Sub Script/Navigation_Menu/Menu_Mes_rapports/TC Verify the next button arrow' successfully

2018-08-29 21:30:43 - [TEST_CASE][PASSED] - Test Cases/Sub Script/Navigation_Menu/Menu_Mes_rapports/TC Verify the next button arrow: Test Cases/Sub Script/Navigation_Menu/Menu_Mes_rapports/TC Verify the next button arrow

2018-08-29 21:30:43 - [TEST_STEP][PASSED] - waitForElementClickable: Object 'Object Repository/Mes rapports Obj/button_Next_Arrow' is clickable

2018-08-29 21:30:43 - [MESSAGE][PASSED] - Object 'Object Repository/Mes rapports Obj/button_Next_Arrow' is clickable

2018-08-29 21:30:43 - [TEST_STEP][PASSED] - click: Object: 'Object Repository/Mes rapports Obj/button_Next_Arrow' is clicked on

2018-08-29 21:30:43 - [MESSAGE][PASSED] - Object: 'Object Repository/Mes rapports Obj/button_Next_Arrow' is clicked on

2018-08-29 21:30:43 - [TEST_STEP][PASSED] - delay: Delayed 5 second(s)

2018-08-29 21:30:48 - [MESSAGE][PASSED] - Delayed 5 second(s)

2018-08-29 21:30:48 - [TEST_STEP][PASSED] - waitForPageLoad: Wait for page load successfully

2018-08-29 21:30:48 - [MESSAGE][PASSED] - Wait for page load successfully

2018-08-29 21:30:48 - [MESSAGE][PASSED] - Call Test Case 'Test Cases/Sub Script/Navigation_Menu/Menu_Mes_rapports/TC Verify the next button arrow' successfully

2018-08-29 21:30:48 - [TEST_STEP][PASSED] - callTestCase: Call Test Case 'Test Cases/Sub Script/Navigation_Menu/Menu_Mes_rapports/TC Verify Executer button' successfully

2018-08-29 21:30:49 - [TEST_CASE][PASSED] - Test Cases/Sub Script/Navigation_Menu/Menu_Mes_rapports/TC Verify Executer button: Test Cases/Sub Script/Navigation_Menu/Menu_Mes_rapports/TC Verify Executer button

2018-08-29 21:30:49 - [TEST_STEP][PASSED] - click: Object: 'Object Repository/Mes rapports Obj/EXECUTION/Button executer' is clicked on

2018-08-29 21:30:49 - [MESSAGE][PASSED] - Object: 'Object Repository/Mes rapports Obj/EXECUTION/Button executer' is clicked on

2018-08-29 21:30:49 - [TEST_STEP][PASSED] - waitForPageLoad: Wait for page load successfully

2018-08-29 21:30:49 - [MESSAGE][PASSED] - Wait for page load successfully

2018-08-29 21:30:49 - [TEST_STEP][PASSED] - delay: Delayed 3 second(s)

2018-08-29 21:30:52 - [MESSAGE][PASSED] - Delayed 3 second(s)

2018-08-29 21:30:52 - [MESSAGE][PASSED] - Call Test Case 'Test Cases/Sub Script/Navigation_Menu/Menu_Mes_rapports/TC Verify Executer button' successfully

2018-08-29 21:30:52 - [TEST_STEP][PASSED] - verifyElementPresent: Object 'Object Repository/Mes rapports Obj/SELECTION/Active Contrat/exclamation icon' is present

2018-08-29 21:30:52 - [MESSAGE][PASSED] - Object 'Object Repository/Mes rapports Obj/SELECTION/Active Contrat/exclamation icon' is present

2018-08-29 21:30:52 - [TEST_STEP][PASSED] - waitForPageLoad: Wait for page load successfully

2018-08-29 21:30:52 - [MESSAGE][PASSED] - Wait for page load successfully

2018-08-29 21:30:52 - [TEST_STEP][PASSED] - callTestCase: Call Test Case 'Test Cases/Sub Script/Navigation_Menu/Menu_Mes_rapports/Nouveau_Rapport/TC Verify annuler button' successfully

2018-08-29 21:30:52 - [TEST_CASE][PASSED] - Test Cases/Sub Script/Navigation_Menu/Menu_Mes_rapports/Nouveau_Rapport/TC Verify annuler button: Test Cases/Sub Script/Navigation_Menu/Menu_Mes_rapports/Nouveau_Rapport/TC Verify annuler button

2018-08-29 21:30:52 - [TEST_STEP][PASSED] - click: Object: 'Object Repository/Mes rapports Obj/EXECUTION/Annuler button' is clicked on

2018-08-29 21:30:52 - [MESSAGE][PASSED] - Object: 'Object Repository/Mes rapports Obj/EXECUTION/Annuler button' is clicked on

2018-08-29 21:30:52 - [TEST_STEP][PASSED] - delay: Delayed 2 second(s)

2018-08-29 21:30:54 - [MESSAGE][PASSED] - Delayed 2 second(s)

2018-08-29 21:30:54 - [MESSAGE][PASSED] - Call Test Case 'Test Cases/Sub Script/Navigation_Menu/Menu_Mes_rapports/Nouveau_Rapport/TC Verify annuler button' successfully

2018-08-29 21:30:54 - [TEST_STEP][PASSED] - callTestCase: Call Test Case 'Test Cases/Sub Script/Navigation_Menu/TC Verify Return button' successfully

2018-08-29 21:30:54 - [TEST_CASE][PASSED] - Test Cases/Sub Script/Navigation_Menu/TC Verify Return button: Test Cases/Sub Script/Navigation_Menu/TC Verify Return button

2018-08-29 21:30:54 - [TEST_STEP][PASSED] - focus: Object: 'Object Repository/Mes rapports Obj/EXECUTION/Annuler Modal' is focused

2018-08-29 21:30:55 - [MESSAGE][PASSED] - Object: 'Object Repository/Mes rapports Obj/EXECUTION/Annuler Modal' is focused

2018-08-29 21:30:55 - [TEST_STEP][PASSED] - click: Object: 'Object Repository/Mes rapports Obj/EXECUTION/Return Button' is clicked on

2018-08-29 21:30:55 - [MESSAGE][PASSED] - Object: 'Object Repository/Mes rapports Obj/EXECUTION/Return Button' is clicked on

2018-08-29 21:30:55 - [TEST_STEP][PASSED] - waitForPageLoad: Wait for page load successfully

2018-08-29 21:30:55 - [MESSAGE][PASSED] - Wait for page load successfully

2018-08-29 21:30:55 - [MESSAGE][PASSED] - Call Test Case 'Test Cases/Sub Script/Navigation_Menu/TC Verify Return button' successfully

2018-08-29 21:30:55 - [TEST_STEP][PASSED] - waitForPageLoad: Wait for page load successfully

2018-08-29 21:30:55 - [MESSAGE][PASSED] - Wait for page load successfully

2018-08-29 21:30:55 - [TEST_STEP][PASSED] - closeBrowser: Browser is closed

2018-08-29 21:30:55 - [MESSAGE][PASSED] - Browser is closed]]></system-out>
         <system-err><![CDATA[]]></system-err>
      </testcase>
      <testcase name="Test Cases/Main Script/TC4 BASED ON MY REPORTS" classname="Test Cases/Main Script/TC4 BASED ON MY REPORTS" status="FAILED">
         <failure type="FAILED" message="Unable to set text 'TEST 2 MAU JAN 2018 (sanjiv)' of object 'Object Repository/Mes rapports Obj/BASE DE RAPPORT/Mes rapport input' (Root cause: org.openqa.selenium.InvalidElementStateException: invalid element state: Element is not currently interactable and may not be manipulated
  (Session info: chrome=68.0.3440.106)
  (Driver info: chromedriver=2.35.528161 (5b82f2d2aae0ca24b877009200ced9065a772e73),platform=Windows NT 10.0.16299 x86_64) (WARNING: The server did not provide any stacktrace information)
Command duration or timeout: 0 milliseconds
Build info: version: '3.7.1', revision: '8a0099a', time: '2017-11-06T21:07:36.161Z'
System info: host: '5CG7062KWD', ip: '192.168.100.6', os.name: 'Windows 10', os.arch: 'amd64', os.version: '10.0', java.version: '1.8.0_181'
Driver info: com.kms.katalon.selenium.driver.CChromeDriver
Capabilities {acceptInsecureCerts: false, acceptSslCerts: false, applicationCacheEnabled: false, browserConnectionEnabled: false, browserName: chrome, chrome: {chromedriverVersion: 2.35.528161 (5b82f2d2aae0ca..., userDataDir: C:\Users\SEEBOR~1\AppData\L...}, cssSelectorsEnabled: true, databaseEnabled: false, handlesAlerts: true, hasTouchScreen: false, javascriptEnabled: true, locationContextEnabled: true, mobileEmulationEnabled: false, nativeEvents: true, networkConnectionEnabled: false, pageLoadStrategy: normal, platform: XP, platformName: XP, rotatable: false, setWindowRect: true, takesHeapSnapshot: true, takesScreenshot: true, unexpectedAlertBehaviour: , unhandledPromptBehavior: , version: 68.0.3440.106, webStorageEnabled: true}
Session ID: b82e5a3e12052b31ea66e827d277db8d)"/>
         <system-out><![CDATA[2018-08-29 21:30:55 - [TEST_CASE][FAILED] - Test Cases/Main Script/TC4 BASED ON MY REPORTS: Test Cases/Main Script/TC4 BASED ON MY REPORTS FAILED because (of) Unable to set text 'TEST 2 MAU JAN 2018 (sanjiv)' of object 'Object Repository/Mes rapports Obj/BASE DE RAPPORT/Mes rapport input' (Root cause: org.openqa.selenium.InvalidElementStateException: invalid element state: Element is not currently interactable and may not be manipulated
  (Session info: chrome=68.0.3440.106)
  (Driver info: chromedriver=2.35.528161 (5b82f2d2aae0ca24b877009200ced9065a772e73),platform=Windows NT 10.0.16299 x86_64) (WARNING: The server did not provide any stacktrace information)
Command duration or timeout: 0 milliseconds
Build info: version: '3.7.1', revision: '8a0099a', time: '2017-11-06T21:07:36.161Z'
System info: host: '5CG7062KWD', ip: '192.168.100.6', os.name: 'Windows 10', os.arch: 'amd64', os.version: '10.0', java.version: '1.8.0_181'
Driver info: com.kms.katalon.selenium.driver.CChromeDriver
Capabilities {acceptInsecureCerts: false, acceptSslCerts: false, applicationCacheEnabled: false, browserConnectionEnabled: false, browserName: chrome, chrome: {chromedriverVersion: 2.35.528161 (5b82f2d2aae0ca..., userDataDir: C:\Users\SEEBOR~1\AppData\L...}, cssSelectorsEnabled: true, databaseEnabled: false, handlesAlerts: true, hasTouchScreen: false, javascriptEnabled: true, locationContextEnabled: true, mobileEmulationEnabled: false, nativeEvents: true, networkConnectionEnabled: false, pageLoadStrategy: normal, platform: XP, platformName: XP, rotatable: false, setWindowRect: true, takesHeapSnapshot: true, takesScreenshot: true, unexpectedAlertBehaviour: , unhandledPromptBehavior: , version: 68.0.3440.106, webStorageEnabled: true}
Session ID: b82e5a3e12052b31ea66e827d277db8d)

2018-08-29 21:30:55 - [TEST_STEP][PASSED] - Start listener action : sampleBeforeTestCase: Invoke 'com.kms.katalon.core.annotation.BeforeTestCase' method: 'NewTestListener.sampleBeforeTestCase(...)' completed.

2018-08-29 21:30:55 - [TEST_STEP][PASSED] - Statement - println(testCaseContext.getTextCaseId()=$testCaseContext.getTestCaseId()): null

2018-08-29 21:30:55 - [TEST_STEP][PASSED] - Statement - currentTestCaseId = testCaseContext.getTestCaseId(): Invoke 'com.kms.katalon.core.annotation.BeforeTestCase' method: 'NewTestListener.sampleBeforeTestCase(...)' completed.

2018-08-29 21:30:56 - [TEST_STEP][PASSED] - callTestCase: Call Test Case 'Test Cases/Login/TC1 Login to Mysdworx' successfully

2018-08-29 21:30:56 - [TEST_CASE][PASSED] - Test Cases/Login/TC1 Login to Mysdworx: Test Cases/Login/TC1 Login to Mysdworx

2018-08-29 21:30:56 - [TEST_STEP][PASSED] - openBrowser: Browser is opened with url: ''

2018-08-29 21:30:58 - [MESSAGE][PASSED] - Browser is opened with url: ''

2018-08-29 21:30:58 - [TEST_STEP][PASSED] - navigateToUrl: Navigate to 'https://internet.acc.sd.dika.be/ebloxreporting/web.sensitive/main/?lang=fr' successfully

2018-08-29 21:31:04 - [MESSAGE][PASSED] - Navigate to 'https://internet.acc.sd.dika.be/ebloxreporting/web.sensitive/main/?lang=fr' successfully

2018-08-29 21:31:04 - [TEST_STEP][PASSED] - maximizeWindow: Current window maximized

2018-08-29 21:31:05 - [MESSAGE][PASSED] - Current window maximized

2018-08-29 21:31:05 - [TEST_STEP][PASSED] - setText: Text 'DP_EBLOX_RPP_VASCO' is set on object 'Object Repository/Page_mysdworx - Log in/input_Username'

2018-08-29 21:31:13 - [MESSAGE][PASSED] - Text 'DP_EBLOX_RPP_VASCO' is set on object 'Object Repository/Page_mysdworx - Log in/input_Username'

2018-08-29 21:31:13 - [TEST_STEP][PASSED] - Statement - frame = new javax.swing.JFrame(User Input Frame): null

2018-08-29 21:31:13 - [TEST_STEP][PASSED] - Statement - frame.requestFocus(): null

2018-08-29 21:31:13 - [TEST_STEP][PASSED] - Statement - pass = javax.swing.JOptionPane.showInputDialog(frame, "Enter the password from token!!"): null

2018-08-29 21:31:40 - [TEST_STEP][PASSED] - delay: Delayed 2 second(s)

2018-08-29 21:31:42 - [MESSAGE][PASSED] - Delayed 2 second(s)

2018-08-29 21:31:42 - [TEST_STEP][PASSED] - setText: Text '244482' is set on object 'Object Repository/Page_mysdworx - Log in/input_Password'

2018-08-29 21:31:42 - [MESSAGE][PASSED] - Text '244482' is set on object 'Object Repository/Page_mysdworx - Log in/input_Password'

2018-08-29 21:31:42 - [TEST_STEP][PASSED] - click: Object: 'Object Repository/Page_mysdworx - Log in/button_Se connecter' is clicked on

2018-08-29 21:31:42 - [MESSAGE][PASSED] - Object: 'Object Repository/Page_mysdworx - Log in/button_Se connecter' is clicked on

2018-08-29 21:31:42 - [TEST_STEP][PASSED] - waitForPageLoad: Wait for page load successfully

2018-08-29 21:31:42 - [MESSAGE][PASSED] - Wait for page load successfully

2018-08-29 21:31:42 - [TEST_STEP][NOT_RUN] - closeBrowser: NOT_RUN: closeBrowser

2018-08-29 21:31:42 - [MESSAGE][NOT_RUN] - NOT_RUN: closeBrowser

2018-08-29 21:31:42 - [MESSAGE][PASSED] - Call Test Case 'Test Cases/Login/TC1 Login to Mysdworx' successfully

2018-08-29 21:31:42 - [TEST_STEP][PASSED] - callTestCase: Call Test Case 'Test Cases/Sub Script/Select Language/TC1 Verify NL language' successfully

2018-08-29 21:31:43 - [TEST_CASE][PASSED] - Test Cases/Sub Script/Select Language/TC1 Verify NL language: Test Cases/Sub Script/Select Language/TC1 Verify NL language

2018-08-29 21:31:43 - [TEST_STEP][PASSED] - waitForElementClickable: Web element with id: 'Object Repository/Change language link Obj/NL_language' located by 'By.xpath: id("navbar-anchor")/div[@class="nav nav-navbar"]/div[@class="user-info navbar-right hidden-xs"]/div[@class="user-actions"]/rapp-language-switcher[@class="ng-isolate-scope"]/ul[@class="list-inline list-unstyled lang"]/li[@class="ng-scope"]/a[@class="ng-binding"][count(. | //a[@ng-click = 'changeLanguageVm.switchPageToLanguage(lang)' and (text() = '
            NL   
        ' or . = '
            NL   
        ')]) = count(//a[@ng-click = 'changeLanguageVm.switchPageToLanguage(lang)' and (text() = '
            NL   
        ' or . = '
            NL   
        ')])]' not found

2018-08-29 21:32:35 - [MESSAGE][WARNING] - Web element with id: 'Object Repository/Change language link Obj/NL_language' located by 'By.xpath: id("navbar-anchor")/div[@class="nav nav-navbar"]/div[@class="user-info navbar-right hidden-xs"]/div[@class="user-actions"]/rapp-language-switcher[@class="ng-isolate-scope"]/ul[@class="list-inline list-unstyled lang"]/li[@class="ng-scope"]/a[@class="ng-binding"][count(. | //a[@ng-click = 'changeLanguageVm.switchPageToLanguage(lang)' and (text() = '
            NL   
        ' or . = '
            NL   
        ')]) = count(//a[@ng-click = 'changeLanguageVm.switchPageToLanguage(lang)' and (text() = '
            NL   
        ' or . = '
            NL   
        ')])]' not found

2018-08-29 21:32:35 - [TEST_STEP][PASSED] - Statement - verify_NL_link = com.kms.katalon.core.webui.keyword.WebUiBuiltInKeywords.verifyElementClickable(com.kms.katalon.core.testobject.ObjectRepository.findTestObject(Change language link Obj/NL_language)): Object 'Object Repository/Change language link Obj/NL_language' is clickable

2018-08-29 21:32:55 - [MESSAGE][PASSED] - Object 'Object Repository/Change language link Obj/NL_language' is clickable

2018-08-29 21:32:55 - [TEST_STEP][PASSED] - Statement - If (verify_NL_link.equals(true)): NL link is clickable !

2018-08-29 21:32:55 - [TEST_STEP][PASSED] - Statement - com.kms.katalon.core.util.KeywordUtil.markPassed("NL link is clickable !"): NL link is clickable !

2018-08-29 21:32:55 - [MESSAGE][PASSED] - NL link is clickable !

2018-08-29 21:32:55 - [TEST_STEP][PASSED] - click: Object: 'Object Repository/Change language link Obj/NL_language' is clicked on

2018-08-29 21:33:07 - [MESSAGE][PASSED] - Object: 'Object Repository/Change language link Obj/NL_language' is clicked on

2018-08-29 21:33:07 - [TEST_STEP][PASSED] - waitForPageLoad: Wait for page load successfully

2018-08-29 21:33:07 - [MESSAGE][PASSED] - Wait for page load successfully

2018-08-29 21:33:07 - [MESSAGE][PASSED] - Call Test Case 'Test Cases/Sub Script/Select Language/TC1 Verify NL language' successfully

2018-08-29 21:33:07 - [TEST_STEP][PASSED] - callTestCase: Call Test Case 'Test Cases/Sub Script/Navigation_Menu/Menu_Mes_rapports/TC Verify Nouveau rapport button' successfully

2018-08-29 21:33:07 - [TEST_CASE][PASSED] - Test Cases/Sub Script/Navigation_Menu/Menu_Mes_rapports/TC Verify Nouveau rapport button: Test Cases/Sub Script/Navigation_Menu/Menu_Mes_rapports/TC Verify Nouveau rapport button

2018-08-29 21:33:07 - [TEST_STEP][PASSED] - click: Object: 'Object Repository/Mes rapports Obj/button_Nouveau rapport' is clicked on

2018-08-29 21:33:11 - [MESSAGE][PASSED] - Object: 'Object Repository/Mes rapports Obj/button_Nouveau rapport' is clicked on

2018-08-29 21:33:11 - [TEST_STEP][PASSED] - waitForPageLoad: Wait for page load successfully

2018-08-29 21:33:11 - [MESSAGE][PASSED] - Wait for page load successfully

2018-08-29 21:33:11 - [MESSAGE][PASSED] - Call Test Case 'Test Cases/Sub Script/Navigation_Menu/Menu_Mes_rapports/TC Verify Nouveau rapport button' successfully

2018-08-29 21:33:11 - [TEST_STEP][PASSED] - callTestCase: Call Test Case 'Test Cases/Sub Script/Navigation_Menu/Menu_Mes_rapports/Nouveau_Rapport/Mes rapports - BASE DE RAPPORT/TC Verify radio button Baser sur un rapport issu de Mes rapports' successfully

2018-08-29 21:33:11 - [TEST_CASE][PASSED] - Test Cases/Sub Script/Navigation_Menu/Menu_Mes_rapports/Nouveau_Rapport/Mes rapports - BASE DE RAPPORT/TC Verify radio button Baser sur un rapport issu de Mes rapports: Test Cases/Sub Script/Navigation_Menu/Menu_Mes_rapports/Nouveau_Rapport/Mes rapports - BASE DE RAPPORT/TC Verify radio button Baser sur un rapport issu de Mes rapports

2018-08-29 21:33:11 - [TEST_STEP][PASSED] - click: Object: 'Object Repository/Mes rapports Obj/BASE DE RAPPORT/radioButton_Baser sur un rapport issu de Mes rapports' is clicked on

2018-08-29 21:33:12 - [MESSAGE][PASSED] - Object: 'Object Repository/Mes rapports Obj/BASE DE RAPPORT/radioButton_Baser sur un rapport issu de Mes rapports' is clicked on

2018-08-29 21:33:12 - [MESSAGE][PASSED] - Call Test Case 'Test Cases/Sub Script/Navigation_Menu/Menu_Mes_rapports/Nouveau_Rapport/Mes rapports - BASE DE RAPPORT/TC Verify radio button Baser sur un rapport issu de Mes rapports' successfully

2018-08-29 21:33:12 - [TEST_STEP][FAILED] - callTestCase: Unable to call Test Case with id 'Test Cases/Sub Script/Navigation_Menu/Menu_Mes_rapports/Nouveau_Rapport/Mes rapports - BASE DE RAPPORT/TC Verify input for issu de mes rapports' (Root cause: Call Test Case 'Test Cases/Sub Script/Navigation_Menu/Menu_Mes_rapports/Nouveau_Rapport/Mes rapports - BASE DE RAPPORT/TC Verify input for issu de mes rapports' failed)

2018-08-29 21:33:12 - [TEST_CASE][FAILED] - Test Cases/Sub Script/Navigation_Menu/Menu_Mes_rapports/Nouveau_Rapport/Mes rapports - BASE DE RAPPORT/TC Verify input for issu de mes rapports: Test Cases/Sub Script/Navigation_Menu/Menu_Mes_rapports/Nouveau_Rapport/Mes rapports - BASE DE RAPPORT/TC Verify input for issu de mes rapports FAILED because (of) Unable to set text 'TEST 2 MAU JAN 2018 (sanjiv)' of object 'Object Repository/Mes rapports Obj/BASE DE RAPPORT/Mes rapport input' (Root cause: org.openqa.selenium.InvalidElementStateException: invalid element state: Element is not currently interactable and may not be manipulated
  (Session info: chrome=68.0.3440.106)
  (Driver info: chromedriver=2.35.528161 (5b82f2d2aae0ca24b877009200ced9065a772e73),platform=Windows NT 10.0.16299 x86_64) (WARNING: The server did not provide any stacktrace information)
Command duration or timeout: 0 milliseconds
Build info: version: '3.7.1', revision: '8a0099a', time: '2017-11-06T21:07:36.161Z'
System info: host: '5CG7062KWD', ip: '192.168.100.6', os.name: 'Windows 10', os.arch: 'amd64', os.version: '10.0', java.version: '1.8.0_181'
Driver info: com.kms.katalon.selenium.driver.CChromeDriver
Capabilities {acceptInsecureCerts: false, acceptSslCerts: false, applicationCacheEnabled: false, browserConnectionEnabled: false, browserName: chrome, chrome: {chromedriverVersion: 2.35.528161 (5b82f2d2aae0ca..., userDataDir: C:\Users\SEEBOR~1\AppData\L...}, cssSelectorsEnabled: true, databaseEnabled: false, handlesAlerts: true, hasTouchScreen: false, javascriptEnabled: true, locationContextEnabled: true, mobileEmulationEnabled: false, nativeEvents: true, networkConnectionEnabled: false, pageLoadStrategy: normal, platform: XP, platformName: XP, rotatable: false, setWindowRect: true, takesHeapSnapshot: true, takesScreenshot: true, unexpectedAlertBehaviour: , unhandledPromptBehavior: , version: 68.0.3440.106, webStorageEnabled: true}
Session ID: b82e5a3e12052b31ea66e827d277db8d)

2018-08-29 21:33:12 - [TEST_STEP][PASSED] - Statement - excelData = com.kms.katalon.core.testdata.TestDataFactory.findTestData(Data Files/Data/BASIC): Reading excel file with source file 'C:\Users\seeboruts\OneDrive - SD Worx\Desktop\test_DAta.xlsx' and sheet name 'BASIC'

2018-08-29 21:33:12 - [TEST_STEP][PASSED] - Statement - test = excelData.getRowNumbers(): null

2018-08-29 21:33:12 - [TEST_STEP][FAILED] - Statement - For ([i = 1, i <= test, (i++)]): Unable to set text 'TEST 2 MAU JAN 2018 (sanjiv)' of object 'Object Repository/Mes rapports Obj/BASE DE RAPPORT/Mes rapport input' (Root cause: org.openqa.selenium.InvalidElementStateException: invalid element state: Element is not currently interactable and may not be manipulated
  (Session info: chrome=68.0.3440.106)
  (Driver info: chromedriver=2.35.528161 (5b82f2d2aae0ca24b877009200ced9065a772e73),platform=Windows NT 10.0.16299 x86_64) (WARNING: The server did not provide any stacktrace information)
Command duration or timeout: 0 milliseconds
Build info: version: '3.7.1', revision: '8a0099a', time: '2017-11-06T21:07:36.161Z'
System info: host: '5CG7062KWD', ip: '192.168.100.6', os.name: 'Windows 10', os.arch: 'amd64', os.version: '10.0', java.version: '1.8.0_181'
Driver info: com.kms.katalon.selenium.driver.CChromeDriver
Capabilities {acceptInsecureCerts: false, acceptSslCerts: false, applicationCacheEnabled: false, browserConnectionEnabled: false, browserName: chrome, chrome: {chromedriverVersion: 2.35.528161 (5b82f2d2aae0ca..., userDataDir: C:\Users\SEEBOR~1\AppData\L...}, cssSelectorsEnabled: true, databaseEnabled: false, handlesAlerts: true, hasTouchScreen: false, javascriptEnabled: true, locationContextEnabled: true, mobileEmulationEnabled: false, nativeEvents: true, networkConnectionEnabled: false, pageLoadStrategy: normal, platform: XP, platformName: XP, rotatable: false, setWindowRect: true, takesHeapSnapshot: true, takesScreenshot: true, unexpectedAlertBehaviour: , unhandledPromptBehavior: , version: 68.0.3440.106, webStorageEnabled: true}
Session ID: b82e5a3e12052b31ea66e827d277db8d)

2018-08-29 21:33:12 - [TEST_STEP][FAILED] - setText: Unable to set text 'TEST 2 MAU JAN 2018 (sanjiv)' of object 'Object Repository/Mes rapports Obj/BASE DE RAPPORT/Mes rapport input' (Root cause: org.openqa.selenium.InvalidElementStateException: invalid element state: Element is not currently interactable and may not be manipulated
  (Session info: chrome=68.0.3440.106)
  (Driver info: chromedriver=2.35.528161 (5b82f2d2aae0ca24b877009200ced9065a772e73),platform=Windows NT 10.0.16299 x86_64) (WARNING: The server did not provide any stacktrace information)
Command duration or timeout: 0 milliseconds
Build info: version: '3.7.1', revision: '8a0099a', time: '2017-11-06T21:07:36.161Z'
System info: host: '5CG7062KWD', ip: '192.168.100.6', os.name: 'Windows 10', os.arch: 'amd64', os.version: '10.0', java.version: '1.8.0_181'
Driver info: com.kms.katalon.selenium.driver.CChromeDriver
Capabilities {acceptInsecureCerts: false, acceptSslCerts: false, applicationCacheEnabled: false, browserConnectionEnabled: false, browserName: chrome, chrome: {chromedriverVersion: 2.35.528161 (5b82f2d2aae0ca..., userDataDir: C:\Users\SEEBOR~1\AppData\L...}, cssSelectorsEnabled: true, databaseEnabled: false, handlesAlerts: true, hasTouchScreen: false, javascriptEnabled: true, locationContextEnabled: true, mobileEmulationEnabled: false, nativeEvents: true, networkConnectionEnabled: false, pageLoadStrategy: normal, platform: XP, platformName: XP, rotatable: false, setWindowRect: true, takesHeapSnapshot: true, takesScreenshot: true, unexpectedAlertBehaviour: , unhandledPromptBehavior: , version: 68.0.3440.106, webStorageEnabled: true}
Session ID: b82e5a3e12052b31ea66e827d277db8d)

2018-08-29 21:33:13 - [MESSAGE][FAILED] - Unable to set text 'TEST 2 MAU JAN 2018 (sanjiv)' of object 'Object Repository/Mes rapports Obj/BASE DE RAPPORT/Mes rapport input' (Root cause: org.openqa.selenium.InvalidElementStateException: invalid element state: Element is not currently interactable and may not be manipulated
  (Session info: chrome=68.0.3440.106)
  (Driver info: chromedriver=2.35.528161 (5b82f2d2aae0ca24b877009200ced9065a772e73),platform=Windows NT 10.0.16299 x86_64) (WARNING: The server did not provide any stacktrace information)
Command duration or timeout: 0 milliseconds
Build info: version: '3.7.1', revision: '8a0099a', time: '2017-11-06T21:07:36.161Z'
System info: host: '5CG7062KWD', ip: '192.168.100.6', os.name: 'Windows 10', os.arch: 'amd64', os.version: '10.0', java.version: '1.8.0_181'
Driver info: com.kms.katalon.selenium.driver.CChromeDriver
Capabilities {acceptInsecureCerts: false, acceptSslCerts: false, applicationCacheEnabled: false, browserConnectionEnabled: false, browserName: chrome, chrome: {chromedriverVersion: 2.35.528161 (5b82f2d2aae0ca..., userDataDir: C:\Users\SEEBOR~1\AppData\L...}, cssSelectorsEnabled: true, databaseEnabled: false, handlesAlerts: true, hasTouchScreen: false, javascriptEnabled: true, locationContextEnabled: true, mobileEmulationEnabled: false, nativeEvents: true, networkConnectionEnabled: false, pageLoadStrategy: normal, platform: XP, platformName: XP, rotatable: false, setWindowRect: true, takesHeapSnapshot: true, takesScreenshot: true, unexpectedAlertBehaviour: , unhandledPromptBehavior: , version: 68.0.3440.106, webStorageEnabled: true}
Session ID: b82e5a3e12052b31ea66e827d277db8d)
[[ATTACHMENT|C:\\Users\\seeboruts\\OneDrive - SD Worx\\Desktop\\Katalon_eBlox_Reporting\\Reports\\testing\\Eblox Reporting DEmo\\20180829_212012\\1535563992935.png]]

2018-08-29 21:33:13 - [MESSAGE][FAILED] - Unable to call Test Case with id 'Test Cases/Sub Script/Navigation_Menu/Menu_Mes_rapports/Nouveau_Rapport/Mes rapports - BASE DE RAPPORT/TC Verify input for issu de mes rapports' (Root cause: Call Test Case 'Test Cases/Sub Script/Navigation_Menu/Menu_Mes_rapports/Nouveau_Rapport/Mes rapports - BASE DE RAPPORT/TC Verify input for issu de mes rapports' failed)]]></system-out>
         <system-err><![CDATA[2018-08-29 21:30:55 - [TEST_CASE][FAILED] - Test Cases/Main Script/TC4 BASED ON MY REPORTS: Test Cases/Main Script/TC4 BASED ON MY REPORTS FAILED because (of) Unable to set text 'TEST 2 MAU JAN 2018 (sanjiv)' of object 'Object Repository/Mes rapports Obj/BASE DE RAPPORT/Mes rapport input' (Root cause: org.openqa.selenium.InvalidElementStateException: invalid element state: Element is not currently interactable and may not be manipulated
  (Session info: chrome=68.0.3440.106)
  (Driver info: chromedriver=2.35.528161 (5b82f2d2aae0ca24b877009200ced9065a772e73),platform=Windows NT 10.0.16299 x86_64) (WARNING: The server did not provide any stacktrace information)
Command duration or timeout: 0 milliseconds
Build info: version: '3.7.1', revision: '8a0099a', time: '2017-11-06T21:07:36.161Z'
System info: host: '5CG7062KWD', ip: '192.168.100.6', os.name: 'Windows 10', os.arch: 'amd64', os.version: '10.0', java.version: '1.8.0_181'
Driver info: com.kms.katalon.selenium.driver.CChromeDriver
Capabilities {acceptInsecureCerts: false, acceptSslCerts: false, applicationCacheEnabled: false, browserConnectionEnabled: false, browserName: chrome, chrome: {chromedriverVersion: 2.35.528161 (5b82f2d2aae0ca..., userDataDir: C:\Users\SEEBOR~1\AppData\L...}, cssSelectorsEnabled: true, databaseEnabled: false, handlesAlerts: true, hasTouchScreen: false, javascriptEnabled: true, locationContextEnabled: true, mobileEmulationEnabled: false, nativeEvents: true, networkConnectionEnabled: false, pageLoadStrategy: normal, platform: XP, platformName: XP, rotatable: false, setWindowRect: true, takesHeapSnapshot: true, takesScreenshot: true, unexpectedAlertBehaviour: , unhandledPromptBehavior: , version: 68.0.3440.106, webStorageEnabled: true}
Session ID: b82e5a3e12052b31ea66e827d277db8d)]]></system-err>
      </testcase>
      <testcase name="Test Cases/Main Script/TC5 BASIC" classname="Test Cases/Main Script/TC5 BASIC" status="ERROR">
         <error type="ERROR" message="Test Cases/Main Script/TC5 BASIC FAILED because (of) java.lang.NumberFormatException: For input string: &quot;Test Cases/Main Script/TC5 BASIC&quot;"/>
         <system-out><![CDATA[2018-08-29 21:33:13 - [TEST_CASE][ERROR] - Test Cases/Main Script/TC5 BASIC: Test Cases/Main Script/TC5 BASIC FAILED because (of) java.lang.NumberFormatException: For input string: "Test Cases/Main Script/TC5 BASIC"

2018-08-29 21:33:13 - [TEST_STEP][PASSED] - Start listener action : sampleBeforeTestCase: Invoke 'com.kms.katalon.core.annotation.BeforeTestCase' method: 'NewTestListener.sampleBeforeTestCase(...)' completed.

2018-08-29 21:33:13 - [TEST_STEP][PASSED] - Statement - println(testCaseContext.getTextCaseId()=$testCaseContext.getTestCaseId()): null

2018-08-29 21:33:13 - [TEST_STEP][PASSED] - Statement - currentTestCaseId = testCaseContext.getTestCaseId(): Invoke 'com.kms.katalon.core.annotation.BeforeTestCase' method: 'NewTestListener.sampleBeforeTestCase(...)' completed.

2018-08-29 21:33:13 - [TEST_STEP][PASSED] - callTestCase: Call Test Case 'Test Cases/Login/TC1 Login to Mysdworx' successfully

2018-08-29 21:33:13 - [TEST_CASE][PASSED] - Test Cases/Login/TC1 Login to Mysdworx: Test Cases/Login/TC1 Login to Mysdworx

2018-08-29 21:33:13 - [TEST_STEP][PASSED] - openBrowser: Browser is opened with url: ''

2018-08-29 21:33:13 - [MESSAGE][WARNING] - A browser is already opened. Closing browser and opening a new one

2018-08-29 21:33:16 - [MESSAGE][PASSED] - Browser is opened with url: ''

2018-08-29 21:33:16 - [TEST_STEP][PASSED] - navigateToUrl: Navigate to 'https://internet.acc.sd.dika.be/ebloxreporting/web.sensitive/main/?lang=fr' successfully

2018-08-29 21:33:22 - [MESSAGE][PASSED] - Navigate to 'https://internet.acc.sd.dika.be/ebloxreporting/web.sensitive/main/?lang=fr' successfully

2018-08-29 21:33:22 - [TEST_STEP][PASSED] - maximizeWindow: Current window maximized

2018-08-29 21:33:24 - [MESSAGE][PASSED] - Current window maximized

2018-08-29 21:33:24 - [TEST_STEP][PASSED] - setText: Text 'DP_EBLOX_RPP_VASCO' is set on object 'Object Repository/Page_mysdworx - Log in/input_Username'

2018-08-29 21:33:31 - [MESSAGE][PASSED] - Text 'DP_EBLOX_RPP_VASCO' is set on object 'Object Repository/Page_mysdworx - Log in/input_Username'

2018-08-29 21:33:31 - [TEST_STEP][PASSED] - Statement - frame = new javax.swing.JFrame(User Input Frame): null

2018-08-29 21:33:31 - [TEST_STEP][PASSED] - Statement - frame.requestFocus(): null

2018-08-29 21:33:31 - [TEST_STEP][PASSED] - Statement - pass = javax.swing.JOptionPane.showInputDialog(frame, "Enter the password from token!!"): null

2018-08-29 21:33:35 - [TEST_STEP][PASSED] - delay: Delayed 2 second(s)

2018-08-29 21:33:37 - [MESSAGE][PASSED] - Delayed 2 second(s)

2018-08-29 21:33:37 - [TEST_STEP][PASSED] - setText: Text '528857' is set on object 'Object Repository/Page_mysdworx - Log in/input_Password'

2018-08-29 21:33:37 - [MESSAGE][PASSED] - Text '528857' is set on object 'Object Repository/Page_mysdworx - Log in/input_Password'

2018-08-29 21:33:37 - [TEST_STEP][PASSED] - click: Object: 'Object Repository/Page_mysdworx - Log in/button_Se connecter' is clicked on

2018-08-29 21:33:37 - [MESSAGE][PASSED] - Object: 'Object Repository/Page_mysdworx - Log in/button_Se connecter' is clicked on

2018-08-29 21:33:37 - [TEST_STEP][PASSED] - waitForPageLoad: Wait for page load successfully

2018-08-29 21:33:37 - [MESSAGE][PASSED] - Wait for page load successfully

2018-08-29 21:33:37 - [TEST_STEP][NOT_RUN] - closeBrowser: NOT_RUN: closeBrowser

2018-08-29 21:33:37 - [MESSAGE][NOT_RUN] - NOT_RUN: closeBrowser

2018-08-29 21:33:37 - [MESSAGE][PASSED] - Call Test Case 'Test Cases/Login/TC1 Login to Mysdworx' successfully

2018-08-29 21:33:37 - [TEST_STEP][PASSED] - callTestCase: Call Test Case 'Test Cases/Sub Script/Select Language/TC1 Verify NL language' successfully

2018-08-29 21:33:37 - [TEST_CASE][PASSED] - Test Cases/Sub Script/Select Language/TC1 Verify NL language: Test Cases/Sub Script/Select Language/TC1 Verify NL language

2018-08-29 21:33:37 - [TEST_STEP][PASSED] - waitForElementClickable: Object 'Object Repository/Change language link Obj/NL_language' is clickable

2018-08-29 21:34:20 - [MESSAGE][PASSED] - Object 'Object Repository/Change language link Obj/NL_language' is clickable

2018-08-29 21:34:20 - [TEST_STEP][PASSED] - Statement - verify_NL_link = com.kms.katalon.core.webui.keyword.WebUiBuiltInKeywords.verifyElementClickable(com.kms.katalon.core.testobject.ObjectRepository.findTestObject(Change language link Obj/NL_language)): Object 'Object Repository/Change language link Obj/NL_language' is clickable

2018-08-29 21:34:20 - [MESSAGE][PASSED] - Object 'Object Repository/Change language link Obj/NL_language' is clickable

2018-08-29 21:34:20 - [TEST_STEP][PASSED] - Statement - If (verify_NL_link.equals(true)): NL link is clickable !

2018-08-29 21:34:20 - [TEST_STEP][PASSED] - Statement - com.kms.katalon.core.util.KeywordUtil.markPassed("NL link is clickable !"): NL link is clickable !

2018-08-29 21:34:20 - [MESSAGE][PASSED] - NL link is clickable !

2018-08-29 21:34:20 - [TEST_STEP][PASSED] - click: Object: 'Object Repository/Change language link Obj/NL_language' is clicked on

2018-08-29 21:34:29 - [MESSAGE][PASSED] - Object: 'Object Repository/Change language link Obj/NL_language' is clicked on

2018-08-29 21:34:29 - [TEST_STEP][PASSED] - waitForPageLoad: Wait for page load successfully

2018-08-29 21:34:29 - [MESSAGE][PASSED] - Wait for page load successfully

2018-08-29 21:34:29 - [MESSAGE][PASSED] - Call Test Case 'Test Cases/Sub Script/Select Language/TC1 Verify NL language' successfully

2018-08-29 21:34:29 - [TEST_STEP][PASSED] - callTestCase: Call Test Case 'Test Cases/Sub Script/Navigation_Menu/Menu_Mes_rapports/TC Verify Mes rapports tab' successfully

2018-08-29 21:34:29 - [TEST_CASE][PASSED] - Test Cases/Sub Script/Navigation_Menu/Menu_Mes_rapports/TC Verify Mes rapports tab: Test Cases/Sub Script/Navigation_Menu/Menu_Mes_rapports/TC Verify Mes rapports tab

2018-08-29 21:34:29 - [TEST_STEP][PASSED] - click: Object: 'Object Repository/Mes rapports Obj/Mes rapports_tab' is clicked on

2018-08-29 21:34:29 - [MESSAGE][PASSED] - Object: 'Object Repository/Mes rapports Obj/Mes rapports_tab' is clicked on

2018-08-29 21:34:29 - [MESSAGE][PASSED] - Call Test Case 'Test Cases/Sub Script/Navigation_Menu/Menu_Mes_rapports/TC Verify Mes rapports tab' successfully

2018-08-29 21:34:29 - [TEST_STEP][FAILED] - callTestCase: Unable to call Test Case with id 'Test Cases/Sub Script/Navigation_Menu/Menu_Mes_rapports/Main_Content/TC Input text in search textfield' (Root cause: Call Test Case 'Test Cases/Sub Script/Navigation_Menu/Menu_Mes_rapports/Main_Content/TC Input text in search textfield' failed because of error(s))

2018-08-29 21:34:29 - [TEST_CASE][ERROR] - Test Cases/Sub Script/Navigation_Menu/Menu_Mes_rapports/Main_Content/TC Input text in search textfield: Test Cases/Sub Script/Navigation_Menu/Menu_Mes_rapports/Main_Content/TC Input text in search textfield FAILED because (of) java.lang.NumberFormatException: For input string: "Test Cases/Main Script/TC5 BASIC"

2018-08-29 21:34:29 - [TEST_STEP][PASSED] - Statement - excelData = com.kms.katalon.core.testdata.TestDataFactory.findTestData(Data Files/Data/TestData): Reading excel file with source file 'C:\Users\seeboruts\OneDrive - SD Worx\Desktop\Test_Data_Reg.xlsx' and sheet name 'TEST DATA'

2018-08-29 21:34:29 - [TEST_STEP][PASSED] - Statement - rowNo = java.lang.Integer.parseInt(currentTestCaseId): null

2018-08-29 21:34:29 - [MESSAGE][FAILED] - Unable to call Test Case with id 'Test Cases/Sub Script/Navigation_Menu/Menu_Mes_rapports/Main_Content/TC Input text in search textfield' (Root cause: Call Test Case 'Test Cases/Sub Script/Navigation_Menu/Menu_Mes_rapports/Main_Content/TC Input text in search textfield' failed because of error(s))]]></system-out>
         <system-err><![CDATA[2018-08-29 21:33:13 - [TEST_CASE][ERROR] - Test Cases/Main Script/TC5 BASIC: Test Cases/Main Script/TC5 BASIC FAILED because (of) java.lang.NumberFormatException: For input string: "Test Cases/Main Script/TC5 BASIC"]]></system-err>
      </testcase>
      <system-out><![CDATA[2018-08-29 21:20:15 - [TEST_SUITE][FAILED] - Eblox Reporting DEmo: Test Cases/Main Script/TC4 BASED ON MY REPORTS FAILED because (of) Unable to set text 'TEST 2 MAU JAN 2018 (sanjiv)' of object 'Object Repository/Mes rapports Obj/BASE DE RAPPORT/Mes rapport input' (Root cause: org.openqa.selenium.InvalidElementStateException: invalid element state: Element is not currently interactable and may not be manipulated
  (Session info: chrome=68.0.3440.106)
  (Driver info: chromedriver=2.35.528161 (5b82f2d2aae0ca24b877009200ced9065a772e73),platform=Windows NT 10.0.16299 x86_64) (WARNING: The server did not provide any stacktrace information)
Command duration or timeout: 0 milliseconds
Build info: version: '3.7.1', revision: '8a0099a', time: '2017-11-06T21:07:36.161Z'
System info: host: '5CG7062KWD', ip: '192.168.100.6', os.name: 'Windows 10', os.arch: 'amd64', os.version: '10.0', java.version: '1.8.0_181'
Driver info: com.kms.katalon.selenium.driver.CChromeDriver
Capabilities {acceptInsecureCerts: false, acceptSslCerts: false, applicationCacheEnabled: false, browserConnectionEnabled: false, browserName: chrome, chrome: {chromedriverVersion: 2.35.528161 (5b82f2d2aae0ca..., userDataDir: C:\Users\SEEBOR~1\AppData\L...}, cssSelectorsEnabled: true, databaseEnabled: false, handlesAlerts: true, hasTouchScreen: false, javascriptEnabled: true, locationContextEnabled: true, mobileEmulationEnabled: false, nativeEvents: true, networkConnectionEnabled: false, pageLoadStrategy: normal, platform: XP, platformName: XP, rotatable: false, setWindowRect: true, takesHeapSnapshot: true, takesScreenshot: true, unexpectedAlertBehaviour: , unhandledPromptBehavior: , version: 68.0.3440.106, webStorageEnabled: true}
Session ID: b82e5a3e12052b31ea66e827d277db8d)]]></system-out>
      <system-err><![CDATA[2018-08-29 21:20:15 - [TEST_SUITE][FAILED] - Eblox Reporting DEmo: Test Cases/Main Script/TC4 BASED ON MY REPORTS FAILED because (of) Unable to set text 'TEST 2 MAU JAN 2018 (sanjiv)' of object 'Object Repository/Mes rapports Obj/BASE DE RAPPORT/Mes rapport input' (Root cause: org.openqa.selenium.InvalidElementStateException: invalid element state: Element is not currently interactable and may not be manipulated
  (Session info: chrome=68.0.3440.106)
  (Driver info: chromedriver=2.35.528161 (5b82f2d2aae0ca24b877009200ced9065a772e73),platform=Windows NT 10.0.16299 x86_64) (WARNING: The server did not provide any stacktrace information)
Command duration or timeout: 0 milliseconds
Build info: version: '3.7.1', revision: '8a0099a', time: '2017-11-06T21:07:36.161Z'
System info: host: '5CG7062KWD', ip: '192.168.100.6', os.name: 'Windows 10', os.arch: 'amd64', os.version: '10.0', java.version: '1.8.0_181'
Driver info: com.kms.katalon.selenium.driver.CChromeDriver
Capabilities {acceptInsecureCerts: false, acceptSslCerts: false, applicationCacheEnabled: false, browserConnectionEnabled: false, browserName: chrome, chrome: {chromedriverVersion: 2.35.528161 (5b82f2d2aae0ca..., userDataDir: C:\Users\SEEBOR~1\AppData\L...}, cssSelectorsEnabled: true, databaseEnabled: false, handlesAlerts: true, hasTouchScreen: false, javascriptEnabled: true, locationContextEnabled: true, mobileEmulationEnabled: false, nativeEvents: true, networkConnectionEnabled: false, pageLoadStrategy: normal, platform: XP, platformName: XP, rotatable: false, setWindowRect: true, takesHeapSnapshot: true, takesScreenshot: true, unexpectedAlertBehaviour: , unhandledPromptBehavior: , version: 68.0.3440.106, webStorageEnabled: true}
Session ID: b82e5a3e12052b31ea66e827d277db8d)]]></system-err>
   </testsuite>
</testsuites>
